[ 2016-12-01T08:55:46+08:00 ] 127.0.0.1 /wechat(g)/Public/bookstore/js/maps/swiper.jquery.js.map
INFO: [ app_init ] --START--
INFO: Run Behavior\BuildLiteBehavior [ RunTime:0.000017s ]
INFO: [ app_init ] --END-- [ RunTime:0.000515s ]
ERR: 无法加载模块:Public

[ 2016-12-01T15:49:31+08:00 ] ::1 /wechat(g)/Public/uploads/4e4133c88916e7d89e0d1b9ba30528b2.jpeg
INFO: [ app_init ] --START--
INFO: Run Behavior\BuildLiteBehavior [ RunTime:0.000168s ]
INFO: [ app_init ] --END-- [ RunTime:0.003050s ]
ERR: 无法加载模块:Public

[ 2016-12-01T15:49:31+08:00 ] ::1 /wechat(g)/Public/uploads/7f159026jw1ey3z7zutenj20hs0hsq3l.jpg
INFO: [ app_init ] --START--
INFO: Run Behavior\BuildLiteBehavior [ RunTime:0.000143s ]
INFO: [ app_init ] --END-- [ RunTime:0.002959s ]
ERR: 无法加载模块:Public

[ 2016-12-01T15:49:31+08:00 ] ::1 /wechat(g)/Public/uploads/cf423952gw1evo8gwexlbj20zk0k0tc8.jpg
INFO: [ app_init ] --START--
INFO: Run Behavior\BuildLiteBehavior [ RunTime:0.000155s ]
INFO: [ app_init ] --END-- [ RunTime:0.004503s ]
ERR: 无法加载模块:Public

[ 2016-12-01T15:49:31+08:00 ] ::1 /wechat(g)/Public/uploads/2a709a89ca8994d63c9633f7cad6bfd7.jpg
INFO: [ app_init ] --START--
INFO: Run Behavior\BuildLiteBehavior [ RunTime:0.000129s ]
INFO: [ app_init ] --END-- [ RunTime:0.002921s ]
ERR: 无法加载模块:Public

[ 2016-12-01T15:49:31+08:00 ] ::1 /wechat(g)/Public/uploads/c5291151gw1ew0nkt2oqyj20sg0euwgy.jpg
INFO: [ app_init ] --START--
INFO: Run Behavior\BuildLiteBehavior [ RunTime:0.000158s ]
INFO: [ app_init ] --END-- [ RunTime:0.003370s ]
ERR: 无法加载模块:Public

[ 2016-12-01T15:49:49+08:00 ] ::1 /wechat(g)/Public/uploads/7f159026jw1ey3z7zutenj20hs0hsq3l.jpg
INFO: [ app_init ] --START--
INFO: Run Behavior\BuildLiteBehavior [ RunTime:0.000159s ]
INFO: [ app_init ] --END-- [ RunTime:0.003165s ]
ERR: 无法加载模块:Public

[ 2016-12-01T15:49:49+08:00 ] ::1 /wechat(g)/Public/uploads/2a709a89ca8994d63c9633f7cad6bfd7.jpg
INFO: [ app_init ] --START--
INFO: Run Behavior\BuildLiteBehavior [ RunTime:0.000155s ]
INFO: [ app_init ] --END-- [ RunTime:0.003221s ]
ERR: 无法加载模块:Public

[ 2016-12-01T15:49:49+08:00 ] ::1 /wechat(g)/Public/uploads/4e4133c88916e7d89e0d1b9ba30528b2.jpeg
INFO: [ app_init ] --START--
INFO: Run Behavior\BuildLiteBehavior [ RunTime:0.000265s ]
INFO: [ app_init ] --END-- [ RunTime:0.003196s ]
ERR: 无法加载模块:Public

[ 2016-12-01T15:49:49+08:00 ] ::1 /wechat(g)/Public/uploads/cf423952gw1evo8gwexlbj20zk0k0tc8.jpg
INFO: [ app_init ] --START--
INFO: Run Behavior\BuildLiteBehavior [ RunTime:0.000154s ]
INFO: [ app_init ] --END-- [ RunTime:0.003518s ]
ERR: 无法加载模块:Public

[ 2016-12-01T15:52:58+08:00 ] ::1 /wechat(g)/Public/uploads/4e4133c88916e7d89e0d1b9ba30528b2.jpeg
INFO: [ app_init ] --START--
INFO: Run Behavior\BuildLiteBehavior [ RunTime:0.000146s ]
INFO: [ app_init ] --END-- [ RunTime:0.003053s ]
ERR: 无法加载模块:Public

[ 2016-12-01T15:52:58+08:00 ] ::1 /wechat(g)/Public/uploads/cf423952gw1evo8gwexlbj20zk0k0tc8.jpg
INFO: [ app_init ] --START--
INFO: Run Behavior\BuildLiteBehavior [ RunTime:0.000151s ]
INFO: [ app_init ] --END-- [ RunTime:0.002942s ]
ERR: 无法加载模块:Public

[ 2016-12-01T15:52:58+08:00 ] ::1 /wechat(g)/Public/uploads/7f159026jw1ey3z7zutenj20hs0hsq3l.jpg
INFO: [ app_init ] --START--
INFO: Run Behavior\BuildLiteBehavior [ RunTime:0.000159s ]
INFO: [ app_init ] --END-- [ RunTime:0.003139s ]
ERR: 无法加载模块:Public

[ 2016-12-01T15:52:58+08:00 ] ::1 /wechat(g)/Public/uploads/2a709a89ca8994d63c9633f7cad6bfd7.jpg
INFO: [ app_init ] --START--
INFO: Run Behavior\BuildLiteBehavior [ RunTime:0.000187s ]
INFO: [ app_init ] --END-- [ RunTime:0.003323s ]
ERR: 无法加载模块:Public

[ 2016-12-01T15:53:45+08:00 ] ::1 /wechat(g)/Public/uploads/4e4133c88916e7d89e0d1b9ba30528b2.jpeg
INFO: [ app_init ] --START--
INFO: Run Behavior\BuildLiteBehavior [ RunTime:0.000145s ]
INFO: [ app_init ] --END-- [ RunTime:0.003159s ]
ERR: 无法加载模块:Public

[ 2016-12-01T15:53:45+08:00 ] ::1 /wechat(g)/Public/uploads/7f159026jw1ey3z7zutenj20hs0hsq3l.jpg
INFO: [ app_init ] --START--
INFO: Run Behavior\BuildLiteBehavior [ RunTime:0.000136s ]
INFO: [ app_init ] --END-- [ RunTime:0.002577s ]
ERR: 无法加载模块:Public

[ 2016-12-01T15:53:45+08:00 ] ::1 /wechat(g)/Public/uploads/cf423952gw1evo8gwexlbj20zk0k0tc8.jpg
INFO: [ app_init ] --START--
INFO: Run Behavior\BuildLiteBehavior [ RunTime:0.000188s ]
INFO: [ app_init ] --END-- [ RunTime:0.003690s ]
ERR: 无法加载模块:Public

[ 2016-12-01T15:53:45+08:00 ] ::1 /wechat(g)/Public/uploads/2a709a89ca8994d63c9633f7cad6bfd7.jpg
INFO: [ app_init ] --START--
INFO: Run Behavior\BuildLiteBehavior [ RunTime:0.000179s ]
INFO: [ app_init ] --END-- [ RunTime:0.003150s ]
ERR: 无法加载模块:Public

[ 2016-12-01T15:54:36+08:00 ] ::1 /wechat(g)/Public/uploads/4e4133c88916e7d89e0d1b9ba30528b2.jpeg
INFO: [ app_init ] --START--
INFO: Run Behavior\BuildLiteBehavior [ RunTime:0.000182s ]
INFO: [ app_init ] --END-- [ RunTime:0.003246s ]
ERR: 无法加载模块:Public

[ 2016-12-01T15:54:36+08:00 ] ::1 /wechat(g)/Public/uploads/cf423952gw1evo8gwexlbj20zk0k0tc8.jpg
INFO: [ app_init ] --START--
INFO: Run Behavior\BuildLiteBehavior [ RunTime:0.000164s ]
INFO: [ app_init ] --END-- [ RunTime:0.002253s ]
ERR: 无法加载模块:Public

[ 2016-12-01T15:54:36+08:00 ] ::1 /wechat(g)/Public/uploads/7f159026jw1ey3z7zutenj20hs0hsq3l.jpg
INFO: [ app_init ] --START--
INFO: Run Behavior\BuildLiteBehavior [ RunTime:0.000158s ]
INFO: [ app_init ] --END-- [ RunTime:0.003029s ]
ERR: 无法加载模块:Public

[ 2016-12-01T15:54:36+08:00 ] ::1 /wechat(g)/Public/uploads/2a709a89ca8994d63c9633f7cad6bfd7.jpg
INFO: [ app_init ] --START--
INFO: Run Behavior\BuildLiteBehavior [ RunTime:0.000148s ]
INFO: [ app_init ] --END-- [ RunTime:0.003261s ]
ERR: 无法加载模块:Public

[ 2016-12-01T15:54:46+08:00 ] ::1 /wechat(g)/Public/uploads/2a709a89ca8994d63c9633f7cad6bfd7.jpg
INFO: [ app_init ] --START--
INFO: Run Behavior\BuildLiteBehavior [ RunTime:0.000193s ]
INFO: [ app_init ] --END-- [ RunTime:0.003103s ]
ERR: 无法加载模块:Public

[ 2016-12-01T15:54:46+08:00 ] ::1 /wechat(g)/Public/uploads/4e4133c88916e7d89e0d1b9ba30528b2.jpeg
INFO: [ app_init ] --START--
INFO: Run Behavior\BuildLiteBehavior [ RunTime:0.000172s ]
INFO: [ app_init ] --END-- [ RunTime:0.003219s ]
ERR: 无法加载模块:Public

[ 2016-12-01T15:54:46+08:00 ] ::1 /wechat(g)/Public/uploads/7f159026jw1ey3z7zutenj20hs0hsq3l.jpg
INFO: [ app_init ] --START--
INFO: Run Behavior\BuildLiteBehavior [ RunTime:0.000155s ]
INFO: [ app_init ] --END-- [ RunTime:0.003517s ]
ERR: 无法加载模块:Public

[ 2016-12-01T15:54:46+08:00 ] ::1 /wechat(g)/Public/uploads/cf423952gw1evo8gwexlbj20zk0k0tc8.jpg
INFO: [ app_init ] --START--
INFO: Run Behavior\BuildLiteBehavior [ RunTime:0.000152s ]
INFO: [ app_init ] --END-- [ RunTime:0.002811s ]
ERR: 无法加载模块:Public

[ 2016-12-01T15:54:47+08:00 ] ::1 /wechat(g)/Public/uploads/cf423952gw1evo8gwexlbj20zk0k0tc8.jpg
INFO: [ app_init ] --START--
INFO: Run Behavior\BuildLiteBehavior [ RunTime:0.000158s ]
INFO: [ app_init ] --END-- [ RunTime:0.003506s ]
ERR: 无法加载模块:Public

[ 2016-12-01T15:54:47+08:00 ] ::1 /wechat(g)/Public/uploads/4e4133c88916e7d89e0d1b9ba30528b2.jpeg
INFO: [ app_init ] --START--
INFO: Run Behavior\BuildLiteBehavior [ RunTime:0.000152s ]
INFO: [ app_init ] --END-- [ RunTime:0.003292s ]
ERR: 无法加载模块:Public

[ 2016-12-01T15:54:47+08:00 ] ::1 /wechat(g)/Public/uploads/7f159026jw1ey3z7zutenj20hs0hsq3l.jpg
INFO: [ app_init ] --START--
INFO: Run Behavior\BuildLiteBehavior [ RunTime:0.000148s ]
INFO: [ app_init ] --END-- [ RunTime:0.003019s ]
ERR: 无法加载模块:Public

[ 2016-12-01T15:54:47+08:00 ] ::1 /wechat(g)/Public/uploads/2a709a89ca8994d63c9633f7cad6bfd7.jpg
INFO: [ app_init ] --START--
INFO: Run Behavior\BuildLiteBehavior [ RunTime:0.000149s ]
INFO: [ app_init ] --END-- [ RunTime:0.003485s ]
ERR: 无法加载模块:Public

[ 2016-12-01T15:54:49+08:00 ] ::1 /wechat(g)/Public/uploads/4e4133c88916e7d89e0d1b9ba30528b2.jpeg
INFO: [ app_init ] --START--
INFO: Run Behavior\BuildLiteBehavior [ RunTime:0.000145s ]
INFO: [ app_init ] --END-- [ RunTime:0.002847s ]
ERR: 无法加载模块:Public

[ 2016-12-01T15:54:49+08:00 ] ::1 /wechat(g)/Public/uploads/2a709a89ca8994d63c9633f7cad6bfd7.jpg
INFO: [ app_init ] --START--
INFO: Run Behavior\BuildLiteBehavior [ RunTime:0.000162s ]
INFO: [ app_init ] --END-- [ RunTime:0.003228s ]
ERR: 无法加载模块:Public

[ 2016-12-01T15:54:49+08:00 ] ::1 /wechat(g)/Public/uploads/7f159026jw1ey3z7zutenj20hs0hsq3l.jpg
INFO: [ app_init ] --START--
INFO: Run Behavior\BuildLiteBehavior [ RunTime:0.000159s ]
INFO: [ app_init ] --END-- [ RunTime:0.003758s ]
ERR: 无法加载模块:Public

[ 2016-12-01T15:54:49+08:00 ] ::1 /wechat(g)/Public/uploads/cf423952gw1evo8gwexlbj20zk0k0tc8.jpg
INFO: [ app_init ] --START--
INFO: Run Behavior\BuildLiteBehavior [ RunTime:0.000153s ]
INFO: [ app_init ] --END-- [ RunTime:0.002508s ]
ERR: 无法加载模块:Public

[ 2016-12-01T15:55:20+08:00 ] ::1 /wechat(g)/Public/uploads/7f159026jw1ey3z7zutenj20hs0hsq3l.jpg
INFO: [ app_init ] --START--
INFO: Run Behavior\BuildLiteBehavior [ RunTime:0.000168s ]
INFO: [ app_init ] --END-- [ RunTime:0.003177s ]
ERR: 无法加载模块:Public

[ 2016-12-01T15:55:20+08:00 ] ::1 /wechat(g)/Public/uploads/cf423952gw1evo8gwexlbj20zk0k0tc8.jpg
INFO: [ app_init ] --START--
INFO: Run Behavior\BuildLiteBehavior [ RunTime:0.000148s ]
INFO: [ app_init ] --END-- [ RunTime:0.002634s ]
ERR: 无法加载模块:Public

[ 2016-12-01T15:55:20+08:00 ] ::1 /wechat(g)/Public/uploads/4e4133c88916e7d89e0d1b9ba30528b2.jpeg
INFO: [ app_init ] --START--
INFO: Run Behavior\BuildLiteBehavior [ RunTime:0.000149s ]
INFO: [ app_init ] --END-- [ RunTime:0.003063s ]
ERR: 无法加载模块:Public

[ 2016-12-01T15:55:20+08:00 ] ::1 /wechat(g)/Public/uploads/2a709a89ca8994d63c9633f7cad6bfd7.jpg
INFO: [ app_init ] --START--
INFO: Run Behavior\BuildLiteBehavior [ RunTime:0.000154s ]
INFO: [ app_init ] --END-- [ RunTime:0.003506s ]
ERR: 无法加载模块:Public

[ 2016-12-01T15:55:21+08:00 ] ::1 /wechat(g)/Public/uploads/2a709a89ca8994d63c9633f7cad6bfd7.jpg
INFO: [ app_init ] --START--
INFO: Run Behavior\BuildLiteBehavior [ RunTime:0.000152s ]
INFO: [ app_init ] --END-- [ RunTime:0.002985s ]
ERR: 无法加载模块:Public

[ 2016-12-01T15:55:21+08:00 ] ::1 /wechat(g)/Public/uploads/7f159026jw1ey3z7zutenj20hs0hsq3l.jpg
INFO: [ app_init ] --START--
INFO: Run Behavior\BuildLiteBehavior [ RunTime:0.000158s ]
INFO: [ app_init ] --END-- [ RunTime:0.003098s ]
ERR: 无法加载模块:Public

[ 2016-12-01T15:55:21+08:00 ] ::1 /wechat(g)/Public/uploads/4e4133c88916e7d89e0d1b9ba30528b2.jpeg
INFO: [ app_init ] --START--
INFO: Run Behavior\BuildLiteBehavior [ RunTime:0.000150s ]
INFO: [ app_init ] --END-- [ RunTime:0.002954s ]
ERR: 无法加载模块:Public

[ 2016-12-01T15:55:21+08:00 ] ::1 /wechat(g)/Public/uploads/cf423952gw1evo8gwexlbj20zk0k0tc8.jpg
INFO: [ app_init ] --START--
INFO: Run Behavior\BuildLiteBehavior [ RunTime:0.000143s ]
INFO: [ app_init ] --END-- [ RunTime:0.002991s ]
ERR: 无法加载模块:Public

[ 2016-12-01T15:58:31+08:00 ] ::1 /wechat(g)/Public/uploads/2a709a89ca8994d63c9633f7cad6bfd7.jpg
INFO: [ app_init ] --START--
INFO: Run Behavior\BuildLiteBehavior [ RunTime:0.000095s ]
INFO: [ app_init ] --END-- [ RunTime:0.002789s ]
ERR: 无法加载模块:Public

[ 2016-12-01T15:58:31+08:00 ] ::1 /wechat(g)/Public/uploads/7f159026jw1ey3z7zutenj20hs0hsq3l.jpg
INFO: [ app_init ] --START--
INFO: Run Behavior\BuildLiteBehavior [ RunTime:0.000153s ]
INFO: [ app_init ] --END-- [ RunTime:0.002999s ]
ERR: 无法加载模块:Public

[ 2016-12-01T15:58:31+08:00 ] ::1 /wechat(g)/Public/uploads/4e4133c88916e7d89e0d1b9ba30528b2.jpeg
INFO: [ app_init ] --START--
INFO: Run Behavior\BuildLiteBehavior [ RunTime:0.000152s ]
INFO: [ app_init ] --END-- [ RunTime:0.002938s ]
ERR: 无法加载模块:Public

[ 2016-12-01T15:58:37+08:00 ] ::1 /wechat(g)/Public/uploads/7f159026jw1ey3z7zutenj20hs0hsq3l.jpg
INFO: [ app_init ] --START--
INFO: Run Behavior\BuildLiteBehavior [ RunTime:0.000145s ]
INFO: [ app_init ] --END-- [ RunTime:0.002997s ]
ERR: 无法加载模块:Public

[ 2016-12-01T15:58:37+08:00 ] ::1 /wechat(g)/Public/uploads/2a709a89ca8994d63c9633f7cad6bfd7.jpg
INFO: [ app_init ] --START--
INFO: Run Behavior\BuildLiteBehavior [ RunTime:0.000318s ]
INFO: [ app_init ] --END-- [ RunTime:0.002753s ]
ERR: 无法加载模块:Public

[ 2016-12-01T15:58:37+08:00 ] ::1 /wechat(g)/Public/uploads/4e4133c88916e7d89e0d1b9ba30528b2.jpeg
INFO: [ app_init ] --START--
INFO: Run Behavior\BuildLiteBehavior [ RunTime:0.000169s ]
INFO: [ app_init ] --END-- [ RunTime:0.003027s ]
ERR: 无法加载模块:Public

[ 2016-12-01T15:58:41+08:00 ] ::1 /wechat(g)/Public/uploads/2a709a89ca8994d63c9633f7cad6bfd7.jpg
INFO: [ app_init ] --START--
INFO: Run Behavior\BuildLiteBehavior [ RunTime:0.000160s ]
INFO: [ app_init ] --END-- [ RunTime:0.002959s ]
ERR: 无法加载模块:Public

[ 2016-12-01T15:58:41+08:00 ] ::1 /wechat(g)/Public/uploads/4e4133c88916e7d89e0d1b9ba30528b2.jpeg
INFO: [ app_init ] --START--
INFO: Run Behavior\BuildLiteBehavior [ RunTime:0.000160s ]
INFO: [ app_init ] --END-- [ RunTime:0.003293s ]
ERR: 无法加载模块:Public

[ 2016-12-01T15:58:41+08:00 ] ::1 /wechat(g)/Public/uploads/7f159026jw1ey3z7zutenj20hs0hsq3l.jpg
INFO: [ app_init ] --START--
INFO: Run Behavior\BuildLiteBehavior [ RunTime:0.000149s ]
INFO: [ app_init ] --END-- [ RunTime:0.004128s ]
ERR: 无法加载模块:Public

[ 2016-12-01T15:58:47+08:00 ] ::1 /wechat(g)/Public/uploads/2a709a89ca8994d63c9633f7cad6bfd7.jpg
INFO: [ app_init ] --START--
INFO: Run Behavior\BuildLiteBehavior [ RunTime:0.000147s ]
INFO: [ app_init ] --END-- [ RunTime:0.003098s ]
ERR: 无法加载模块:Public

[ 2016-12-01T15:58:47+08:00 ] ::1 /wechat(g)/Public/uploads/7f159026jw1ey3z7zutenj20hs0hsq3l.jpg
INFO: [ app_init ] --START--
INFO: Run Behavior\BuildLiteBehavior [ RunTime:0.000147s ]
INFO: [ app_init ] --END-- [ RunTime:0.003150s ]
ERR: 无法加载模块:Public

[ 2016-12-01T15:58:47+08:00 ] ::1 /wechat(g)/Public/uploads/4e4133c88916e7d89e0d1b9ba30528b2.jpeg
INFO: [ app_init ] --START--
INFO: Run Behavior\BuildLiteBehavior [ RunTime:0.000096s ]
INFO: [ app_init ] --END-- [ RunTime:0.002084s ]
ERR: 无法加载模块:Public

[ 2016-12-01T15:58:51+08:00 ] ::1 /wechat(g)/Public/uploads/4e4133c88916e7d89e0d1b9ba30528b2.jpeg
INFO: [ app_init ] --START--
INFO: Run Behavior\BuildLiteBehavior [ RunTime:0.000156s ]
INFO: [ app_init ] --END-- [ RunTime:0.003419s ]
ERR: 无法加载模块:Public

[ 2016-12-01T15:58:51+08:00 ] ::1 /wechat(g)/Public/uploads/2a709a89ca8994d63c9633f7cad6bfd7.jpg
INFO: [ app_init ] --START--
INFO: Run Behavior\BuildLiteBehavior [ RunTime:0.000139s ]
INFO: [ app_init ] --END-- [ RunTime:0.004305s ]
ERR: 无法加载模块:Public

[ 2016-12-01T15:58:51+08:00 ] ::1 /wechat(g)/Public/uploads/7f159026jw1ey3z7zutenj20hs0hsq3l.jpg
INFO: [ app_init ] --START--
INFO: Run Behavior\BuildLiteBehavior [ RunTime:0.000157s ]
INFO: [ app_init ] --END-- [ RunTime:0.004713s ]
ERR: 无法加载模块:Public

[ 2016-12-01T15:58:55+08:00 ] ::1 /wechat(g)/Public/uploads/4e4133c88916e7d89e0d1b9ba30528b2.jpeg
INFO: [ app_init ] --START--
INFO: Run Behavior\BuildLiteBehavior [ RunTime:0.000161s ]
INFO: [ app_init ] --END-- [ RunTime:0.002993s ]
ERR: 无法加载模块:Public

[ 2016-12-01T15:58:55+08:00 ] ::1 /wechat(g)/Public/uploads/2a709a89ca8994d63c9633f7cad6bfd7.jpg
INFO: [ app_init ] --START--
INFO: Run Behavior\BuildLiteBehavior [ RunTime:0.000162s ]
INFO: [ app_init ] --END-- [ RunTime:0.003233s ]
ERR: 无法加载模块:Public

[ 2016-12-01T15:59:00+08:00 ] ::1 /wechat(g)/Public/uploads/4e4133c88916e7d89e0d1b9ba30528b2.jpeg
INFO: [ app_init ] --START--
INFO: Run Behavior\BuildLiteBehavior [ RunTime:0.000149s ]
INFO: [ app_init ] --END-- [ RunTime:0.002887s ]
ERR: 无法加载模块:Public

[ 2016-12-01T15:59:04+08:00 ] ::1 /wechat(g)/Public/uploads/4e4133c88916e7d89e0d1b9ba30528b2.jpeg
INFO: [ app_init ] --START--
INFO: Run Behavior\BuildLiteBehavior [ RunTime:0.000293s ]
INFO: [ app_init ] --END-- [ RunTime:0.003151s ]
ERR: 无法加载模块:Public

