[ 2016-11-04T15:34:10+08:00 ] 127.0.0.1 /
INFO: [ app_init ] --START--
INFO: Run Behavior\BuildLiteBehavior [ RunTime:0.000045s ]
INFO: [ app_init ] --END-- [ RunTime:0.051374s ]
INFO: [ app_begin ] --START--
INFO: Run Behavior\ReadHtmlCacheBehavior [ RunTime:0.001098s ]
INFO: [ app_begin ] --END-- [ RunTime:0.001256s ]
INFO: [ view_parse ] --START--
INFO: [ template_filter ] --START--
INFO: Run Behavior\ContentReplaceBehavior [ RunTime:0.008325s ]
INFO: [ template_filter ] --END-- [ RunTime:0.008487s ]
INFO: Run Behavior\ParseTemplateBehavior [ RunTime:0.107251s ]
INFO: [ view_parse ] --END-- [ RunTime:0.107414s ]
INFO: [ view_filter ] --START--
INFO: Run Behavior\WriteHtmlCacheBehavior [ RunTime:0.014700s ]
INFO: [ view_filter ] --END-- [ RunTime:0.014868s ]
INFO: [ app_end ] --START--
INFO: Run Behavior\ShowPageTraceBehavior [ RunTime:0.001203s ]
INFO: [ app_end ] --END-- [ RunTime:0.001444s ]

[ 2016-11-04T15:34:15+08:00 ] 127.0.0.1 /index.php/home/menu/view
INFO: [ app_init ] --START--
INFO: Run Behavior\BuildLiteBehavior [ RunTime:0.000028s ]
INFO: [ app_init ] --END-- [ RunTime:0.000669s ]
INFO: [ app_begin ] --START--
INFO: Run Behavior\ReadHtmlCacheBehavior [ RunTime:0.000655s ]
INFO: [ app_begin ] --END-- [ RunTime:0.000822s ]
NOTIC: [2048] Non-static method Common\Library\Wechat::getAccessToken() should not be called statically, assuming $this from incompatible context E:\wamp\www\wechat1025\Application\Home\Controller\MenuController.class.php Á¨¨ 75 Ë°å.
NOTIC: [2] file_get_contents():  E:\wamp\www\wechat1025\Application\Common\Library\Wechat.class.php Á¨¨ 227 Ë°å.
NOTIC: [2] file_get_contents(https://api.weixin.qq.com/cgi-bin/token?grant_type=client_credential&amp;appid=wx30d73c86c732e528&amp;secret=b39472e0cd806f3ee24814aadda595d7):  E:\wamp\www\wechat1025\Application\Common\Library\Wechat.class.php Á¨¨ 227 Ë°å.
NOTIC: [2] Creating default object from empty value E:\wamp\www\wechat1025\Application\Common\Library\Wechat.class.php Á¨¨ 229 Ë°å.
NOTIC: [8] Undefined property: stdClass::$access_token E:\wamp\www\wechat1025\Application\Common\Library\Wechat.class.php Á¨¨ 232 Ë°å.
NOTIC: [2048] Non-static method Common\Library\Wechat::menuView() should not be called statically, assuming $this from incompatible context E:\wamp\www\wechat1025\Application\Home\Controller\MenuController.class.php Á¨¨ 78 Ë°å.
NOTIC: [2] curl_errno() expects exactly 1 parameter, 0 given E:\wamp\www\wechat1025\Application\Common\Library\Wechat.class.php Á¨¨ 314 Ë°å.
NOTIC: [8] Trying to get property of non-object E:\wamp\www\wechat1025\Application\Home\Controller\MenuController.class.php Á¨¨ 80 Ë°å.
NOTIC: [8] Trying to get property of non-object E:\wamp\www\wechat1025\Application\Home\Controller\MenuController.class.php Á¨¨ 80 Ë°å.
INFO: [ view_parse ] --START--
INFO: [ template_filter ] --START--
INFO: Run Behavior\ContentReplaceBehavior [ RunTime:0.000183s ]
INFO: [ template_filter ] --END-- [ RunTime:0.000442s ]
INFO: Run Behavior\ParseTemplateBehavior [ RunTime:0.118477s ]
INFO: [ view_parse ] --END-- [ RunTime:0.118710s ]
INFO: [ view_filter ] --START--
INFO: Run Behavior\WriteHtmlCacheBehavior [ RunTime:0.000763s ]
INFO: [ view_filter ] --END-- [ RunTime:0.000923s ]
INFO: [ app_end ] --START--
INFO: Run Behavior\ShowPageTraceBehavior [ RunTime:0.001358s ]
INFO: [ app_end ] --END-- [ RunTime:0.001632s ]

[ 2016-11-04T15:34:18+08:00 ] 127.0.0.1 /index.php/home/menu/view
INFO: [ app_init ] --START--
INFO: Run Behavior\BuildLiteBehavior [ RunTime:0.000026s ]
INFO: [ app_init ] --END-- [ RunTime:0.000648s ]
INFO: [ app_begin ] --START--
INFO: Run Behavior\ReadHtmlCacheBehavior [ RunTime:0.000670s ]
INFO: [ app_begin ] --END-- [ RunTime:0.000793s ]
NOTIC: [2048] Non-static method Common\Library\Wechat::getAccessToken() should not be called statically, assuming $this from incompatible context E:\wamp\www\wechat1025\Application\Home\Controller\MenuController.class.php Á¨¨ 75 Ë°å.
NOTIC: [8] Undefined property: stdClass::$access_token E:\wamp\www\wechat1025\Application\Common\Library\Wechat.class.php Á¨¨ 232 Ë°å.
NOTIC: [2048] Non-static method Common\Library\Wechat::menuView() should not be called statically, assuming $this from incompatible context E:\wamp\www\wechat1025\Application\Home\Controller\MenuController.class.php Á¨¨ 78 Ë°å.
NOTIC: [2] curl_errno() expects exactly 1 parameter, 0 given E:\wamp\www\wechat1025\Application\Common\Library\Wechat.class.php Á¨¨ 314 Ë°å.
NOTIC: [8] Trying to get property of non-object E:\wamp\www\wechat1025\Application\Home\Controller\MenuController.class.php Á¨¨ 80 Ë°å.
NOTIC: [8] Trying to get property of non-object E:\wamp\www\wechat1025\Application\Home\Controller\MenuController.class.php Á¨¨ 80 Ë°å.
INFO: [ view_parse ] --START--
INFO: [ template_filter ] --START--
INFO: Run Behavior\ContentReplaceBehavior [ RunTime:0.000088s ]
INFO: [ template_filter ] --END-- [ RunTime:0.000219s ]
INFO: Run Behavior\ParseTemplateBehavior [ RunTime:0.011158s ]
INFO: [ view_parse ] --END-- [ RunTime:0.011285s ]
INFO: [ view_filter ] --START--
INFO: Run Behavior\WriteHtmlCacheBehavior [ RunTime:0.000519s ]
INFO: [ view_filter ] --END-- [ RunTime:0.000633s ]
INFO: [ app_end ] --START--
INFO: Run Behavior\ShowPageTraceBehavior [ RunTime:0.000801s ]
INFO: [ app_end ] --END-- [ RunTime:0.000981s ]

[ 2016-11-04T15:34:43+08:00 ] 127.0.0.1 /index.php/home/menu/view
INFO: [ app_init ] --START--
INFO: Run Behavior\BuildLiteBehavior [ RunTime:0.000027s ]
INFO: [ app_init ] --END-- [ RunTime:0.000648s ]
INFO: [ app_begin ] --START--
INFO: Run Behavior\ReadHtmlCacheBehavior [ RunTime:0.000663s ]
INFO: [ app_begin ] --END-- [ RunTime:0.000838s ]
NOTIC: [2048] Non-static method Common\Library\Wechat::getAccessToken() should not be called statically, assuming $this from incompatible context E:\wamp\www\wechat1025\Application\Home\Controller\MenuController.class.php Á¨¨ 75 Ë°å.
NOTIC: [2] file_get_contents(access_token.php): failed to open stream: No such file or directory E:\wamp\www\wechat1025\Application\Common\Library\Wechat.class.php Á¨¨ 223 Ë°å.
NOTIC: [8] Trying to get property of non-object E:\wamp\www\wechat1025\Application\Common\Library\Wechat.class.php Á¨¨ 225 Ë°å.
NOTIC: [2] file_get_contents():  E:\wamp\www\wechat1025\Application\Common\Library\Wechat.class.php Á¨¨ 227 Ë°å.
NOTIC: [2] file_get_contents(https://api.weixin.qq.com/cgi-bin/token?grant_type=client_credential&amp;appid=wx30d73c86c732e528&amp;secret=b39472e0cd806f3ee24814aadda595d7):  E:\wamp\www\wechat1025\Application\Common\Library\Wechat.class.php Á¨¨ 227 Ë°å.
NOTIC: [2] Creating default object from empty value E:\wamp\www\wechat1025\Application\Common\Library\Wechat.class.php Á¨¨ 229 Ë°å.
NOTIC: [8] Undefined property: stdClass::$access_token E:\wamp\www\wechat1025\Application\Common\Library\Wechat.class.php Á¨¨ 232 Ë°å.
NOTIC: [2048] Non-static method Common\Library\Wechat::menuView() should not be called statically, assuming $this from incompatible context E:\wamp\www\wechat1025\Application\Home\Controller\MenuController.class.php Á¨¨ 78 Ë°å.
NOTIC: [2] curl_errno() expects exactly 1 parameter, 0 given E:\wamp\www\wechat1025\Application\Common\Library\Wechat.class.php Á¨¨ 314 Ë°å.
NOTIC: [8] Trying to get property of non-object E:\wamp\www\wechat1025\Application\Home\Controller\MenuController.class.php Á¨¨ 80 Ë°å.
NOTIC: [8] Trying to get property of non-object E:\wamp\www\wechat1025\Application\Home\Controller\MenuController.class.php Á¨¨ 80 Ë°å.
INFO: [ view_parse ] --START--
INFO: [ template_filter ] --START--
INFO: Run Behavior\ContentReplaceBehavior [ RunTime:0.000112s ]
INFO: [ template_filter ] --END-- [ RunTime:0.000275s ]
INFO: Run Behavior\ParseTemplateBehavior [ RunTime:0.011903s ]
INFO: [ view_parse ] --END-- [ RunTime:0.012066s ]
INFO: [ view_filter ] --START--
INFO: Run Behavior\WriteHtmlCacheBehavior [ RunTime:0.000476s ]
INFO: [ view_filter ] --END-- [ RunTime:0.000590s ]
INFO: [ app_end ] --START--
INFO: Run Behavior\ShowPageTraceBehavior [ RunTime:0.000753s ]
INFO: [ app_end ] --END-- [ RunTime:0.000913s ]

[ 2016-11-04T15:34:45+08:00 ] 127.0.0.1 /index.php/home/menu/view
INFO: [ app_init ] --START--
INFO: Run Behavior\BuildLiteBehavior [ RunTime:0.000031s ]
INFO: [ app_init ] --END-- [ RunTime:0.000654s ]
INFO: [ app_begin ] --START--
INFO: Run Behavior\ReadHtmlCacheBehavior [ RunTime:0.000705s ]
INFO: [ app_begin ] --END-- [ RunTime:0.000839s ]
NOTIC: [2048] Non-static method Common\Library\Wechat::getAccessToken() should not be called statically, assuming $this from incompatible context E:\wamp\www\wechat1025\Application\Home\Controller\MenuController.class.php Á¨¨ 75 Ë°å.
NOTIC: [8] Undefined property: stdClass::$access_token E:\wamp\www\wechat1025\Application\Common\Library\Wechat.class.php Á¨¨ 232 Ë°å.
NOTIC: [2048] Non-static method Common\Library\Wechat::menuView() should not be called statically, assuming $this from incompatible context E:\wamp\www\wechat1025\Application\Home\Controller\MenuController.class.php Á¨¨ 78 Ë°å.
NOTIC: [2] curl_errno() expects exactly 1 parameter, 0 given E:\wamp\www\wechat1025\Application\Common\Library\Wechat.class.php Á¨¨ 314 Ë°å.
NOTIC: [8] Trying to get property of non-object E:\wamp\www\wechat1025\Application\Home\Controller\MenuController.class.php Á¨¨ 80 Ë°å.
NOTIC: [8] Trying to get property of non-object E:\wamp\www\wechat1025\Application\Home\Controller\MenuController.class.php Á¨¨ 80 Ë°å.
INFO: [ view_parse ] --START--
INFO: [ template_filter ] --START--
INFO: Run Behavior\ContentReplaceBehavior [ RunTime:0.000096s ]
INFO: [ template_filter ] --END-- [ RunTime:0.000235s ]
INFO: Run Behavior\ParseTemplateBehavior [ RunTime:0.012668s ]
INFO: [ view_parse ] --END-- [ RunTime:0.012825s ]
INFO: [ view_filter ] --START--
INFO: Run Behavior\WriteHtmlCacheBehavior [ RunTime:0.000481s ]
INFO: [ view_filter ] --END-- [ RunTime:0.000596s ]
INFO: [ app_end ] --START--
INFO: Run Behavior\ShowPageTraceBehavior [ RunTime:0.000744s ]
INFO: [ app_end ] --END-- [ RunTime:0.000900s ]

[ 2016-11-04T15:34:47+08:00 ] 127.0.0.1 /index.php/home/menu/manage
INFO: [ app_init ] --START--
INFO: Run Behavior\BuildLiteBehavior [ RunTime:0.000026s ]
INFO: [ app_init ] --END-- [ RunTime:0.000663s ]
INFO: [ app_begin ] --START--
INFO: Run Behavior\ReadHtmlCacheBehavior [ RunTime:0.001584s ]
INFO: [ app_begin ] --END-- [ RunTime:0.001869s ]
NOTIC: [2048] Non-static method Common\Library\Wechat::getAccessToken() should not be called statically, assuming $this from incompatible context E:\wamp\www\wechat1025\Application\Home\Controller\MenuController.class.php Á¨¨ 88 Ë°å.
NOTIC: [8] Undefined property: stdClass::$access_token E:\wamp\www\wechat1025\Application\Common\Library\Wechat.class.php Á¨¨ 232 Ë°å.
NOTIC: [2048] Non-static method Common\Library\Wechat::menuView() should not be called statically, assuming $this from incompatible context E:\wamp\www\wechat1025\Application\Home\Controller\MenuController.class.php Á¨¨ 91 Ë°å.
NOTIC: [2] curl_errno() expects exactly 1 parameter, 0 given E:\wamp\www\wechat1025\Application\Common\Library\Wechat.class.php Á¨¨ 314 Ë°å.
NOTIC: [8] Trying to get property of non-object E:\wamp\www\wechat1025\Application\Home\Controller\MenuController.class.php Á¨¨ 93 Ë°å.
NOTIC: [8] Trying to get property of non-object E:\wamp\www\wechat1025\Application\Home\Controller\MenuController.class.php Á¨¨ 93 Ë°å.
INFO: [ view_parse ] --START--
INFO: [ template_filter ] --START--
INFO: Run Behavior\ContentReplaceBehavior [ RunTime:0.000102s ]
INFO: [ template_filter ] --END-- [ RunTime:0.000226s ]
INFO: Run Behavior\ParseTemplateBehavior [ RunTime:0.064051s ]
INFO: [ view_parse ] --END-- [ RunTime:0.064211s ]
INFO: [ view_filter ] --START--
INFO: Run Behavior\WriteHtmlCacheBehavior [ RunTime:0.000483s ]
INFO: [ view_filter ] --END-- [ RunTime:0.000596s ]
INFO: [ app_end ] --START--
INFO: Run Behavior\ShowPageTraceBehavior [ RunTime:0.000893s ]
INFO: [ app_end ] --END-- [ RunTime:0.001065s ]

[ 2016-11-04T15:34:49+08:00 ] 127.0.0.1 /index.php/home/menu/view
INFO: [ app_init ] --START--
INFO: Run Behavior\BuildLiteBehavior [ RunTime:0.000027s ]
INFO: [ app_init ] --END-- [ RunTime:0.000668s ]
INFO: [ app_begin ] --START--
INFO: Run Behavior\ReadHtmlCacheBehavior [ RunTime:0.000702s ]
INFO: [ app_begin ] --END-- [ RunTime:0.000850s ]
NOTIC: [2048] Non-static method Common\Library\Wechat::getAccessToken() should not be called statically, assuming $this from incompatible context E:\wamp\www\wechat1025\Application\Home\Controller\MenuController.class.php Á¨¨ 75 Ë°å.
NOTIC: [8] Undefined property: stdClass::$access_token E:\wamp\www\wechat1025\Application\Common\Library\Wechat.class.php Á¨¨ 232 Ë°å.
NOTIC: [2048] Non-static method Common\Library\Wechat::menuView() should not be called statically, assuming $this from incompatible context E:\wamp\www\wechat1025\Application\Home\Controller\MenuController.class.php Á¨¨ 78 Ë°å.
NOTIC: [2] curl_errno() expects exactly 1 parameter, 0 given E:\wamp\www\wechat1025\Application\Common\Library\Wechat.class.php Á¨¨ 314 Ë°å.
NOTIC: [8] Trying to get property of non-object E:\wamp\www\wechat1025\Application\Home\Controller\MenuController.class.php Á¨¨ 80 Ë°å.
NOTIC: [8] Trying to get property of non-object E:\wamp\www\wechat1025\Application\Home\Controller\MenuController.class.php Á¨¨ 80 Ë°å.
INFO: [ view_parse ] --START--
INFO: [ template_filter ] --START--
INFO: Run Behavior\ContentReplaceBehavior [ RunTime:0.000085s ]
INFO: [ template_filter ] --END-- [ RunTime:0.000207s ]
INFO: Run Behavior\ParseTemplateBehavior [ RunTime:0.012993s ]
INFO: [ view_parse ] --END-- [ RunTime:0.013156s ]
INFO: [ view_filter ] --START--
INFO: Run Behavior\WriteHtmlCacheBehavior [ RunTime:0.000505s ]
INFO: [ view_filter ] --END-- [ RunTime:0.000618s ]
INFO: [ app_end ] --START--
INFO: Run Behavior\ShowPageTraceBehavior [ RunTime:0.000802s ]
INFO: [ app_end ] --END-- [ RunTime:0.001005s ]

[ 2016-11-04T15:35:19+08:00 ] 127.0.0.1 /index.php/home/media/addPicture
INFO: [ app_init ] --START--
INFO: Run Behavior\BuildLiteBehavior [ RunTime:0.000028s ]
INFO: [ app_init ] --END-- [ RunTime:0.000685s ]
INFO: [ app_begin ] --START--
INFO: Run Behavior\ReadHtmlCacheBehavior [ RunTime:0.000808s ]
INFO: [ app_begin ] --END-- [ RunTime:0.000931s ]
NOTIC: [8] Undefined index: picture E:\wamp\www\wechat1025\Application\Home\Controller\MediaController.class.php Á¨¨ 85 Ë°å.
INFO: [ view_parse ] --START--
INFO: [ template_filter ] --START--
INFO: Run Behavior\ContentReplaceBehavior [ RunTime:0.000083s ]
INFO: [ template_filter ] --END-- [ RunTime:0.000226s ]
INFO: Run Behavior\ParseTemplateBehavior [ RunTime:0.023042s ]
INFO: [ view_parse ] --END-- [ RunTime:0.023214s ]
INFO: [ view_filter ] --START--
INFO: Run Behavior\WriteHtmlCacheBehavior [ RunTime:0.000471s ]
INFO: [ view_filter ] --END-- [ RunTime:0.000585s ]
INFO: [ app_end ] --START--
INFO: Run Behavior\ShowPageTraceBehavior [ RunTime:0.000841s ]
INFO: [ app_end ] --END-- [ RunTime:0.001031s ]

[ 2016-11-04T15:35:21+08:00 ] 127.0.0.1 /index.php/home/media/managePicture
INFO: [ app_init ] --START--
INFO: Run Behavior\BuildLiteBehavior [ RunTime:0.000039s ]
INFO: [ app_init ] --END-- [ RunTime:0.000875s ]
INFO: [ app_begin ] --START--
INFO: Run Behavior\ReadHtmlCacheBehavior [ RunTime:0.000665s ]
INFO: [ app_begin ] --END-- [ RunTime:0.000789s ]
ERR: SQLSTATE[HY000] [2002] ”…”⁄ƒø±Íº∆À„ª˙ª˝º´æ‹æ¯£¨Œﬁ∑®¡¨Ω”°£


[ 2016-11-04T15:36:01+08:00 ] 127.0.0.1 /index.php/home/media/managePicture
INFO: [ app_init ] --START--
INFO: Run Behavior\BuildLiteBehavior [ RunTime:0.000056s ]
INFO: [ app_init ] --END-- [ RunTime:0.002317s ]
INFO: [ app_begin ] --START--
INFO: Run Behavior\ReadHtmlCacheBehavior [ RunTime:0.000748s ]
INFO: [ app_begin ] --END-- [ RunTime:0.000886s ]
SQL: SHOW COLUMNS FROM `images` [ RunTime:0.1067s ]
SQL: SELECT * FROM `images`  [ RunTime:0.0006s ]
INFO: [ view_parse ] --START--
INFO: [ template_filter ] --START--
INFO: Run Behavior\ContentReplaceBehavior [ RunTime:0.000085s ]
INFO: [ template_filter ] --END-- [ RunTime:0.000209s ]
INFO: Run Behavior\ParseTemplateBehavior [ RunTime:0.039420s ]
INFO: [ view_parse ] --END-- [ RunTime:0.039597s ]
INFO: [ view_filter ] --START--
INFO: Run Behavior\WriteHtmlCacheBehavior [ RunTime:0.000514s ]
INFO: [ view_filter ] --END-- [ RunTime:0.000627s ]
INFO: [ app_end ] --START--
INFO: Run Behavior\ShowPageTraceBehavior [ RunTime:0.000820s ]
INFO: [ app_end ] --END-- [ RunTime:0.001011s ]

[ 2016-11-04T15:36:37+08:00 ] 127.0.0.1 /index.php/home/media/addPicture
INFO: [ app_init ] --START--
INFO: Run Behavior\BuildLiteBehavior [ RunTime:0.000030s ]
INFO: [ app_init ] --END-- [ RunTime:0.000727s ]
INFO: [ app_begin ] --START--
INFO: Run Behavior\ReadHtmlCacheBehavior [ RunTime:0.000754s ]
INFO: [ app_begin ] --END-- [ RunTime:0.000923s ]
NOTIC: [8] Undefined index: picture E:\wamp\www\wechat1025\Application\Home\Controller\MediaController.class.php Á¨¨ 85 Ë°å.
INFO: [ view_parse ] --START--
INFO: [ template_filter ] --START--
INFO: Run Behavior\ContentReplaceBehavior [ RunTime:0.000082s ]
INFO: [ template_filter ] --END-- [ RunTime:0.000217s ]
INFO: Run Behavior\ParseTemplateBehavior [ RunTime:0.009442s ]
INFO: [ view_parse ] --END-- [ RunTime:0.009577s ]
INFO: [ view_filter ] --START--
INFO: Run Behavior\WriteHtmlCacheBehavior [ RunTime:0.000616s ]
INFO: [ view_filter ] --END-- [ RunTime:0.000740s ]
INFO: [ app_end ] --START--
INFO: Run Behavior\ShowPageTraceBehavior [ RunTime:0.000909s ]
INFO: [ app_end ] --END-- [ RunTime:0.001103s ]

[ 2016-11-04T15:36:38+08:00 ] 127.0.0.1 /index.php/home/media/managePicture
INFO: [ app_init ] --START--
INFO: Run Behavior\BuildLiteBehavior [ RunTime:0.000028s ]
INFO: [ app_init ] --END-- [ RunTime:0.000661s ]
INFO: [ app_begin ] --START--
INFO: Run Behavior\ReadHtmlCacheBehavior [ RunTime:0.000632s ]
INFO: [ app_begin ] --END-- [ RunTime:0.000755s ]
SQL: SHOW COLUMNS FROM `images` [ RunTime:0.0053s ]
SQL: SELECT * FROM `images`  [ RunTime:0.0004s ]
INFO: [ view_parse ] --START--
INFO: [ template_filter ] --START--
INFO: Run Behavior\ContentReplaceBehavior [ RunTime:0.000079s ]
INFO: [ template_filter ] --END-- [ RunTime:0.000199s ]
INFO: Run Behavior\ParseTemplateBehavior [ RunTime:0.010006s ]
INFO: [ view_parse ] --END-- [ RunTime:0.010147s ]
INFO: [ view_filter ] --START--
INFO: Run Behavior\WriteHtmlCacheBehavior [ RunTime:0.000478s ]
INFO: [ view_filter ] --END-- [ RunTime:0.000589s ]
INFO: [ app_end ] --START--
INFO: Run Behavior\ShowPageTraceBehavior [ RunTime:0.000923s ]
INFO: [ app_end ] --END-- [ RunTime:0.001086s ]

[ 2016-11-04T15:36:41+08:00 ] 127.0.0.1 /index.php/home/media/addPicture
INFO: [ app_init ] --START--
INFO: Run Behavior\BuildLiteBehavior [ RunTime:0.000031s ]
INFO: [ app_init ] --END-- [ RunTime:0.001569s ]
INFO: [ app_begin ] --START--
INFO: Run Behavior\ReadHtmlCacheBehavior [ RunTime:0.000647s ]
INFO: [ app_begin ] --END-- [ RunTime:0.000771s ]
NOTIC: [8] Undefined index: picture E:\wamp\www\wechat1025\Application\Home\Controller\MediaController.class.php Á¨¨ 85 Ë°å.
INFO: [ view_parse ] --START--
INFO: [ template_filter ] --START--
INFO: Run Behavior\ContentReplaceBehavior [ RunTime:0.000105s ]
INFO: [ template_filter ] --END-- [ RunTime:0.000240s ]
INFO: Run Behavior\ParseTemplateBehavior [ RunTime:0.009576s ]
INFO: [ view_parse ] --END-- [ RunTime:0.009698s ]
INFO: [ view_filter ] --START--
INFO: Run Behavior\WriteHtmlCacheBehavior [ RunTime:0.000531s ]
INFO: [ view_filter ] --END-- [ RunTime:0.000672s ]
INFO: [ app_end ] --START--
INFO: Run Behavior\ShowPageTraceBehavior [ RunTime:0.001922s ]
INFO: [ app_end ] --END-- [ RunTime:0.002159s ]

[ 2016-11-04T15:37:05+08:00 ] 127.0.0.1 /index.php/home/media/addPicture
INFO: [ app_init ] --START--
INFO: Run Behavior\BuildLiteBehavior [ RunTime:0.000026s ]
INFO: [ app_init ] --END-- [ RunTime:0.000656s ]
INFO: [ app_begin ] --START--
INFO: Run Behavior\ReadHtmlCacheBehavior [ RunTime:0.000650s ]
INFO: [ app_begin ] --END-- [ RunTime:0.000775s ]
NOTIC: [8] Undefined property: stdClass::$access_token E:\wamp\www\wechat1025\Application\Common\Library\Wechat.class.php Á¨¨ 232 Ë°å.
NOTIC: [8192] curl_setopt(): The usage of the @filename API for file uploading is deprecated. Please use the CURLFile class instead E:\wamp\www\wechat1025\Application\Common\Library\Wechat.class.php Á¨¨ 247 Ë°å.
NOTIC: [8] Array to string conversion E:\wamp\www\wechat1025\Application\Common\Library\Wechat.class.php Á¨¨ 247 Ë°å.
NOTIC: [2] curl_errno() expects exactly 1 parameter, 0 given E:\wamp\www\wechat1025\Application\Common\Library\Wechat.class.php Á¨¨ 250 Ë°å.
SQL: SHOW COLUMNS FROM `images` [ RunTime:0.0052s ]
SQL: INSERT INTO `images` (`mediaId`,`picUrl`,`filepath`) VALUES (NULL,NULL,'c.png') [ RunTime:0.0902s ]
SQL: SELECT * FROM `images`  [ RunTime:0.0004s ]
INFO: [ view_parse ] --START--
INFO: [ template_filter ] --START--
INFO: Run Behavior\ContentReplaceBehavior [ RunTime:0.000081s ]
INFO: [ template_filter ] --END-- [ RunTime:0.000204s ]
INFO: Run Behavior\ParseTemplateBehavior [ RunTime:0.010275s ]
INFO: [ view_parse ] --END-- [ RunTime:0.010408s ]
INFO: [ view_filter ] --START--
INFO: Run Behavior\WriteHtmlCacheBehavior [ RunTime:0.000470s ]
INFO: [ view_filter ] --END-- [ RunTime:0.000582s ]
INFO: [ app_end ] --START--
INFO: Run Behavior\ShowPageTraceBehavior [ RunTime:0.000930s ]
INFO: [ app_end ] --END-- [ RunTime:0.001093s ]

[ 2016-11-04T15:37:55+08:00 ] 127.0.0.1 /index.php/home/media/addPicture
INFO: [ app_init ] --START--
INFO: Run Behavior\BuildLiteBehavior [ RunTime:0.000029s ]
INFO: [ app_init ] --END-- [ RunTime:0.000723s ]
INFO: [ app_begin ] --START--
INFO: Run Behavior\ReadHtmlCacheBehavior [ RunTime:0.000986s ]
INFO: [ app_begin ] --END-- [ RunTime:0.001187s ]
NOTIC: [8] Undefined index: picture E:\wamp\www\wechat1025\Application\Home\Controller\MediaController.class.php Á¨¨ 85 Ë°å.
INFO: [ view_parse ] --START--
INFO: [ template_filter ] --START--
INFO: Run Behavior\ContentReplaceBehavior [ RunTime:0.000080s ]
INFO: [ template_filter ] --END-- [ RunTime:0.000204s ]
INFO: Run Behavior\ParseTemplateBehavior [ RunTime:0.008991s ]
INFO: [ view_parse ] --END-- [ RunTime:0.009123s ]
INFO: [ view_filter ] --START--
INFO: Run Behavior\WriteHtmlCacheBehavior [ RunTime:0.000557s ]
INFO: [ view_filter ] --END-- [ RunTime:0.000675s ]
INFO: [ app_end ] --START--
INFO: Run Behavior\ShowPageTraceBehavior [ RunTime:0.000849s ]
INFO: [ app_end ] --END-- [ RunTime:0.001049s ]

[ 2016-11-04T15:38:02+08:00 ] 127.0.0.1 /index.php/home/media/addPicture
INFO: [ app_init ] --START--
INFO: Run Behavior\BuildLiteBehavior [ RunTime:0.000032s ]
INFO: [ app_init ] --END-- [ RunTime:0.000708s ]
INFO: [ app_begin ] --START--
INFO: Run Behavior\ReadHtmlCacheBehavior [ RunTime:0.000653s ]
INFO: [ app_begin ] --END-- [ RunTime:0.000872s ]
NOTIC: [8] Undefined property: stdClass::$access_token E:\wamp\www\wechat1025\Application\Common\Library\Wechat.class.php Á¨¨ 232 Ë°å.
NOTIC: [8192] curl_setopt(): The usage of the @filename API for file uploading is deprecated. Please use the CURLFile class instead E:\wamp\www\wechat1025\Application\Common\Library\Wechat.class.php Á¨¨ 247 Ë°å.
NOTIC: [8] Array to string conversion E:\wamp\www\wechat1025\Application\Common\Library\Wechat.class.php Á¨¨ 247 Ë°å.
NOTIC: [2] curl_errno() expects exactly 1 parameter, 0 given E:\wamp\www\wechat1025\Application\Common\Library\Wechat.class.php Á¨¨ 250 Ë°å.
SQL: SHOW COLUMNS FROM `images` [ RunTime:0.0042s ]
ERR: 1048:Le champ 'mediaId' ne peut √™tre vide (null)
 [ SQLËØ≠Âè• ] : INSERT INTO `images` (`mediaId`,`picUrl`,`filepath`) VALUES (NULL,NULL,'c.png')
ERR: 1048:Le champ 'mediaId' ne peut √™tre vide (null)
 [ SQLËØ≠Âè• ] : INSERT INTO `images` (`mediaId`,`picUrl`,`filepath`) VALUES (NULL,NULL,'c.png')

[ 2016-11-04T15:39:22+08:00 ] 127.0.0.1 /index.php/home/media/addPicture
INFO: [ app_init ] --START--
INFO: Run Behavior\BuildLiteBehavior [ RunTime:0.000026s ]
INFO: [ app_init ] --END-- [ RunTime:0.000684s ]
INFO: [ app_begin ] --START--
INFO: Run Behavior\ReadHtmlCacheBehavior [ RunTime:0.001023s ]
INFO: [ app_begin ] --END-- [ RunTime:0.001172s ]
NOTIC: [8] Undefined property: stdClass::$access_token E:\wamp\www\wechat1025\Application\Common\Library\Wechat.class.php Á¨¨ 232 Ë°å.
NOTIC: [8192] curl_setopt(): The usage of the @filename API for file uploading is deprecated. Please use the CURLFile class instead E:\wamp\www\wechat1025\Application\Common\Library\Wechat.class.php Á¨¨ 247 Ë°å.
NOTIC: [8] Array to string conversion E:\wamp\www\wechat1025\Application\Common\Library\Wechat.class.php Á¨¨ 247 Ë°å.
NOTIC: [2] curl_errno() expects exactly 1 parameter, 0 given E:\wamp\www\wechat1025\Application\Common\Library\Wechat.class.php Á¨¨ 250 Ë°å.
SQL: SHOW COLUMNS FROM `images` [ RunTime:0.0044s ]
ERR: 1048:Le champ 'mediaId' ne peut √™tre vide (null)
 [ SQLËØ≠Âè• ] : INSERT INTO `images` (`mediaId`,`picUrl`,`filepath`) VALUES (NULL,NULL,'c.png')
ERR: 1048:Le champ 'mediaId' ne peut √™tre vide (null)
 [ SQLËØ≠Âè• ] : INSERT INTO `images` (`mediaId`,`picUrl`,`filepath`) VALUES (NULL,NULL,'c.png')

[ 2016-11-04T15:42:21+08:00 ] 127.0.0.1 /index.php/home/media/addPicture
INFO: [ app_init ] --START--
INFO: Run Behavior\BuildLiteBehavior [ RunTime:0.000028s ]
INFO: [ app_init ] --END-- [ RunTime:0.000740s ]
INFO: [ app_begin ] --START--
INFO: Run Behavior\ReadHtmlCacheBehavior [ RunTime:0.000777s ]
INFO: [ app_begin ] --END-- [ RunTime:0.000906s ]
NOTIC: [8] Undefined property: stdClass::$access_token E:\wamp\www\wechat1025\Application\Common\Library\Wechat.class.php Á¨¨ 232 Ë°å.
NOTIC: [8192] curl_setopt(): The usage of the @filename API for file uploading is deprecated. Please use the CURLFile class instead E:\wamp\www\wechat1025\Application\Common\Library\Wechat.class.php Á¨¨ 247 Ë°å.
NOTIC: [8] Array to string conversion E:\wamp\www\wechat1025\Application\Common\Library\Wechat.class.php Á¨¨ 247 Ë°å.
NOTIC: [2] curl_errno() expects exactly 1 parameter, 0 given E:\wamp\www\wechat1025\Application\Common\Library\Wechat.class.php Á¨¨ 250 Ë°å.
SQL: SHOW COLUMNS FROM `images` [ RunTime:0.0045s ]
SQL: INSERT INTO `images` (`mediaId`,`picUrl`,`filepath`) VALUES (NULL,NULL,'c.png') [ RunTime:0.0643s ]
SQL: SELECT * FROM `images`  [ RunTime:0.0005s ]
INFO: [ view_parse ] --START--
INFO: [ template_filter ] --START--
INFO: Run Behavior\ContentReplaceBehavior [ RunTime:0.000084s ]
INFO: [ template_filter ] --END-- [ RunTime:0.000211s ]
INFO: Run Behavior\ParseTemplateBehavior [ RunTime:0.011887s ]
INFO: [ view_parse ] --END-- [ RunTime:0.012081s ]
INFO: [ view_filter ] --START--
INFO: Run Behavior\WriteHtmlCacheBehavior [ RunTime:0.000585s ]
INFO: [ view_filter ] --END-- [ RunTime:0.000699s ]
INFO: [ app_end ] --START--
INFO: Run Behavior\ShowPageTraceBehavior [ RunTime:0.000892s ]
INFO: [ app_end ] --END-- [ RunTime:0.001052s ]

[ 2016-11-04T15:42:34+08:00 ] 127.0.0.1 /index.php/home/media/addPicture
INFO: [ app_init ] --START--
INFO: Run Behavior\BuildLiteBehavior [ RunTime:0.000028s ]
INFO: [ app_init ] --END-- [ RunTime:0.000708s ]
INFO: [ app_begin ] --START--
INFO: Run Behavior\ReadHtmlCacheBehavior [ RunTime:0.001481s ]
INFO: [ app_begin ] --END-- [ RunTime:0.001780s ]
NOTIC: [8] Undefined index: picture E:\wamp\www\wechat1025\Application\Home\Controller\MediaController.class.php Á¨¨ 85 Ë°å.
INFO: [ view_parse ] --START--
INFO: [ template_filter ] --START--
INFO: Run Behavior\ContentReplaceBehavior [ RunTime:0.000078s ]
INFO: [ template_filter ] --END-- [ RunTime:0.000202s ]
INFO: Run Behavior\ParseTemplateBehavior [ RunTime:0.008434s ]
INFO: [ view_parse ] --END-- [ RunTime:0.008562s ]
INFO: [ view_filter ] --START--
INFO: Run Behavior\WriteHtmlCacheBehavior [ RunTime:0.000481s ]
INFO: [ view_filter ] --END-- [ RunTime:0.000594s ]
INFO: [ app_end ] --START--
INFO: Run Behavior\ShowPageTraceBehavior [ RunTime:0.000725s ]
INFO: [ app_end ] --END-- [ RunTime:0.000885s ]

[ 2016-11-04T15:42:42+08:00 ] 127.0.0.1 /index.php/home/media/addPicture
INFO: [ app_init ] --START--
INFO: Run Behavior\BuildLiteBehavior [ RunTime:0.000027s ]
INFO: [ app_init ] --END-- [ RunTime:0.000649s ]
INFO: [ app_begin ] --START--
INFO: Run Behavior\ReadHtmlCacheBehavior [ RunTime:0.000667s ]
INFO: [ app_begin ] --END-- [ RunTime:0.000789s ]
NOTIC: [8] Undefined property: stdClass::$access_token E:\wamp\www\wechat1025\Application\Common\Library\Wechat.class.php Á¨¨ 232 Ë°å.
NOTIC: [8192] curl_setopt(): The usage of the @filename API for file uploading is deprecated. Please use the CURLFile class instead E:\wamp\www\wechat1025\Application\Common\Library\Wechat.class.php Á¨¨ 247 Ë°å.
NOTIC: [8] Array to string conversion E:\wamp\www\wechat1025\Application\Common\Library\Wechat.class.php Á¨¨ 247 Ë°å.
NOTIC: [2] curl_errno() expects exactly 1 parameter, 0 given E:\wamp\www\wechat1025\Application\Common\Library\Wechat.class.php Á¨¨ 250 Ë°å.
SQL: SHOW COLUMNS FROM `images` [ RunTime:0.0157s ]
SQL: INSERT INTO `images` (`mediaId`,`picUrl`,`filepath`) VALUES (NULL,NULL,'ff.jpg') [ RunTime:0.0500s ]
SQL: SELECT * FROM `images`  [ RunTime:0.0005s ]
INFO: [ view_parse ] --START--
INFO: [ template_filter ] --START--
INFO: Run Behavior\ContentReplaceBehavior [ RunTime:0.000096s ]
INFO: [ template_filter ] --END-- [ RunTime:0.000246s ]
INFO: Run Behavior\ParseTemplateBehavior [ RunTime:0.012218s ]
INFO: [ view_parse ] --END-- [ RunTime:0.012378s ]
INFO: [ view_filter ] --START--
INFO: Run Behavior\WriteHtmlCacheBehavior [ RunTime:0.000530s ]
INFO: [ view_filter ] --END-- [ RunTime:0.000676s ]
INFO: [ app_end ] --START--
INFO: Run Behavior\ShowPageTraceBehavior [ RunTime:0.000921s ]
INFO: [ app_end ] --END-- [ RunTime:0.001121s ]

[ 2016-11-04T15:42:47+08:00 ] 127.0.0.1 /index.php/home/media/addPicture
INFO: [ app_init ] --START--
INFO: Run Behavior\BuildLiteBehavior [ RunTime:0.000032s ]
INFO: [ app_init ] --END-- [ RunTime:0.000744s ]
INFO: [ app_begin ] --START--
INFO: Run Behavior\ReadHtmlCacheBehavior [ RunTime:0.000640s ]
INFO: [ app_begin ] --END-- [ RunTime:0.000764s ]
NOTIC: [8] Undefined index: picture E:\wamp\www\wechat1025\Application\Home\Controller\MediaController.class.php Á¨¨ 85 Ë°å.
INFO: [ view_parse ] --START--
INFO: [ template_filter ] --START--
INFO: Run Behavior\ContentReplaceBehavior [ RunTime:0.000106s ]
INFO: [ template_filter ] --END-- [ RunTime:0.000234s ]
INFO: Run Behavior\ParseTemplateBehavior [ RunTime:0.010408s ]
INFO: [ view_parse ] --END-- [ RunTime:0.010542s ]
INFO: [ view_filter ] --START--
INFO: Run Behavior\WriteHtmlCacheBehavior [ RunTime:0.000513s ]
INFO: [ view_filter ] --END-- [ RunTime:0.000627s ]
INFO: [ app_end ] --START--
INFO: Run Behavior\ShowPageTraceBehavior [ RunTime:0.000967s ]
INFO: [ app_end ] --END-- [ RunTime:0.001165s ]

[ 2016-11-04T15:43:09+08:00 ] 127.0.0.1 /index.php/home/media/addPicture
INFO: [ app_init ] --START--
INFO: Run Behavior\BuildLiteBehavior [ RunTime:0.000045s ]
INFO: [ app_init ] --END-- [ RunTime:0.000886s ]
INFO: [ app_begin ] --START--
INFO: Run Behavior\ReadHtmlCacheBehavior [ RunTime:0.000814s ]
INFO: [ app_begin ] --END-- [ RunTime:0.001009s ]
NOTIC: [8] Undefined property: stdClass::$access_token E:\wamp\www\wechat1025\Application\Common\Library\Wechat.class.php Á¨¨ 232 Ë°å.
NOTIC: [8192] curl_setopt(): The usage of the @filename API for file uploading is deprecated. Please use the CURLFile class instead E:\wamp\www\wechat1025\Application\Common\Library\Wechat.class.php Á¨¨ 247 Ë°å.
NOTIC: [8] Array to string conversion E:\wamp\www\wechat1025\Application\Common\Library\Wechat.class.php Á¨¨ 247 Ë°å.
NOTIC: [2] curl_errno() expects exactly 1 parameter, 0 given E:\wamp\www\wechat1025\Application\Common\Library\Wechat.class.php Á¨¨ 250 Ë°å.
SQL: SHOW COLUMNS FROM `images` [ RunTime:0.0044s ]
SQL: INSERT INTO `images` (`mediaId`,`picUrl`,`filepath`) VALUES (NULL,NULL,'IMG_1065.JPG') [ RunTime:0.0569s ]
SQL: SELECT * FROM `images`  [ RunTime:0.0005s ]
INFO: [ view_parse ] --START--
INFO: [ template_filter ] --START--
INFO: Run Behavior\ContentReplaceBehavior [ RunTime:0.000086s ]
INFO: [ template_filter ] --END-- [ RunTime:0.000216s ]
INFO: Run Behavior\ParseTemplateBehavior [ RunTime:0.010885s ]
INFO: [ view_parse ] --END-- [ RunTime:0.011048s ]
INFO: [ view_filter ] --START--
INFO: Run Behavior\WriteHtmlCacheBehavior [ RunTime:0.000555s ]
INFO: [ view_filter ] --END-- [ RunTime:0.000678s ]
INFO: [ app_end ] --START--
INFO: Run Behavior\ShowPageTraceBehavior [ RunTime:0.001109s ]
INFO: [ app_end ] --END-- [ RunTime:0.001342s ]

[ 2016-11-04T15:48:32+08:00 ] 127.0.0.1 /index.php/home/media/addPictureText
INFO: [ app_init ] --START--
INFO: Run Behavior\BuildLiteBehavior [ RunTime:0.000028s ]
INFO: [ app_init ] --END-- [ RunTime:0.000719s ]
INFO: [ app_begin ] --START--
INFO: Run Behavior\ReadHtmlCacheBehavior [ RunTime:0.001240s ]
INFO: [ app_begin ] --END-- [ RunTime:0.001447s ]
INFO: [ view_parse ] --START--
INFO: [ template_filter ] --START--
INFO: Run Behavior\ContentReplaceBehavior [ RunTime:0.000089s ]
INFO: [ template_filter ] --END-- [ RunTime:0.000216s ]
INFO: Run Behavior\ParseTemplateBehavior [ RunTime:0.049577s ]
INFO: [ view_parse ] --END-- [ RunTime:0.049709s ]
INFO: [ view_filter ] --START--
INFO: Run Behavior\WriteHtmlCacheBehavior [ RunTime:0.000577s ]
INFO: [ view_filter ] --END-- [ RunTime:0.000692s ]
INFO: [ app_end ] --START--
INFO: Run Behavior\ShowPageTraceBehavior [ RunTime:0.000910s ]
INFO: [ app_end ] --END-- [ RunTime:0.001105s ]

[ 2016-11-04T15:48:38+08:00 ] 127.0.0.1 /index.php/home/media/managePictureText
INFO: [ app_init ] --START--
INFO: Run Behavior\BuildLiteBehavior [ RunTime:0.000026s ]
INFO: [ app_init ] --END-- [ RunTime:0.000638s ]
INFO: [ app_begin ] --START--
INFO: Run Behavior\ReadHtmlCacheBehavior [ RunTime:0.000632s ]
INFO: [ app_begin ] --END-- [ RunTime:0.000754s ]
SQL: SHOW COLUMNS FROM `news` [ RunTime:0.0049s ]
SQL: SELECT * FROM `news`  [ RunTime:0.0004s ]
INFO: [ view_parse ] --START--
INFO: [ template_filter ] --START--
INFO: Run Behavior\ContentReplaceBehavior [ RunTime:0.000083s ]
INFO: [ template_filter ] --END-- [ RunTime:0.000212s ]
INFO: Run Behavior\ParseTemplateBehavior [ RunTime:0.110161s ]
INFO: [ view_parse ] --END-- [ RunTime:0.110309s ]
INFO: [ view_filter ] --START--
INFO: Run Behavior\WriteHtmlCacheBehavior [ RunTime:0.000477s ]
INFO: [ view_filter ] --END-- [ RunTime:0.000591s ]
INFO: [ app_end ] --START--
INFO: Run Behavior\ShowPageTraceBehavior [ RunTime:0.000947s ]
INFO: [ app_end ] --END-- [ RunTime:0.001154s ]

[ 2016-11-04T15:48:52+08:00 ] 127.0.0.1 /index.php/home/media/managePictureText
INFO: [ app_init ] --START--
INFO: Run Behavior\BuildLiteBehavior [ RunTime:0.000028s ]
INFO: [ app_init ] --END-- [ RunTime:0.000723s ]
INFO: [ app_begin ] --START--
INFO: Run Behavior\ReadHtmlCacheBehavior [ RunTime:0.000633s ]
INFO: [ app_begin ] --END-- [ RunTime:0.000755s ]
SQL: SHOW COLUMNS FROM `news` [ RunTime:0.0376s ]
SQL: SELECT * FROM `news`  [ RunTime:0.0004s ]
INFO: [ view_parse ] --START--
INFO: [ template_filter ] --START--
INFO: Run Behavior\ContentReplaceBehavior [ RunTime:0.000085s ]
INFO: [ template_filter ] --END-- [ RunTime:0.000214s ]
INFO: Run Behavior\ParseTemplateBehavior [ RunTime:0.010680s ]
INFO: [ view_parse ] --END-- [ RunTime:0.010830s ]
INFO: [ view_filter ] --START--
INFO: Run Behavior\WriteHtmlCacheBehavior [ RunTime:0.000514s ]
INFO: [ view_filter ] --END-- [ RunTime:0.000628s ]
INFO: [ app_end ] --START--
INFO: Run Behavior\ShowPageTraceBehavior [ RunTime:0.000944s ]
INFO: [ app_end ] --END-- [ RunTime:0.001162s ]

[ 2016-11-04T15:48:53+08:00 ] 127.0.0.1 /index.php/home/media/addPictureText
INFO: [ app_init ] --START--
INFO: Run Behavior\BuildLiteBehavior [ RunTime:0.000027s ]
INFO: [ app_init ] --END-- [ RunTime:0.000696s ]
INFO: [ app_begin ] --START--
INFO: Run Behavior\ReadHtmlCacheBehavior [ RunTime:0.000641s ]
INFO: [ app_begin ] --END-- [ RunTime:0.000784s ]
INFO: [ view_parse ] --START--
INFO: [ template_filter ] --START--
INFO: Run Behavior\ContentReplaceBehavior [ RunTime:0.000100s ]
INFO: [ template_filter ] --END-- [ RunTime:0.000267s ]
INFO: Run Behavior\ParseTemplateBehavior [ RunTime:0.010092s ]
INFO: [ view_parse ] --END-- [ RunTime:0.010227s ]
INFO: [ view_filter ] --START--
INFO: Run Behavior\WriteHtmlCacheBehavior [ RunTime:0.000480s ]
INFO: [ view_filter ] --END-- [ RunTime:0.000593s ]
INFO: [ app_end ] --START--
INFO: Run Behavior\ShowPageTraceBehavior [ RunTime:0.000820s ]
INFO: [ app_end ] --END-- [ RunTime:0.000982s ]

[ 2016-11-04T15:51:25+08:00 ] 127.0.0.1 /index.php/home/media/managePictureText
INFO: [ app_init ] --START--
INFO: Run Behavior\BuildLiteBehavior [ RunTime:0.000027s ]
INFO: [ app_init ] --END-- [ RunTime:0.000700s ]
INFO: [ app_begin ] --START--
INFO: Run Behavior\ReadHtmlCacheBehavior [ RunTime:0.001390s ]
INFO: [ app_begin ] --END-- [ RunTime:0.001603s ]
SQL: SHOW COLUMNS FROM `news` [ RunTime:0.0047s ]
SQL: SELECT * FROM `news`  [ RunTime:0.0005s ]
INFO: [ view_parse ] --START--
INFO: [ template_filter ] --START--
INFO: Run Behavior\ContentReplaceBehavior [ RunTime:0.000085s ]
INFO: [ template_filter ] --END-- [ RunTime:0.000210s ]
INFO: Run Behavior\ParseTemplateBehavior [ RunTime:0.012029s ]
INFO: [ view_parse ] --END-- [ RunTime:0.012227s ]
INFO: [ view_filter ] --START--
INFO: Run Behavior\WriteHtmlCacheBehavior [ RunTime:0.000775s ]
INFO: [ view_filter ] --END-- [ RunTime:0.000939s ]
INFO: [ app_end ] --START--
INFO: Run Behavior\ShowPageTraceBehavior [ RunTime:0.000958s ]
INFO: [ app_end ] --END-- [ RunTime:0.001155s ]

[ 2016-11-04T15:55:00+08:00 ] 127.0.0.1 /index.php/home/media/addPictureText
INFO: [ app_init ] --START--
INFO: Run Behavior\BuildLiteBehavior [ RunTime:0.000026s ]
INFO: [ app_init ] --END-- [ RunTime:0.000667s ]
INFO: [ app_begin ] --START--
INFO: Run Behavior\ReadHtmlCacheBehavior [ RunTime:0.001026s ]
INFO: [ app_begin ] --END-- [ RunTime:0.001231s ]
INFO: [ view_parse ] --START--
INFO: [ template_filter ] --START--
INFO: Run Behavior\ContentReplaceBehavior [ RunTime:0.000086s ]
INFO: [ template_filter ] --END-- [ RunTime:0.000216s ]
INFO: Run Behavior\ParseTemplateBehavior [ RunTime:0.009059s ]
INFO: [ view_parse ] --END-- [ RunTime:0.009199s ]
INFO: [ view_filter ] --START--
INFO: Run Behavior\WriteHtmlCacheBehavior [ RunTime:0.000557s ]
INFO: [ view_filter ] --END-- [ RunTime:0.000722s ]
INFO: [ app_end ] --START--
INFO: Run Behavior\ShowPageTraceBehavior [ RunTime:0.001293s ]
INFO: [ app_end ] --END-- [ RunTime:0.001541s ]

[ 2016-11-04T15:55:00+08:00 ] 127.0.0.1 /index.php/home/media/addPictureText
INFO: [ app_init ] --START--
INFO: Run Behavior\BuildLiteBehavior [ RunTime:0.000027s ]
INFO: [ app_init ] --END-- [ RunTime:0.000653s ]
INFO: [ app_begin ] --START--
INFO: Run Behavior\ReadHtmlCacheBehavior [ RunTime:0.000684s ]
INFO: [ app_begin ] --END-- [ RunTime:0.000816s ]
INFO: [ view_parse ] --START--
INFO: [ template_filter ] --START--
INFO: Run Behavior\ContentReplaceBehavior [ RunTime:0.000085s ]
INFO: [ template_filter ] --END-- [ RunTime:0.000216s ]
INFO: Run Behavior\ParseTemplateBehavior [ RunTime:0.010479s ]
INFO: [ view_parse ] --END-- [ RunTime:0.010614s ]
INFO: [ view_filter ] --START--
INFO: Run Behavior\WriteHtmlCacheBehavior [ RunTime:0.000479s ]
INFO: [ view_filter ] --END-- [ RunTime:0.000592s ]
INFO: [ app_end ] --START--
INFO: Run Behavior\ShowPageTraceBehavior [ RunTime:0.000765s ]
INFO: [ app_end ] --END-- [ RunTime:0.000907s ]

[ 2016-11-04T15:57:15+08:00 ] 127.0.0.1 /index.php/home/media/managePicture
INFO: [ app_init ] --START--
INFO: Run Behavior\BuildLiteBehavior [ RunTime:0.000029s ]
INFO: [ app_init ] --END-- [ RunTime:0.000716s ]
INFO: [ app_begin ] --START--
INFO: Run Behavior\ReadHtmlCacheBehavior [ RunTime:0.000992s ]
INFO: [ app_begin ] --END-- [ RunTime:0.001279s ]
SQL: SHOW COLUMNS FROM `images` [ RunTime:0.0059s ]
SQL: SELECT * FROM `images`  [ RunTime:0.0005s ]
INFO: [ view_parse ] --START--
INFO: [ template_filter ] --START--
INFO: Run Behavior\ContentReplaceBehavior [ RunTime:0.000104s ]
INFO: [ template_filter ] --END-- [ RunTime:0.000246s ]
INFO: Run Behavior\ParseTemplateBehavior [ RunTime:0.011070s ]
INFO: [ view_parse ] --END-- [ RunTime:0.011226s ]
INFO: [ view_filter ] --START--
INFO: Run Behavior\WriteHtmlCacheBehavior [ RunTime:0.000612s ]
INFO: [ view_filter ] --END-- [ RunTime:0.000742s ]
INFO: [ app_end ] --START--
INFO: Run Behavior\ShowPageTraceBehavior [ RunTime:0.001195s ]
INFO: [ app_end ] --END-- [ RunTime:0.001442s ]

[ 2016-11-04T15:57:21+08:00 ] 127.0.0.1 /index.php/home/media/managePictureText
INFO: [ app_init ] --START--
INFO: Run Behavior\BuildLiteBehavior [ RunTime:0.000027s ]
INFO: [ app_init ] --END-- [ RunTime:0.000634s ]
INFO: [ app_begin ] --START--
INFO: Run Behavior\ReadHtmlCacheBehavior [ RunTime:0.000754s ]
INFO: [ app_begin ] --END-- [ RunTime:0.000899s ]
SQL: SHOW COLUMNS FROM `news` [ RunTime:0.0058s ]
SQL: SELECT * FROM `news`  [ RunTime:0.0004s ]
INFO: [ view_parse ] --START--
INFO: [ template_filter ] --START--
INFO: Run Behavior\ContentReplaceBehavior [ RunTime:0.000079s ]
INFO: [ template_filter ] --END-- [ RunTime:0.000201s ]
INFO: Run Behavior\ParseTemplateBehavior [ RunTime:0.010841s ]
INFO: [ view_parse ] --END-- [ RunTime:0.011002s ]
INFO: [ view_filter ] --START--
INFO: Run Behavior\WriteHtmlCacheBehavior [ RunTime:0.000531s ]
INFO: [ view_filter ] --END-- [ RunTime:0.000645s ]
INFO: [ app_end ] --START--
INFO: Run Behavior\ShowPageTraceBehavior [ RunTime:0.000887s ]
INFO: [ app_end ] --END-- [ RunTime:0.001039s ]

[ 2016-11-04T15:58:17+08:00 ] 127.0.0.1 /index.php/home/media/managePictureText
INFO: [ app_init ] --START--
INFO: Run Behavior\BuildLiteBehavior [ RunTime:0.000028s ]
INFO: [ app_init ] --END-- [ RunTime:0.000649s ]
INFO: [ app_begin ] --START--
INFO: Run Behavior\ReadHtmlCacheBehavior [ RunTime:0.000633s ]
INFO: [ app_begin ] --END-- [ RunTime:0.000757s ]
SQL: SHOW COLUMNS FROM `news` [ RunTime:0.0046s ]
SQL: SELECT * FROM `news`  [ RunTime:0.0005s ]
INFO: [ view_parse ] --START--
INFO: [ template_filter ] --START--
INFO: Run Behavior\ContentReplaceBehavior [ RunTime:0.000085s ]
INFO: [ template_filter ] --END-- [ RunTime:0.000215s ]
INFO: Run Behavior\ParseTemplateBehavior [ RunTime:0.010630s ]
INFO: [ view_parse ] --END-- [ RunTime:0.010774s ]
INFO: [ view_filter ] --START--
INFO: Run Behavior\WriteHtmlCacheBehavior [ RunTime:0.000507s ]
INFO: [ view_filter ] --END-- [ RunTime:0.000620s ]
INFO: [ app_end ] --START--
INFO: Run Behavior\ShowPageTraceBehavior [ RunTime:0.000816s ]
INFO: [ app_end ] --END-- [ RunTime:0.000975s ]

[ 2016-11-04T15:58:22+08:00 ] 127.0.0.1 /index.php/home/media/addPictureText
INFO: [ app_init ] --START--
INFO: Run Behavior\BuildLiteBehavior [ RunTime:0.000028s ]
INFO: [ app_init ] --END-- [ RunTime:0.000705s ]
INFO: [ app_begin ] --START--
INFO: Run Behavior\ReadHtmlCacheBehavior [ RunTime:0.000640s ]
INFO: [ app_begin ] --END-- [ RunTime:0.000765s ]
INFO: [ view_parse ] --START--
INFO: [ template_filter ] --START--
INFO: Run Behavior\ContentReplaceBehavior [ RunTime:0.000082s ]
INFO: [ template_filter ] --END-- [ RunTime:0.000231s ]
INFO: Run Behavior\ParseTemplateBehavior [ RunTime:0.010635s ]
INFO: [ view_parse ] --END-- [ RunTime:0.010760s ]
INFO: [ view_filter ] --START--
INFO: Run Behavior\WriteHtmlCacheBehavior [ RunTime:0.000477s ]
INFO: [ view_filter ] --END-- [ RunTime:0.000604s ]
INFO: [ app_end ] --START--
INFO: Run Behavior\ShowPageTraceBehavior [ RunTime:0.000844s ]
INFO: [ app_end ] --END-- [ RunTime:0.001009s ]

[ 2016-11-04T15:58:26+08:00 ] 127.0.0.1 /index.php/home/media/managePictureText
INFO: [ app_init ] --START--
INFO: Run Behavior\BuildLiteBehavior [ RunTime:0.000027s ]
INFO: [ app_init ] --END-- [ RunTime:0.000644s ]
INFO: [ app_begin ] --START--
INFO: Run Behavior\ReadHtmlCacheBehavior [ RunTime:0.003658s ]
INFO: [ app_begin ] --END-- [ RunTime:0.004126s ]
SQL: SHOW COLUMNS FROM `news` [ RunTime:0.0097s ]
SQL: SELECT * FROM `news`  [ RunTime:0.0006s ]
INFO: [ view_parse ] --START--
INFO: [ template_filter ] --START--
INFO: Run Behavior\ContentReplaceBehavior [ RunTime:0.000086s ]
INFO: [ template_filter ] --END-- [ RunTime:0.000220s ]
INFO: Run Behavior\ParseTemplateBehavior [ RunTime:0.018571s ]
INFO: [ view_parse ] --END-- [ RunTime:0.018825s ]
INFO: [ view_filter ] --START--
INFO: Run Behavior\WriteHtmlCacheBehavior [ RunTime:0.000776s ]
INFO: [ view_filter ] --END-- [ RunTime:0.001162s ]
INFO: [ app_end ] --START--
INFO: Run Behavior\ShowPageTraceBehavior [ RunTime:0.001914s ]
INFO: [ app_end ] --END-- [ RunTime:0.002376s ]

[ 2016-11-04T15:58:51+08:00 ] 127.0.0.1 /index.php/home/media/addPictureText
INFO: [ app_init ] --START--
INFO: Run Behavior\BuildLiteBehavior [ RunTime:0.000028s ]
INFO: [ app_init ] --END-- [ RunTime:0.000659s ]
INFO: [ app_begin ] --START--
INFO: Run Behavior\ReadHtmlCacheBehavior [ RunTime:0.000801s ]
INFO: [ app_begin ] --END-- [ RunTime:0.000967s ]
INFO: [ view_parse ] --START--
INFO: [ template_filter ] --START--
INFO: Run Behavior\ContentReplaceBehavior [ RunTime:0.000081s ]
INFO: [ template_filter ] --END-- [ RunTime:0.000206s ]
INFO: Run Behavior\ParseTemplateBehavior [ RunTime:0.009284s ]
INFO: [ view_parse ] --END-- [ RunTime:0.009445s ]
INFO: [ view_filter ] --START--
INFO: Run Behavior\WriteHtmlCacheBehavior [ RunTime:0.001464s ]
INFO: [ view_filter ] --END-- [ RunTime:0.001595s ]
INFO: [ app_end ] --START--
INFO: Run Behavior\ShowPageTraceBehavior [ RunTime:0.000855s ]
INFO: [ app_end ] --END-- [ RunTime:0.001042s ]

[ 2016-11-04T15:59:53+08:00 ] 127.0.0.1 /index.php/home/media/addPictureText
INFO: [ app_init ] --START--
INFO: Run Behavior\BuildLiteBehavior [ RunTime:0.000030s ]
INFO: [ app_init ] --END-- [ RunTime:0.000710s ]
INFO: [ app_begin ] --START--
INFO: Run Behavior\ReadHtmlCacheBehavior [ RunTime:0.000935s ]
INFO: [ app_begin ] --END-- [ RunTime:0.001163s ]
NOTIC: [8] Undefined property: stdClass::$access_token E:\wamp\www\wechat1025\Application\Common\Library\Wechat.class.php Á¨¨ 232 Ë°å.
NOTIC: [8] Undefined variable: timeout E:\wamp\www\wechat1025\Application\Common\Library\Wechat.class.php Á¨¨ 275 Ë°å.
NOTIC: [2] curl_errno() expects exactly 1 parameter, 0 given E:\wamp\www\wechat1025\Application\Common\Library\Wechat.class.php Á¨¨ 281 Ë°å.
SQL: SHOW COLUMNS FROM `news` [ RunTime:0.0862s ]
NOTIC: [8] Trying to get property of non-object E:\wamp\www\wechat1025\Application\Home\Controller\MediaController.class.php Á¨¨ 152 Ë°å.
SQL: INSERT INTO `news` () VALUES () [ RunTime:0.0481s ]
SQL: SELECT * FROM `news`  [ RunTime:0.0005s ]
INFO: [ view_parse ] --START--
INFO: [ template_filter ] --START--
INFO: Run Behavior\ContentReplaceBehavior [ RunTime:0.000085s ]
INFO: [ template_filter ] --END-- [ RunTime:0.000215s ]
INFO: Run Behavior\ParseTemplateBehavior [ RunTime:0.012025s ]
INFO: [ view_parse ] --END-- [ RunTime:0.012232s ]
INFO: [ view_filter ] --START--
INFO: Run Behavior\WriteHtmlCacheBehavior [ RunTime:0.000888s ]
INFO: [ view_filter ] --END-- [ RunTime:0.001020s ]
INFO: [ app_end ] --START--
INFO: Run Behavior\ShowPageTraceBehavior [ RunTime:0.000925s ]
INFO: [ app_end ] --END-- [ RunTime:0.001111s ]

[ 2016-11-04T16:04:00+08:00 ] 127.0.0.1 /index.php/home/media/addPictureText
INFO: [ app_init ] --START--
INFO: Run Behavior\BuildLiteBehavior [ RunTime:0.000027s ]
INFO: [ app_init ] --END-- [ RunTime:0.000685s ]
INFO: [ app_begin ] --START--
INFO: Run Behavior\ReadHtmlCacheBehavior [ RunTime:0.000731s ]
INFO: [ app_begin ] --END-- [ RunTime:0.000858s ]
NOTIC: [8] Undefined property: stdClass::$access_token E:\wamp\www\wechat1025\Application\Common\Library\Wechat.class.php Á¨¨ 232 Ë°å.
NOTIC: [8] Undefined variable: timeout E:\wamp\www\wechat1025\Application\Common\Library\Wechat.class.php Á¨¨ 275 Ë°å.
NOTIC: [2] curl_errno() expects exactly 1 parameter, 0 given E:\wamp\www\wechat1025\Application\Common\Library\Wechat.class.php Á¨¨ 281 Ë°å.
SQL: SHOW COLUMNS FROM `news` [ RunTime:0.0104s ]
NOTIC: [8] Trying to get property of non-object E:\wamp\www\wechat1025\Application\Home\Controller\MediaController.class.php Á¨¨ 152 Ë°å.
SQL: INSERT INTO `news` () VALUES () [ RunTime:0.1020s ]
SQL: SELECT * FROM `news`  [ RunTime:0.0006s ]
INFO: [ view_parse ] --START--
INFO: [ template_filter ] --START--
INFO: Run Behavior\ContentReplaceBehavior [ RunTime:0.000100s ]
INFO: [ template_filter ] --END-- [ RunTime:0.000259s ]
INFO: Run Behavior\ParseTemplateBehavior [ RunTime:0.012661s ]
INFO: [ view_parse ] --END-- [ RunTime:0.012848s ]
INFO: [ view_filter ] --START--
INFO: Run Behavior\WriteHtmlCacheBehavior [ RunTime:0.000671s ]
INFO: [ view_filter ] --END-- [ RunTime:0.000785s ]
INFO: [ app_end ] --START--
INFO: Run Behavior\ShowPageTraceBehavior [ RunTime:0.000898s ]
INFO: [ app_end ] --END-- [ RunTime:0.001085s ]

[ 2016-11-04T16:06:22+08:00 ] 127.0.0.1 /index.php/home/media/addPictureText
INFO: [ app_init ] --START--
INFO: Run Behavior\BuildLiteBehavior [ RunTime:0.000040s ]
INFO: [ app_init ] --END-- [ RunTime:0.000683s ]
INFO: [ app_begin ] --START--
INFO: Run Behavior\ReadHtmlCacheBehavior [ RunTime:0.001090s ]
INFO: [ app_begin ] --END-- [ RunTime:0.001368s ]
INFO: [ view_parse ] --START--
INFO: [ template_filter ] --START--
INFO: Run Behavior\ContentReplaceBehavior [ RunTime:0.000087s ]
INFO: [ template_filter ] --END-- [ RunTime:0.000217s ]
INFO: Run Behavior\ParseTemplateBehavior [ RunTime:0.010667s ]
INFO: [ view_parse ] --END-- [ RunTime:0.010808s ]
INFO: [ view_filter ] --START--
INFO: Run Behavior\WriteHtmlCacheBehavior [ RunTime:0.000612s ]
INFO: [ view_filter ] --END-- [ RunTime:0.000749s ]
INFO: [ app_end ] --START--
INFO: Run Behavior\ShowPageTraceBehavior [ RunTime:0.001070s ]
INFO: [ app_end ] --END-- [ RunTime:0.001257s ]

[ 2016-11-04T16:09:57+08:00 ] 127.0.0.1 /index.php/home/media/managePicture
INFO: [ app_init ] --START--
INFO: Run Behavior\BuildLiteBehavior [ RunTime:0.000035s ]
INFO: [ app_init ] --END-- [ RunTime:0.001924s ]
INFO: [ app_begin ] --START--
INFO: Run Behavior\ReadHtmlCacheBehavior [ RunTime:0.001035s ]
INFO: [ app_begin ] --END-- [ RunTime:0.001609s ]
SQL: SHOW COLUMNS FROM `images` [ RunTime:0.0075s ]
SQL: SELECT * FROM `images`  [ RunTime:0.0004s ]
INFO: [ view_parse ] --START--
INFO: [ template_filter ] --START--
INFO: Run Behavior\ContentReplaceBehavior [ RunTime:0.000150s ]
INFO: [ template_filter ] --END-- [ RunTime:0.000286s ]
INFO: Run Behavior\ParseTemplateBehavior [ RunTime:0.016140s ]
INFO: [ view_parse ] --END-- [ RunTime:0.016334s ]
INFO: [ view_filter ] --START--
INFO: Run Behavior\WriteHtmlCacheBehavior [ RunTime:0.000736s ]
INFO: [ view_filter ] --END-- [ RunTime:0.000861s ]
INFO: [ app_end ] --START--
INFO: Run Behavior\ShowPageTraceBehavior [ RunTime:0.002333s ]
INFO: [ app_end ] --END-- [ RunTime:0.002552s ]

[ 2016-11-04T16:10:06+08:00 ] 127.0.0.1 /index.php/home/media/managePictureText
INFO: [ app_init ] --START--
INFO: Run Behavior\BuildLiteBehavior [ RunTime:0.000028s ]
INFO: [ app_init ] --END-- [ RunTime:0.000669s ]
INFO: [ app_begin ] --START--
INFO: Run Behavior\ReadHtmlCacheBehavior [ RunTime:0.000638s ]
INFO: [ app_begin ] --END-- [ RunTime:0.000762s ]
SQL: SHOW COLUMNS FROM `news` [ RunTime:0.0043s ]
SQL: SELECT * FROM `news`  [ RunTime:0.0004s ]
INFO: [ view_parse ] --START--
INFO: [ template_filter ] --START--
INFO: Run Behavior\ContentReplaceBehavior [ RunTime:0.000080s ]
INFO: [ template_filter ] --END-- [ RunTime:0.000216s ]
NOTIC: [8] Undefined index: description E:\wamp\www\wechat1025\Application\Runtime\Cache\Home\1834fa937ce76259b4a51fc0459ecfd8.php Á¨¨ 97 Ë°å.
NOTIC: [8] Undefined index: description E:\wamp\www\wechat1025\Application\Runtime\Cache\Home\1834fa937ce76259b4a51fc0459ecfd8.php Á¨¨ 97 Ë°å.
NOTIC: [8] Undefined index: description E:\wamp\www\wechat1025\Application\Runtime\Cache\Home\1834fa937ce76259b4a51fc0459ecfd8.php Á¨¨ 97 Ë°å.
NOTIC: [8] Undefined index: description E:\wamp\www\wechat1025\Application\Runtime\Cache\Home\1834fa937ce76259b4a51fc0459ecfd8.php Á¨¨ 97 Ë°å.
NOTIC: [8] Undefined index: description E:\wamp\www\wechat1025\Application\Runtime\Cache\Home\1834fa937ce76259b4a51fc0459ecfd8.php Á¨¨ 97 Ë°å.
NOTIC: [8] Undefined index: description E:\wamp\www\wechat1025\Application\Runtime\Cache\Home\1834fa937ce76259b4a51fc0459ecfd8.php Á¨¨ 97 Ë°å.
NOTIC: [8] Undefined index: description E:\wamp\www\wechat1025\Application\Runtime\Cache\Home\1834fa937ce76259b4a51fc0459ecfd8.php Á¨¨ 97 Ë°å.
NOTIC: [8] Undefined index: description E:\wamp\www\wechat1025\Application\Runtime\Cache\Home\1834fa937ce76259b4a51fc0459ecfd8.php Á¨¨ 97 Ë°å.
INFO: Run Behavior\ParseTemplateBehavior [ RunTime:0.011444s ]
INFO: [ view_parse ] --END-- [ RunTime:0.011586s ]
INFO: [ view_filter ] --START--
INFO: Run Behavior\WriteHtmlCacheBehavior [ RunTime:0.000505s ]
INFO: [ view_filter ] --END-- [ RunTime:0.000639s ]
INFO: [ app_end ] --START--
INFO: Run Behavior\ShowPageTraceBehavior [ RunTime:0.000807s ]
INFO: [ app_end ] --END-- [ RunTime:0.000982s ]

[ 2016-11-04T16:10:07+08:00 ] 127.0.0.1 /index.php/home/media/addPictureText
INFO: [ app_init ] --START--
INFO: Run Behavior\BuildLiteBehavior [ RunTime:0.000027s ]
INFO: [ app_init ] --END-- [ RunTime:0.000643s ]
INFO: [ app_begin ] --START--
INFO: Run Behavior\ReadHtmlCacheBehavior [ RunTime:0.000872s ]
INFO: [ app_begin ] --END-- [ RunTime:0.001237s ]
INFO: [ view_parse ] --START--
INFO: [ template_filter ] --START--
INFO: Run Behavior\ContentReplaceBehavior [ RunTime:0.000082s ]
INFO: [ template_filter ] --END-- [ RunTime:0.000206s ]
INFO: Run Behavior\ParseTemplateBehavior [ RunTime:0.008809s ]
INFO: [ view_parse ] --END-- [ RunTime:0.008950s ]
INFO: [ view_filter ] --START--
INFO: Run Behavior\WriteHtmlCacheBehavior [ RunTime:0.000484s ]
INFO: [ view_filter ] --END-- [ RunTime:0.000598s ]
INFO: [ app_end ] --START--
INFO: Run Behavior\ShowPageTraceBehavior [ RunTime:0.001035s ]
INFO: [ app_end ] --END-- [ RunTime:0.001273s ]

[ 2016-11-04T16:10:46+08:00 ] 127.0.0.1 /index.php/home/media/addPictureText
INFO: [ app_init ] --START--
INFO: Run Behavior\BuildLiteBehavior [ RunTime:0.000027s ]
INFO: [ app_init ] --END-- [ RunTime:0.000646s ]
INFO: [ app_begin ] --START--
INFO: Run Behavior\ReadHtmlCacheBehavior [ RunTime:0.000648s ]
INFO: [ app_begin ] --END-- [ RunTime:0.000775s ]
INFO: [ view_parse ] --START--
INFO: [ template_filter ] --START--
INFO: Run Behavior\ContentReplaceBehavior [ RunTime:0.000084s ]
INFO: [ template_filter ] --END-- [ RunTime:0.000215s ]
INFO: Run Behavior\ParseTemplateBehavior [ RunTime:0.011333s ]
INFO: [ view_parse ] --END-- [ RunTime:0.011458s ]
INFO: [ view_filter ] --START--
INFO: Run Behavior\WriteHtmlCacheBehavior [ RunTime:0.000500s ]
INFO: [ view_filter ] --END-- [ RunTime:0.000615s ]
INFO: [ app_end ] --START--
INFO: Run Behavior\ShowPageTraceBehavior [ RunTime:0.000821s ]
INFO: [ app_end ] --END-- [ RunTime:0.001002s ]

[ 2016-11-04T16:11:03+08:00 ] 127.0.0.1 /index.php/home/media/addPictureText
INFO: [ app_init ] --START--
INFO: Run Behavior\BuildLiteBehavior [ RunTime:0.000027s ]
INFO: [ app_init ] --END-- [ RunTime:0.000648s ]
INFO: [ app_begin ] --START--
INFO: Run Behavior\ReadHtmlCacheBehavior [ RunTime:0.001281s ]
INFO: [ app_begin ] --END-- [ RunTime:0.001493s ]
INFO: [ view_parse ] --START--
INFO: [ template_filter ] --START--
INFO: Run Behavior\ContentReplaceBehavior [ RunTime:0.000081s ]
INFO: [ template_filter ] --END-- [ RunTime:0.000204s ]
INFO: Run Behavior\ParseTemplateBehavior [ RunTime:0.009847s ]
INFO: [ view_parse ] --END-- [ RunTime:0.010022s ]
INFO: [ view_filter ] --START--
INFO: Run Behavior\WriteHtmlCacheBehavior [ RunTime:0.000573s ]
INFO: [ view_filter ] --END-- [ RunTime:0.000795s ]
INFO: [ app_end ] --START--
INFO: Run Behavior\ShowPageTraceBehavior [ RunTime:0.000930s ]
INFO: [ app_end ] --END-- [ RunTime:0.001127s ]

[ 2016-11-04T16:11:06+08:00 ] 127.0.0.1 /index.php/home/media/managePicture
INFO: [ app_init ] --START--
INFO: Run Behavior\BuildLiteBehavior [ RunTime:0.000027s ]
INFO: [ app_init ] --END-- [ RunTime:0.000654s ]
INFO: [ app_begin ] --START--
INFO: Run Behavior\ReadHtmlCacheBehavior [ RunTime:0.000750s ]
INFO: [ app_begin ] --END-- [ RunTime:0.000893s ]
SQL: SHOW COLUMNS FROM `images` [ RunTime:0.0067s ]
SQL: SELECT * FROM `images`  [ RunTime:0.0005s ]
INFO: [ view_parse ] --START--
INFO: [ template_filter ] --START--
INFO: Run Behavior\ContentReplaceBehavior [ RunTime:0.000085s ]
INFO: [ template_filter ] --END-- [ RunTime:0.000215s ]
INFO: Run Behavior\ParseTemplateBehavior [ RunTime:0.010443s ]
INFO: [ view_parse ] --END-- [ RunTime:0.010612s ]
INFO: [ view_filter ] --START--
INFO: Run Behavior\WriteHtmlCacheBehavior [ RunTime:0.000547s ]
INFO: [ view_filter ] --END-- [ RunTime:0.000667s ]
INFO: [ app_end ] --START--
INFO: Run Behavior\ShowPageTraceBehavior [ RunTime:0.000967s ]
INFO: [ app_end ] --END-- [ RunTime:0.001174s ]

[ 2016-11-04T16:11:18+08:00 ] 127.0.0.1 /index.php/home/media/managePictureText
INFO: [ app_init ] --START--
INFO: Run Behavior\BuildLiteBehavior [ RunTime:0.000029s ]
INFO: [ app_init ] --END-- [ RunTime:0.000671s ]
INFO: [ app_begin ] --START--
INFO: Run Behavior\ReadHtmlCacheBehavior [ RunTime:0.000669s ]
INFO: [ app_begin ] --END-- [ RunTime:0.000814s ]
SQL: SHOW COLUMNS FROM `news` [ RunTime:0.0042s ]
SQL: SELECT * FROM `news`  [ RunTime:0.0005s ]
INFO: [ view_parse ] --START--
INFO: [ template_filter ] --START--
INFO: Run Behavior\ContentReplaceBehavior [ RunTime:0.000081s ]
INFO: [ template_filter ] --END-- [ RunTime:0.000206s ]
NOTIC: [8] Undefined index: description E:\wamp\www\wechat1025\Application\Runtime\Cache\Home\1834fa937ce76259b4a51fc0459ecfd8.php Á¨¨ 97 Ë°å.
NOTIC: [8] Undefined index: description E:\wamp\www\wechat1025\Application\Runtime\Cache\Home\1834fa937ce76259b4a51fc0459ecfd8.php Á¨¨ 97 Ë°å.
NOTIC: [8] Undefined index: description E:\wamp\www\wechat1025\Application\Runtime\Cache\Home\1834fa937ce76259b4a51fc0459ecfd8.php Á¨¨ 97 Ë°å.
NOTIC: [8] Undefined index: description E:\wamp\www\wechat1025\Application\Runtime\Cache\Home\1834fa937ce76259b4a51fc0459ecfd8.php Á¨¨ 97 Ë°å.
NOTIC: [8] Undefined index: description E:\wamp\www\wechat1025\Application\Runtime\Cache\Home\1834fa937ce76259b4a51fc0459ecfd8.php Á¨¨ 97 Ë°å.
NOTIC: [8] Undefined index: description E:\wamp\www\wechat1025\Application\Runtime\Cache\Home\1834fa937ce76259b4a51fc0459ecfd8.php Á¨¨ 97 Ë°å.
NOTIC: [8] Undefined index: description E:\wamp\www\wechat1025\Application\Runtime\Cache\Home\1834fa937ce76259b4a51fc0459ecfd8.php Á¨¨ 97 Ë°å.
NOTIC: [8] Undefined index: description E:\wamp\www\wechat1025\Application\Runtime\Cache\Home\1834fa937ce76259b4a51fc0459ecfd8.php Á¨¨ 97 Ë°å.
INFO: Run Behavior\ParseTemplateBehavior [ RunTime:0.012047s ]
INFO: [ view_parse ] --END-- [ RunTime:0.012251s ]
INFO: [ view_filter ] --START--
INFO: Run Behavior\WriteHtmlCacheBehavior [ RunTime:0.000475s ]
INFO: [ view_filter ] --END-- [ RunTime:0.000587s ]
INFO: [ app_end ] --START--
INFO: Run Behavior\ShowPageTraceBehavior [ RunTime:0.000812s ]
INFO: [ app_end ] --END-- [ RunTime:0.000957s ]

[ 2016-11-04T16:11:19+08:00 ] 127.0.0.1 /index.php/home/media/addPictureText
INFO: [ app_init ] --START--
INFO: Run Behavior\BuildLiteBehavior [ RunTime:0.000028s ]
INFO: [ app_init ] --END-- [ RunTime:0.000669s ]
INFO: [ app_begin ] --START--
INFO: Run Behavior\ReadHtmlCacheBehavior [ RunTime:0.000713s ]
INFO: [ app_begin ] --END-- [ RunTime:0.000853s ]
INFO: [ view_parse ] --START--
INFO: [ template_filter ] --START--
INFO: Run Behavior\ContentReplaceBehavior [ RunTime:0.000094s ]
INFO: [ template_filter ] --END-- [ RunTime:0.000241s ]
INFO: Run Behavior\ParseTemplateBehavior [ RunTime:0.013205s ]
INFO: [ view_parse ] --END-- [ RunTime:0.013352s ]
INFO: [ view_filter ] --START--
INFO: Run Behavior\WriteHtmlCacheBehavior [ RunTime:0.000460s ]
INFO: [ view_filter ] --END-- [ RunTime:0.000574s ]
INFO: [ app_end ] --START--
INFO: Run Behavior\ShowPageTraceBehavior [ RunTime:0.000936s ]
INFO: [ app_end ] --END-- [ RunTime:0.001146s ]

[ 2016-11-04T16:11:57+08:00 ] 127.0.0.1 /index.php/home/media/addPictureText
INFO: [ app_init ] --START--
INFO: Run Behavior\BuildLiteBehavior [ RunTime:0.000031s ]
INFO: [ app_init ] --END-- [ RunTime:0.000684s ]
INFO: [ app_begin ] --START--
INFO: Run Behavior\ReadHtmlCacheBehavior [ RunTime:0.001369s ]
INFO: [ app_begin ] --END-- [ RunTime:0.001645s ]
NOTIC: [8] Undefined property: stdClass::$access_token E:\wamp\www\wechat1025\Application\Common\Library\Wechat.class.php Á¨¨ 232 Ë°å.
NOTIC: [8] Undefined variable: timeout E:\wamp\www\wechat1025\Application\Common\Library\Wechat.class.php Á¨¨ 275 Ë°å.
NOTIC: [2] curl_errno() expects exactly 1 parameter, 0 given E:\wamp\www\wechat1025\Application\Common\Library\Wechat.class.php Á¨¨ 281 Ë°å.
SQL: SHOW COLUMNS FROM `news` [ RunTime:0.0722s ]
NOTIC: [8] Trying to get property of non-object E:\wamp\www\wechat1025\Application\Home\Controller\MediaController.class.php Á¨¨ 152 Ë°å.
SQL: INSERT INTO `news` () VALUES () [ RunTime:0.0491s ]
SQL: SELECT * FROM `news`  [ RunTime:0.0004s ]
INFO: [ view_parse ] --START--
INFO: [ template_filter ] --START--
INFO: Run Behavior\ContentReplaceBehavior [ RunTime:0.000084s ]
INFO: [ template_filter ] --END-- [ RunTime:0.000227s ]
NOTIC: [8] Undefined index: description E:\wamp\www\wechat1025\Application\Runtime\Cache\Home\1834fa937ce76259b4a51fc0459ecfd8.php Á¨¨ 97 Ë°å.
NOTIC: [8] Undefined index: description E:\wamp\www\wechat1025\Application\Runtime\Cache\Home\1834fa937ce76259b4a51fc0459ecfd8.php Á¨¨ 97 Ë°å.
NOTIC: [8] Undefined index: description E:\wamp\www\wechat1025\Application\Runtime\Cache\Home\1834fa937ce76259b4a51fc0459ecfd8.php Á¨¨ 97 Ë°å.
NOTIC: [8] Undefined index: description E:\wamp\www\wechat1025\Application\Runtime\Cache\Home\1834fa937ce76259b4a51fc0459ecfd8.php Á¨¨ 97 Ë°å.
NOTIC: [8] Undefined index: description E:\wamp\www\wechat1025\Application\Runtime\Cache\Home\1834fa937ce76259b4a51fc0459ecfd8.php Á¨¨ 97 Ë°å.
NOTIC: [8] Undefined index: description E:\wamp\www\wechat1025\Application\Runtime\Cache\Home\1834fa937ce76259b4a51fc0459ecfd8.php Á¨¨ 97 Ë°å.
NOTIC: [8] Undefined index: description E:\wamp\www\wechat1025\Application\Runtime\Cache\Home\1834fa937ce76259b4a51fc0459ecfd8.php Á¨¨ 97 Ë°å.
NOTIC: [8] Undefined index: description E:\wamp\www\wechat1025\Application\Runtime\Cache\Home\1834fa937ce76259b4a51fc0459ecfd8.php Á¨¨ 97 Ë°å.
NOTIC: [8] Undefined index: description E:\wamp\www\wechat1025\Application\Runtime\Cache\Home\1834fa937ce76259b4a51fc0459ecfd8.php Á¨¨ 97 Ë°å.
INFO: Run Behavior\ParseTemplateBehavior [ RunTime:0.011505s ]
INFO: [ view_parse ] --END-- [ RunTime:0.011681s ]
INFO: [ view_filter ] --START--
INFO: Run Behavior\WriteHtmlCacheBehavior [ RunTime:0.000612s ]
INFO: [ view_filter ] --END-- [ RunTime:0.000742s ]
INFO: [ app_end ] --START--
INFO: Run Behavior\ShowPageTraceBehavior [ RunTime:0.000824s ]
INFO: [ app_end ] --END-- [ RunTime:0.001017s ]

[ 2016-11-04T16:12:39+08:00 ] 127.0.0.1 /index.php/home/media/addPictureText
INFO: [ app_init ] --START--
INFO: Run Behavior\BuildLiteBehavior [ RunTime:0.000027s ]
INFO: [ app_init ] --END-- [ RunTime:0.000680s ]
INFO: [ app_begin ] --START--
INFO: Run Behavior\ReadHtmlCacheBehavior [ RunTime:0.000742s ]
INFO: [ app_begin ] --END-- [ RunTime:0.000868s ]
INFO: [ view_parse ] --START--
INFO: [ template_filter ] --START--
INFO: Run Behavior\ContentReplaceBehavior [ RunTime:0.000083s ]
INFO: [ template_filter ] --END-- [ RunTime:0.000213s ]
INFO: Run Behavior\ParseTemplateBehavior [ RunTime:0.011255s ]
INFO: [ view_parse ] --END-- [ RunTime:0.011392s ]
INFO: [ view_filter ] --START--
INFO: Run Behavior\WriteHtmlCacheBehavior [ RunTime:0.000557s ]
INFO: [ view_filter ] --END-- [ RunTime:0.000694s ]
INFO: [ app_end ] --START--
INFO: Run Behavior\ShowPageTraceBehavior [ RunTime:0.000954s ]
INFO: [ app_end ] --END-- [ RunTime:0.001151s ]

[ 2016-11-04T16:12:41+08:00 ] 127.0.0.1 /index.php/home/media/managePictureText
INFO: [ app_init ] --START--
INFO: Run Behavior\BuildLiteBehavior [ RunTime:0.000031s ]
INFO: [ app_init ] --END-- [ RunTime:0.001900s ]
INFO: [ app_begin ] --START--
INFO: Run Behavior\ReadHtmlCacheBehavior [ RunTime:0.000686s ]
INFO: [ app_begin ] --END-- [ RunTime:0.000824s ]
SQL: SHOW COLUMNS FROM `news` [ RunTime:0.0060s ]
SQL: SELECT * FROM `news`  [ RunTime:0.0005s ]
INFO: [ view_parse ] --START--
INFO: [ template_filter ] --START--
INFO: Run Behavior\ContentReplaceBehavior [ RunTime:0.000082s ]
INFO: [ template_filter ] --END-- [ RunTime:0.000205s ]
NOTIC: [8] Undefined index: description E:\wamp\www\wechat1025\Application\Runtime\Cache\Home\1834fa937ce76259b4a51fc0459ecfd8.php Á¨¨ 97 Ë°å.
NOTIC: [8] Undefined index: description E:\wamp\www\wechat1025\Application\Runtime\Cache\Home\1834fa937ce76259b4a51fc0459ecfd8.php Á¨¨ 97 Ë°å.
NOTIC: [8] Undefined index: description E:\wamp\www\wechat1025\Application\Runtime\Cache\Home\1834fa937ce76259b4a51fc0459ecfd8.php Á¨¨ 97 Ë°å.
NOTIC: [8] Undefined index: description E:\wamp\www\wechat1025\Application\Runtime\Cache\Home\1834fa937ce76259b4a51fc0459ecfd8.php Á¨¨ 97 Ë°å.
NOTIC: [8] Undefined index: description E:\wamp\www\wechat1025\Application\Runtime\Cache\Home\1834fa937ce76259b4a51fc0459ecfd8.php Á¨¨ 97 Ë°å.
NOTIC: [8] Undefined index: description E:\wamp\www\wechat1025\Application\Runtime\Cache\Home\1834fa937ce76259b4a51fc0459ecfd8.php Á¨¨ 97 Ë°å.
NOTIC: [8] Undefined index: description E:\wamp\www\wechat1025\Application\Runtime\Cache\Home\1834fa937ce76259b4a51fc0459ecfd8.php Á¨¨ 97 Ë°å.
NOTIC: [8] Undefined index: description E:\wamp\www\wechat1025\Application\Runtime\Cache\Home\1834fa937ce76259b4a51fc0459ecfd8.php Á¨¨ 97 Ë°å.
NOTIC: [8] Undefined index: description E:\wamp\www\wechat1025\Application\Runtime\Cache\Home\1834fa937ce76259b4a51fc0459ecfd8.php Á¨¨ 97 Ë°å.
INFO: Run Behavior\ParseTemplateBehavior [ RunTime:0.011257s ]
INFO: [ view_parse ] --END-- [ RunTime:0.011411s ]
INFO: [ view_filter ] --START--
INFO: Run Behavior\WriteHtmlCacheBehavior [ RunTime:0.000610s ]
INFO: [ view_filter ] --END-- [ RunTime:0.000769s ]
INFO: [ app_end ] --START--
INFO: Run Behavior\ShowPageTraceBehavior [ RunTime:0.000801s ]
INFO: [ app_end ] --END-- [ RunTime:0.000989s ]

[ 2016-11-04T16:12:43+08:00 ] 127.0.0.1 /index.php/home/media/managePictureText
INFO: [ app_init ] --START--
INFO: Run Behavior\BuildLiteBehavior [ RunTime:0.000030s ]
INFO: [ app_init ] --END-- [ RunTime:0.000648s ]
INFO: [ app_begin ] --START--
INFO: Run Behavior\ReadHtmlCacheBehavior [ RunTime:0.000632s ]
INFO: [ app_begin ] --END-- [ RunTime:0.000780s ]
SQL: SHOW COLUMNS FROM `news` [ RunTime:0.0042s ]
SQL: SELECT * FROM `news`  [ RunTime:0.0004s ]
INFO: [ view_parse ] --START--
INFO: [ template_filter ] --START--
INFO: Run Behavior\ContentReplaceBehavior [ RunTime:0.000082s ]
INFO: [ template_filter ] --END-- [ RunTime:0.000209s ]
NOTIC: [8] Undefined index: description E:\wamp\www\wechat1025\Application\Runtime\Cache\Home\1834fa937ce76259b4a51fc0459ecfd8.php Á¨¨ 97 Ë°å.
NOTIC: [8] Undefined index: description E:\wamp\www\wechat1025\Application\Runtime\Cache\Home\1834fa937ce76259b4a51fc0459ecfd8.php Á¨¨ 97 Ë°å.
NOTIC: [8] Undefined index: description E:\wamp\www\wechat1025\Application\Runtime\Cache\Home\1834fa937ce76259b4a51fc0459ecfd8.php Á¨¨ 97 Ë°å.
NOTIC: [8] Undefined index: description E:\wamp\www\wechat1025\Application\Runtime\Cache\Home\1834fa937ce76259b4a51fc0459ecfd8.php Á¨¨ 97 Ë°å.
NOTIC: [8] Undefined index: description E:\wamp\www\wechat1025\Application\Runtime\Cache\Home\1834fa937ce76259b4a51fc0459ecfd8.php Á¨¨ 97 Ë°å.
NOTIC: [8] Undefined index: description E:\wamp\www\wechat1025\Application\Runtime\Cache\Home\1834fa937ce76259b4a51fc0459ecfd8.php Á¨¨ 97 Ë°å.
NOTIC: [8] Undefined index: description E:\wamp\www\wechat1025\Application\Runtime\Cache\Home\1834fa937ce76259b4a51fc0459ecfd8.php Á¨¨ 97 Ë°å.
NOTIC: [8] Undefined index: description E:\wamp\www\wechat1025\Application\Runtime\Cache\Home\1834fa937ce76259b4a51fc0459ecfd8.php Á¨¨ 97 Ë°å.
NOTIC: [8] Undefined index: description E:\wamp\www\wechat1025\Application\Runtime\Cache\Home\1834fa937ce76259b4a51fc0459ecfd8.php Á¨¨ 97 Ë°å.
INFO: Run Behavior\ParseTemplateBehavior [ RunTime:0.011150s ]
INFO: [ view_parse ] --END-- [ RunTime:0.011280s ]
INFO: [ view_filter ] --START--
INFO: Run Behavior\WriteHtmlCacheBehavior [ RunTime:0.000508s ]
INFO: [ view_filter ] --END-- [ RunTime:0.000622s ]
INFO: [ app_end ] --START--
INFO: Run Behavior\ShowPageTraceBehavior [ RunTime:0.000819s ]
INFO: [ app_end ] --END-- [ RunTime:0.000997s ]

[ 2016-11-04T16:12:44+08:00 ] 127.0.0.1 /index.php/home/media/managePictureText
INFO: [ app_init ] --START--
INFO: Run Behavior\BuildLiteBehavior [ RunTime:0.000045s ]
INFO: [ app_init ] --END-- [ RunTime:0.000774s ]
INFO: [ app_begin ] --START--
INFO: Run Behavior\ReadHtmlCacheBehavior [ RunTime:0.000635s ]
INFO: [ app_begin ] --END-- [ RunTime:0.000759s ]
SQL: SHOW COLUMNS FROM `news` [ RunTime:0.0046s ]
SQL: SELECT * FROM `news`  [ RunTime:0.0004s ]
INFO: [ view_parse ] --START--
INFO: [ template_filter ] --START--
INFO: Run Behavior\ContentReplaceBehavior [ RunTime:0.000083s ]
INFO: [ template_filter ] --END-- [ RunTime:0.000212s ]
NOTIC: [8] Undefined index: description E:\wamp\www\wechat1025\Application\Runtime\Cache\Home\1834fa937ce76259b4a51fc0459ecfd8.php Á¨¨ 97 Ë°å.
NOTIC: [8] Undefined index: description E:\wamp\www\wechat1025\Application\Runtime\Cache\Home\1834fa937ce76259b4a51fc0459ecfd8.php Á¨¨ 97 Ë°å.
NOTIC: [8] Undefined index: description E:\wamp\www\wechat1025\Application\Runtime\Cache\Home\1834fa937ce76259b4a51fc0459ecfd8.php Á¨¨ 97 Ë°å.
NOTIC: [8] Undefined index: description E:\wamp\www\wechat1025\Application\Runtime\Cache\Home\1834fa937ce76259b4a51fc0459ecfd8.php Á¨¨ 97 Ë°å.
NOTIC: [8] Undefined index: description E:\wamp\www\wechat1025\Application\Runtime\Cache\Home\1834fa937ce76259b4a51fc0459ecfd8.php Á¨¨ 97 Ë°å.
NOTIC: [8] Undefined index: description E:\wamp\www\wechat1025\Application\Runtime\Cache\Home\1834fa937ce76259b4a51fc0459ecfd8.php Á¨¨ 97 Ë°å.
NOTIC: [8] Undefined index: description E:\wamp\www\wechat1025\Application\Runtime\Cache\Home\1834fa937ce76259b4a51fc0459ecfd8.php Á¨¨ 97 Ë°å.
NOTIC: [8] Undefined index: description E:\wamp\www\wechat1025\Application\Runtime\Cache\Home\1834fa937ce76259b4a51fc0459ecfd8.php Á¨¨ 97 Ë°å.
NOTIC: [8] Undefined index: description E:\wamp\www\wechat1025\Application\Runtime\Cache\Home\1834fa937ce76259b4a51fc0459ecfd8.php Á¨¨ 97 Ë°å.
INFO: Run Behavior\ParseTemplateBehavior [ RunTime:0.011510s ]
INFO: [ view_parse ] --END-- [ RunTime:0.011655s ]
INFO: [ view_filter ] --START--
INFO: Run Behavior\WriteHtmlCacheBehavior [ RunTime:0.000501s ]
INFO: [ view_filter ] --END-- [ RunTime:0.000614s ]
INFO: [ app_end ] --START--
INFO: Run Behavior\ShowPageTraceBehavior [ RunTime:0.000790s ]
INFO: [ app_end ] --END-- [ RunTime:0.000966s ]

[ 2016-11-04T16:12:45+08:00 ] 127.0.0.1 /index.php/home/media/managePictureText
INFO: [ app_init ] --START--
INFO: Run Behavior\BuildLiteBehavior [ RunTime:0.000027s ]
INFO: [ app_init ] --END-- [ RunTime:0.000669s ]
INFO: [ app_begin ] --START--
INFO: Run Behavior\ReadHtmlCacheBehavior [ RunTime:0.000719s ]
INFO: [ app_begin ] --END-- [ RunTime:0.000856s ]
SQL: SHOW COLUMNS FROM `news` [ RunTime:0.0048s ]
SQL: SELECT * FROM `news`  [ RunTime:0.0005s ]
INFO: [ view_parse ] --START--
INFO: [ template_filter ] --START--
INFO: Run Behavior\ContentReplaceBehavior [ RunTime:0.000083s ]
INFO: [ template_filter ] --END-- [ RunTime:0.000205s ]
NOTIC: [8] Undefined index: description E:\wamp\www\wechat1025\Application\Runtime\Cache\Home\1834fa937ce76259b4a51fc0459ecfd8.php Á¨¨ 97 Ë°å.
NOTIC: [8] Undefined index: description E:\wamp\www\wechat1025\Application\Runtime\Cache\Home\1834fa937ce76259b4a51fc0459ecfd8.php Á¨¨ 97 Ë°å.
NOTIC: [8] Undefined index: description E:\wamp\www\wechat1025\Application\Runtime\Cache\Home\1834fa937ce76259b4a51fc0459ecfd8.php Á¨¨ 97 Ë°å.
NOTIC: [8] Undefined index: description E:\wamp\www\wechat1025\Application\Runtime\Cache\Home\1834fa937ce76259b4a51fc0459ecfd8.php Á¨¨ 97 Ë°å.
NOTIC: [8] Undefined index: description E:\wamp\www\wechat1025\Application\Runtime\Cache\Home\1834fa937ce76259b4a51fc0459ecfd8.php Á¨¨ 97 Ë°å.
NOTIC: [8] Undefined index: description E:\wamp\www\wechat1025\Application\Runtime\Cache\Home\1834fa937ce76259b4a51fc0459ecfd8.php Á¨¨ 97 Ë°å.
NOTIC: [8] Undefined index: description E:\wamp\www\wechat1025\Application\Runtime\Cache\Home\1834fa937ce76259b4a51fc0459ecfd8.php Á¨¨ 97 Ë°å.
NOTIC: [8] Undefined index: description E:\wamp\www\wechat1025\Application\Runtime\Cache\Home\1834fa937ce76259b4a51fc0459ecfd8.php Á¨¨ 97 Ë°å.
NOTIC: [8] Undefined index: description E:\wamp\www\wechat1025\Application\Runtime\Cache\Home\1834fa937ce76259b4a51fc0459ecfd8.php Á¨¨ 97 Ë°å.
INFO: Run Behavior\ParseTemplateBehavior [ RunTime:0.011198s ]
INFO: [ view_parse ] --END-- [ RunTime:0.011337s ]
INFO: [ view_filter ] --START--
INFO: Run Behavior\WriteHtmlCacheBehavior [ RunTime:0.000507s ]
INFO: [ view_filter ] --END-- [ RunTime:0.000656s ]
INFO: [ app_end ] --START--
INFO: Run Behavior\ShowPageTraceBehavior [ RunTime:0.000750s ]
INFO: [ app_end ] --END-- [ RunTime:0.000905s ]

[ 2016-11-04T16:13:11+08:00 ] 127.0.0.1 /index.php/home/media/managePictureText
INFO: [ app_init ] --START--
INFO: Run Behavior\BuildLiteBehavior [ RunTime:0.000032s ]
INFO: [ app_init ] --END-- [ RunTime:0.000654s ]
INFO: [ app_begin ] --START--
INFO: Run Behavior\ReadHtmlCacheBehavior [ RunTime:0.001043s ]
INFO: [ app_begin ] --END-- [ RunTime:0.001309s ]
SQL: SHOW COLUMNS FROM `news` [ RunTime:0.0196s ]
SQL: SELECT * FROM `news`  [ RunTime:0.0004s ]
INFO: [ view_parse ] --START--
INFO: [ template_filter ] --START--
INFO: Run Behavior\ContentReplaceBehavior [ RunTime:0.000135s ]
INFO: [ template_filter ] --END-- [ RunTime:0.000315s ]
NOTIC: [8] Undefined index: description E:\wamp\www\wechat1025\Application\Runtime\Cache\Home\1834fa937ce76259b4a51fc0459ecfd8.php Á¨¨ 97 Ë°å.
NOTIC: [8] Undefined index: description E:\wamp\www\wechat1025\Application\Runtime\Cache\Home\1834fa937ce76259b4a51fc0459ecfd8.php Á¨¨ 97 Ë°å.
NOTIC: [8] Undefined index: description E:\wamp\www\wechat1025\Application\Runtime\Cache\Home\1834fa937ce76259b4a51fc0459ecfd8.php Á¨¨ 97 Ë°å.
NOTIC: [8] Undefined index: description E:\wamp\www\wechat1025\Application\Runtime\Cache\Home\1834fa937ce76259b4a51fc0459ecfd8.php Á¨¨ 97 Ë°å.
NOTIC: [8] Undefined index: description E:\wamp\www\wechat1025\Application\Runtime\Cache\Home\1834fa937ce76259b4a51fc0459ecfd8.php Á¨¨ 97 Ë°å.
NOTIC: [8] Undefined index: description E:\wamp\www\wechat1025\Application\Runtime\Cache\Home\1834fa937ce76259b4a51fc0459ecfd8.php Á¨¨ 97 Ë°å.
NOTIC: [8] Undefined index: description E:\wamp\www\wechat1025\Application\Runtime\Cache\Home\1834fa937ce76259b4a51fc0459ecfd8.php Á¨¨ 97 Ë°å.
NOTIC: [8] Undefined index: description E:\wamp\www\wechat1025\Application\Runtime\Cache\Home\1834fa937ce76259b4a51fc0459ecfd8.php Á¨¨ 97 Ë°å.
NOTIC: [8] Undefined index: description E:\wamp\www\wechat1025\Application\Runtime\Cache\Home\1834fa937ce76259b4a51fc0459ecfd8.php Á¨¨ 97 Ë°å.
INFO: Run Behavior\ParseTemplateBehavior [ RunTime:0.015844s ]
INFO: [ view_parse ] --END-- [ RunTime:0.016018s ]
INFO: [ view_filter ] --START--
INFO: Run Behavior\WriteHtmlCacheBehavior [ RunTime:0.000519s ]
INFO: [ view_filter ] --END-- [ RunTime:0.000672s ]
INFO: [ app_end ] --START--
INFO: Run Behavior\ShowPageTraceBehavior [ RunTime:0.001058s ]
INFO: [ app_end ] --END-- [ RunTime:0.001284s ]

[ 2016-11-04T17:23:37+08:00 ] 127.0.0.1 /index.php/home/media/managePictureText
INFO: [ app_init ] --START--
INFO: Run Behavior\BuildLiteBehavior [ RunTime:0.000045s ]
INFO: [ app_init ] --END-- [ RunTime:0.000922s ]
INFO: [ app_begin ] --START--
INFO: Run Behavior\ReadHtmlCacheBehavior [ RunTime:0.000753s ]
INFO: [ app_begin ] --END-- [ RunTime:0.000880s ]
SQL: SHOW COLUMNS FROM `news` [ RunTime:0.0055s ]
SQL: SELECT * FROM `news`  [ RunTime:0.0006s ]
INFO: [ view_parse ] --START--
INFO: [ template_filter ] --START--
INFO: Run Behavior\ContentReplaceBehavior [ RunTime:0.000109s ]
INFO: [ template_filter ] --END-- [ RunTime:0.000242s ]
NOTIC: [8] Undefined index: description E:\wamp\www\wechat1025\Application\Runtime\Cache\Home\1834fa937ce76259b4a51fc0459ecfd8.php Á¨¨ 97 Ë°å.
NOTIC: [8] Undefined index: description E:\wamp\www\wechat1025\Application\Runtime\Cache\Home\1834fa937ce76259b4a51fc0459ecfd8.php Á¨¨ 97 Ë°å.
NOTIC: [8] Undefined index: description E:\wamp\www\wechat1025\Application\Runtime\Cache\Home\1834fa937ce76259b4a51fc0459ecfd8.php Á¨¨ 97 Ë°å.
NOTIC: [8] Undefined index: description E:\wamp\www\wechat1025\Application\Runtime\Cache\Home\1834fa937ce76259b4a51fc0459ecfd8.php Á¨¨ 97 Ë°å.
NOTIC: [8] Undefined index: description E:\wamp\www\wechat1025\Application\Runtime\Cache\Home\1834fa937ce76259b4a51fc0459ecfd8.php Á¨¨ 97 Ë°å.
NOTIC: [8] Undefined index: description E:\wamp\www\wechat1025\Application\Runtime\Cache\Home\1834fa937ce76259b4a51fc0459ecfd8.php Á¨¨ 97 Ë°å.
NOTIC: [8] Undefined index: description E:\wamp\www\wechat1025\Application\Runtime\Cache\Home\1834fa937ce76259b4a51fc0459ecfd8.php Á¨¨ 97 Ë°å.
NOTIC: [8] Undefined index: description E:\wamp\www\wechat1025\Application\Runtime\Cache\Home\1834fa937ce76259b4a51fc0459ecfd8.php Á¨¨ 97 Ë°å.
NOTIC: [8] Undefined index: description E:\wamp\www\wechat1025\Application\Runtime\Cache\Home\1834fa937ce76259b4a51fc0459ecfd8.php Á¨¨ 97 Ë°å.
INFO: Run Behavior\ParseTemplateBehavior [ RunTime:0.014031s ]
INFO: [ view_parse ] --END-- [ RunTime:0.014194s ]
INFO: [ view_filter ] --START--
INFO: Run Behavior\WriteHtmlCacheBehavior [ RunTime:0.000590s ]
INFO: [ view_filter ] --END-- [ RunTime:0.000704s ]
INFO: [ app_end ] --START--
INFO: Run Behavior\ShowPageTraceBehavior [ RunTime:0.000853s ]
INFO: [ app_end ] --END-- [ RunTime:0.001007s ]

[ 2016-11-04T17:23:39+08:00 ] 127.0.0.1 /index.php/home/media/managePicture
INFO: [ app_init ] --START--
INFO: Run Behavior\BuildLiteBehavior [ RunTime:0.000028s ]
INFO: [ app_init ] --END-- [ RunTime:0.000644s ]
INFO: [ app_begin ] --START--
INFO: Run Behavior\ReadHtmlCacheBehavior [ RunTime:0.000678s ]
INFO: [ app_begin ] --END-- [ RunTime:0.000808s ]
SQL: SHOW COLUMNS FROM `images` [ RunTime:0.0045s ]
SQL: SELECT * FROM `images`  [ RunTime:0.0006s ]
INFO: [ view_parse ] --START--
INFO: [ template_filter ] --START--
INFO: Run Behavior\ContentReplaceBehavior [ RunTime:0.000087s ]
INFO: [ template_filter ] --END-- [ RunTime:0.000236s ]
INFO: Run Behavior\ParseTemplateBehavior [ RunTime:0.011952s ]
INFO: [ view_parse ] --END-- [ RunTime:0.012126s ]
INFO: [ view_filter ] --START--
INFO: Run Behavior\WriteHtmlCacheBehavior [ RunTime:0.000537s ]
INFO: [ view_filter ] --END-- [ RunTime:0.000653s ]
INFO: [ app_end ] --START--
INFO: Run Behavior\ShowPageTraceBehavior [ RunTime:0.000826s ]
INFO: [ app_end ] --END-- [ RunTime:0.000995s ]

[ 2016-11-04T17:42:14+08:00 ] 127.0.0.1 /index.php/home/media/managePicture
INFO: [ app_init ] --START--
INFO: Run Behavior\BuildLiteBehavior [ RunTime:0.000053s ]
INFO: [ app_init ] --END-- [ RunTime:0.000863s ]
INFO: [ app_begin ] --START--
INFO: Run Behavior\ReadHtmlCacheBehavior [ RunTime:0.000852s ]
INFO: [ app_begin ] --END-- [ RunTime:0.001038s ]
SQL: SHOW COLUMNS FROM `images` [ RunTime:0.0414s ]
SQL: SELECT * FROM `images`  [ RunTime:0.0005s ]
INFO: [ view_parse ] --START--
INFO: [ template_filter ] --START--
INFO: Run Behavior\ContentReplaceBehavior [ RunTime:0.000105s ]
INFO: [ template_filter ] --END-- [ RunTime:0.000323s ]
INFO: Run Behavior\ParseTemplateBehavior [ RunTime:0.011715s ]
INFO: [ view_parse ] --END-- [ RunTime:0.011914s ]
INFO: [ view_filter ] --START--
INFO: Run Behavior\WriteHtmlCacheBehavior [ RunTime:0.000590s ]
INFO: [ view_filter ] --END-- [ RunTime:0.000703s ]
INFO: [ app_end ] --START--
INFO: Run Behavior\ShowPageTraceBehavior [ RunTime:0.000894s ]
INFO: [ app_end ] --END-- [ RunTime:0.001069s ]

[ 2016-11-04T17:49:45+08:00 ] 127.0.0.1 /index.php/home/media/managePictureText
INFO: [ app_init ] --START--
INFO: Run Behavior\BuildLiteBehavior [ RunTime:0.000028s ]
INFO: [ app_init ] --END-- [ RunTime:0.000743s ]
INFO: [ app_begin ] --START--
INFO: Run Behavior\ReadHtmlCacheBehavior [ RunTime:0.001126s ]
INFO: [ app_begin ] --END-- [ RunTime:0.001348s ]
SQL: SHOW COLUMNS FROM `news` [ RunTime:0.0058s ]
SQL: SELECT * FROM `news`  [ RunTime:0.0005s ]
INFO: [ view_parse ] --START--
INFO: [ template_filter ] --START--
INFO: Run Behavior\ContentReplaceBehavior [ RunTime:0.000089s ]
INFO: [ template_filter ] --END-- [ RunTime:0.000213s ]
NOTIC: [8] Undefined index: description E:\wamp\www\wechat1025\Application\Runtime\Cache\Home\1834fa937ce76259b4a51fc0459ecfd8.php Á¨¨ 97 Ë°å.
NOTIC: [8] Undefined index: description E:\wamp\www\wechat1025\Application\Runtime\Cache\Home\1834fa937ce76259b4a51fc0459ecfd8.php Á¨¨ 97 Ë°å.
NOTIC: [8] Undefined index: description E:\wamp\www\wechat1025\Application\Runtime\Cache\Home\1834fa937ce76259b4a51fc0459ecfd8.php Á¨¨ 97 Ë°å.
NOTIC: [8] Undefined index: description E:\wamp\www\wechat1025\Application\Runtime\Cache\Home\1834fa937ce76259b4a51fc0459ecfd8.php Á¨¨ 97 Ë°å.
NOTIC: [8] Undefined index: description E:\wamp\www\wechat1025\Application\Runtime\Cache\Home\1834fa937ce76259b4a51fc0459ecfd8.php Á¨¨ 97 Ë°å.
NOTIC: [8] Undefined index: description E:\wamp\www\wechat1025\Application\Runtime\Cache\Home\1834fa937ce76259b4a51fc0459ecfd8.php Á¨¨ 97 Ë°å.
NOTIC: [8] Undefined index: description E:\wamp\www\wechat1025\Application\Runtime\Cache\Home\1834fa937ce76259b4a51fc0459ecfd8.php Á¨¨ 97 Ë°å.
NOTIC: [8] Undefined index: description E:\wamp\www\wechat1025\Application\Runtime\Cache\Home\1834fa937ce76259b4a51fc0459ecfd8.php Á¨¨ 97 Ë°å.
NOTIC: [8] Undefined index: description E:\wamp\www\wechat1025\Application\Runtime\Cache\Home\1834fa937ce76259b4a51fc0459ecfd8.php Á¨¨ 97 Ë°å.
INFO: Run Behavior\ParseTemplateBehavior [ RunTime:0.011716s ]
INFO: [ view_parse ] --END-- [ RunTime:0.011948s ]
INFO: [ view_filter ] --START--
INFO: Run Behavior\WriteHtmlCacheBehavior [ RunTime:0.000875s ]
INFO: [ view_filter ] --END-- [ RunTime:0.001078s ]
INFO: [ app_end ] --START--
INFO: Run Behavior\ShowPageTraceBehavior [ RunTime:0.001386s ]
INFO: [ app_end ] --END-- [ RunTime:0.001666s ]

[ 2016-11-04T18:25:55+08:00 ] 127.0.0.1 /index.php/home/menu/view
INFO: [ app_init ] --START--
INFO: Run Behavior\BuildLiteBehavior [ RunTime:0.000027s ]
INFO: [ app_init ] --END-- [ RunTime:0.000698s ]
INFO: [ app_begin ] --START--
INFO: Run Behavior\ReadHtmlCacheBehavior [ RunTime:0.000774s ]
INFO: [ app_begin ] --END-- [ RunTime:0.000905s ]
NOTIC: [2048] Non-static method Common\Library\Wechat::getAccessToken() should not be called statically, assuming $this from incompatible context E:\wamp\www\wechat1025\Application\Home\Controller\MenuController.class.php Á¨¨ 75 Ë°å.
NOTIC: [2048] Non-static method Common\Library\Wechat::menuView() should not be called statically, assuming $this from incompatible context E:\wamp\www\wechat1025\Application\Home\Controller\MenuController.class.php Á¨¨ 78 Ë°å.
NOTIC: [2] curl_errno() expects exactly 1 parameter, 0 given E:\wamp\www\wechat1025\Application\Common\Library\Wechat.class.php Á¨¨ 314 Ë°å.
INFO: [ view_parse ] --START--
INFO: [ template_filter ] --START--
INFO: Run Behavior\ContentReplaceBehavior [ RunTime:0.000326s ]
INFO: [ template_filter ] --END-- [ RunTime:0.000741s ]
INFO: Run Behavior\ParseTemplateBehavior [ RunTime:0.057186s ]
INFO: [ view_parse ] --END-- [ RunTime:0.057778s ]
INFO: [ view_filter ] --START--
INFO: Run Behavior\WriteHtmlCacheBehavior [ RunTime:0.001687s ]
INFO: [ view_filter ] --END-- [ RunTime:0.002077s ]
INFO: [ app_end ] --START--
INFO: Run Behavior\ShowPageTraceBehavior [ RunTime:0.002717s ]
INFO: [ app_end ] --END-- [ RunTime:0.003222s ]

[ 2016-11-04T21:10:18+08:00 ] 127.0.0.1 /index.php/home/media/managePictureText
INFO: [ app_init ] --START--
INFO: Run Behavior\BuildLiteBehavior [ RunTime:0.000098s ]
INFO: [ app_init ] --END-- [ RunTime:0.031135s ]
INFO: [ app_begin ] --START--
INFO: Run Behavior\ReadHtmlCacheBehavior [ RunTime:0.003342s ]
INFO: [ app_begin ] --END-- [ RunTime:0.003937s ]
SQL: SHOW COLUMNS FROM `news` [ RunTime:0.0168s ]
SQL: SELECT * FROM `news`  [ RunTime:0.0019s ]
INFO: [ view_parse ] --START--
INFO: [ template_filter ] --START--
INFO: Run Behavior\ContentReplaceBehavior [ RunTime:0.007933s ]
INFO: [ template_filter ] --END-- [ RunTime:0.008545s ]
NOTIC: [8] Undefined index: description E:\wamp\www\wechat1025\Application\Runtime\Cache\Home\1834fa937ce76259b4a51fc0459ecfd8.php Á¨¨ 97 Ë°å.
NOTIC: [8] Undefined index: description E:\wamp\www\wechat1025\Application\Runtime\Cache\Home\1834fa937ce76259b4a51fc0459ecfd8.php Á¨¨ 97 Ë°å.
NOTIC: [8] Undefined index: description E:\wamp\www\wechat1025\Application\Runtime\Cache\Home\1834fa937ce76259b4a51fc0459ecfd8.php Á¨¨ 97 Ë°å.
NOTIC: [8] Undefined index: description E:\wamp\www\wechat1025\Application\Runtime\Cache\Home\1834fa937ce76259b4a51fc0459ecfd8.php Á¨¨ 97 Ë°å.
NOTIC: [8] Undefined index: description E:\wamp\www\wechat1025\Application\Runtime\Cache\Home\1834fa937ce76259b4a51fc0459ecfd8.php Á¨¨ 97 Ë°å.
NOTIC: [8] Undefined index: description E:\wamp\www\wechat1025\Application\Runtime\Cache\Home\1834fa937ce76259b4a51fc0459ecfd8.php Á¨¨ 97 Ë°å.
NOTIC: [8] Undefined index: description E:\wamp\www\wechat1025\Application\Runtime\Cache\Home\1834fa937ce76259b4a51fc0459ecfd8.php Á¨¨ 97 Ë°å.
NOTIC: [8] Undefined index: description E:\wamp\www\wechat1025\Application\Runtime\Cache\Home\1834fa937ce76259b4a51fc0459ecfd8.php Á¨¨ 97 Ë°å.
NOTIC: [8] Undefined index: description E:\wamp\www\wechat1025\Application\Runtime\Cache\Home\1834fa937ce76259b4a51fc0459ecfd8.php Á¨¨ 97 Ë°å.
INFO: Run Behavior\ParseTemplateBehavior [ RunTime:0.132316s ]
INFO: [ view_parse ] --END-- [ RunTime:0.132753s ]
INFO: [ view_filter ] --START--
INFO: Run Behavior\WriteHtmlCacheBehavior [ RunTime:0.018067s ]
INFO: [ view_filter ] --END-- [ RunTime:0.019423s ]
INFO: [ app_end ] --START--
INFO: Run Behavior\ShowPageTraceBehavior [ RunTime:0.003076s ]
INFO: [ app_end ] --END-- [ RunTime:0.003633s ]

[ 2016-11-04T21:40:21+08:00 ] 127.0.0.1 /index.php/home/media/managePicture
INFO: [ app_init ] --START--
INFO: Run Behavior\BuildLiteBehavior [ RunTime:0.000027s ]
INFO: [ app_init ] --END-- [ RunTime:0.000713s ]
INFO: [ app_begin ] --START--
INFO: Run Behavior\ReadHtmlCacheBehavior [ RunTime:0.000753s ]
INFO: [ app_begin ] --END-- [ RunTime:0.000882s ]
SQL: SHOW COLUMNS FROM `images` [ RunTime:0.0068s ]
SQL: SELECT * FROM `images`  [ RunTime:0.0007s ]
INFO: [ view_parse ] --START--
INFO: [ template_filter ] --START--
INFO: Run Behavior\ContentReplaceBehavior [ RunTime:0.000129s ]
INFO: [ template_filter ] --END-- [ RunTime:0.000259s ]
INFO: Run Behavior\ParseTemplateBehavior [ RunTime:0.028170s ]
INFO: [ view_parse ] --END-- [ RunTime:0.028564s ]
INFO: [ view_filter ] --START--
INFO: Run Behavior\WriteHtmlCacheBehavior [ RunTime:0.000544s ]
INFO: [ view_filter ] --END-- [ RunTime:0.000656s ]
INFO: [ app_end ] --START--
INFO: Run Behavior\ShowPageTraceBehavior [ RunTime:0.000951s ]
INFO: [ app_end ] --END-- [ RunTime:0.001103s ]

[ 2016-11-04T21:41:09+08:00 ] 127.0.0.1 /index.php/home/media/managePicture
INFO: [ app_init ] --START--
INFO: Run Behavior\BuildLiteBehavior [ RunTime:0.000031s ]
INFO: [ app_init ] --END-- [ RunTime:0.000722s ]
INFO: [ app_begin ] --START--
INFO: Run Behavior\ReadHtmlCacheBehavior [ RunTime:0.000835s ]
INFO: [ app_begin ] --END-- [ RunTime:0.000998s ]
SQL: SHOW COLUMNS FROM `images` [ RunTime:0.0140s ]
SQL: SELECT * FROM `images`  [ RunTime:0.0015s ]
INFO: [ view_parse ] --START--
INFO: [ template_filter ] --START--
INFO: Run Behavior\ContentReplaceBehavior [ RunTime:0.000200s ]
INFO: [ template_filter ] --END-- [ RunTime:0.000506s ]
INFO: Run Behavior\ParseTemplateBehavior [ RunTime:0.028470s ]
INFO: [ view_parse ] --END-- [ RunTime:0.028938s ]
INFO: [ view_filter ] --START--
INFO: Run Behavior\WriteHtmlCacheBehavior [ RunTime:0.001460s ]
INFO: [ view_filter ] --END-- [ RunTime:0.001821s ]
INFO: [ app_end ] --START--
INFO: Run Behavior\ShowPageTraceBehavior [ RunTime:0.001709s ]
INFO: [ app_end ] --END-- [ RunTime:0.002063s ]

