[ 2016-10-11T12:20:14+08:00 ] ::1 /wechat1011/home/media/index
INFO: [ app_init ] --START--
INFO: Run Behavior\BuildLiteBehavior [ RunTime:0.000028s ]
INFO: [ app_init ] --END-- [ RunTime:0.000635s ]
INFO: [ app_begin ] --START--
INFO: Run Behavior\ReadHtmlCacheBehavior [ RunTime:0.001293s ]
INFO: [ app_begin ] --END-- [ RunTime:0.001436s ]
ERR: 无法加载控制器:Media

[ 2016-10-11T12:20:39+08:00 ] ::1 /wechat1011/home/media/index
INFO: [ app_init ] --START--
INFO: Run Behavior\BuildLiteBehavior [ RunTime:0.000027s ]
INFO: [ app_init ] --END-- [ RunTime:0.000638s ]
INFO: [ app_begin ] --START--
INFO: Run Behavior\ReadHtmlCacheBehavior [ RunTime:0.001361s ]
INFO: [ app_begin ] --END-- [ RunTime:0.001527s ]
INFO: [ app_end ] --START--
INFO: Run Behavior\ShowPageTraceBehavior [ RunTime:0.001219s ]
INFO: [ app_end ] --END-- [ RunTime:0.001347s ]

[ 2016-10-11T12:30:36+08:00 ] ::1 /wechat1011/home/media/index
INFO: [ app_init ] --START--
INFO: Run Behavior\BuildLiteBehavior [ RunTime:0.000037s ]
INFO: [ app_init ] --END-- [ RunTime:0.000949s ]
INFO: [ app_begin ] --START--
INFO: Run Behavior\ReadHtmlCacheBehavior [ RunTime:0.001232s ]
INFO: [ app_begin ] --END-- [ RunTime:0.001360s ]
INFO: [ app_end ] --START--
INFO: Run Behavior\ShowPageTraceBehavior [ RunTime:0.004380s ]
INFO: [ app_end ] --END-- [ RunTime:0.004849s ]

[ 2016-10-11T12:44:37+08:00 ] ::1 /wechat1011/home/media/index
INFO: [ app_init ] --START--
INFO: Run Behavior\BuildLiteBehavior [ RunTime:0.000033s ]
INFO: [ app_init ] --END-- [ RunTime:0.000809s ]
INFO: [ app_begin ] --START--
INFO: Run Behavior\ReadHtmlCacheBehavior [ RunTime:0.002035s ]
INFO: [ app_begin ] --END-- [ RunTime:0.002288s ]

[ 2016-10-11T12:44:50+08:00 ] ::1 /wechat1011/home/media/index
INFO: [ app_init ] --START--
INFO: Run Behavior\BuildLiteBehavior [ RunTime:0.000028s ]
INFO: [ app_init ] --END-- [ RunTime:0.000641s ]
INFO: [ app_begin ] --START--
INFO: Run Behavior\ReadHtmlCacheBehavior [ RunTime:0.001254s ]
INFO: [ app_begin ] --END-- [ RunTime:0.001386s ]

[ 2016-10-11T12:45:06+08:00 ] ::1 /wechat1011/home/media/index
INFO: [ app_init ] --START--
INFO: Run Behavior\BuildLiteBehavior [ RunTime:0.000027s ]
INFO: [ app_init ] --END-- [ RunTime:0.000637s ]
INFO: [ app_begin ] --START--
INFO: Run Behavior\ReadHtmlCacheBehavior [ RunTime:0.001618s ]
INFO: [ app_begin ] --END-- [ RunTime:0.001804s ]

[ 2016-10-11T12:45:36+08:00 ] ::1 /wechat1011/home/media/index
INFO: [ app_init ] --START--
INFO: Run Behavior\BuildLiteBehavior [ RunTime:0.000025s ]
INFO: [ app_init ] --END-- [ RunTime:0.000659s ]
INFO: [ app_begin ] --START--
INFO: Run Behavior\ReadHtmlCacheBehavior [ RunTime:0.001205s ]
INFO: [ app_begin ] --END-- [ RunTime:0.001333s ]
NOTIC: [8192] curl_setopt(): The usage of the @filename API for file uploading is deprecated. Please use the CURLFile class instead E:\wamp\www\wechat1011\Application\Common\Library\Wechat.class.php 第 208 行.
NOTIC: [8] Undefined variable: curl_exec E:\wamp\www\wechat1011\Application\Common\Library\Wechat.class.php 第 209 行.

[ 2016-10-11T12:45:52+08:00 ] ::1 /wechat1011/home/media/index
INFO: [ app_init ] --START--
INFO: Run Behavior\BuildLiteBehavior [ RunTime:0.000033s ]
INFO: [ app_init ] --END-- [ RunTime:0.000782s ]
INFO: [ app_begin ] --START--
INFO: Run Behavior\ReadHtmlCacheBehavior [ RunTime:0.001404s ]
INFO: [ app_begin ] --END-- [ RunTime:0.001561s ]
NOTIC: [8192] curl_setopt(): The usage of the @filename API for file uploading is deprecated. Please use the CURLFile class instead E:\wamp\www\wechat1011\Application\Common\Library\Wechat.class.php 第 208 行.
NOTIC: [8] Trying to get property of non-object E:\wamp\www\wechat1011\Application\Common\Library\Wechat.class.php 第 210 行.
NOTIC: [8] Undefined variable: curl_error E:\wamp\www\wechat1011\Application\Common\Library\Wechat.class.php 第 211 行.

[ 2016-10-11T12:45:54+08:00 ] ::1 /wechat1011/home/media/index
INFO: [ app_init ] --START--
INFO: Run Behavior\BuildLiteBehavior [ RunTime:0.000031s ]
INFO: [ app_init ] --END-- [ RunTime:0.000731s ]
INFO: [ app_begin ] --START--
INFO: Run Behavior\ReadHtmlCacheBehavior [ RunTime:0.001475s ]
INFO: [ app_begin ] --END-- [ RunTime:0.001631s ]
NOTIC: [8192] curl_setopt(): The usage of the @filename API for file uploading is deprecated. Please use the CURLFile class instead E:\wamp\www\wechat1011\Application\Common\Library\Wechat.class.php 第 208 行.
NOTIC: [8] Trying to get property of non-object E:\wamp\www\wechat1011\Application\Common\Library\Wechat.class.php 第 210 行.
NOTIC: [8] Undefined variable: curl_error E:\wamp\www\wechat1011\Application\Common\Library\Wechat.class.php 第 211 行.

[ 2016-10-11T12:46:02+08:00 ] ::1 /wechat1011/home/media/index
INFO: [ app_init ] --START--
INFO: Run Behavior\BuildLiteBehavior [ RunTime:0.000057s ]
INFO: [ app_init ] --END-- [ RunTime:0.001218s ]
INFO: [ app_begin ] --START--
INFO: Run Behavior\ReadHtmlCacheBehavior [ RunTime:0.002104s ]
INFO: [ app_begin ] --END-- [ RunTime:0.002381s ]
NOTIC: [8192] curl_setopt(): The usage of the @filename API for file uploading is deprecated. Please use the CURLFile class instead E:\wamp\www\wechat1011\Application\Common\Library\Wechat.class.php 第 208 行.
NOTIC: [8] Trying to get property of non-object E:\wamp\www\wechat1011\Application\Common\Library\Wechat.class.php 第 210 行.
INFO: [ app_end ] --START--
INFO: Run Behavior\ShowPageTraceBehavior [ RunTime:0.005428s ]
INFO: [ app_end ] --END-- [ RunTime:0.006338s ]

[ 2016-10-11T12:46:57+08:00 ] ::1 /wechat1011/home/media/index
INFO: [ app_init ] --START--
INFO: Run Behavior\BuildLiteBehavior [ RunTime:0.000032s ]
INFO: [ app_init ] --END-- [ RunTime:0.000800s ]
INFO: [ app_begin ] --START--
INFO: Run Behavior\ReadHtmlCacheBehavior [ RunTime:0.001416s ]
INFO: [ app_begin ] --END-- [ RunTime:0.001569s ]
NOTIC: [8192] curl_setopt(): The usage of the @filename API for file uploading is deprecated. Please use the CURLFile class instead E:\wamp\www\wechat1011\Application\Common\Library\Wechat.class.php 第 208 行.
NOTIC: [8] Trying to get property of non-object E:\wamp\www\wechat1011\Application\Common\Library\Wechat.class.php 第 210 行.
INFO: [ app_end ] --START--
INFO: Run Behavior\ShowPageTraceBehavior [ RunTime:0.004415s ]
INFO: [ app_end ] --END-- [ RunTime:0.005212s ]

[ 2016-10-11T12:47:41+08:00 ] ::1 /wechat1011/home/media/index
INFO: [ app_init ] --START--
INFO: Run Behavior\BuildLiteBehavior [ RunTime:0.000025s ]
INFO: [ app_init ] --END-- [ RunTime:0.000640s ]
INFO: [ app_begin ] --START--
INFO: Run Behavior\ReadHtmlCacheBehavior [ RunTime:0.001216s ]
INFO: [ app_begin ] --END-- [ RunTime:0.001346s ]
NOTIC: [8192] curl_setopt(): The usage of the @filename API for file uploading is deprecated. Please use the CURLFile class instead E:\wamp\www\wechat1011\Application\Common\Library\Wechat.class.php 第 208 行.
NOTIC: [8] Trying to get property of non-object E:\wamp\www\wechat1011\Application\Common\Library\Wechat.class.php 第 210 行.
INFO: [ app_end ] --START--
INFO: Run Behavior\ShowPageTraceBehavior [ RunTime:0.004164s ]
INFO: [ app_end ] --END-- [ RunTime:0.004564s ]

[ 2016-10-11T12:48:20+08:00 ] ::1 /wechat1011/home/media/index
INFO: [ app_init ] --START--
INFO: Run Behavior\BuildLiteBehavior [ RunTime:0.000035s ]
INFO: [ app_init ] --END-- [ RunTime:0.001249s ]
INFO: [ app_begin ] --START--
INFO: Run Behavior\ReadHtmlCacheBehavior [ RunTime:0.002036s ]
INFO: [ app_begin ] --END-- [ RunTime:0.002260s ]
NOTIC: [8192] curl_setopt(): The usage of the @filename API for file uploading is deprecated. Please use the CURLFile class instead E:\wamp\www\wechat1011\Application\Common\Library\Wechat.class.php 第 208 行.
NOTIC: [8] Trying to get property of non-object E:\wamp\www\wechat1011\Application\Common\Library\Wechat.class.php 第 210 行.
NOTIC: [8] Trying to get property of non-object E:\wamp\www\wechat1011\Application\Common\Library\Wechat.class.php 第 211 行.
INFO: [ app_end ] --START--
INFO: Run Behavior\ShowPageTraceBehavior [ RunTime:0.004484s ]
INFO: [ app_end ] --END-- [ RunTime:0.005051s ]

[ 2016-10-11T12:49:55+08:00 ] ::1 /wechat1011/home/media/index
INFO: [ app_init ] --START--
INFO: Run Behavior\BuildLiteBehavior [ RunTime:0.000027s ]
INFO: [ app_init ] --END-- [ RunTime:0.000647s ]
INFO: [ app_begin ] --START--
INFO: Run Behavior\ReadHtmlCacheBehavior [ RunTime:0.001213s ]
INFO: [ app_begin ] --END-- [ RunTime:0.001361s ]
NOTIC: [8192] curl_setopt(): The usage of the @filename API for file uploading is deprecated. Please use the CURLFile class instead E:\wamp\www\wechat1011\Application\Common\Library\Wechat.class.php 第 210 行.
NOTIC: [2] curl_errno() expects exactly 1 parameter, 0 given E:\wamp\www\wechat1011\Application\Common\Library\Wechat.class.php 第 213 行.
INFO: [ app_end ] --START--
INFO: Run Behavior\ShowPageTraceBehavior [ RunTime:0.003171s ]
INFO: [ app_end ] --END-- [ RunTime:0.003513s ]

[ 2016-10-11T12:49:57+08:00 ] ::1 /wechat1011/home/media/index
INFO: [ app_init ] --START--
INFO: Run Behavior\BuildLiteBehavior [ RunTime:0.000034s ]
INFO: [ app_init ] --END-- [ RunTime:0.000734s ]
INFO: [ app_begin ] --START--
INFO: Run Behavior\ReadHtmlCacheBehavior [ RunTime:0.001281s ]
INFO: [ app_begin ] --END-- [ RunTime:0.001418s ]
NOTIC: [8192] curl_setopt(): The usage of the @filename API for file uploading is deprecated. Please use the CURLFile class instead E:\wamp\www\wechat1011\Application\Common\Library\Wechat.class.php 第 210 行.
NOTIC: [2] curl_errno() expects exactly 1 parameter, 0 given E:\wamp\www\wechat1011\Application\Common\Library\Wechat.class.php 第 213 行.
INFO: [ app_end ] --START--
INFO: Run Behavior\ShowPageTraceBehavior [ RunTime:0.004902s ]
INFO: [ app_end ] --END-- [ RunTime:0.005320s ]

[ 2016-10-11T12:50:08+08:00 ] ::1 /wechat1011/home/media/index
INFO: [ app_init ] --START--
INFO: Run Behavior\BuildLiteBehavior [ RunTime:0.000026s ]
INFO: [ app_init ] --END-- [ RunTime:0.000662s ]
INFO: [ app_begin ] --START--
INFO: Run Behavior\ReadHtmlCacheBehavior [ RunTime:0.001583s ]
INFO: [ app_begin ] --END-- [ RunTime:0.001765s ]
NOTIC: [8192] curl_setopt(): The usage of the @filename API for file uploading is deprecated. Please use the CURLFile class instead E:\wamp\www\wechat1011\Application\Common\Library\Wechat.class.php 第 210 行.
NOTIC: [2] curl_errno() expects exactly 1 parameter, 0 given E:\wamp\www\wechat1011\Application\Common\Library\Wechat.class.php 第 213 行.
INFO: [ app_end ] --START--
INFO: Run Behavior\ShowPageTraceBehavior [ RunTime:0.001536s ]
INFO: [ app_end ] --END-- [ RunTime:0.001703s ]

[ 2016-10-11T12:50:30+08:00 ] ::1 /wechat1011/home/media/index
INFO: [ app_init ] --START--
INFO: Run Behavior\BuildLiteBehavior [ RunTime:0.000028s ]
INFO: [ app_init ] --END-- [ RunTime:0.000696s ]
INFO: [ app_begin ] --START--
INFO: Run Behavior\ReadHtmlCacheBehavior [ RunTime:0.001297s ]
INFO: [ app_begin ] --END-- [ RunTime:0.001438s ]
NOTIC: [8192] curl_setopt(): The usage of the @filename API for file uploading is deprecated. Please use the CURLFile class instead E:\wamp\www\wechat1011\Application\Common\Library\Wechat.class.php 第 211 行.
NOTIC: [2] curl_errno() expects exactly 1 parameter, 0 given E:\wamp\www\wechat1011\Application\Common\Library\Wechat.class.php 第 214 行.
INFO: [ app_end ] --START--
INFO: Run Behavior\ShowPageTraceBehavior [ RunTime:0.004544s ]
INFO: [ app_end ] --END-- [ RunTime:0.004981s ]

[ 2016-10-11T12:51:25+08:00 ] ::1 /wechat1011/home/media/index
INFO: [ app_init ] --START--
INFO: Run Behavior\BuildLiteBehavior [ RunTime:0.000028s ]
INFO: [ app_init ] --END-- [ RunTime:0.000638s ]
INFO: [ app_begin ] --START--
INFO: Run Behavior\ReadHtmlCacheBehavior [ RunTime:0.001216s ]
INFO: [ app_begin ] --END-- [ RunTime:0.001349s ]
NOTIC: [8192] curl_setopt(): The usage of the @filename API for file uploading is deprecated. Please use the CURLFile class instead E:\wamp\www\wechat1011\Application\Common\Library\Wechat.class.php 第 211 行.
NOTIC: [8] Array to string conversion E:\wamp\www\wechat1011\Application\Common\Library\Wechat.class.php 第 211 行.
NOTIC: [2] curl_errno() expects exactly 1 parameter, 0 given E:\wamp\www\wechat1011\Application\Common\Library\Wechat.class.php 第 214 行.
INFO: [ app_end ] --START--
INFO: Run Behavior\ShowPageTraceBehavior [ RunTime:0.004333s ]
INFO: [ app_end ] --END-- [ RunTime:0.004944s ]

[ 2016-10-11T12:51:36+08:00 ] ::1 /wechat1011/home/media/index
INFO: [ app_init ] --START--
INFO: Run Behavior\BuildLiteBehavior [ RunTime:0.000026s ]
INFO: [ app_init ] --END-- [ RunTime:0.000629s ]
INFO: [ app_begin ] --START--
INFO: Run Behavior\ReadHtmlCacheBehavior [ RunTime:0.001189s ]
INFO: [ app_begin ] --END-- [ RunTime:0.001317s ]
NOTIC: [8192] curl_setopt(): The usage of the @filename API for file uploading is deprecated. Please use the CURLFile class instead E:\wamp\www\wechat1011\Application\Common\Library\Wechat.class.php 第 211 行.
NOTIC: [8] Array to string conversion E:\wamp\www\wechat1011\Application\Common\Library\Wechat.class.php 第 211 行.
NOTIC: [2] curl_errno() expects exactly 1 parameter, 0 given E:\wamp\www\wechat1011\Application\Common\Library\Wechat.class.php 第 214 行.
INFO: [ app_end ] --START--
INFO: Run Behavior\ShowPageTraceBehavior [ RunTime:0.004087s ]
INFO: [ app_end ] --END-- [ RunTime:0.004485s ]

[ 2016-10-11T13:01:39+08:00 ] ::1 /wechat1011/home/media/index
INFO: [ app_init ] --START--
INFO: Run Behavior\BuildLiteBehavior [ RunTime:0.000027s ]
INFO: [ app_init ] --END-- [ RunTime:0.000716s ]
INFO: [ app_begin ] --START--
INFO: Run Behavior\ReadHtmlCacheBehavior [ RunTime:0.001286s ]
INFO: [ app_begin ] --END-- [ RunTime:0.001471s ]
NOTIC: [2048] Non-static method Common\Library\Wechat::getMediaList() should not be called statically, assuming $this from incompatible context E:\wamp\www\wechat1011\Application\Home\Controller\MediaController.class.php 第 37 行.
INFO: [ app_end ] --START--
INFO: Run Behavior\ShowPageTraceBehavior [ RunTime:0.001424s ]
INFO: [ app_end ] --END-- [ RunTime:0.001590s ]

[ 2016-10-11T13:02:54+08:00 ] ::1 /wechat1011/home/media/index
INFO: [ app_init ] --START--
INFO: Run Behavior\BuildLiteBehavior [ RunTime:0.000027s ]
INFO: [ app_init ] --END-- [ RunTime:0.000637s ]
INFO: [ app_begin ] --START--
INFO: Run Behavior\ReadHtmlCacheBehavior [ RunTime:0.001269s ]
INFO: [ app_begin ] --END-- [ RunTime:0.001413s ]
NOTIC: [2048] Non-static method Common\Library\Wechat::getMediaList() should not be called statically, assuming $this from incompatible context E:\wamp\www\wechat1011\Application\Home\Controller\MediaController.class.php 第 37 行.
INFO: [ app_end ] --START--
INFO: Run Behavior\ShowPageTraceBehavior [ RunTime:0.005326s ]
INFO: [ app_end ] --END-- [ RunTime:0.005914s ]

[ 2016-10-11T13:13:42+08:00 ] ::1 /wechat1011/home/media/index
INFO: [ app_init ] --START--
INFO: Run Behavior\BuildLiteBehavior [ RunTime:0.000102s ]
INFO: [ app_init ] --END-- [ RunTime:0.001377s ]
INFO: [ app_begin ] --START--
INFO: Run Behavior\ReadHtmlCacheBehavior [ RunTime:0.002598s ]
INFO: [ app_begin ] --END-- [ RunTime:0.002877s ]
NOTIC: [2048] Non-static method Common\Library\Wechat::getMediaList() should not be called statically, assuming $this from incompatible context E:\wamp\www\wechat1011\Application\Home\Controller\MediaController.class.php 第 37 行.
INFO: [ app_end ] --START--
INFO: Run Behavior\ShowPageTraceBehavior [ RunTime:0.002081s ]
INFO: [ app_end ] --END-- [ RunTime:0.002284s ]

[ 2016-10-11T13:13:45+08:00 ] ::1 /wechat1011/home/media/index
INFO: [ app_init ] --START--
INFO: Run Behavior\BuildLiteBehavior [ RunTime:0.000031s ]
INFO: [ app_init ] --END-- [ RunTime:0.000739s ]
INFO: [ app_begin ] --START--
INFO: Run Behavior\ReadHtmlCacheBehavior [ RunTime:0.001483s ]
INFO: [ app_begin ] --END-- [ RunTime:0.001676s ]
NOTIC: [2048] Non-static method Common\Library\Wechat::getMediaList() should not be called statically, assuming $this from incompatible context E:\wamp\www\wechat1011\Application\Home\Controller\MediaController.class.php 第 37 行.
INFO: [ app_end ] --START--
INFO: Run Behavior\ShowPageTraceBehavior [ RunTime:0.007241s ]
INFO: [ app_end ] --END-- [ RunTime:0.007819s ]

[ 2016-10-11T13:15:26+08:00 ] ::1 /wechat1011/home/media/index
INFO: [ app_init ] --START--
INFO: Run Behavior\BuildLiteBehavior [ RunTime:0.000043s ]
INFO: [ app_init ] --END-- [ RunTime:0.000661s ]
INFO: [ app_begin ] --START--
INFO: Run Behavior\ReadHtmlCacheBehavior [ RunTime:0.001550s ]
INFO: [ app_begin ] --END-- [ RunTime:0.001743s ]
NOTIC: [8] Undefined variable: wechatObj E:\wamp\www\wechat1011\Application\Home\Controller\MediaController.class.php 第 67 行.

[ 2016-10-11T13:16:31+08:00 ] ::1 /wechat1011/home/media/index
INFO: [ app_init ] --START--
INFO: Run Behavior\BuildLiteBehavior [ RunTime:0.000041s ]
INFO: [ app_init ] --END-- [ RunTime:0.000650s ]
INFO: [ app_begin ] --START--
INFO: Run Behavior\ReadHtmlCacheBehavior [ RunTime:0.001228s ]
INFO: [ app_begin ] --END-- [ RunTime:0.001357s ]
NOTIC: [8] Undefined variable: timeout E:\wamp\www\wechat1011\Application\Common\Library\Wechat.class.php 第 239 行.
NOTIC: [2] curl_errno() expects exactly 1 parameter, 0 given E:\wamp\www\wechat1011\Application\Common\Library\Wechat.class.php 第 245 行.
INFO: [ app_end ] --START--
INFO: Run Behavior\ShowPageTraceBehavior [ RunTime:0.002409s ]
INFO: [ app_end ] --END-- [ RunTime:0.002643s ]

[ 2016-10-11T13:17:00+08:00 ] ::1 /wechat1011/home/media/index
INFO: [ app_init ] --START--
INFO: Run Behavior\BuildLiteBehavior [ RunTime:0.000033s ]
INFO: [ app_init ] --END-- [ RunTime:0.001030s ]
INFO: [ app_begin ] --START--
INFO: Run Behavior\ReadHtmlCacheBehavior [ RunTime:0.001286s ]
INFO: [ app_begin ] --END-- [ RunTime:0.001419s ]
NOTIC: [8] Undefined variable: timeout E:\wamp\www\wechat1011\Application\Common\Library\Wechat.class.php 第 239 行.
NOTIC: [2] curl_errno() expects exactly 1 parameter, 0 given E:\wamp\www\wechat1011\Application\Common\Library\Wechat.class.php 第 245 行.
INFO: [ app_end ] --START--
INFO: Run Behavior\ShowPageTraceBehavior [ RunTime:0.004282s ]
INFO: [ app_end ] --END-- [ RunTime:0.004697s ]

[ 2016-10-11T13:19:01+08:00 ] ::1 /wechat1011/home/media/index
INFO: [ app_init ] --START--
INFO: Run Behavior\BuildLiteBehavior [ RunTime:0.000062s ]
INFO: [ app_init ] --END-- [ RunTime:0.001332s ]
INFO: [ app_begin ] --START--
INFO: Run Behavior\ReadHtmlCacheBehavior [ RunTime:0.001673s ]
INFO: [ app_begin ] --END-- [ RunTime:0.001893s ]
NOTIC: [8] Undefined variable: timeout E:\wamp\www\wechat1011\Application\Common\Library\Wechat.class.php 第 241 行.
NOTIC: [2] curl_errno() expects exactly 1 parameter, 0 given E:\wamp\www\wechat1011\Application\Common\Library\Wechat.class.php 第 247 行.
INFO: [ app_end ] --START--
INFO: Run Behavior\ShowPageTraceBehavior [ RunTime:0.007101s ]
INFO: [ app_end ] --END-- [ RunTime:0.007773s ]

[ 2016-10-11T13:19:12+08:00 ] ::1 /wechat1011/home/media/index
INFO: [ app_init ] --START--
INFO: Run Behavior\BuildLiteBehavior [ RunTime:0.000032s ]
INFO: [ app_init ] --END-- [ RunTime:0.000829s ]
INFO: [ app_begin ] --START--
INFO: Run Behavior\ReadHtmlCacheBehavior [ RunTime:0.001662s ]
INFO: [ app_begin ] --END-- [ RunTime:0.001820s ]
NOTIC: [8] Undefined variable: timeout E:\wamp\www\wechat1011\Application\Common\Library\Wechat.class.php 第 241 行.
NOTIC: [2] curl_errno() expects exactly 1 parameter, 0 given E:\wamp\www\wechat1011\Application\Common\Library\Wechat.class.php 第 247 行.
INFO: [ app_end ] --START--
INFO: Run Behavior\ShowPageTraceBehavior [ RunTime:0.003061s ]
INFO: [ app_end ] --END-- [ RunTime:0.003421s ]

[ 2016-10-11T13:19:57+08:00 ] ::1 /wechat1011/home/media/index
INFO: [ app_init ] --START--
INFO: Run Behavior\BuildLiteBehavior [ RunTime:0.000026s ]
INFO: [ app_init ] --END-- [ RunTime:0.000660s ]
INFO: [ app_begin ] --START--
INFO: Run Behavior\ReadHtmlCacheBehavior [ RunTime:0.001197s ]
INFO: [ app_begin ] --END-- [ RunTime:0.001327s ]
NOTIC: [8] Undefined variable: timeout E:\wamp\www\wechat1011\Application\Common\Library\Wechat.class.php 第 241 行.
NOTIC: [2] curl_errno() expects exactly 1 parameter, 0 given E:\wamp\www\wechat1011\Application\Common\Library\Wechat.class.php 第 247 行.
INFO: [ app_end ] --START--
INFO: Run Behavior\ShowPageTraceBehavior [ RunTime:0.004314s ]
INFO: [ app_end ] --END-- [ RunTime:0.004908s ]

[ 2016-10-11T13:20:12+08:00 ] ::1 /wechat1011/home/media/index
INFO: [ app_init ] --START--
INFO: Run Behavior\BuildLiteBehavior [ RunTime:0.000038s ]
INFO: [ app_init ] --END-- [ RunTime:0.001492s ]
INFO: [ app_begin ] --START--
INFO: Run Behavior\ReadHtmlCacheBehavior [ RunTime:0.001319s ]
INFO: [ app_begin ] --END-- [ RunTime:0.001454s ]
NOTIC: [8] Undefined variable: timeout E:\wamp\www\wechat1011\Application\Common\Library\Wechat.class.php 第 241 行.
NOTIC: [2] curl_errno() expects exactly 1 parameter, 0 given E:\wamp\www\wechat1011\Application\Common\Library\Wechat.class.php 第 247 行.
INFO: [ app_end ] --START--
INFO: Run Behavior\ShowPageTraceBehavior [ RunTime:0.004256s ]
INFO: [ app_end ] --END-- [ RunTime:0.004702s ]

[ 2016-10-11T13:22:00+08:00 ] ::1 /wechat1011/home/media/index
INFO: [ app_init ] --START--
INFO: Run Behavior\BuildLiteBehavior [ RunTime:0.000026s ]
INFO: [ app_init ] --END-- [ RunTime:0.000659s ]
INFO: [ app_begin ] --START--
INFO: Run Behavior\ReadHtmlCacheBehavior [ RunTime:0.001250s ]
INFO: [ app_begin ] --END-- [ RunTime:0.001394s ]
NOTIC: [8] Undefined variable: timeout E:\wamp\www\wechat1011\Application\Common\Library\Wechat.class.php 第 241 行.
NOTIC: [2] curl_errno() expects exactly 1 parameter, 0 given E:\wamp\www\wechat1011\Application\Common\Library\Wechat.class.php 第 247 行.
INFO: [ app_end ] --START--
INFO: Run Behavior\ShowPageTraceBehavior [ RunTime:0.004214s ]
INFO: [ app_end ] --END-- [ RunTime:0.004621s ]

[ 2016-10-11T13:23:17+08:00 ] ::1 /wechat1011/home/media/index
INFO: [ app_init ] --START--
INFO: Run Behavior\BuildLiteBehavior [ RunTime:0.000061s ]
INFO: [ app_init ] --END-- [ RunTime:0.000726s ]
INFO: [ app_begin ] --START--
INFO: Run Behavior\ReadHtmlCacheBehavior [ RunTime:0.001202s ]
INFO: [ app_begin ] --END-- [ RunTime:0.001358s ]
NOTIC: [8] Undefined variable: timeout E:\wamp\www\wechat1011\Application\Common\Library\Wechat.class.php 第 241 行.
NOTIC: [2] curl_errno() expects exactly 1 parameter, 0 given E:\wamp\www\wechat1011\Application\Common\Library\Wechat.class.php 第 247 行.
INFO: [ app_end ] --START--
INFO: Run Behavior\ShowPageTraceBehavior [ RunTime:0.005448s ]
INFO: [ app_end ] --END-- [ RunTime:0.006039s ]

[ 2016-10-11T13:24:45+08:00 ] ::1 /wechat1011/home/media/index
INFO: [ app_init ] --START--
INFO: Run Behavior\BuildLiteBehavior [ RunTime:0.000026s ]
INFO: [ app_init ] --END-- [ RunTime:0.000605s ]
INFO: [ app_begin ] --START--
INFO: Run Behavior\ReadHtmlCacheBehavior [ RunTime:0.001321s ]
INFO: [ app_begin ] --END-- [ RunTime:0.001463s ]
NOTIC: [8192] curl_setopt(): The usage of the @filename API for file uploading is deprecated. Please use the CURLFile class instead E:\wamp\www\wechat1011\Application\Common\Library\Wechat.class.php 第 213 行.
NOTIC: [8] Array to string conversion E:\wamp\www\wechat1011\Application\Common\Library\Wechat.class.php 第 213 行.
NOTIC: [2] curl_errno() expects exactly 1 parameter, 0 given E:\wamp\www\wechat1011\Application\Common\Library\Wechat.class.php 第 216 行.
INFO: [ app_end ] --START--
INFO: Run Behavior\ShowPageTraceBehavior [ RunTime:0.003544s ]
INFO: [ app_end ] --END-- [ RunTime:0.003993s ]

[ 2016-10-11T13:26:11+08:00 ] ::1 /wechat1011/home/media/index
INFO: [ app_init ] --START--
INFO: Run Behavior\BuildLiteBehavior [ RunTime:0.000026s ]
INFO: [ app_init ] --END-- [ RunTime:0.000637s ]
INFO: [ app_begin ] --START--
INFO: Run Behavior\ReadHtmlCacheBehavior [ RunTime:0.001204s ]
INFO: [ app_begin ] --END-- [ RunTime:0.001332s ]
NOTIC: [8192] curl_setopt(): The usage of the @filename API for file uploading is deprecated. Please use the CURLFile class instead E:\wamp\www\wechat1011\Application\Common\Library\Wechat.class.php 第 212 行.
NOTIC: [8] Array to string conversion E:\wamp\www\wechat1011\Application\Common\Library\Wechat.class.php 第 212 行.
NOTIC: [2] curl_errno() expects exactly 1 parameter, 0 given E:\wamp\www\wechat1011\Application\Common\Library\Wechat.class.php 第 215 行.
INFO: [ app_end ] --START--
INFO: Run Behavior\ShowPageTraceBehavior [ RunTime:0.002488s ]
INFO: [ app_end ] --END-- [ RunTime:0.002743s ]

[ 2016-10-11T13:26:47+08:00 ] ::1 /wechat1011/home/media/index
INFO: [ app_init ] --START--
INFO: Run Behavior\BuildLiteBehavior [ RunTime:0.000033s ]
INFO: [ app_init ] --END-- [ RunTime:0.000771s ]
INFO: [ app_begin ] --START--
INFO: Run Behavior\ReadHtmlCacheBehavior [ RunTime:0.001453s ]
INFO: [ app_begin ] --END-- [ RunTime:0.001610s ]
NOTIC: [8192] curl_setopt(): The usage of the @filename API for file uploading is deprecated. Please use the CURLFile class instead E:\wamp\www\wechat1011\Application\Common\Library\Wechat.class.php 第 212 行.
NOTIC: [8] Array to string conversion E:\wamp\www\wechat1011\Application\Common\Library\Wechat.class.php 第 212 行.
NOTIC: [2] curl_errno() expects exactly 1 parameter, 0 given E:\wamp\www\wechat1011\Application\Common\Library\Wechat.class.php 第 215 行.
NOTIC: [2048] Non-static method Common\Library\Wechat::getMediaList() should not be called statically, assuming $this from incompatible context E:\wamp\www\wechat1011\Application\Home\Controller\MediaController.class.php 第 39 行.
INFO: [ app_end ] --START--
INFO: Run Behavior\ShowPageTraceBehavior [ RunTime:0.004232s ]
INFO: [ app_end ] --END-- [ RunTime:0.004687s ]

[ 2016-10-11T13:27:07+08:00 ] ::1 /wechat1011/home/media/index
INFO: [ app_init ] --START--
INFO: Run Behavior\BuildLiteBehavior [ RunTime:0.000031s ]
INFO: [ app_init ] --END-- [ RunTime:0.000800s ]
INFO: [ app_begin ] --START--
INFO: Run Behavior\ReadHtmlCacheBehavior [ RunTime:0.002006s ]
INFO: [ app_begin ] --END-- [ RunTime:0.002169s ]
NOTIC: [8192] curl_setopt(): The usage of the @filename API for file uploading is deprecated. Please use the CURLFile class instead E:\wamp\www\wechat1011\Application\Common\Library\Wechat.class.php 第 212 行.
NOTIC: [8] Array to string conversion E:\wamp\www\wechat1011\Application\Common\Library\Wechat.class.php 第 212 行.
NOTIC: [2] curl_errno() expects exactly 1 parameter, 0 given E:\wamp\www\wechat1011\Application\Common\Library\Wechat.class.php 第 215 行.
NOTIC: [8] Undefined variable: timeout E:\wamp\www\wechat1011\Application\Common\Library\Wechat.class.php 第 240 行.
NOTIC: [2] curl_errno() expects exactly 1 parameter, 0 given E:\wamp\www\wechat1011\Application\Common\Library\Wechat.class.php 第 246 行.
INFO: [ app_end ] --START--
INFO: Run Behavior\ShowPageTraceBehavior [ RunTime:0.001789s ]
INFO: [ app_end ] --END-- [ RunTime:0.001961s ]

[ 2016-10-11T13:27:50+08:00 ] ::1 /wechat1011/home/media/index
INFO: [ app_init ] --START--
INFO: Run Behavior\BuildLiteBehavior [ RunTime:0.000036s ]
INFO: [ app_init ] --END-- [ RunTime:0.000868s ]
INFO: [ app_begin ] --START--
INFO: Run Behavior\ReadHtmlCacheBehavior [ RunTime:0.001259s ]
INFO: [ app_begin ] --END-- [ RunTime:0.001443s ]
NOTIC: [8192] curl_setopt(): The usage of the @filename API for file uploading is deprecated. Please use the CURLFile class instead E:\wamp\www\wechat1011\Application\Common\Library\Wechat.class.php 第 212 行.
NOTIC: [8] Array to string conversion E:\wamp\www\wechat1011\Application\Common\Library\Wechat.class.php 第 212 行.
NOTIC: [2] curl_errno() expects exactly 1 parameter, 0 given E:\wamp\www\wechat1011\Application\Common\Library\Wechat.class.php 第 215 行.
NOTIC: [2048] Non-static method Common\Library\Wechat::getMediaList() should not be called statically, assuming $this from incompatible context E:\wamp\www\wechat1011\Application\Home\Controller\MediaController.class.php 第 39 行.
INFO: [ app_end ] --START--
INFO: Run Behavior\ShowPageTraceBehavior [ RunTime:0.004738s ]
INFO: [ app_end ] --END-- [ RunTime:0.005259s ]

[ 2016-10-11T13:29:15+08:00 ] ::1 /wechat1011/home/media/index
INFO: [ app_init ] --START--
INFO: Run Behavior\BuildLiteBehavior [ RunTime:0.000027s ]
INFO: [ app_init ] --END-- [ RunTime:0.000645s ]
INFO: [ app_begin ] --START--
INFO: Run Behavior\ReadHtmlCacheBehavior [ RunTime:0.001838s ]
INFO: [ app_begin ] --END-- [ RunTime:0.001983s ]
NOTIC: [8192] curl_setopt(): The usage of the @filename API for file uploading is deprecated. Please use the CURLFile class instead E:\wamp\www\wechat1011\Application\Common\Library\Wechat.class.php 第 212 行.
NOTIC: [8] Array to string conversion E:\wamp\www\wechat1011\Application\Common\Library\Wechat.class.php 第 212 行.
NOTIC: [2] curl_errno() expects exactly 1 parameter, 0 given E:\wamp\www\wechat1011\Application\Common\Library\Wechat.class.php 第 215 行.
NOTIC: [2048] Non-static method Common\Library\Wechat::getMediaList() should not be called statically, assuming $this from incompatible context E:\wamp\www\wechat1011\Application\Home\Controller\MediaController.class.php 第 39 行.
NOTIC: [8] Undefined variable: response E:\wamp\www\wechat1011\Application\Common\Library\Wechat.class.php 第 231 行.
INFO: [ app_end ] --START--
INFO: Run Behavior\ShowPageTraceBehavior [ RunTime:0.004704s ]
INFO: [ app_end ] --END-- [ RunTime:0.005119s ]

[ 2016-10-11T13:29:26+08:00 ] ::1 /wechat1011/home/media/index
INFO: [ app_init ] --START--
INFO: Run Behavior\BuildLiteBehavior [ RunTime:0.000029s ]
INFO: [ app_init ] --END-- [ RunTime:0.000928s ]
INFO: [ app_begin ] --START--
INFO: Run Behavior\ReadHtmlCacheBehavior [ RunTime:0.002211s ]
INFO: [ app_begin ] --END-- [ RunTime:0.002406s ]
NOTIC: [8192] curl_setopt(): The usage of the @filename API for file uploading is deprecated. Please use the CURLFile class instead E:\wamp\www\wechat1011\Application\Common\Library\Wechat.class.php 第 212 行.
NOTIC: [8] Array to string conversion E:\wamp\www\wechat1011\Application\Common\Library\Wechat.class.php 第 212 行.
NOTIC: [2] curl_errno() expects exactly 1 parameter, 0 given E:\wamp\www\wechat1011\Application\Common\Library\Wechat.class.php 第 215 行.
NOTIC: [2048] Non-static method Common\Library\Wechat::getMediaList() should not be called statically, assuming $this from incompatible context E:\wamp\www\wechat1011\Application\Home\Controller\MediaController.class.php 第 39 行.
INFO: [ app_end ] --START--
INFO: Run Behavior\ShowPageTraceBehavior [ RunTime:0.001485s ]
INFO: [ app_end ] --END-- [ RunTime:0.001644s ]

[ 2016-10-11T14:49:34+08:00 ] ::1 /wechat1011/home/media/index
INFO: [ app_init ] --START--
INFO: Run Behavior\BuildLiteBehavior [ RunTime:0.000049s ]
INFO: [ app_init ] --END-- [ RunTime:0.016465s ]
INFO: [ app_begin ] --START--
INFO: Run Behavior\ReadHtmlCacheBehavior [ RunTime:0.016351s ]
INFO: [ app_begin ] --END-- [ RunTime:0.016621s ]
NOTIC: [8192] curl_setopt(): The usage of the @filename API for file uploading is deprecated. Please use the CURLFile class instead E:\wamp\www\wechat1011\Application\Common\Library\Wechat.class.php 第 212 行.
NOTIC: [8] Array to string conversion E:\wamp\www\wechat1011\Application\Common\Library\Wechat.class.php 第 212 行.
NOTIC: [2] curl_errno() expects exactly 1 parameter, 0 given E:\wamp\www\wechat1011\Application\Common\Library\Wechat.class.php 第 215 行.
INFO: [ app_end ] --START--
INFO: Run Behavior\ShowPageTraceBehavior [ RunTime:0.016154s ]
INFO: [ app_end ] --END-- [ RunTime:0.016465s ]

[ 2016-10-11T14:54:53+08:00 ] ::1 /wechat1011/home/media/index
INFO: [ app_init ] --START--
INFO: Run Behavior\BuildLiteBehavior [ RunTime:0.000039s ]
INFO: [ app_init ] --END-- [ RunTime:0.000790s ]
INFO: [ app_begin ] --START--
INFO: Run Behavior\ReadHtmlCacheBehavior [ RunTime:0.001525s ]
INFO: [ app_begin ] --END-- [ RunTime:0.001665s ]
NOTIC: [8192] curl_setopt(): The usage of the @filename API for file uploading is deprecated. Please use the CURLFile class instead E:\wamp\www\wechat1011\Application\Common\Library\Wechat.class.php 第 215 行.
NOTIC: [8] Array to string conversion E:\wamp\www\wechat1011\Application\Common\Library\Wechat.class.php 第 215 行.
NOTIC: [2] curl_errno() expects exactly 1 parameter, 0 given E:\wamp\www\wechat1011\Application\Common\Library\Wechat.class.php 第 218 行.
INFO: [ app_end ] --START--
INFO: Run Behavior\ShowPageTraceBehavior [ RunTime:0.004759s ]
INFO: [ app_end ] --END-- [ RunTime:0.005173s ]

[ 2016-10-11T14:55:12+08:00 ] ::1 /wechat1011/home/media/index
INFO: [ app_init ] --START--
INFO: Run Behavior\BuildLiteBehavior [ RunTime:0.000049s ]
INFO: [ app_init ] --END-- [ RunTime:0.000905s ]
INFO: [ app_begin ] --START--
INFO: Run Behavior\ReadHtmlCacheBehavior [ RunTime:0.001430s ]
INFO: [ app_begin ] --END-- [ RunTime:0.001587s ]
NOTIC: [8192] curl_setopt(): The usage of the @filename API for file uploading is deprecated. Please use the CURLFile class instead E:\wamp\www\wechat1011\Application\Common\Library\Wechat.class.php 第 215 行.
NOTIC: [8] Array to string conversion E:\wamp\www\wechat1011\Application\Common\Library\Wechat.class.php 第 215 行.
NOTIC: [2] curl_errno() expects exactly 1 parameter, 0 given E:\wamp\www\wechat1011\Application\Common\Library\Wechat.class.php 第 218 行.
INFO: [ app_end ] --START--
INFO: Run Behavior\ShowPageTraceBehavior [ RunTime:0.005422s ]
INFO: [ app_end ] --END-- [ RunTime:0.005833s ]

[ 2016-10-11T15:18:03+08:00 ] ::1 /wechat1011/home/media/index
INFO: [ app_init ] --START--
INFO: Run Behavior\BuildLiteBehavior [ RunTime:0.000032s ]
INFO: [ app_init ] --END-- [ RunTime:0.000911s ]
INFO: [ app_begin ] --START--
INFO: Run Behavior\ReadHtmlCacheBehavior [ RunTime:0.001799s ]
INFO: [ app_begin ] --END-- [ RunTime:0.001962s ]
NOTIC: [8192] curl_setopt(): The usage of the @filename API for file uploading is deprecated. Please use the CURLFile class instead E:\wamp\www\wechat1011\Application\Common\Library\Wechat.class.php 第 215 行.
NOTIC: [8] Array to string conversion E:\wamp\www\wechat1011\Application\Common\Library\Wechat.class.php 第 215 行.
NOTIC: [2] curl_errno() expects exactly 1 parameter, 0 given E:\wamp\www\wechat1011\Application\Common\Library\Wechat.class.php 第 218 行.
INFO: [ app_end ] --START--
INFO: Run Behavior\ShowPageTraceBehavior [ RunTime:0.005740s ]
INFO: [ app_end ] --END-- [ RunTime:0.006337s ]

[ 2016-10-11T15:45:45+08:00 ] ::1 /wechat1011/home/media/index
INFO: [ app_init ] --START--
INFO: Run Behavior\BuildLiteBehavior [ RunTime:0.000032s ]
INFO: [ app_init ] --END-- [ RunTime:0.000777s ]
INFO: [ app_begin ] --START--
INFO: Run Behavior\ReadHtmlCacheBehavior [ RunTime:0.001507s ]
INFO: [ app_begin ] --END-- [ RunTime:0.001667s ]
NOTIC: [2048] Non-static method Common\Library\Wechat::getMediaList() should not be called statically, assuming $this from incompatible context E:\wamp\www\wechat1011\Application\Home\Controller\MediaController.class.php 第 41 行.
INFO: [ app_end ] --START--
INFO: Run Behavior\ShowPageTraceBehavior [ RunTime:0.005362s ]
INFO: [ app_end ] --END-- [ RunTime:0.005791s ]

[ 2016-10-11T15:46:44+08:00 ] ::1 /wechat1011/home/media/index
INFO: [ app_init ] --START--
INFO: Run Behavior\BuildLiteBehavior [ RunTime:0.000068s ]
INFO: [ app_init ] --END-- [ RunTime:0.000868s ]
INFO: [ app_begin ] --START--
INFO: Run Behavior\ReadHtmlCacheBehavior [ RunTime:0.001326s ]
INFO: [ app_begin ] --END-- [ RunTime:0.001469s ]
NOTIC: [2048] Non-static method Common\Library\Wechat::getMediaList() should not be called statically, assuming $this from incompatible context E:\wamp\www\wechat1011\Application\Home\Controller\MediaController.class.php 第 41 行.
INFO: [ app_end ] --START--
INFO: Run Behavior\ShowPageTraceBehavior [ RunTime:0.004881s ]
INFO: [ app_end ] --END-- [ RunTime:0.005558s ]

[ 2016-10-11T15:46:46+08:00 ] ::1 /wechat1011/home/media/index
INFO: [ app_init ] --START--
INFO: Run Behavior\BuildLiteBehavior [ RunTime:0.000030s ]
INFO: [ app_init ] --END-- [ RunTime:0.000733s ]
INFO: [ app_begin ] --START--
INFO: Run Behavior\ReadHtmlCacheBehavior [ RunTime:0.001788s ]
INFO: [ app_begin ] --END-- [ RunTime:0.002083s ]
NOTIC: [2048] Non-static method Common\Library\Wechat::getMediaList() should not be called statically, assuming $this from incompatible context E:\wamp\www\wechat1011\Application\Home\Controller\MediaController.class.php 第 41 行.
INFO: [ app_end ] --START--
INFO: Run Behavior\ShowPageTraceBehavior [ RunTime:0.001601s ]
INFO: [ app_end ] --END-- [ RunTime:0.001757s ]

[ 2016-10-11T15:47:57+08:00 ] ::1 /wechat1011/home/media/index
INFO: [ app_init ] --START--
INFO: Run Behavior\BuildLiteBehavior [ RunTime:0.000031s ]
INFO: [ app_init ] --END-- [ RunTime:0.000745s ]
INFO: [ app_begin ] --START--
INFO: Run Behavior\ReadHtmlCacheBehavior [ RunTime:0.001490s ]
INFO: [ app_begin ] --END-- [ RunTime:0.001648s ]
NOTIC: [8] Undefined variable: timeout E:\wamp\www\wechat1011\Application\Common\Library\Wechat.class.php 第 243 行.
NOTIC: [2] curl_errno() expects exactly 1 parameter, 0 given E:\wamp\www\wechat1011\Application\Common\Library\Wechat.class.php 第 249 行.
INFO: [ app_end ] --START--
INFO: Run Behavior\ShowPageTraceBehavior [ RunTime:0.004282s ]
INFO: [ app_end ] --END-- [ RunTime:0.004702s ]

[ 2016-10-11T16:02:21+08:00 ] ::1 /wechat1011/home/media/index
INFO: [ app_init ] --START--
INFO: Run Behavior\BuildLiteBehavior [ RunTime:0.000031s ]
INFO: [ app_init ] --END-- [ RunTime:0.000755s ]
INFO: [ app_begin ] --START--
INFO: Run Behavior\ReadHtmlCacheBehavior [ RunTime:0.001453s ]
INFO: [ app_begin ] --END-- [ RunTime:0.001615s ]
NOTIC: [2048] Non-static method Common\Library\Wechat::getMediaList() should not be called statically, assuming $this from incompatible context E:\wamp\www\wechat1011\Application\Home\Controller\MediaController.class.php 第 41 行.
INFO: [ app_end ] --START--
INFO: Run Behavior\ShowPageTraceBehavior [ RunTime:0.004659s ]
INFO: [ app_end ] --END-- [ RunTime:0.005084s ]

[ 2016-10-11T16:03:22+08:00 ] ::1 /wechat1011/home/media/index
INFO: [ app_init ] --START--
INFO: Run Behavior\BuildLiteBehavior [ RunTime:0.000033s ]
INFO: [ app_init ] --END-- [ RunTime:0.000848s ]
INFO: [ app_begin ] --START--
INFO: Run Behavior\ReadHtmlCacheBehavior [ RunTime:0.001504s ]
INFO: [ app_begin ] --END-- [ RunTime:0.001658s ]
NOTIC: [8192] curl_setopt(): The usage of the @filename API for file uploading is deprecated. Please use the CURLFile class instead E:\wamp\www\wechat1011\Application\Common\Library\Wechat.class.php 第 215 行.
NOTIC: [8] Array to string conversion E:\wamp\www\wechat1011\Application\Common\Library\Wechat.class.php 第 215 行.
NOTIC: [2] curl_errno() expects exactly 1 parameter, 0 given E:\wamp\www\wechat1011\Application\Common\Library\Wechat.class.php 第 218 行.
INFO: [ app_end ] --START--
INFO: Run Behavior\ShowPageTraceBehavior [ RunTime:0.004367s ]
INFO: [ app_end ] --END-- [ RunTime:0.004782s ]

[ 2016-10-11T17:02:00+08:00 ] ::1 /wechat1011/home/media/index
INFO: [ app_init ] --START--
INFO: Run Behavior\BuildLiteBehavior [ RunTime:0.000030s ]
INFO: [ app_init ] --END-- [ RunTime:0.000754s ]
INFO: [ app_begin ] --START--
INFO: Run Behavior\ReadHtmlCacheBehavior [ RunTime:0.002085s ]
INFO: [ app_begin ] --END-- [ RunTime:0.002338s ]
NOTIC: [8192] curl_setopt(): The usage of the @filename API for file uploading is deprecated. Please use the CURLFile class instead E:\wamp\www\wechat1011\Application\Common\Library\Wechat.class.php 第 215 行.
NOTIC: [8] Array to string conversion E:\wamp\www\wechat1011\Application\Common\Library\Wechat.class.php 第 215 行.
NOTIC: [2] curl_errno() expects exactly 1 parameter, 0 given E:\wamp\www\wechat1011\Application\Common\Library\Wechat.class.php 第 218 行.
NOTIC: [8] Undefined index: media_id E:\wamp\www\wechat1011\Application\Home\Controller\MediaController.class.php 第 13 行.
NOTIC: [8] Undefined index: url E:\wamp\www\wechat1011\Application\Home\Controller\MediaController.class.php 第 14 行.
SQL: SHOW COLUMNS FROM `images` [ RunTime:0.1196s ]
NOTIC: [8] Undefined variable: images E:\wamp\www\wechat1011\Application\Home\Controller\MediaController.class.php 第 17 行.

[ 2016-10-11T17:03:12+08:00 ] ::1 /wechat1011/home/media/index
INFO: [ app_init ] --START--
INFO: Run Behavior\BuildLiteBehavior [ RunTime:0.000028s ]
INFO: [ app_init ] --END-- [ RunTime:0.000701s ]
INFO: [ app_begin ] --START--
INFO: Run Behavior\ReadHtmlCacheBehavior [ RunTime:0.000919s ]
INFO: [ app_begin ] --END-- [ RunTime:0.001060s ]
NOTIC: [8192] curl_setopt(): The usage of the @filename API for file uploading is deprecated. Please use the CURLFile class instead E:\wamp\www\wechat1011\Application\Common\Library\Wechat.class.php 第 215 行.
NOTIC: [8] Array to string conversion E:\wamp\www\wechat1011\Application\Common\Library\Wechat.class.php 第 215 行.
NOTIC: [2] curl_errno() expects exactly 1 parameter, 0 given E:\wamp\www\wechat1011\Application\Common\Library\Wechat.class.php 第 218 行.
NOTIC: [8] Undefined index: media_id E:\wamp\www\wechat1011\Application\Home\Controller\MediaController.class.php 第 13 行.
NOTIC: [8] Undefined index: url E:\wamp\www\wechat1011\Application\Home\Controller\MediaController.class.php 第 14 行.
SQL: SHOW COLUMNS FROM `images` [ RunTime:0.0398s ]
SQL: INSERT INTO `images` () VALUES () [ RunTime:0.0436s ]
INFO: [ app_end ] --START--
INFO: Run Behavior\ShowPageTraceBehavior [ RunTime:0.003561s ]
INFO: [ app_end ] --END-- [ RunTime:0.004039s ]

