[ 2016-10-29T17:06:57+08:00 ] 127.0.0.1 /
INFO: [ app_init ] --START--
INFO: Run Behavior\BuildLiteBehavior [ RunTime:0.000043s ]
INFO: [ app_init ] --END-- [ RunTime:0.050349s ]
INFO: [ app_begin ] --START--
INFO: Run Behavior\ReadHtmlCacheBehavior [ RunTime:0.000998s ]
INFO: [ app_begin ] --END-- [ RunTime:0.001133s ]
INFO: [ view_parse ] --START--
INFO: [ template_filter ] --START--
INFO: Run Behavior\ContentReplaceBehavior [ RunTime:0.008839s ]
INFO: [ template_filter ] --END-- [ RunTime:0.009716s ]
INFO: Run Behavior\ParseTemplateBehavior [ RunTime:0.133667s ]
INFO: [ view_parse ] --END-- [ RunTime:0.133842s ]
INFO: [ view_filter ] --START--
INFO: Run Behavior\WriteHtmlCacheBehavior [ RunTime:0.010779s ]
INFO: [ view_filter ] --END-- [ RunTime:0.010998s ]
INFO: [ app_end ] --START--
INFO: Run Behavior\ShowPageTraceBehavior [ RunTime:0.001749s ]
INFO: [ app_end ] --END-- [ RunTime:0.001964s ]

[ 2016-10-29T17:07:09+08:00 ] 127.0.0.1 /index.php/home/menu/view
INFO: [ app_init ] --START--
INFO: Run Behavior\BuildLiteBehavior [ RunTime:0.000031s ]
INFO: [ app_init ] --END-- [ RunTime:0.000686s ]
INFO: [ app_begin ] --START--
INFO: Run Behavior\ReadHtmlCacheBehavior [ RunTime:0.000708s ]
INFO: [ app_begin ] --END-- [ RunTime:0.000845s ]
NOTIC: [2048] Non-static method Common\Library\Wechat::getAccessToken() should not be called statically, assuming $this from incompatible context E:\wamp\www\wechat1025\Application\Home\Controller\MenuController.class.php 第 54 行.
NOTIC: [2048] Non-static method Common\Library\Wechat::menuView() should not be called statically, assuming $this from incompatible context E:\wamp\www\wechat1025\Application\Home\Controller\MenuController.class.php 第 57 行.
NOTIC: [2] curl_errno() expects exactly 1 parameter, 0 given E:\wamp\www\wechat1025\Application\Common\Library\Wechat.class.php 第 314 行.
INFO: [ view_parse ] --START--
INFO: [ template_filter ] --START--
INFO: Run Behavior\ContentReplaceBehavior [ RunTime:0.000102s ]
INFO: [ template_filter ] --END-- [ RunTime:0.000258s ]
INFO: Run Behavior\ParseTemplateBehavior [ RunTime:0.035990s ]
INFO: [ view_parse ] --END-- [ RunTime:0.036178s ]
INFO: [ view_filter ] --START--
INFO: Run Behavior\WriteHtmlCacheBehavior [ RunTime:0.000584s ]
INFO: [ view_filter ] --END-- [ RunTime:0.000729s ]
INFO: [ app_end ] --START--
INFO: Run Behavior\ShowPageTraceBehavior [ RunTime:0.001394s ]
INFO: [ app_end ] --END-- [ RunTime:0.001630s ]

[ 2016-10-29T17:07:31+08:00 ] 127.0.0.1 /index.php/home/menu/manage
INFO: [ app_init ] --START--
INFO: Run Behavior\BuildLiteBehavior [ RunTime:0.000067s ]
INFO: [ app_init ] --END-- [ RunTime:0.000926s ]
INFO: [ app_begin ] --START--
INFO: Run Behavior\ReadHtmlCacheBehavior [ RunTime:0.001067s ]
INFO: [ app_begin ] --END-- [ RunTime:0.001321s ]
NOTIC: [2048] Non-static method Common\Library\Wechat::getAccessToken() should not be called statically, assuming $this from incompatible context E:\wamp\www\wechat1025\Application\Home\Controller\MenuController.class.php 第 67 行.
NOTIC: [2048] Non-static method Common\Library\Wechat::menuView() should not be called statically, assuming $this from incompatible context E:\wamp\www\wechat1025\Application\Home\Controller\MenuController.class.php 第 70 行.
NOTIC: [2] curl_errno() expects exactly 1 parameter, 0 given E:\wamp\www\wechat1025\Application\Common\Library\Wechat.class.php 第 314 行.
INFO: [ view_parse ] --START--
INFO: [ template_filter ] --START--
INFO: Run Behavior\ContentReplaceBehavior [ RunTime:0.000173s ]
INFO: [ template_filter ] --END-- [ RunTime:0.000398s ]
NOTIC: [8] Undefined property: stdClass::$type E:\wamp\www\wechat1025\Application\Runtime\Cache\Home\61aaa62297252d85ed66208e4e207c1c.php 第 84 行.
NOTIC: [8] Undefined property: stdClass::$key E:\wamp\www\wechat1025\Application\Runtime\Cache\Home\61aaa62297252d85ed66208e4e207c1c.php 第 91 行.
NOTIC: [8] Undefined property: stdClass::$url E:\wamp\www\wechat1025\Application\Runtime\Cache\Home\61aaa62297252d85ed66208e4e207c1c.php 第 91 行.
NOTIC: [8] Undefined property: stdClass::$key E:\wamp\www\wechat1025\Application\Runtime\Cache\Home\61aaa62297252d85ed66208e4e207c1c.php 第 104 行.
NOTIC: [8] Undefined property: stdClass::$key E:\wamp\www\wechat1025\Application\Runtime\Cache\Home\61aaa62297252d85ed66208e4e207c1c.php 第 104 行.
NOTIC: [8] Undefined property: stdClass::$key E:\wamp\www\wechat1025\Application\Runtime\Cache\Home\61aaa62297252d85ed66208e4e207c1c.php 第 104 行.
NOTIC: [8] Undefined property: stdClass::$url E:\wamp\www\wechat1025\Application\Runtime\Cache\Home\61aaa62297252d85ed66208e4e207c1c.php 第 104 行.
NOTIC: [8] Undefined property: stdClass::$type E:\wamp\www\wechat1025\Application\Runtime\Cache\Home\61aaa62297252d85ed66208e4e207c1c.php 第 84 行.
NOTIC: [8] Undefined property: stdClass::$key E:\wamp\www\wechat1025\Application\Runtime\Cache\Home\61aaa62297252d85ed66208e4e207c1c.php 第 91 行.
NOTIC: [8] Undefined property: stdClass::$url E:\wamp\www\wechat1025\Application\Runtime\Cache\Home\61aaa62297252d85ed66208e4e207c1c.php 第 91 行.
NOTIC: [8] Undefined property: stdClass::$url E:\wamp\www\wechat1025\Application\Runtime\Cache\Home\61aaa62297252d85ed66208e4e207c1c.php 第 104 行.
NOTIC: [8] Undefined property: stdClass::$url E:\wamp\www\wechat1025\Application\Runtime\Cache\Home\61aaa62297252d85ed66208e4e207c1c.php 第 104 行.
NOTIC: [8] Undefined property: stdClass::$url E:\wamp\www\wechat1025\Application\Runtime\Cache\Home\61aaa62297252d85ed66208e4e207c1c.php 第 104 行.
NOTIC: [8] Undefined property: stdClass::$key E:\wamp\www\wechat1025\Application\Runtime\Cache\Home\61aaa62297252d85ed66208e4e207c1c.php 第 91 行.
INFO: Run Behavior\ParseTemplateBehavior [ RunTime:0.051858s ]
INFO: [ view_parse ] --END-- [ RunTime:0.051990s ]
INFO: [ view_filter ] --START--
INFO: Run Behavior\WriteHtmlCacheBehavior [ RunTime:0.000560s ]
INFO: [ view_filter ] --END-- [ RunTime:0.000688s ]
INFO: [ app_end ] --START--
INFO: Run Behavior\ShowPageTraceBehavior [ RunTime:0.000853s ]
INFO: [ app_end ] --END-- [ RunTime:0.001053s ]

[ 2016-10-29T17:07:40+08:00 ] 127.0.0.1 /index.php/home/menu/view
INFO: [ app_init ] --START--
INFO: Run Behavior\BuildLiteBehavior [ RunTime:0.000044s ]
INFO: [ app_init ] --END-- [ RunTime:0.000831s ]
INFO: [ app_begin ] --START--
INFO: Run Behavior\ReadHtmlCacheBehavior [ RunTime:0.000697s ]
INFO: [ app_begin ] --END-- [ RunTime:0.000824s ]
NOTIC: [2048] Non-static method Common\Library\Wechat::getAccessToken() should not be called statically, assuming $this from incompatible context E:\wamp\www\wechat1025\Application\Home\Controller\MenuController.class.php 第 54 行.
NOTIC: [2048] Non-static method Common\Library\Wechat::menuView() should not be called statically, assuming $this from incompatible context E:\wamp\www\wechat1025\Application\Home\Controller\MenuController.class.php 第 57 行.
NOTIC: [2] curl_errno() expects exactly 1 parameter, 0 given E:\wamp\www\wechat1025\Application\Common\Library\Wechat.class.php 第 314 行.
INFO: [ view_parse ] --START--
INFO: [ template_filter ] --START--
INFO: Run Behavior\ContentReplaceBehavior [ RunTime:0.000099s ]
INFO: [ template_filter ] --END-- [ RunTime:0.000242s ]
INFO: Run Behavior\ParseTemplateBehavior [ RunTime:0.013980s ]
INFO: [ view_parse ] --END-- [ RunTime:0.014197s ]
INFO: [ view_filter ] --START--
INFO: Run Behavior\WriteHtmlCacheBehavior [ RunTime:0.000727s ]
INFO: [ view_filter ] --END-- [ RunTime:0.000906s ]
INFO: [ app_end ] --START--
INFO: Run Behavior\ShowPageTraceBehavior [ RunTime:0.000946s ]
INFO: [ app_end ] --END-- [ RunTime:0.001169s ]

[ 2016-10-29T17:07:44+08:00 ] 127.0.0.1 /index.php/home/menu/manage
INFO: [ app_init ] --START--
INFO: Run Behavior\BuildLiteBehavior [ RunTime:0.000038s ]
INFO: [ app_init ] --END-- [ RunTime:0.000608s ]
INFO: [ app_begin ] --START--
INFO: Run Behavior\ReadHtmlCacheBehavior [ RunTime:0.000607s ]
INFO: [ app_begin ] --END-- [ RunTime:0.000749s ]
NOTIC: [2048] Non-static method Common\Library\Wechat::getAccessToken() should not be called statically, assuming $this from incompatible context E:\wamp\www\wechat1025\Application\Home\Controller\MenuController.class.php 第 67 行.
NOTIC: [2048] Non-static method Common\Library\Wechat::menuView() should not be called statically, assuming $this from incompatible context E:\wamp\www\wechat1025\Application\Home\Controller\MenuController.class.php 第 70 行.
NOTIC: [2] curl_errno() expects exactly 1 parameter, 0 given E:\wamp\www\wechat1025\Application\Common\Library\Wechat.class.php 第 314 行.
INFO: [ view_parse ] --START--
INFO: [ template_filter ] --START--
INFO: Run Behavior\ContentReplaceBehavior [ RunTime:0.000135s ]
INFO: [ template_filter ] --END-- [ RunTime:0.000261s ]
NOTIC: [8] Undefined property: stdClass::$type E:\wamp\www\wechat1025\Application\Runtime\Cache\Home\61aaa62297252d85ed66208e4e207c1c.php 第 84 行.
NOTIC: [8] Undefined property: stdClass::$key E:\wamp\www\wechat1025\Application\Runtime\Cache\Home\61aaa62297252d85ed66208e4e207c1c.php 第 91 行.
NOTIC: [8] Undefined property: stdClass::$url E:\wamp\www\wechat1025\Application\Runtime\Cache\Home\61aaa62297252d85ed66208e4e207c1c.php 第 91 行.
NOTIC: [8] Undefined property: stdClass::$key E:\wamp\www\wechat1025\Application\Runtime\Cache\Home\61aaa62297252d85ed66208e4e207c1c.php 第 104 行.
NOTIC: [8] Undefined property: stdClass::$key E:\wamp\www\wechat1025\Application\Runtime\Cache\Home\61aaa62297252d85ed66208e4e207c1c.php 第 104 行.
NOTIC: [8] Undefined property: stdClass::$key E:\wamp\www\wechat1025\Application\Runtime\Cache\Home\61aaa62297252d85ed66208e4e207c1c.php 第 104 行.
NOTIC: [8] Undefined property: stdClass::$url E:\wamp\www\wechat1025\Application\Runtime\Cache\Home\61aaa62297252d85ed66208e4e207c1c.php 第 104 行.
NOTIC: [8] Undefined property: stdClass::$type E:\wamp\www\wechat1025\Application\Runtime\Cache\Home\61aaa62297252d85ed66208e4e207c1c.php 第 84 行.
NOTIC: [8] Undefined property: stdClass::$key E:\wamp\www\wechat1025\Application\Runtime\Cache\Home\61aaa62297252d85ed66208e4e207c1c.php 第 91 行.
NOTIC: [8] Undefined property: stdClass::$url E:\wamp\www\wechat1025\Application\Runtime\Cache\Home\61aaa62297252d85ed66208e4e207c1c.php 第 91 行.
NOTIC: [8] Undefined property: stdClass::$url E:\wamp\www\wechat1025\Application\Runtime\Cache\Home\61aaa62297252d85ed66208e4e207c1c.php 第 104 行.
NOTIC: [8] Undefined property: stdClass::$url E:\wamp\www\wechat1025\Application\Runtime\Cache\Home\61aaa62297252d85ed66208e4e207c1c.php 第 104 行.
NOTIC: [8] Undefined property: stdClass::$url E:\wamp\www\wechat1025\Application\Runtime\Cache\Home\61aaa62297252d85ed66208e4e207c1c.php 第 104 行.
NOTIC: [8] Undefined property: stdClass::$key E:\wamp\www\wechat1025\Application\Runtime\Cache\Home\61aaa62297252d85ed66208e4e207c1c.php 第 91 行.
INFO: Run Behavior\ParseTemplateBehavior [ RunTime:0.018175s ]
INFO: [ view_parse ] --END-- [ RunTime:0.018364s ]
INFO: [ view_filter ] --START--
INFO: Run Behavior\WriteHtmlCacheBehavior [ RunTime:0.000614s ]
INFO: [ view_filter ] --END-- [ RunTime:0.000801s ]
INFO: [ app_end ] --START--
INFO: Run Behavior\ShowPageTraceBehavior [ RunTime:0.001000s ]
INFO: [ app_end ] --END-- [ RunTime:0.001200s ]

