[ 2016-11-05T15:31:39+08:00 ] 127.0.0.1 /
INFO: [ app_init ] --START--
INFO: Run Behavior\BuildLiteBehavior [ RunTime:0.000048s ]
INFO: [ app_init ] --END-- [ RunTime:0.050868s ]
INFO: [ app_begin ] --START--
INFO: Run Behavior\ReadHtmlCacheBehavior [ RunTime:0.001211s ]
INFO: [ app_begin ] --END-- [ RunTime:0.001398s ]

[ 2016-11-05T15:32:01+08:00 ] 127.0.0.1 /
INFO: [ app_init ] --START--
INFO: Run Behavior\BuildLiteBehavior [ RunTime:0.000029s ]
INFO: [ app_init ] --END-- [ RunTime:0.000624s ]
INFO: [ app_begin ] --START--
INFO: Run Behavior\ReadHtmlCacheBehavior [ RunTime:0.000990s ]
INFO: [ app_begin ] --END-- [ RunTime:0.619631s ]

[ 2016-11-05T15:32:18+08:00 ] ::1 /wechat1025/
INFO: [ app_init ] --START--
INFO: Run Behavior\BuildLiteBehavior [ RunTime:0.000030s ]
INFO: [ app_init ] --END-- [ RunTime:0.001135s ]
INFO: [ app_begin ] --START--
INFO: Run Behavior\ReadHtmlCacheBehavior [ RunTime:0.001000s ]
INFO: [ app_begin ] --END-- [ RunTime:0.001158s ]

[ 2016-11-05T15:32:59+08:00 ] ::1 /wechat1025/
INFO: [ app_init ] --START--
INFO: Run Behavior\BuildLiteBehavior [ RunTime:0.000028s ]
INFO: [ app_init ] --END-- [ RunTime:0.000731s ]
INFO: [ app_begin ] --START--
INFO: Run Behavior\ReadHtmlCacheBehavior [ RunTime:0.000732s ]
INFO: [ app_begin ] --END-- [ RunTime:0.000855s ]
NOTIC: [8] Trying to get property of non-object E:\wamp\www\wechat1025\Application\Home\Controller\IndexController.class.php 第 18 行.
NOTIC: [8] Trying to get property of non-object E:\wamp\www\wechat1025\Application\Home\Controller\IndexController.class.php 第 19 行.
NOTIC: [8] Trying to get property of non-object E:\wamp\www\wechat1025\Application\Home\Controller\IndexController.class.php 第 20 行.
NOTIC: [8] Trying to get property of non-object E:\wamp\www\wechat1025\Application\Home\Controller\IndexController.class.php 第 21 行.
INFO: [ app_end ] --START--
INFO: Run Behavior\ShowPageTraceBehavior [ RunTime:0.104796s ]
INFO: [ app_end ] --END-- [ RunTime:0.104997s ]

[ 2016-11-05T15:33:10+08:00 ] 127.0.0.1 /
INFO: [ app_init ] --START--
INFO: Run Behavior\BuildLiteBehavior [ RunTime:0.000031s ]
INFO: [ app_init ] --END-- [ RunTime:0.000697s ]
INFO: [ app_begin ] --START--
INFO: Run Behavior\ReadHtmlCacheBehavior [ RunTime:0.000794s ]
INFO: [ app_begin ] --END-- [ RunTime:0.000990s ]
NOTIC: [8] Trying to get property of non-object E:\wamp\www\wechat1025\Application\Home\Controller\IndexController.class.php 第 18 行.
NOTIC: [8] Trying to get property of non-object E:\wamp\www\wechat1025\Application\Home\Controller\IndexController.class.php 第 19 行.
NOTIC: [8] Trying to get property of non-object E:\wamp\www\wechat1025\Application\Home\Controller\IndexController.class.php 第 20 行.
NOTIC: [8] Trying to get property of non-object E:\wamp\www\wechat1025\Application\Home\Controller\IndexController.class.php 第 21 行.
INFO: [ app_end ] --START--
INFO: Run Behavior\ShowPageTraceBehavior [ RunTime:0.001213s ]
INFO: [ app_end ] --END-- [ RunTime:0.001397s ]

[ 2016-11-05T15:33:36+08:00 ] 127.0.0.1 /index.php/home/menu/view
INFO: [ app_init ] --START--
INFO: Run Behavior\BuildLiteBehavior [ RunTime:0.000067s ]
INFO: [ app_init ] --END-- [ RunTime:0.000733s ]
INFO: [ app_begin ] --START--
INFO: Run Behavior\ReadHtmlCacheBehavior [ RunTime:0.000736s ]
INFO: [ app_begin ] --END-- [ RunTime:0.000916s ]
NOTIC: [2048] Non-static method Common\Library\Wechat::getAccessToken() should not be called statically, assuming $this from incompatible context E:\wamp\www\wechat1025\Application\Home\Controller\MenuController.class.php 第 75 行.
NOTIC: [2048] Non-static method Common\Library\Wechat::menuView() should not be called statically, assuming $this from incompatible context E:\wamp\www\wechat1025\Application\Home\Controller\MenuController.class.php 第 78 行.
NOTIC: [2] curl_errno() expects exactly 1 parameter, 0 given E:\wamp\www\wechat1025\Application\Common\Library\Wechat.class.php 第 314 行.
INFO: [ view_parse ] --START--
INFO: [ template_filter ] --START--
INFO: Run Behavior\ContentReplaceBehavior [ RunTime:0.001259s ]
INFO: [ template_filter ] --END-- [ RunTime:0.001694s ]
INFO: Run Behavior\ParseTemplateBehavior [ RunTime:0.190430s ]
INFO: [ view_parse ] --END-- [ RunTime:0.190796s ]
INFO: [ view_filter ] --START--
INFO: Run Behavior\WriteHtmlCacheBehavior [ RunTime:0.062647s ]
INFO: [ view_filter ] --END-- [ RunTime:0.062993s ]
INFO: [ app_end ] --START--
INFO: Run Behavior\ShowPageTraceBehavior [ RunTime:0.001566s ]
INFO: [ app_end ] --END-- [ RunTime:0.001936s ]

[ 2016-11-05T15:33:44+08:00 ] 127.0.0.1 /index.php/home/media/managePictureText
INFO: [ app_init ] --START--
INFO: Run Behavior\BuildLiteBehavior [ RunTime:0.000044s ]
INFO: [ app_init ] --END-- [ RunTime:0.001029s ]
INFO: [ app_begin ] --START--
INFO: Run Behavior\ReadHtmlCacheBehavior [ RunTime:0.000845s ]
INFO: [ app_begin ] --END-- [ RunTime:0.000983s ]
SQL: SHOW COLUMNS FROM `news` [ RunTime:0.1677s ]
SQL: SELECT * FROM `news`  [ RunTime:0.0006s ]
INFO: [ view_parse ] --START--
INFO: [ template_filter ] --START--
INFO: Run Behavior\ContentReplaceBehavior [ RunTime:0.000090s ]
INFO: [ template_filter ] --END-- [ RunTime:0.000219s ]
NOTIC: [8] Undefined index: description E:\wamp\www\wechat1025\Application\Runtime\Cache\Home\1834fa937ce76259b4a51fc0459ecfd8.php 第 97 行.
NOTIC: [8] Undefined index: description E:\wamp\www\wechat1025\Application\Runtime\Cache\Home\1834fa937ce76259b4a51fc0459ecfd8.php 第 97 行.
NOTIC: [8] Undefined index: description E:\wamp\www\wechat1025\Application\Runtime\Cache\Home\1834fa937ce76259b4a51fc0459ecfd8.php 第 97 行.
NOTIC: [8] Undefined index: description E:\wamp\www\wechat1025\Application\Runtime\Cache\Home\1834fa937ce76259b4a51fc0459ecfd8.php 第 97 行.
NOTIC: [8] Undefined index: description E:\wamp\www\wechat1025\Application\Runtime\Cache\Home\1834fa937ce76259b4a51fc0459ecfd8.php 第 97 行.
NOTIC: [8] Undefined index: description E:\wamp\www\wechat1025\Application\Runtime\Cache\Home\1834fa937ce76259b4a51fc0459ecfd8.php 第 97 行.
NOTIC: [8] Undefined index: description E:\wamp\www\wechat1025\Application\Runtime\Cache\Home\1834fa937ce76259b4a51fc0459ecfd8.php 第 97 行.
NOTIC: [8] Undefined index: description E:\wamp\www\wechat1025\Application\Runtime\Cache\Home\1834fa937ce76259b4a51fc0459ecfd8.php 第 97 行.
NOTIC: [8] Undefined index: description E:\wamp\www\wechat1025\Application\Runtime\Cache\Home\1834fa937ce76259b4a51fc0459ecfd8.php 第 97 行.
INFO: Run Behavior\ParseTemplateBehavior [ RunTime:0.055245s ]
INFO: [ view_parse ] --END-- [ RunTime:0.055409s ]
INFO: [ view_filter ] --START--
INFO: Run Behavior\WriteHtmlCacheBehavior [ RunTime:0.000487s ]
INFO: [ view_filter ] --END-- [ RunTime:0.000601s ]
INFO: [ app_end ] --START--
INFO: Run Behavior\ShowPageTraceBehavior [ RunTime:0.000766s ]
INFO: [ app_end ] --END-- [ RunTime:0.000927s ]

[ 2016-11-05T15:33:54+08:00 ] 127.0.0.1 /index.php/home/media/managePictureText
INFO: [ app_init ] --START--
INFO: Run Behavior\BuildLiteBehavior [ RunTime:0.000028s ]
INFO: [ app_init ] --END-- [ RunTime:0.000655s ]
INFO: [ app_begin ] --START--
INFO: Run Behavior\ReadHtmlCacheBehavior [ RunTime:0.000689s ]
INFO: [ app_begin ] --END-- [ RunTime:0.000856s ]
SQL: SHOW COLUMNS FROM `news` [ RunTime:0.0047s ]
SQL: SELECT * FROM `news`  [ RunTime:0.0004s ]
INFO: [ view_parse ] --START--
INFO: [ template_filter ] --START--
INFO: Run Behavior\ContentReplaceBehavior [ RunTime:0.000132s ]
INFO: [ template_filter ] --END-- [ RunTime:0.000340s ]
NOTIC: [8] Undefined index: description E:\wamp\www\wechat1025\Application\Runtime\Cache\Home\1834fa937ce76259b4a51fc0459ecfd8.php 第 97 行.
NOTIC: [8] Undefined index: description E:\wamp\www\wechat1025\Application\Runtime\Cache\Home\1834fa937ce76259b4a51fc0459ecfd8.php 第 97 行.
NOTIC: [8] Undefined index: description E:\wamp\www\wechat1025\Application\Runtime\Cache\Home\1834fa937ce76259b4a51fc0459ecfd8.php 第 97 行.
NOTIC: [8] Undefined index: description E:\wamp\www\wechat1025\Application\Runtime\Cache\Home\1834fa937ce76259b4a51fc0459ecfd8.php 第 97 行.
NOTIC: [8] Undefined index: description E:\wamp\www\wechat1025\Application\Runtime\Cache\Home\1834fa937ce76259b4a51fc0459ecfd8.php 第 97 行.
NOTIC: [8] Undefined index: description E:\wamp\www\wechat1025\Application\Runtime\Cache\Home\1834fa937ce76259b4a51fc0459ecfd8.php 第 97 行.
NOTIC: [8] Undefined index: description E:\wamp\www\wechat1025\Application\Runtime\Cache\Home\1834fa937ce76259b4a51fc0459ecfd8.php 第 97 行.
NOTIC: [8] Undefined index: description E:\wamp\www\wechat1025\Application\Runtime\Cache\Home\1834fa937ce76259b4a51fc0459ecfd8.php 第 97 行.
NOTIC: [8] Undefined index: description E:\wamp\www\wechat1025\Application\Runtime\Cache\Home\1834fa937ce76259b4a51fc0459ecfd8.php 第 97 行.
INFO: Run Behavior\ParseTemplateBehavior [ RunTime:0.014984s ]
INFO: [ view_parse ] --END-- [ RunTime:0.015133s ]
INFO: [ view_filter ] --START--
INFO: Run Behavior\WriteHtmlCacheBehavior [ RunTime:0.000539s ]
INFO: [ view_filter ] --END-- [ RunTime:0.000653s ]
INFO: [ app_end ] --START--
INFO: Run Behavior\ShowPageTraceBehavior [ RunTime:0.000776s ]
INFO: [ app_end ] --END-- [ RunTime:0.000943s ]

[ 2016-11-05T15:38:30+08:00 ] 127.0.0.1 /index.php/home/media/managePicture
INFO: [ app_init ] --START--
INFO: Run Behavior\BuildLiteBehavior [ RunTime:0.000031s ]
INFO: [ app_init ] --END-- [ RunTime:0.000712s ]
INFO: [ app_begin ] --START--
INFO: Run Behavior\ReadHtmlCacheBehavior [ RunTime:0.000748s ]
INFO: [ app_begin ] --END-- [ RunTime:0.000872s ]
ERR: SQLSTATE[HY000] [1045] Accès refusé pour l'utilisateur: 'root'@'@localhost' (mot de passe: OUI)

[ 2016-11-05T15:38:40+08:00 ] 127.0.0.1 /index.php/home/media/managePicture
INFO: [ app_init ] --START--
INFO: Run Behavior\BuildLiteBehavior [ RunTime:0.000055s ]
INFO: [ app_init ] --END-- [ RunTime:0.001207s ]
INFO: [ app_begin ] --START--
INFO: Run Behavior\ReadHtmlCacheBehavior [ RunTime:0.000880s ]
INFO: [ app_begin ] --END-- [ RunTime:0.001037s ]
SQL: SHOW COLUMNS FROM `images` [ RunTime:0.1753s ]
SQL: SELECT * FROM `images`  [ RunTime:0.0006s ]
INFO: [ view_parse ] --START--
INFO: [ template_filter ] --START--
INFO: Run Behavior\ContentReplaceBehavior [ RunTime:0.000109s ]
INFO: [ template_filter ] --END-- [ RunTime:0.000260s ]
INFO: Run Behavior\ParseTemplateBehavior [ RunTime:0.059804s ]
INFO: [ view_parse ] --END-- [ RunTime:0.060020s ]
INFO: [ view_filter ] --START--
INFO: Run Behavior\WriteHtmlCacheBehavior [ RunTime:0.001021s ]
INFO: [ view_filter ] --END-- [ RunTime:0.001150s ]
INFO: [ app_end ] --START--
INFO: Run Behavior\ShowPageTraceBehavior [ RunTime:0.000997s ]
INFO: [ app_end ] --END-- [ RunTime:0.001154s ]

[ 2016-11-05T16:08:30+08:00 ] 127.0.0.1 /index.php/home/media/managePicture
INFO: [ app_init ] --START--
INFO: Run Behavior\BuildLiteBehavior [ RunTime:0.000071s ]
INFO: [ app_init ] --END-- [ RunTime:0.000844s ]
INFO: [ app_begin ] --START--
INFO: Run Behavior\ReadHtmlCacheBehavior [ RunTime:0.001038s ]
INFO: [ app_begin ] --END-- [ RunTime:0.001257s ]
SQL: SHOW COLUMNS FROM `images` [ RunTime:0.0076s ]
SQL: SELECT * FROM `images`  [ RunTime:0.0006s ]
INFO: [ view_parse ] --START--
INFO: [ template_filter ] --START--
INFO: Run Behavior\ContentReplaceBehavior [ RunTime:0.000090s ]
INFO: [ template_filter ] --END-- [ RunTime:0.000216s ]
INFO: Run Behavior\ParseTemplateBehavior [ RunTime:0.011982s ]
INFO: [ view_parse ] --END-- [ RunTime:0.012210s ]
INFO: [ view_filter ] --START--
INFO: Run Behavior\WriteHtmlCacheBehavior [ RunTime:0.000834s ]
INFO: [ view_filter ] --END-- [ RunTime:0.001047s ]
INFO: [ app_end ] --START--
INFO: Run Behavior\ShowPageTraceBehavior [ RunTime:0.001033s ]
INFO: [ app_end ] --END-- [ RunTime:0.001235s ]

[ 2016-11-05T16:15:29+08:00 ] 127.0.0.1 /index.php/home/media/managePicture
INFO: [ app_init ] --START--
INFO: Run Behavior\BuildLiteBehavior [ RunTime:0.000028s ]
INFO: [ app_init ] --END-- [ RunTime:0.000791s ]
INFO: [ app_begin ] --START--
INFO: Run Behavior\ReadHtmlCacheBehavior [ RunTime:0.000762s ]
INFO: [ app_begin ] --END-- [ RunTime:0.000922s ]
SQL: SHOW COLUMNS FROM `images` [ RunTime:0.0051s ]
SQL: SELECT * FROM `images`  [ RunTime:0.0004s ]
INFO: [ view_parse ] --START--
INFO: [ template_filter ] --START--
INFO: Run Behavior\ContentReplaceBehavior [ RunTime:0.000101s ]
INFO: [ template_filter ] --END-- [ RunTime:0.000249s ]
INFO: Run Behavior\ParseTemplateBehavior [ RunTime:0.012606s ]
INFO: [ view_parse ] --END-- [ RunTime:0.012762s ]
INFO: [ view_filter ] --START--
INFO: Run Behavior\WriteHtmlCacheBehavior [ RunTime:0.000639s ]
INFO: [ view_filter ] --END-- [ RunTime:0.000755s ]
INFO: [ app_end ] --START--
INFO: Run Behavior\ShowPageTraceBehavior [ RunTime:0.000959s ]
INFO: [ app_end ] --END-- [ RunTime:0.001143s ]

[ 2016-11-05T16:15:34+08:00 ] 127.0.0.1 /index.php/home/media/managePicture
INFO: [ app_init ] --START--
INFO: Run Behavior\BuildLiteBehavior [ RunTime:0.000041s ]
INFO: [ app_init ] --END-- [ RunTime:0.000873s ]
INFO: [ app_begin ] --START--
INFO: Run Behavior\ReadHtmlCacheBehavior [ RunTime:0.000976s ]
INFO: [ app_begin ] --END-- [ RunTime:0.001150s ]
SQL: SHOW COLUMNS FROM `images` [ RunTime:0.0233s ]
SQL: SELECT * FROM `images`  [ RunTime:0.0004s ]
INFO: [ view_parse ] --START--
INFO: [ template_filter ] --START--
INFO: Run Behavior\ContentReplaceBehavior [ RunTime:0.000096s ]
INFO: [ template_filter ] --END-- [ RunTime:0.000236s ]
INFO: Run Behavior\ParseTemplateBehavior [ RunTime:0.010920s ]
INFO: [ view_parse ] --END-- [ RunTime:0.011066s ]
INFO: [ view_filter ] --START--
INFO: Run Behavior\WriteHtmlCacheBehavior [ RunTime:0.000506s ]
INFO: [ view_filter ] --END-- [ RunTime:0.000637s ]
INFO: [ app_end ] --START--
INFO: Run Behavior\ShowPageTraceBehavior [ RunTime:0.000788s ]
INFO: [ app_end ] --END-- [ RunTime:0.000957s ]

[ 2016-11-05T16:19:31+08:00 ] 127.0.0.1 /index.php/home/media/managePicture
INFO: [ app_init ] --START--
INFO: Run Behavior\BuildLiteBehavior [ RunTime:0.000049s ]
INFO: [ app_init ] --END-- [ RunTime:0.000974s ]
INFO: [ app_begin ] --START--
INFO: Run Behavior\ReadHtmlCacheBehavior [ RunTime:0.000862s ]
INFO: [ app_begin ] --END-- [ RunTime:0.001058s ]
SQL: SHOW COLUMNS FROM `images` [ RunTime:0.0056s ]
SQL: SELECT * FROM `images`  [ RunTime:0.0006s ]
INFO: [ view_parse ] --START--
INFO: [ template_filter ] --START--
INFO: Run Behavior\ContentReplaceBehavior [ RunTime:0.000180s ]
INFO: [ template_filter ] --END-- [ RunTime:0.000595s ]
INFO: Run Behavior\ParseTemplateBehavior [ RunTime:0.017440s ]
INFO: [ view_parse ] --END-- [ RunTime:0.017656s ]
INFO: [ view_filter ] --START--
INFO: Run Behavior\WriteHtmlCacheBehavior [ RunTime:0.000555s ]
INFO: [ view_filter ] --END-- [ RunTime:0.000685s ]
INFO: [ app_end ] --START--
INFO: Run Behavior\ShowPageTraceBehavior [ RunTime:0.001160s ]
INFO: [ app_end ] --END-- [ RunTime:0.001396s ]

[ 2016-11-05T16:19:35+08:00 ] 127.0.0.1 /index.php/home/media/managePicture
INFO: [ app_init ] --START--
INFO: Run Behavior\BuildLiteBehavior [ RunTime:0.000043s ]
INFO: [ app_init ] --END-- [ RunTime:0.000743s ]
INFO: [ app_begin ] --START--
INFO: Run Behavior\ReadHtmlCacheBehavior [ RunTime:0.000829s ]
INFO: [ app_begin ] --END-- [ RunTime:0.001010s ]
SQL: SHOW COLUMNS FROM `images` [ RunTime:0.0044s ]
SQL: SELECT * FROM `images`  [ RunTime:0.0004s ]
INFO: [ view_parse ] --START--
INFO: [ template_filter ] --START--
INFO: Run Behavior\ContentReplaceBehavior [ RunTime:0.000085s ]
INFO: [ template_filter ] --END-- [ RunTime:0.000212s ]
INFO: Run Behavior\ParseTemplateBehavior [ RunTime:0.012315s ]
INFO: [ view_parse ] --END-- [ RunTime:0.012507s ]
INFO: [ view_filter ] --START--
INFO: Run Behavior\WriteHtmlCacheBehavior [ RunTime:0.000833s ]
INFO: [ view_filter ] --END-- [ RunTime:0.000989s ]
INFO: [ app_end ] --START--
INFO: Run Behavior\ShowPageTraceBehavior [ RunTime:0.000891s ]
INFO: [ app_end ] --END-- [ RunTime:0.001078s ]

[ 2016-11-05T16:26:40+08:00 ] 127.0.0.1 /index.php/home/media/managePicture
INFO: [ app_init ] --START--
INFO: Run Behavior\BuildLiteBehavior [ RunTime:0.000033s ]
INFO: [ app_init ] --END-- [ RunTime:0.000871s ]
INFO: [ app_begin ] --START--
INFO: Run Behavior\ReadHtmlCacheBehavior [ RunTime:0.000824s ]
INFO: [ app_begin ] --END-- [ RunTime:0.000961s ]
SQL: SHOW COLUMNS FROM `images` [ RunTime:0.0045s ]
SQL: SELECT * FROM `images`  [ RunTime:0.0004s ]
INFO: [ view_parse ] --START--
INFO: [ template_filter ] --START--
INFO: Run Behavior\ContentReplaceBehavior [ RunTime:0.000143s ]
INFO: [ template_filter ] --END-- [ RunTime:0.000358s ]
INFO: Run Behavior\ParseTemplateBehavior [ RunTime:0.013400s ]
INFO: [ view_parse ] --END-- [ RunTime:0.013560s ]
INFO: [ view_filter ] --START--
INFO: Run Behavior\WriteHtmlCacheBehavior [ RunTime:0.000708s ]
INFO: [ view_filter ] --END-- [ RunTime:0.000835s ]
INFO: [ app_end ] --START--
INFO: Run Behavior\ShowPageTraceBehavior [ RunTime:0.000979s ]
INFO: [ app_end ] --END-- [ RunTime:0.001146s ]

[ 2016-11-05T16:26:44+08:00 ] 127.0.0.1 /index.php/Home/Media/deletePicture/id/24
INFO: [ app_init ] --START--
INFO: Run Behavior\BuildLiteBehavior [ RunTime:0.000057s ]
INFO: [ app_init ] --END-- [ RunTime:0.001441s ]
INFO: [ app_begin ] --START--
INFO: Run Behavior\ReadHtmlCacheBehavior [ RunTime:0.001126s ]
INFO: [ app_begin ] --END-- [ RunTime:0.001394s ]
SQL: SHOW COLUMNS FROM `images` [ RunTime:0.0072s ]
SQL: DELETE FROM `images` WHERE ( id=24 ) [ RunTime:0.1303s ]
INFO: [ app_end ] --START--
INFO: Run Behavior\ShowPageTraceBehavior [ RunTime:0.001091s ]
INFO: [ app_end ] --END-- [ RunTime:0.001304s ]

[ 2016-11-05T16:26:44+08:00 ] 127.0.0.1 /index.php/Home/Media/managePicture
INFO: [ app_init ] --START--
INFO: Run Behavior\BuildLiteBehavior [ RunTime:0.000029s ]
INFO: [ app_init ] --END-- [ RunTime:0.000634s ]
INFO: [ app_begin ] --START--
INFO: Run Behavior\ReadHtmlCacheBehavior [ RunTime:0.001148s ]
INFO: [ app_begin ] --END-- [ RunTime:0.001340s ]
SQL: SHOW COLUMNS FROM `images` [ RunTime:0.0049s ]
SQL: SELECT * FROM `images`  [ RunTime:0.0005s ]
INFO: [ view_parse ] --START--
INFO: [ template_filter ] --START--
INFO: Run Behavior\ContentReplaceBehavior [ RunTime:0.000088s ]
INFO: [ template_filter ] --END-- [ RunTime:0.000212s ]
INFO: Run Behavior\ParseTemplateBehavior [ RunTime:0.010575s ]
INFO: [ view_parse ] --END-- [ RunTime:0.010725s ]
INFO: [ view_filter ] --START--
INFO: Run Behavior\WriteHtmlCacheBehavior [ RunTime:0.000514s ]
INFO: [ view_filter ] --END-- [ RunTime:0.000629s ]
INFO: [ app_end ] --START--
INFO: Run Behavior\ShowPageTraceBehavior [ RunTime:0.000806s ]
INFO: [ app_end ] --END-- [ RunTime:0.000970s ]

[ 2016-11-05T16:26:48+08:00 ] 127.0.0.1 /index.php/Home/Media/managePicture
INFO: [ app_init ] --START--
INFO: Run Behavior\BuildLiteBehavior [ RunTime:0.000032s ]
INFO: [ app_init ] --END-- [ RunTime:0.000741s ]
INFO: [ app_begin ] --START--
INFO: Run Behavior\ReadHtmlCacheBehavior [ RunTime:0.000889s ]
INFO: [ app_begin ] --END-- [ RunTime:0.001081s ]
SQL: SHOW COLUMNS FROM `images` [ RunTime:0.0066s ]
SQL: SELECT * FROM `images`  [ RunTime:0.0006s ]
INFO: [ view_parse ] --START--
INFO: [ template_filter ] --START--
INFO: Run Behavior\ContentReplaceBehavior [ RunTime:0.000090s ]
INFO: [ template_filter ] --END-- [ RunTime:0.000216s ]
INFO: Run Behavior\ParseTemplateBehavior [ RunTime:0.012907s ]
INFO: [ view_parse ] --END-- [ RunTime:0.013105s ]
INFO: [ view_filter ] --START--
INFO: Run Behavior\WriteHtmlCacheBehavior [ RunTime:0.000600s ]
INFO: [ view_filter ] --END-- [ RunTime:0.000728s ]
INFO: [ app_end ] --START--
INFO: Run Behavior\ShowPageTraceBehavior [ RunTime:0.000744s ]
INFO: [ app_end ] --END-- [ RunTime:0.000892s ]

[ 2016-11-05T16:29:53+08:00 ] 127.0.0.1 /index.php/Home/Media/managePicture
INFO: [ app_init ] --START--
INFO: Run Behavior\BuildLiteBehavior [ RunTime:0.000035s ]
INFO: [ app_init ] --END-- [ RunTime:0.001043s ]
INFO: [ app_begin ] --START--
INFO: Run Behavior\ReadHtmlCacheBehavior [ RunTime:0.000810s ]
INFO: [ app_begin ] --END-- [ RunTime:0.000939s ]
SQL: SHOW COLUMNS FROM `images` [ RunTime:0.0485s ]
SQL: SELECT * FROM `images`  [ RunTime:0.0004s ]
INFO: [ view_parse ] --START--
INFO: [ template_filter ] --START--
INFO: Run Behavior\ContentReplaceBehavior [ RunTime:0.000093s ]
INFO: [ template_filter ] --END-- [ RunTime:0.000310s ]
INFO: Run Behavior\ParseTemplateBehavior [ RunTime:0.013424s ]
INFO: [ view_parse ] --END-- [ RunTime:0.013575s ]
INFO: [ view_filter ] --START--
INFO: Run Behavior\WriteHtmlCacheBehavior [ RunTime:0.000604s ]
INFO: [ view_filter ] --END-- [ RunTime:0.000719s ]
INFO: [ app_end ] --START--
INFO: Run Behavior\ShowPageTraceBehavior [ RunTime:0.000934s ]
INFO: [ app_end ] --END-- [ RunTime:0.001137s ]

[ 2016-11-05T16:29:55+08:00 ] 127.0.0.1 /index.php/home/media/managePictureText
INFO: [ app_init ] --START--
INFO: Run Behavior\BuildLiteBehavior [ RunTime:0.000027s ]
INFO: [ app_init ] --END-- [ RunTime:0.000648s ]
INFO: [ app_begin ] --START--
INFO: Run Behavior\ReadHtmlCacheBehavior [ RunTime:0.000698s ]
INFO: [ app_begin ] --END-- [ RunTime:0.000831s ]
SQL: SHOW COLUMNS FROM `news` [ RunTime:0.0048s ]
SQL: SELECT * FROM `news`  [ RunTime:0.0009s ]
INFO: [ view_parse ] --START--
INFO: [ template_filter ] --START--
INFO: Run Behavior\ContentReplaceBehavior [ RunTime:0.000087s ]
INFO: [ template_filter ] --END-- [ RunTime:0.000214s ]
NOTIC: [8] Undefined index: description E:\wamp\www\wechat1025\Application\Runtime\Cache\Home\1834fa937ce76259b4a51fc0459ecfd8.php 第 97 行.
NOTIC: [8] Undefined index: description E:\wamp\www\wechat1025\Application\Runtime\Cache\Home\1834fa937ce76259b4a51fc0459ecfd8.php 第 97 行.
NOTIC: [8] Undefined index: description E:\wamp\www\wechat1025\Application\Runtime\Cache\Home\1834fa937ce76259b4a51fc0459ecfd8.php 第 97 行.
NOTIC: [8] Undefined index: description E:\wamp\www\wechat1025\Application\Runtime\Cache\Home\1834fa937ce76259b4a51fc0459ecfd8.php 第 97 行.
NOTIC: [8] Undefined index: description E:\wamp\www\wechat1025\Application\Runtime\Cache\Home\1834fa937ce76259b4a51fc0459ecfd8.php 第 97 行.
NOTIC: [8] Undefined index: description E:\wamp\www\wechat1025\Application\Runtime\Cache\Home\1834fa937ce76259b4a51fc0459ecfd8.php 第 97 行.
NOTIC: [8] Undefined index: description E:\wamp\www\wechat1025\Application\Runtime\Cache\Home\1834fa937ce76259b4a51fc0459ecfd8.php 第 97 行.
NOTIC: [8] Undefined index: description E:\wamp\www\wechat1025\Application\Runtime\Cache\Home\1834fa937ce76259b4a51fc0459ecfd8.php 第 97 行.
NOTIC: [8] Undefined index: description E:\wamp\www\wechat1025\Application\Runtime\Cache\Home\1834fa937ce76259b4a51fc0459ecfd8.php 第 97 行.
INFO: Run Behavior\ParseTemplateBehavior [ RunTime:0.011578s ]
INFO: [ view_parse ] --END-- [ RunTime:0.011722s ]
INFO: [ view_filter ] --START--
INFO: Run Behavior\WriteHtmlCacheBehavior [ RunTime:0.000511s ]
INFO: [ view_filter ] --END-- [ RunTime:0.000655s ]
INFO: [ app_end ] --START--
INFO: Run Behavior\ShowPageTraceBehavior [ RunTime:0.000899s ]
INFO: [ app_end ] --END-- [ RunTime:0.001090s ]

[ 2016-11-05T16:30:01+08:00 ] 127.0.0.1 /index.php/Home/Media/deletePicture/id/10
INFO: [ app_init ] --START--
INFO: Run Behavior\BuildLiteBehavior [ RunTime:0.000029s ]
INFO: [ app_init ] --END-- [ RunTime:0.000661s ]
INFO: [ app_begin ] --START--
INFO: Run Behavior\ReadHtmlCacheBehavior [ RunTime:0.000594s ]
INFO: [ app_begin ] --END-- [ RunTime:0.000725s ]
SQL: SHOW COLUMNS FROM `images` [ RunTime:0.0210s ]
SQL: DELETE FROM `images` WHERE ( id=10 ) [ RunTime:0.0875s ]
INFO: [ app_end ] --START--
INFO: Run Behavior\ShowPageTraceBehavior [ RunTime:0.001101s ]
INFO: [ app_end ] --END-- [ RunTime:0.001306s ]

[ 2016-11-05T16:30:01+08:00 ] 127.0.0.1 /index.php/Home/Media/managePicture
INFO: [ app_init ] --START--
INFO: Run Behavior\BuildLiteBehavior [ RunTime:0.000029s ]
INFO: [ app_init ] --END-- [ RunTime:0.000717s ]
INFO: [ app_begin ] --START--
INFO: Run Behavior\ReadHtmlCacheBehavior [ RunTime:0.000655s ]
INFO: [ app_begin ] --END-- [ RunTime:0.000820s ]
SQL: SHOW COLUMNS FROM `images` [ RunTime:0.0173s ]
SQL: SELECT * FROM `images`  [ RunTime:0.0004s ]
INFO: [ view_parse ] --START--
INFO: [ template_filter ] --START--
INFO: Run Behavior\ContentReplaceBehavior [ RunTime:0.000090s ]
INFO: [ template_filter ] --END-- [ RunTime:0.000217s ]
INFO: Run Behavior\ParseTemplateBehavior [ RunTime:0.012284s ]
INFO: [ view_parse ] --END-- [ RunTime:0.012437s ]
INFO: [ view_filter ] --START--
INFO: Run Behavior\WriteHtmlCacheBehavior [ RunTime:0.000532s ]
INFO: [ view_filter ] --END-- [ RunTime:0.000657s ]
INFO: [ app_end ] --START--
INFO: Run Behavior\ShowPageTraceBehavior [ RunTime:0.000768s ]
INFO: [ app_end ] --END-- [ RunTime:0.000946s ]

[ 2016-11-05T16:31:23+08:00 ] 127.0.0.1 /index.php/Home/Media/managePicture
INFO: [ app_init ] --START--
INFO: Run Behavior\BuildLiteBehavior [ RunTime:0.000046s ]
INFO: [ app_init ] --END-- [ RunTime:0.000875s ]
INFO: [ app_begin ] --START--
INFO: Run Behavior\ReadHtmlCacheBehavior [ RunTime:0.000714s ]
INFO: [ app_begin ] --END-- [ RunTime:0.000847s ]
SQL: SHOW COLUMNS FROM `images` [ RunTime:0.0046s ]
SQL: SELECT * FROM `images`  [ RunTime:0.0004s ]
INFO: [ view_parse ] --START--
INFO: [ template_filter ] --START--
INFO: Run Behavior\ContentReplaceBehavior [ RunTime:0.000111s ]
INFO: [ template_filter ] --END-- [ RunTime:0.000306s ]
INFO: Run Behavior\ParseTemplateBehavior [ RunTime:0.011725s ]
INFO: [ view_parse ] --END-- [ RunTime:0.011933s ]
INFO: [ view_filter ] --START--
INFO: Run Behavior\WriteHtmlCacheBehavior [ RunTime:0.001047s ]
INFO: [ view_filter ] --END-- [ RunTime:0.001232s ]
INFO: [ app_end ] --START--
INFO: Run Behavior\ShowPageTraceBehavior [ RunTime:0.000897s ]
INFO: [ app_end ] --END-- [ RunTime:0.001058s ]

[ 2016-11-05T16:31:26+08:00 ] 127.0.0.1 /index.php/home/media/managePictureText
INFO: [ app_init ] --START--
INFO: Run Behavior\BuildLiteBehavior [ RunTime:0.000039s ]
INFO: [ app_init ] --END-- [ RunTime:0.000765s ]
INFO: [ app_begin ] --START--
INFO: Run Behavior\ReadHtmlCacheBehavior [ RunTime:0.000666s ]
INFO: [ app_begin ] --END-- [ RunTime:0.000791s ]
SQL: SHOW COLUMNS FROM `news` [ RunTime:0.0057s ]
SQL: SELECT * FROM `news`  [ RunTime:0.0004s ]
INFO: [ view_parse ] --START--
INFO: [ template_filter ] --START--
INFO: Run Behavior\ContentReplaceBehavior [ RunTime:0.000086s ]
INFO: [ template_filter ] --END-- [ RunTime:0.000211s ]
NOTIC: [8] Undefined index: description E:\wamp\www\wechat1025\Application\Runtime\Cache\Home\1834fa937ce76259b4a51fc0459ecfd8.php 第 97 行.
NOTIC: [8] Undefined index: description E:\wamp\www\wechat1025\Application\Runtime\Cache\Home\1834fa937ce76259b4a51fc0459ecfd8.php 第 97 行.
NOTIC: [8] Undefined index: description E:\wamp\www\wechat1025\Application\Runtime\Cache\Home\1834fa937ce76259b4a51fc0459ecfd8.php 第 97 行.
NOTIC: [8] Undefined index: description E:\wamp\www\wechat1025\Application\Runtime\Cache\Home\1834fa937ce76259b4a51fc0459ecfd8.php 第 97 行.
NOTIC: [8] Undefined index: description E:\wamp\www\wechat1025\Application\Runtime\Cache\Home\1834fa937ce76259b4a51fc0459ecfd8.php 第 97 行.
NOTIC: [8] Undefined index: description E:\wamp\www\wechat1025\Application\Runtime\Cache\Home\1834fa937ce76259b4a51fc0459ecfd8.php 第 97 行.
NOTIC: [8] Undefined index: description E:\wamp\www\wechat1025\Application\Runtime\Cache\Home\1834fa937ce76259b4a51fc0459ecfd8.php 第 97 行.
NOTIC: [8] Undefined index: description E:\wamp\www\wechat1025\Application\Runtime\Cache\Home\1834fa937ce76259b4a51fc0459ecfd8.php 第 97 行.
NOTIC: [8] Undefined index: description E:\wamp\www\wechat1025\Application\Runtime\Cache\Home\1834fa937ce76259b4a51fc0459ecfd8.php 第 97 行.
INFO: Run Behavior\ParseTemplateBehavior [ RunTime:0.011230s ]
INFO: [ view_parse ] --END-- [ RunTime:0.011399s ]
INFO: [ view_filter ] --START--
INFO: Run Behavior\WriteHtmlCacheBehavior [ RunTime:0.000505s ]
INFO: [ view_filter ] --END-- [ RunTime:0.000641s ]
INFO: [ app_end ] --START--
INFO: Run Behavior\ShowPageTraceBehavior [ RunTime:0.001033s ]
INFO: [ app_end ] --END-- [ RunTime:0.001249s ]

[ 2016-11-05T16:31:30+08:00 ] 127.0.0.1 /index.php/Home/Media/deletePictureText/id/10
INFO: [ app_init ] --START--
INFO: Run Behavior\BuildLiteBehavior [ RunTime:0.000042s ]
INFO: [ app_init ] --END-- [ RunTime:0.000713s ]
INFO: [ app_begin ] --START--
INFO: Run Behavior\ReadHtmlCacheBehavior [ RunTime:0.000805s ]
INFO: [ app_begin ] --END-- [ RunTime:0.000959s ]
SQL: SHOW COLUMNS FROM `news` [ RunTime:0.0048s ]
SQL: DELETE FROM `news` WHERE ( id=10 ) [ RunTime:0.0729s ]
INFO: [ app_end ] --START--
INFO: Run Behavior\ShowPageTraceBehavior [ RunTime:0.000723s ]
INFO: [ app_end ] --END-- [ RunTime:0.000841s ]

[ 2016-11-05T16:31:30+08:00 ] 127.0.0.1 /index.php/Home/Media/managePictureText
INFO: [ app_init ] --START--
INFO: Run Behavior\BuildLiteBehavior [ RunTime:0.000030s ]
INFO: [ app_init ] --END-- [ RunTime:0.000641s ]
INFO: [ app_begin ] --START--
INFO: Run Behavior\ReadHtmlCacheBehavior [ RunTime:0.001057s ]
INFO: [ app_begin ] --END-- [ RunTime:0.001300s ]
SQL: SHOW COLUMNS FROM `news` [ RunTime:0.0045s ]
SQL: SELECT * FROM `news`  [ RunTime:0.0006s ]
INFO: [ view_parse ] --START--
INFO: [ template_filter ] --START--
INFO: Run Behavior\ContentReplaceBehavior [ RunTime:0.000083s ]
INFO: [ template_filter ] --END-- [ RunTime:0.000215s ]
NOTIC: [8] Undefined index: description E:\wamp\www\wechat1025\Application\Runtime\Cache\Home\1834fa937ce76259b4a51fc0459ecfd8.php 第 97 行.
NOTIC: [8] Undefined index: description E:\wamp\www\wechat1025\Application\Runtime\Cache\Home\1834fa937ce76259b4a51fc0459ecfd8.php 第 97 行.
NOTIC: [8] Undefined index: description E:\wamp\www\wechat1025\Application\Runtime\Cache\Home\1834fa937ce76259b4a51fc0459ecfd8.php 第 97 行.
NOTIC: [8] Undefined index: description E:\wamp\www\wechat1025\Application\Runtime\Cache\Home\1834fa937ce76259b4a51fc0459ecfd8.php 第 97 行.
NOTIC: [8] Undefined index: description E:\wamp\www\wechat1025\Application\Runtime\Cache\Home\1834fa937ce76259b4a51fc0459ecfd8.php 第 97 行.
NOTIC: [8] Undefined index: description E:\wamp\www\wechat1025\Application\Runtime\Cache\Home\1834fa937ce76259b4a51fc0459ecfd8.php 第 97 行.
NOTIC: [8] Undefined index: description E:\wamp\www\wechat1025\Application\Runtime\Cache\Home\1834fa937ce76259b4a51fc0459ecfd8.php 第 97 行.
NOTIC: [8] Undefined index: description E:\wamp\www\wechat1025\Application\Runtime\Cache\Home\1834fa937ce76259b4a51fc0459ecfd8.php 第 97 行.
INFO: Run Behavior\ParseTemplateBehavior [ RunTime:0.011215s ]
INFO: [ view_parse ] --END-- [ RunTime:0.011350s ]
INFO: [ view_filter ] --START--
INFO: Run Behavior\WriteHtmlCacheBehavior [ RunTime:0.000498s ]
INFO: [ view_filter ] --END-- [ RunTime:0.000646s ]
INFO: [ app_end ] --START--
INFO: Run Behavior\ShowPageTraceBehavior [ RunTime:0.000799s ]
INFO: [ app_end ] --END-- [ RunTime:0.000980s ]

[ 2016-11-05T16:31:32+08:00 ] 127.0.0.1 /index.php/Home/Media/managePictureText
INFO: [ app_init ] --START--
INFO: Run Behavior\BuildLiteBehavior [ RunTime:0.000049s ]
INFO: [ app_init ] --END-- [ RunTime:0.000958s ]
INFO: [ app_begin ] --START--
INFO: Run Behavior\ReadHtmlCacheBehavior [ RunTime:0.000684s ]
INFO: [ app_begin ] --END-- [ RunTime:0.000847s ]
SQL: SHOW COLUMNS FROM `news` [ RunTime:0.0062s ]
SQL: SELECT * FROM `news`  [ RunTime:0.0005s ]
INFO: [ view_parse ] --START--
INFO: [ template_filter ] --START--
INFO: Run Behavior\ContentReplaceBehavior [ RunTime:0.000214s ]
INFO: [ template_filter ] --END-- [ RunTime:0.000737s ]
NOTIC: [8] Undefined index: description E:\wamp\www\wechat1025\Application\Runtime\Cache\Home\1834fa937ce76259b4a51fc0459ecfd8.php 第 97 行.
NOTIC: [8] Undefined index: description E:\wamp\www\wechat1025\Application\Runtime\Cache\Home\1834fa937ce76259b4a51fc0459ecfd8.php 第 97 行.
NOTIC: [8] Undefined index: description E:\wamp\www\wechat1025\Application\Runtime\Cache\Home\1834fa937ce76259b4a51fc0459ecfd8.php 第 97 行.
NOTIC: [8] Undefined index: description E:\wamp\www\wechat1025\Application\Runtime\Cache\Home\1834fa937ce76259b4a51fc0459ecfd8.php 第 97 行.
NOTIC: [8] Undefined index: description E:\wamp\www\wechat1025\Application\Runtime\Cache\Home\1834fa937ce76259b4a51fc0459ecfd8.php 第 97 行.
NOTIC: [8] Undefined index: description E:\wamp\www\wechat1025\Application\Runtime\Cache\Home\1834fa937ce76259b4a51fc0459ecfd8.php 第 97 行.
NOTIC: [8] Undefined index: description E:\wamp\www\wechat1025\Application\Runtime\Cache\Home\1834fa937ce76259b4a51fc0459ecfd8.php 第 97 行.
NOTIC: [8] Undefined index: description E:\wamp\www\wechat1025\Application\Runtime\Cache\Home\1834fa937ce76259b4a51fc0459ecfd8.php 第 97 行.
INFO: Run Behavior\ParseTemplateBehavior [ RunTime:0.015453s ]
INFO: [ view_parse ] --END-- [ RunTime:0.015600s ]
INFO: [ view_filter ] --START--
INFO: Run Behavior\WriteHtmlCacheBehavior [ RunTime:0.000526s ]
INFO: [ view_filter ] --END-- [ RunTime:0.000642s ]
INFO: [ app_end ] --START--
INFO: Run Behavior\ShowPageTraceBehavior [ RunTime:0.000817s ]
INFO: [ app_end ] --END-- [ RunTime:0.000998s ]

[ 2016-11-05T16:32:04+08:00 ] 127.0.0.1 /index.php/Home/Media/deletePictureText/id/9
INFO: [ app_init ] --START--
INFO: Run Behavior\BuildLiteBehavior [ RunTime:0.000027s ]
INFO: [ app_init ] --END-- [ RunTime:0.000702s ]
INFO: [ app_begin ] --START--
INFO: Run Behavior\ReadHtmlCacheBehavior [ RunTime:0.000783s ]
INFO: [ app_begin ] --END-- [ RunTime:0.000920s ]
SQL: SHOW COLUMNS FROM `news` [ RunTime:0.0058s ]
SQL: DELETE FROM `news` WHERE ( id=9 ) [ RunTime:0.0711s ]
INFO: [ app_end ] --START--
INFO: Run Behavior\ShowPageTraceBehavior [ RunTime:0.001357s ]
INFO: [ app_end ] --END-- [ RunTime:0.001543s ]

[ 2016-11-05T16:32:04+08:00 ] 127.0.0.1 /index.php/Home/Media/managePictureText
INFO: [ app_init ] --START--
INFO: Run Behavior\BuildLiteBehavior [ RunTime:0.000028s ]
INFO: [ app_init ] --END-- [ RunTime:0.000677s ]
INFO: [ app_begin ] --START--
INFO: Run Behavior\ReadHtmlCacheBehavior [ RunTime:0.000920s ]
INFO: [ app_begin ] --END-- [ RunTime:0.001122s ]
SQL: SHOW COLUMNS FROM `news` [ RunTime:0.0214s ]
SQL: SELECT * FROM `news`  [ RunTime:0.0004s ]
INFO: [ view_parse ] --START--
INFO: [ template_filter ] --START--
INFO: Run Behavior\ContentReplaceBehavior [ RunTime:0.000098s ]
INFO: [ template_filter ] --END-- [ RunTime:0.000260s ]
NOTIC: [8] Undefined index: description E:\wamp\www\wechat1025\Application\Runtime\Cache\Home\1834fa937ce76259b4a51fc0459ecfd8.php 第 97 行.
NOTIC: [8] Undefined index: description E:\wamp\www\wechat1025\Application\Runtime\Cache\Home\1834fa937ce76259b4a51fc0459ecfd8.php 第 97 行.
NOTIC: [8] Undefined index: description E:\wamp\www\wechat1025\Application\Runtime\Cache\Home\1834fa937ce76259b4a51fc0459ecfd8.php 第 97 行.
NOTIC: [8] Undefined index: description E:\wamp\www\wechat1025\Application\Runtime\Cache\Home\1834fa937ce76259b4a51fc0459ecfd8.php 第 97 行.
NOTIC: [8] Undefined index: description E:\wamp\www\wechat1025\Application\Runtime\Cache\Home\1834fa937ce76259b4a51fc0459ecfd8.php 第 97 行.
NOTIC: [8] Undefined index: description E:\wamp\www\wechat1025\Application\Runtime\Cache\Home\1834fa937ce76259b4a51fc0459ecfd8.php 第 97 行.
NOTIC: [8] Undefined index: description E:\wamp\www\wechat1025\Application\Runtime\Cache\Home\1834fa937ce76259b4a51fc0459ecfd8.php 第 97 行.
INFO: Run Behavior\ParseTemplateBehavior [ RunTime:0.014030s ]
INFO: [ view_parse ] --END-- [ RunTime:0.014198s ]
INFO: [ view_filter ] --START--
INFO: Run Behavior\WriteHtmlCacheBehavior [ RunTime:0.000639s ]
INFO: [ view_filter ] --END-- [ RunTime:0.000761s ]
INFO: [ app_end ] --START--
INFO: Run Behavior\ShowPageTraceBehavior [ RunTime:0.000755s ]
INFO: [ app_end ] --END-- [ RunTime:0.000898s ]

[ 2016-11-05T16:40:20+08:00 ] 127.0.0.1 /index.php/home/menu/
INFO: [ app_init ] --START--
INFO: Run Behavior\BuildLiteBehavior [ RunTime:0.000057s ]
INFO: [ app_init ] --END-- [ RunTime:0.000796s ]
INFO: [ app_begin ] --START--
INFO: Run Behavior\ReadHtmlCacheBehavior [ RunTime:0.000988s ]
INFO: [ app_begin ] --END-- [ RunTime:0.001244s ]
NOTIC: [2048] Non-static method Common\Library\Wechat::getAccessToken() should not be called statically, assuming $this from incompatible context E:\wamp\www\wechat1025\Application\Home\Controller\MenuController.class.php 第 12 行.
NOTIC: [2048] Non-static method Common\Library\Wechat::createMenu() should not be called statically, assuming $this from incompatible context E:\wamp\www\wechat1025\Application\Home\Controller\MenuController.class.php 第 67 行.
NOTIC: [2] curl_errno() expects exactly 1 parameter, 0 given E:\wamp\www\wechat1025\Application\Common\Library\Wechat.class.php 第 212 行.
INFO: [ app_end ] --START--
INFO: Run Behavior\ShowPageTraceBehavior [ RunTime:0.001123s ]
INFO: [ app_end ] --END-- [ RunTime:0.001317s ]

[ 2016-11-05T16:40:36+08:00 ] 127.0.0.1 /index.php/home/menu/
INFO: [ app_init ] --START--
INFO: Run Behavior\BuildLiteBehavior [ RunTime:0.000027s ]
INFO: [ app_init ] --END-- [ RunTime:0.000665s ]
INFO: [ app_begin ] --START--
INFO: Run Behavior\ReadHtmlCacheBehavior [ RunTime:0.000638s ]
INFO: [ app_begin ] --END-- [ RunTime:0.000762s ]
NOTIC: [2048] Non-static method Common\Library\Wechat::getAccessToken() should not be called statically, assuming $this from incompatible context E:\wamp\www\wechat1025\Application\Home\Controller\MenuController.class.php 第 12 行.
NOTIC: [2] file_get_contents(access_token.php): failed to open stream: No such file or directory E:\wamp\www\wechat1025\Application\Common\Library\Wechat.class.php 第 223 行.
NOTIC: [8] Trying to get property of non-object E:\wamp\www\wechat1025\Application\Common\Library\Wechat.class.php 第 225 行.
NOTIC: [2048] Non-static method Common\Library\Wechat::createMenu() should not be called statically, assuming $this from incompatible context E:\wamp\www\wechat1025\Application\Home\Controller\MenuController.class.php 第 67 行.
NOTIC: [2] curl_errno() expects exactly 1 parameter, 0 given E:\wamp\www\wechat1025\Application\Common\Library\Wechat.class.php 第 212 行.
INFO: [ app_end ] --START--
INFO: Run Behavior\ShowPageTraceBehavior [ RunTime:0.003872s ]
INFO: [ app_end ] --END-- [ RunTime:0.004495s ]

[ 2016-11-05T16:42:48+08:00 ] 127.0.0.1 /index.php/home/menu/
INFO: [ app_init ] --START--
INFO: Run Behavior\BuildLiteBehavior [ RunTime:0.000031s ]
INFO: [ app_init ] --END-- [ RunTime:0.000847s ]
INFO: [ app_begin ] --START--
INFO: Run Behavior\ReadHtmlCacheBehavior [ RunTime:0.001755s ]
INFO: [ app_begin ] --END-- [ RunTime:0.002014s ]
NOTIC: [2048] Non-static method Common\Library\Wechat::getAccessToken() should not be called statically, assuming $this from incompatible context E:\wamp\www\wechat1025\Application\Home\Controller\MenuController.class.php 第 12 行.
NOTIC: [2048] Non-static method Common\Library\Wechat::createMenu() should not be called statically, assuming $this from incompatible context E:\wamp\www\wechat1025\Application\Home\Controller\MenuController.class.php 第 67 行.
NOTIC: [2] curl_errno() expects exactly 1 parameter, 0 given E:\wamp\www\wechat1025\Application\Common\Library\Wechat.class.php 第 212 行.
INFO: [ app_end ] --START--
INFO: Run Behavior\ShowPageTraceBehavior [ RunTime:0.001525s ]
INFO: [ app_end ] --END-- [ RunTime:0.001786s ]

[ 2016-11-05T16:43:03+08:00 ] 127.0.0.1 /index.php/home/menu/view
INFO: [ app_init ] --START--
INFO: Run Behavior\BuildLiteBehavior [ RunTime:0.000031s ]
INFO: [ app_init ] --END-- [ RunTime:0.000666s ]
INFO: [ app_begin ] --START--
INFO: Run Behavior\ReadHtmlCacheBehavior [ RunTime:0.000740s ]
INFO: [ app_begin ] --END-- [ RunTime:0.000877s ]
NOTIC: [2048] Non-static method Common\Library\Wechat::getAccessToken() should not be called statically, assuming $this from incompatible context E:\wamp\www\wechat1025\Application\Home\Controller\MenuController.class.php 第 75 行.
NOTIC: [2048] Non-static method Common\Library\Wechat::menuView() should not be called statically, assuming $this from incompatible context E:\wamp\www\wechat1025\Application\Home\Controller\MenuController.class.php 第 78 行.
NOTIC: [2] curl_errno() expects exactly 1 parameter, 0 given E:\wamp\www\wechat1025\Application\Common\Library\Wechat.class.php 第 314 行.
INFO: [ view_parse ] --START--
INFO: [ template_filter ] --START--
INFO: Run Behavior\ContentReplaceBehavior [ RunTime:0.000154s ]
INFO: [ template_filter ] --END-- [ RunTime:0.000339s ]
INFO: Run Behavior\ParseTemplateBehavior [ RunTime:0.025820s ]
INFO: [ view_parse ] --END-- [ RunTime:0.026020s ]
INFO: [ view_filter ] --START--
INFO: Run Behavior\WriteHtmlCacheBehavior [ RunTime:0.000670s ]
INFO: [ view_filter ] --END-- [ RunTime:0.000809s ]
INFO: [ app_end ] --START--
INFO: Run Behavior\ShowPageTraceBehavior [ RunTime:0.000762s ]
INFO: [ app_end ] --END-- [ RunTime:0.000918s ]

[ 2016-11-05T16:43:05+08:00 ] 127.0.0.1 /index.php/home/media/managePictureText
INFO: [ app_init ] --START--
INFO: Run Behavior\BuildLiteBehavior [ RunTime:0.000027s ]
INFO: [ app_init ] --END-- [ RunTime:0.000705s ]
INFO: [ app_begin ] --START--
INFO: Run Behavior\ReadHtmlCacheBehavior [ RunTime:0.000666s ]
INFO: [ app_begin ] --END-- [ RunTime:0.000789s ]
SQL: SHOW COLUMNS FROM `news` [ RunTime:0.0062s ]
SQL: SELECT * FROM `news`  [ RunTime:0.0016s ]
INFO: [ view_parse ] --START--
INFO: [ template_filter ] --START--
INFO: Run Behavior\ContentReplaceBehavior [ RunTime:0.000089s ]
INFO: [ template_filter ] --END-- [ RunTime:0.000221s ]
NOTIC: [8] Undefined index: description E:\wamp\www\wechat1025\Application\Runtime\Cache\Home\1834fa937ce76259b4a51fc0459ecfd8.php 第 97 行.
NOTIC: [8] Undefined index: description E:\wamp\www\wechat1025\Application\Runtime\Cache\Home\1834fa937ce76259b4a51fc0459ecfd8.php 第 97 行.
NOTIC: [8] Undefined index: description E:\wamp\www\wechat1025\Application\Runtime\Cache\Home\1834fa937ce76259b4a51fc0459ecfd8.php 第 97 行.
NOTIC: [8] Undefined index: description E:\wamp\www\wechat1025\Application\Runtime\Cache\Home\1834fa937ce76259b4a51fc0459ecfd8.php 第 97 行.
NOTIC: [8] Undefined index: description E:\wamp\www\wechat1025\Application\Runtime\Cache\Home\1834fa937ce76259b4a51fc0459ecfd8.php 第 97 行.
NOTIC: [8] Undefined index: description E:\wamp\www\wechat1025\Application\Runtime\Cache\Home\1834fa937ce76259b4a51fc0459ecfd8.php 第 97 行.
NOTIC: [8] Undefined index: description E:\wamp\www\wechat1025\Application\Runtime\Cache\Home\1834fa937ce76259b4a51fc0459ecfd8.php 第 97 行.
INFO: Run Behavior\ParseTemplateBehavior [ RunTime:0.011330s ]
INFO: [ view_parse ] --END-- [ RunTime:0.011503s ]
INFO: [ view_filter ] --START--
INFO: Run Behavior\WriteHtmlCacheBehavior [ RunTime:0.000586s ]
INFO: [ view_filter ] --END-- [ RunTime:0.000701s ]
INFO: [ app_end ] --START--
INFO: Run Behavior\ShowPageTraceBehavior [ RunTime:0.000866s ]
INFO: [ app_end ] --END-- [ RunTime:0.001061s ]

[ 2016-11-05T16:45:57+08:00 ] 127.0.0.1 /index.php/home/media/managePictureText
INFO: [ app_init ] --START--
INFO: Run Behavior\BuildLiteBehavior [ RunTime:0.000026s ]
INFO: [ app_init ] --END-- [ RunTime:0.000702s ]
INFO: [ app_begin ] --START--
INFO: Run Behavior\ReadHtmlCacheBehavior [ RunTime:0.000789s ]
INFO: [ app_begin ] --END-- [ RunTime:0.000914s ]
SQL: SHOW COLUMNS FROM `news` [ RunTime:0.0045s ]
SQL: SELECT * FROM `news`  [ RunTime:0.0004s ]
INFO: [ view_parse ] --START--
INFO: [ template_filter ] --START--
INFO: Run Behavior\ContentReplaceBehavior [ RunTime:0.000088s ]
INFO: [ template_filter ] --END-- [ RunTime:0.000210s ]
NOTIC: [8] Undefined index: description E:\wamp\www\wechat1025\Application\Runtime\Cache\Home\1834fa937ce76259b4a51fc0459ecfd8.php 第 97 行.
NOTIC: [8] Undefined index: description E:\wamp\www\wechat1025\Application\Runtime\Cache\Home\1834fa937ce76259b4a51fc0459ecfd8.php 第 97 行.
NOTIC: [8] Undefined index: description E:\wamp\www\wechat1025\Application\Runtime\Cache\Home\1834fa937ce76259b4a51fc0459ecfd8.php 第 97 行.
NOTIC: [8] Undefined index: description E:\wamp\www\wechat1025\Application\Runtime\Cache\Home\1834fa937ce76259b4a51fc0459ecfd8.php 第 97 行.
NOTIC: [8] Undefined index: description E:\wamp\www\wechat1025\Application\Runtime\Cache\Home\1834fa937ce76259b4a51fc0459ecfd8.php 第 97 行.
NOTIC: [8] Undefined index: description E:\wamp\www\wechat1025\Application\Runtime\Cache\Home\1834fa937ce76259b4a51fc0459ecfd8.php 第 97 行.
NOTIC: [8] Undefined index: description E:\wamp\www\wechat1025\Application\Runtime\Cache\Home\1834fa937ce76259b4a51fc0459ecfd8.php 第 97 行.
INFO: Run Behavior\ParseTemplateBehavior [ RunTime:0.012874s ]
INFO: [ view_parse ] --END-- [ RunTime:0.013075s ]
INFO: [ view_filter ] --START--
INFO: Run Behavior\WriteHtmlCacheBehavior [ RunTime:0.001066s ]
INFO: [ view_filter ] --END-- [ RunTime:0.001308s ]
INFO: [ app_end ] --START--
INFO: Run Behavior\ShowPageTraceBehavior [ RunTime:0.001011s ]
INFO: [ app_end ] --END-- [ RunTime:0.001170s ]

[ 2016-11-05T16:45:59+08:00 ] 127.0.0.1 /index.php/home/media/addPictureText
INFO: [ app_init ] --START--
INFO: Run Behavior\BuildLiteBehavior [ RunTime:0.000026s ]
INFO: [ app_init ] --END-- [ RunTime:0.000675s ]
INFO: [ app_begin ] --START--
INFO: Run Behavior\ReadHtmlCacheBehavior [ RunTime:0.000652s ]
INFO: [ app_begin ] --END-- [ RunTime:0.000774s ]
INFO: [ view_parse ] --START--
INFO: [ template_filter ] --START--
INFO: Run Behavior\ContentReplaceBehavior [ RunTime:0.000091s ]
INFO: [ template_filter ] --END-- [ RunTime:0.000237s ]
INFO: Run Behavior\ParseTemplateBehavior [ RunTime:0.011081s ]
INFO: [ view_parse ] --END-- [ RunTime:0.011390s ]
INFO: [ view_filter ] --START--
INFO: Run Behavior\WriteHtmlCacheBehavior [ RunTime:0.000945s ]
INFO: [ view_filter ] --END-- [ RunTime:0.001076s ]
INFO: [ app_end ] --START--
INFO: Run Behavior\ShowPageTraceBehavior [ RunTime:0.001378s ]
INFO: [ app_end ] --END-- [ RunTime:0.001615s ]

[ 2016-11-05T16:46:02+08:00 ] 127.0.0.1 /index.php/home/media/addPictureText
INFO: [ app_init ] --START--
INFO: Run Behavior\BuildLiteBehavior [ RunTime:0.000058s ]
INFO: [ app_init ] --END-- [ RunTime:0.001018s ]
INFO: [ app_begin ] --START--
INFO: Run Behavior\ReadHtmlCacheBehavior [ RunTime:0.000719s ]
INFO: [ app_begin ] --END-- [ RunTime:0.000847s ]
INFO: [ view_parse ] --START--
INFO: [ template_filter ] --START--
INFO: Run Behavior\ContentReplaceBehavior [ RunTime:0.000082s ]
INFO: [ template_filter ] --END-- [ RunTime:0.000204s ]
INFO: Run Behavior\ParseTemplateBehavior [ RunTime:0.009817s ]
INFO: [ view_parse ] --END-- [ RunTime:0.010055s ]
INFO: [ view_filter ] --START--
INFO: Run Behavior\WriteHtmlCacheBehavior [ RunTime:0.000576s ]
INFO: [ view_filter ] --END-- [ RunTime:0.000717s ]
INFO: [ app_end ] --START--
INFO: Run Behavior\ShowPageTraceBehavior [ RunTime:0.000842s ]
INFO: [ app_end ] --END-- [ RunTime:0.001019s ]

[ 2016-11-05T16:46:21+08:00 ] 127.0.0.1 /index.php/home/media/addPictureText
INFO: [ app_init ] --START--
INFO: Run Behavior\BuildLiteBehavior [ RunTime:0.000027s ]
INFO: [ app_init ] --END-- [ RunTime:0.000696s ]
INFO: [ app_begin ] --START--
INFO: Run Behavior\ReadHtmlCacheBehavior [ RunTime:0.000656s ]
INFO: [ app_begin ] --END-- [ RunTime:0.000780s ]
NOTIC: [8] Undefined variable: timeout E:\wamp\www\wechat1025\Application\Common\Library\Wechat.class.php 第 275 行.
NOTIC: [2] curl_errno() expects exactly 1 parameter, 0 given E:\wamp\www\wechat1025\Application\Common\Library\Wechat.class.php 第 281 行.
SQL: SHOW COLUMNS FROM `news` [ RunTime:0.0046s ]
NOTIC: [8] Undefined property: stdClass::$media_id E:\wamp\www\wechat1025\Application\Home\Controller\MediaController.class.php 第 152 行.
SQL: INSERT INTO `news` () VALUES () [ RunTime:0.0987s ]
SQL: SELECT * FROM `news`  [ RunTime:0.0005s ]
INFO: [ view_parse ] --START--
INFO: [ template_filter ] --START--
INFO: Run Behavior\ContentReplaceBehavior [ RunTime:0.000087s ]
INFO: [ template_filter ] --END-- [ RunTime:0.000212s ]
NOTIC: [8] Undefined index: description E:\wamp\www\wechat1025\Application\Runtime\Cache\Home\1834fa937ce76259b4a51fc0459ecfd8.php 第 97 行.
NOTIC: [8] Undefined index: description E:\wamp\www\wechat1025\Application\Runtime\Cache\Home\1834fa937ce76259b4a51fc0459ecfd8.php 第 97 行.
NOTIC: [8] Undefined index: description E:\wamp\www\wechat1025\Application\Runtime\Cache\Home\1834fa937ce76259b4a51fc0459ecfd8.php 第 97 行.
NOTIC: [8] Undefined index: description E:\wamp\www\wechat1025\Application\Runtime\Cache\Home\1834fa937ce76259b4a51fc0459ecfd8.php 第 97 行.
NOTIC: [8] Undefined index: description E:\wamp\www\wechat1025\Application\Runtime\Cache\Home\1834fa937ce76259b4a51fc0459ecfd8.php 第 97 行.
NOTIC: [8] Undefined index: description E:\wamp\www\wechat1025\Application\Runtime\Cache\Home\1834fa937ce76259b4a51fc0459ecfd8.php 第 97 行.
NOTIC: [8] Undefined index: description E:\wamp\www\wechat1025\Application\Runtime\Cache\Home\1834fa937ce76259b4a51fc0459ecfd8.php 第 97 行.
NOTIC: [8] Undefined index: description E:\wamp\www\wechat1025\Application\Runtime\Cache\Home\1834fa937ce76259b4a51fc0459ecfd8.php 第 97 行.
INFO: Run Behavior\ParseTemplateBehavior [ RunTime:0.011562s ]
INFO: [ view_parse ] --END-- [ RunTime:0.011705s ]
INFO: [ view_filter ] --START--
INFO: Run Behavior\WriteHtmlCacheBehavior [ RunTime:0.000483s ]
INFO: [ view_filter ] --END-- [ RunTime:0.000597s ]
INFO: [ app_end ] --START--
INFO: Run Behavior\ShowPageTraceBehavior [ RunTime:0.000787s ]
INFO: [ app_end ] --END-- [ RunTime:0.000958s ]

[ 2016-11-05T16:52:53+08:00 ] 127.0.0.1 /index.php/home/menu/
INFO: [ app_init ] --START--
INFO: Run Behavior\BuildLiteBehavior [ RunTime:0.000054s ]
INFO: [ app_init ] --END-- [ RunTime:0.000921s ]
INFO: [ app_begin ] --START--
INFO: Run Behavior\ReadHtmlCacheBehavior [ RunTime:0.000726s ]
INFO: [ app_begin ] --END-- [ RunTime:0.000851s ]
NOTIC: [2048] Non-static method Common\Library\Wechat::getAccessToken() should not be called statically, assuming $this from incompatible context E:\wamp\www\wechat1025\Application\Home\Controller\MenuController.class.php 第 12 行.
NOTIC: [2048] Non-static method Common\Library\Wechat::createMenu() should not be called statically, assuming $this from incompatible context E:\wamp\www\wechat1025\Application\Home\Controller\MenuController.class.php 第 67 行.
NOTIC: [2] curl_errno() expects exactly 1 parameter, 0 given E:\wamp\www\wechat1025\Application\Common\Library\Wechat.class.php 第 212 行.
INFO: [ app_end ] --START--
INFO: Run Behavior\ShowPageTraceBehavior [ RunTime:0.001859s ]
INFO: [ app_end ] --END-- [ RunTime:0.002134s ]

[ 2016-11-05T17:06:25+08:00 ] 127.0.0.1 /index.php/home/menu/view
INFO: [ app_init ] --START--
INFO: Run Behavior\BuildLiteBehavior [ RunTime:0.000073s ]
INFO: [ app_init ] --END-- [ RunTime:0.000805s ]
INFO: [ app_begin ] --START--
INFO: Run Behavior\ReadHtmlCacheBehavior [ RunTime:0.000771s ]
INFO: [ app_begin ] --END-- [ RunTime:0.000932s ]
NOTIC: [2048] Non-static method Common\Library\Wechat::getAccessToken() should not be called statically, assuming $this from incompatible context E:\wamp\www\wechat1025\Application\Home\Controller\MenuController.class.php 第 75 行.
NOTIC: [2048] Non-static method Common\Library\Wechat::menuView() should not be called statically, assuming $this from incompatible context E:\wamp\www\wechat1025\Application\Home\Controller\MenuController.class.php 第 78 行.
NOTIC: [2] curl_errno() expects exactly 1 parameter, 0 given E:\wamp\www\wechat1025\Application\Common\Library\Wechat.class.php 第 314 行.
INFO: [ view_parse ] --START--
INFO: [ template_filter ] --START--
INFO: Run Behavior\ContentReplaceBehavior [ RunTime:0.000100s ]
INFO: [ template_filter ] --END-- [ RunTime:0.000273s ]
INFO: Run Behavior\ParseTemplateBehavior [ RunTime:0.013189s ]
INFO: [ view_parse ] --END-- [ RunTime:0.013337s ]
INFO: [ view_filter ] --START--
INFO: Run Behavior\WriteHtmlCacheBehavior [ RunTime:0.000565s ]
INFO: [ view_filter ] --END-- [ RunTime:0.000681s ]
INFO: [ app_end ] --START--
INFO: Run Behavior\ShowPageTraceBehavior [ RunTime:0.000869s ]
INFO: [ app_end ] --END-- [ RunTime:0.001069s ]

[ 2016-11-05T17:06:27+08:00 ] 127.0.0.1 /index.php/home/media/managePictureText
INFO: [ app_init ] --START--
INFO: Run Behavior\BuildLiteBehavior [ RunTime:0.000049s ]
INFO: [ app_init ] --END-- [ RunTime:0.001005s ]
INFO: [ app_begin ] --START--
INFO: Run Behavior\ReadHtmlCacheBehavior [ RunTime:0.001115s ]
INFO: [ app_begin ] --END-- [ RunTime:0.001370s ]
SQL: SHOW COLUMNS FROM `imagetext` [ RunTime:0.0068s ]
SQL: SELECT * FROM `imagetext`  [ RunTime:0.0006s ]
INFO: [ view_parse ] --START--
INFO: [ template_filter ] --START--
INFO: Run Behavior\ContentReplaceBehavior [ RunTime:0.000108s ]
INFO: [ template_filter ] --END-- [ RunTime:0.000252s ]
INFO: Run Behavior\ParseTemplateBehavior [ RunTime:0.012852s ]
INFO: [ view_parse ] --END-- [ RunTime:0.013033s ]
INFO: [ view_filter ] --START--
INFO: Run Behavior\WriteHtmlCacheBehavior [ RunTime:0.000483s ]
INFO: [ view_filter ] --END-- [ RunTime:0.000597s ]
INFO: [ app_end ] --START--
INFO: Run Behavior\ShowPageTraceBehavior [ RunTime:0.000776s ]
INFO: [ app_end ] --END-- [ RunTime:0.000949s ]

[ 2016-11-05T17:06:32+08:00 ] 127.0.0.1 /index.php/home/media/addPictureText
INFO: [ app_init ] --START--
INFO: Run Behavior\BuildLiteBehavior [ RunTime:0.000027s ]
INFO: [ app_init ] --END-- [ RunTime:0.000696s ]
INFO: [ app_begin ] --START--
INFO: Run Behavior\ReadHtmlCacheBehavior [ RunTime:0.000700s ]
INFO: [ app_begin ] --END-- [ RunTime:0.000833s ]
INFO: [ view_parse ] --START--
INFO: [ template_filter ] --START--
INFO: Run Behavior\ContentReplaceBehavior [ RunTime:0.000082s ]
INFO: [ template_filter ] --END-- [ RunTime:0.000206s ]
INFO: Run Behavior\ParseTemplateBehavior [ RunTime:0.008969s ]
INFO: [ view_parse ] --END-- [ RunTime:0.009118s ]
INFO: [ view_filter ] --START--
INFO: Run Behavior\WriteHtmlCacheBehavior [ RunTime:0.000486s ]
INFO: [ view_filter ] --END-- [ RunTime:0.000601s ]
INFO: [ app_end ] --START--
INFO: Run Behavior\ShowPageTraceBehavior [ RunTime:0.000786s ]
INFO: [ app_end ] --END-- [ RunTime:0.000966s ]

[ 2016-11-05T17:06:51+08:00 ] 127.0.0.1 /index.php/home/media/addPictureText
INFO: [ app_init ] --START--
INFO: Run Behavior\BuildLiteBehavior [ RunTime:0.000055s ]
INFO: [ app_init ] --END-- [ RunTime:0.000919s ]
INFO: [ app_begin ] --START--
INFO: Run Behavior\ReadHtmlCacheBehavior [ RunTime:0.000725s ]
INFO: [ app_begin ] --END-- [ RunTime:0.000933s ]
NOTIC: [8] Undefined variable: timeout E:\wamp\www\wechat1025\Application\Common\Library\Wechat.class.php 第 275 行.
NOTIC: [2] curl_errno() expects exactly 1 parameter, 0 given E:\wamp\www\wechat1025\Application\Common\Library\Wechat.class.php 第 281 行.
SQL: SHOW COLUMNS FROM `imagetext` [ RunTime:0.0065s ]
NOTIC: [8] Undefined property: stdClass::$media_id E:\wamp\www\wechat1025\Application\Home\Controller\MediaController.class.php 第 152 行.
SQL: INSERT INTO `imagetext` () VALUES () [ RunTime:0.0936s ]
SQL: SELECT * FROM `imagetext`  [ RunTime:0.0005s ]
INFO: [ view_parse ] --START--
INFO: [ template_filter ] --START--
INFO: Run Behavior\ContentReplaceBehavior [ RunTime:0.000089s ]
INFO: [ template_filter ] --END-- [ RunTime:0.000215s ]
INFO: Run Behavior\ParseTemplateBehavior [ RunTime:0.011865s ]
INFO: [ view_parse ] --END-- [ RunTime:0.011998s ]
INFO: [ view_filter ] --START--
INFO: Run Behavior\WriteHtmlCacheBehavior [ RunTime:0.000508s ]
INFO: [ view_filter ] --END-- [ RunTime:0.000623s ]
INFO: [ app_end ] --START--
INFO: Run Behavior\ShowPageTraceBehavior [ RunTime:0.000780s ]
INFO: [ app_end ] --END-- [ RunTime:0.000956s ]

[ 2016-11-05T17:07:00+08:00 ] 127.0.0.1 /index.php/Home/Media/deletePictureText/id/2
INFO: [ app_init ] --START--
INFO: Run Behavior\BuildLiteBehavior [ RunTime:0.000027s ]
INFO: [ app_init ] --END-- [ RunTime:0.000696s ]
INFO: [ app_begin ] --START--
INFO: Run Behavior\ReadHtmlCacheBehavior [ RunTime:0.001184s ]
INFO: [ app_begin ] --END-- [ RunTime:0.001353s ]
SQL: SHOW COLUMNS FROM `imagetext` [ RunTime:0.0054s ]
SQL: DELETE FROM `imagetext` WHERE ( id=2 ) [ RunTime:0.0693s ]
INFO: [ app_end ] --START--
INFO: Run Behavior\ShowPageTraceBehavior [ RunTime:0.001126s ]
INFO: [ app_end ] --END-- [ RunTime:0.001369s ]

[ 2016-11-05T17:07:01+08:00 ] 127.0.0.1 /index.php/Home/Media/managePictureText
INFO: [ app_init ] --START--
INFO: Run Behavior\BuildLiteBehavior [ RunTime:0.000027s ]
INFO: [ app_init ] --END-- [ RunTime:0.000724s ]
INFO: [ app_begin ] --START--
INFO: Run Behavior\ReadHtmlCacheBehavior [ RunTime:0.000658s ]
INFO: [ app_begin ] --END-- [ RunTime:0.000817s ]
SQL: SHOW COLUMNS FROM `imagetext` [ RunTime:0.0059s ]
SQL: SELECT * FROM `imagetext`  [ RunTime:0.0004s ]
INFO: [ view_parse ] --START--
INFO: [ template_filter ] --START--
INFO: Run Behavior\ContentReplaceBehavior [ RunTime:0.000083s ]
INFO: [ template_filter ] --END-- [ RunTime:0.000207s ]
INFO: Run Behavior\ParseTemplateBehavior [ RunTime:0.011289s ]
INFO: [ view_parse ] --END-- [ RunTime:0.011444s ]
INFO: [ view_filter ] --START--
INFO: Run Behavior\WriteHtmlCacheBehavior [ RunTime:0.000800s ]
INFO: [ view_filter ] --END-- [ RunTime:0.001025s ]
INFO: [ app_end ] --START--
INFO: Run Behavior\ShowPageTraceBehavior [ RunTime:0.000917s ]
INFO: [ app_end ] --END-- [ RunTime:0.001095s ]

[ 2016-11-05T17:09:46+08:00 ] 127.0.0.1 /index.php/Home/Media/managePictureText
INFO: [ app_init ] --START--
INFO: Run Behavior\BuildLiteBehavior [ RunTime:0.000030s ]
INFO: [ app_init ] --END-- [ RunTime:0.000774s ]
INFO: [ app_begin ] --START--
INFO: Run Behavior\ReadHtmlCacheBehavior [ RunTime:0.000800s ]
INFO: [ app_begin ] --END-- [ RunTime:0.000947s ]
SQL: SHOW COLUMNS FROM `imagetext` [ RunTime:0.0052s ]
SQL: SELECT * FROM `imagetext`  [ RunTime:0.0004s ]
INFO: [ view_parse ] --START--
INFO: [ template_filter ] --START--
INFO: Run Behavior\ContentReplaceBehavior [ RunTime:0.000095s ]
INFO: [ template_filter ] --END-- [ RunTime:0.000230s ]
INFO: Run Behavior\ParseTemplateBehavior [ RunTime:0.013020s ]
INFO: [ view_parse ] --END-- [ RunTime:0.013211s ]
INFO: [ view_filter ] --START--
INFO: Run Behavior\WriteHtmlCacheBehavior [ RunTime:0.000705s ]
INFO: [ view_filter ] --END-- [ RunTime:0.000837s ]
INFO: [ app_end ] --START--
INFO: Run Behavior\ShowPageTraceBehavior [ RunTime:0.001272s ]
INFO: [ app_end ] --END-- [ RunTime:0.001492s ]

[ 2016-11-05T17:34:13+08:00 ] 127.0.0.1 /index.php/home/menu/view
INFO: [ app_init ] --START--
INFO: Run Behavior\BuildLiteBehavior [ RunTime:0.000056s ]
INFO: [ app_init ] --END-- [ RunTime:0.031340s ]
INFO: [ app_begin ] --START--
INFO: Run Behavior\ReadHtmlCacheBehavior [ RunTime:0.001776s ]
INFO: [ app_begin ] --END-- [ RunTime:0.001983s ]
NOTIC: [2048] Non-static method Common\Library\Wechat::getAccessToken() should not be called statically, assuming $this from incompatible context E:\wamp\www\wechat1025\Application\Home\Controller\MenuController.class.php 第 75 行.
NOTIC: [2048] Non-static method Common\Library\Wechat::menuView() should not be called statically, assuming $this from incompatible context E:\wamp\www\wechat1025\Application\Home\Controller\MenuController.class.php 第 78 行.
NOTIC: [2] curl_errno() expects exactly 1 parameter, 0 given E:\wamp\www\wechat1025\Application\Common\Library\Wechat.class.php 第 314 行.
INFO: [ view_parse ] --START--
INFO: [ template_filter ] --START--
INFO: Run Behavior\ContentReplaceBehavior [ RunTime:0.009657s ]
INFO: [ template_filter ] --END-- [ RunTime:0.009836s ]
INFO: Run Behavior\ParseTemplateBehavior [ RunTime:0.101870s ]
INFO: [ view_parse ] --END-- [ RunTime:0.102033s ]
INFO: [ view_filter ] --START--
INFO: Run Behavior\WriteHtmlCacheBehavior [ RunTime:0.015432s ]
INFO: [ view_filter ] --END-- [ RunTime:0.015595s ]
INFO: [ app_end ] --START--
INFO: Run Behavior\ShowPageTraceBehavior [ RunTime:0.001252s ]
INFO: [ app_end ] --END-- [ RunTime:0.001419s ]

[ 2016-11-05T17:34:18+08:00 ] 127.0.0.1 /index.php/home/menu/v
INFO: [ app_init ] --START--
INFO: Run Behavior\BuildLiteBehavior [ RunTime:0.000049s ]
INFO: [ app_init ] --END-- [ RunTime:0.000943s ]
INFO: [ app_begin ] --START--
INFO: Run Behavior\ReadHtmlCacheBehavior [ RunTime:0.001039s ]
INFO: [ app_begin ] --END-- [ RunTime:0.001228s ]
ERR: 非法操作:v

[ 2016-11-05T17:34:23+08:00 ] 127.0.0.1 /index.php/home/menu
INFO: [ app_init ] --START--
INFO: Run Behavior\BuildLiteBehavior [ RunTime:0.000059s ]
INFO: [ app_init ] --END-- [ RunTime:0.000840s ]
INFO: [ app_begin ] --START--
INFO: Run Behavior\ReadHtmlCacheBehavior [ RunTime:0.000627s ]
INFO: [ app_begin ] --END-- [ RunTime:0.000764s ]
NOTIC: [2048] Non-static method Common\Library\Wechat::getAccessToken() should not be called statically, assuming $this from incompatible context E:\wamp\www\wechat1025\Application\Home\Controller\MenuController.class.php 第 12 行.
NOTIC: [2048] Non-static method Common\Library\Wechat::createMenu() should not be called statically, assuming $this from incompatible context E:\wamp\www\wechat1025\Application\Home\Controller\MenuController.class.php 第 67 行.
NOTIC: [2] curl_errno() expects exactly 1 parameter, 0 given E:\wamp\www\wechat1025\Application\Common\Library\Wechat.class.php 第 212 行.
INFO: [ app_end ] --START--
INFO: Run Behavior\ShowPageTraceBehavior [ RunTime:0.001045s ]
INFO: [ app_end ] --END-- [ RunTime:0.001275s ]

