[ 2016-10-18T07:48:00+08:00 ] ::1 /wechat1017/home/weui/index
INFO: [ app_init ] --START--
INFO: Run Behavior\BuildLiteBehavior [ RunTime:0.000032s ]
INFO: [ app_init ] --END-- [ RunTime:0.010611s ]
INFO: [ app_begin ] --START--
INFO: Run Behavior\ReadHtmlCacheBehavior [ RunTime:0.012994s ]
INFO: [ app_begin ] --END-- [ RunTime:0.013130s ]
NOTIC: [2] curl_errno() expects exactly 1 parameter, 0 given E:\wamp\www\wechat1017\Application\Home\Controller\WeuiController.class.php 第 22 行.
NOTIC: [8] Undefined property: stdClass::$access_token E:\wamp\www\wechat1017\Application\Home\Controller\WeuiController.class.php 第 26 行.
NOTIC: [8] Undefined property: stdClass::$openid E:\wamp\www\wechat1017\Application\Home\Controller\WeuiController.class.php 第 27 行.
NOTIC: [2] curl_errno() expects exactly 1 parameter, 0 given E:\wamp\www\wechat1017\Application\Home\Controller\WeuiController.class.php 第 34 行.
INFO: [ view_parse ] --START--
INFO: [ template_filter ] --START--
INFO: Run Behavior\ContentReplaceBehavior [ RunTime:0.000094s ]
INFO: [ template_filter ] --END-- [ RunTime:0.000297s ]
NOTIC: [8] Undefined property: stdClass::$nickname E:\wamp\www\wechat1017\Application\Runtime\Cache\Home\29e77ddb992f9fddd55aae48778b3c16.php 第 20 行.
NOTIC: [8] Undefined variable: time E:\wamp\www\wechat1017\Application\Runtime\Cache\Home\29e77ddb992f9fddd55aae48778b3c16.php 第 21 行.
NOTIC: [8] Undefined variable: signature E:\wamp\www\wechat1017\Application\Runtime\Cache\Home\29e77ddb992f9fddd55aae48778b3c16.php 第 22 行.
INFO: Run Behavior\ParseTemplateBehavior [ RunTime:0.129253s ]
INFO: [ view_parse ] --END-- [ RunTime:0.129684s ]
INFO: [ view_filter ] --START--
INFO: Run Behavior\WriteHtmlCacheBehavior [ RunTime:0.008791s ]
INFO: [ view_filter ] --END-- [ RunTime:0.008914s ]
INFO: [ app_end ] --START--
INFO: Run Behavior\ShowPageTraceBehavior [ RunTime:0.008443s ]
INFO: [ app_end ] --END-- [ RunTime:0.008602s ]

[ 2016-10-18T07:48:21+08:00 ] ::1 /wechat1017/home/weui/signature
INFO: [ app_init ] --START--
INFO: Run Behavior\BuildLiteBehavior [ RunTime:0.000027s ]
INFO: [ app_init ] --END-- [ RunTime:0.000728s ]
INFO: [ app_begin ] --START--
INFO: Run Behavior\ReadHtmlCacheBehavior [ RunTime:0.001571s ]
INFO: [ app_begin ] --END-- [ RunTime:0.001711s ]
INFO: [ view_parse ] --START--
INFO: [ template_filter ] --START--
INFO: Run Behavior\ContentReplaceBehavior [ RunTime:0.000072s ]
INFO: [ template_filter ] --END-- [ RunTime:0.000212s ]
NOTIC: [8] Undefined variable: user E:\wamp\www\wechat1017\Application\Runtime\Cache\Home\29e77ddb992f9fddd55aae48778b3c16.php 第 20 行.
NOTIC: [8] Trying to get property of non-object E:\wamp\www\wechat1017\Application\Runtime\Cache\Home\29e77ddb992f9fddd55aae48778b3c16.php 第 20 行.
INFO: Run Behavior\ParseTemplateBehavior [ RunTime:0.011776s ]
INFO: [ view_parse ] --END-- [ RunTime:0.011931s ]
INFO: [ view_filter ] --START--
INFO: Run Behavior\WriteHtmlCacheBehavior [ RunTime:0.001313s ]
INFO: [ view_filter ] --END-- [ RunTime:0.001458s ]
INFO: [ app_end ] --START--
INFO: Run Behavior\ShowPageTraceBehavior [ RunTime:0.001579s ]
INFO: [ app_end ] --END-- [ RunTime:0.001755s ]

[ 2016-10-18T07:48:52+08:00 ] ::1 /wechat1017/home/weui/signature
INFO: [ app_init ] --START--
INFO: Run Behavior\BuildLiteBehavior [ RunTime:0.000026s ]
INFO: [ app_init ] --END-- [ RunTime:0.000705s ]
INFO: [ app_begin ] --START--
INFO: Run Behavior\ReadHtmlCacheBehavior [ RunTime:0.001015s ]
INFO: [ app_begin ] --END-- [ RunTime:0.001142s ]
INFO: [ view_parse ] --START--
INFO: [ template_filter ] --START--
INFO: Run Behavior\ContentReplaceBehavior [ RunTime:0.000129s ]
INFO: [ template_filter ] --END-- [ RunTime:0.000271s ]
NOTIC: [8] Undefined variable: user E:\wamp\www\wechat1017\Application\Runtime\Cache\Home\29e77ddb992f9fddd55aae48778b3c16.php 第 20 行.
NOTIC: [8] Trying to get property of non-object E:\wamp\www\wechat1017\Application\Runtime\Cache\Home\29e77ddb992f9fddd55aae48778b3c16.php 第 20 行.
INFO: Run Behavior\ParseTemplateBehavior [ RunTime:0.022559s ]
INFO: [ view_parse ] --END-- [ RunTime:0.022757s ]
INFO: [ view_filter ] --START--
INFO: Run Behavior\WriteHtmlCacheBehavior [ RunTime:0.000828s ]
INFO: [ view_filter ] --END-- [ RunTime:0.000976s ]
INFO: [ app_end ] --START--
INFO: Run Behavior\ShowPageTraceBehavior [ RunTime:0.001019s ]
INFO: [ app_end ] --END-- [ RunTime:0.001135s ]

[ 2016-10-18T07:49:23+08:00 ] ::1 /wechat1017/home/weui/signature
INFO: [ app_init ] --START--
INFO: Run Behavior\BuildLiteBehavior [ RunTime:0.000026s ]
INFO: [ app_init ] --END-- [ RunTime:0.000659s ]
INFO: [ app_begin ] --START--
INFO: Run Behavior\ReadHtmlCacheBehavior [ RunTime:0.001267s ]
INFO: [ app_begin ] --END-- [ RunTime:0.001487s ]
INFO: [ view_parse ] --START--
INFO: [ template_filter ] --START--
INFO: Run Behavior\ContentReplaceBehavior [ RunTime:0.000093s ]
INFO: [ template_filter ] --END-- [ RunTime:0.000276s ]
NOTIC: [8] Undefined variable: user E:\wamp\www\wechat1017\Application\Runtime\Cache\Home\29e77ddb992f9fddd55aae48778b3c16.php 第 20 行.
NOTIC: [8] Trying to get property of non-object E:\wamp\www\wechat1017\Application\Runtime\Cache\Home\29e77ddb992f9fddd55aae48778b3c16.php 第 20 行.
INFO: Run Behavior\ParseTemplateBehavior [ RunTime:0.023976s ]
INFO: [ view_parse ] --END-- [ RunTime:0.024106s ]
INFO: [ view_filter ] --START--
INFO: Run Behavior\WriteHtmlCacheBehavior [ RunTime:0.001165s ]
INFO: [ view_filter ] --END-- [ RunTime:0.001300s ]
INFO: [ app_end ] --START--
INFO: Run Behavior\ShowPageTraceBehavior [ RunTime:0.001136s ]
INFO: [ app_end ] --END-- [ RunTime:0.001278s ]

[ 2016-10-18T07:53:57+08:00 ] ::1 /wechat1017/home/weui/signature
INFO: [ app_init ] --START--
INFO: Run Behavior\BuildLiteBehavior [ RunTime:0.000032s ]
INFO: [ app_init ] --END-- [ RunTime:0.001149s ]
INFO: [ app_begin ] --START--
INFO: Run Behavior\ReadHtmlCacheBehavior [ RunTime:0.002555s ]
INFO: [ app_begin ] --END-- [ RunTime:0.002716s ]
INFO: [ view_parse ] --START--
INFO: [ template_filter ] --START--
INFO: Run Behavior\ContentReplaceBehavior [ RunTime:0.000109s ]
INFO: [ template_filter ] --END-- [ RunTime:0.000251s ]
NOTIC: [8] Undefined variable: user E:\wamp\www\wechat1017\Application\Runtime\Cache\Home\29e77ddb992f9fddd55aae48778b3c16.php 第 20 行.
NOTIC: [8] Trying to get property of non-object E:\wamp\www\wechat1017\Application\Runtime\Cache\Home\29e77ddb992f9fddd55aae48778b3c16.php 第 20 行.
INFO: Run Behavior\ParseTemplateBehavior [ RunTime:0.021204s ]
INFO: [ view_parse ] --END-- [ RunTime:0.021339s ]
INFO: [ view_filter ] --START--
INFO: Run Behavior\WriteHtmlCacheBehavior [ RunTime:0.001123s ]
INFO: [ view_filter ] --END-- [ RunTime:0.001245s ]
INFO: [ app_end ] --START--
INFO: Run Behavior\ShowPageTraceBehavior [ RunTime:0.001262s ]
INFO: [ app_end ] --END-- [ RunTime:0.001392s ]

[ 2016-10-18T07:54:22+08:00 ] ::1 /wechat1017/home/weui/signature
INFO: [ app_init ] --START--
INFO: Run Behavior\BuildLiteBehavior [ RunTime:0.000027s ]
INFO: [ app_init ] --END-- [ RunTime:0.000702s ]
INFO: [ app_begin ] --START--
INFO: Run Behavior\ReadHtmlCacheBehavior [ RunTime:0.001271s ]
INFO: [ app_begin ] --END-- [ RunTime:0.001411s ]
INFO: [ view_parse ] --START--
INFO: [ template_filter ] --START--
INFO: Run Behavior\ContentReplaceBehavior [ RunTime:0.000073s ]
INFO: [ template_filter ] --END-- [ RunTime:0.000213s ]
NOTIC: [8] Undefined variable: user E:\wamp\www\wechat1017\Application\Runtime\Cache\Home\29e77ddb992f9fddd55aae48778b3c16.php 第 20 行.
NOTIC: [8] Trying to get property of non-object E:\wamp\www\wechat1017\Application\Runtime\Cache\Home\29e77ddb992f9fddd55aae48778b3c16.php 第 20 行.
INFO: Run Behavior\ParseTemplateBehavior [ RunTime:0.010922s ]
INFO: [ view_parse ] --END-- [ RunTime:0.011139s ]
INFO: [ view_filter ] --START--
INFO: Run Behavior\WriteHtmlCacheBehavior [ RunTime:0.001023s ]
INFO: [ view_filter ] --END-- [ RunTime:0.001139s ]
INFO: [ app_end ] --START--
INFO: Run Behavior\ShowPageTraceBehavior [ RunTime:0.002080s ]
INFO: [ app_end ] --END-- [ RunTime:0.002390s ]

[ 2016-10-18T07:54:43+08:00 ] ::1 /wechat1017/home/weui/signature
INFO: [ app_init ] --START--
INFO: Run Behavior\BuildLiteBehavior [ RunTime:0.000030s ]
INFO: [ app_init ] --END-- [ RunTime:0.000790s ]
INFO: [ app_begin ] --START--
INFO: Run Behavior\ReadHtmlCacheBehavior [ RunTime:0.001806s ]
INFO: [ app_begin ] --END-- [ RunTime:0.002006s ]
INFO: [ view_parse ] --START--
INFO: [ template_filter ] --START--
INFO: Run Behavior\ContentReplaceBehavior [ RunTime:0.000071s ]
INFO: [ template_filter ] --END-- [ RunTime:0.000209s ]
NOTIC: [8] Undefined variable: user E:\wamp\www\wechat1017\Application\Runtime\Cache\Home\29e77ddb992f9fddd55aae48778b3c16.php 第 20 行.
NOTIC: [8] Trying to get property of non-object E:\wamp\www\wechat1017\Application\Runtime\Cache\Home\29e77ddb992f9fddd55aae48778b3c16.php 第 20 行.
INFO: Run Behavior\ParseTemplateBehavior [ RunTime:0.025538s ]
INFO: [ view_parse ] --END-- [ RunTime:0.025731s ]
INFO: [ view_filter ] --START--
INFO: Run Behavior\WriteHtmlCacheBehavior [ RunTime:0.001424s ]
INFO: [ view_filter ] --END-- [ RunTime:0.001636s ]
INFO: [ app_end ] --START--
INFO: Run Behavior\ShowPageTraceBehavior [ RunTime:0.002405s ]
INFO: [ app_end ] --END-- [ RunTime:0.002580s ]

[ 2016-10-18T07:55:38+08:00 ] ::1 /wechat1017/home/weui/signature
INFO: [ app_init ] --START--
INFO: Run Behavior\BuildLiteBehavior [ RunTime:0.000027s ]
INFO: [ app_init ] --END-- [ RunTime:0.000689s ]
INFO: [ app_begin ] --START--
INFO: Run Behavior\ReadHtmlCacheBehavior [ RunTime:0.002712s ]
INFO: [ app_begin ] --END-- [ RunTime:0.002894s ]
INFO: [ view_parse ] --START--
INFO: [ template_filter ] --START--
INFO: Run Behavior\ContentReplaceBehavior [ RunTime:0.000068s ]
INFO: [ template_filter ] --END-- [ RunTime:0.000194s ]
NOTIC: [8] Undefined variable: user E:\wamp\www\wechat1017\Application\Runtime\Cache\Home\29e77ddb992f9fddd55aae48778b3c16.php 第 23 行.
NOTIC: [8] Trying to get property of non-object E:\wamp\www\wechat1017\Application\Runtime\Cache\Home\29e77ddb992f9fddd55aae48778b3c16.php 第 23 行.
INFO: Run Behavior\ParseTemplateBehavior [ RunTime:0.019089s ]
INFO: [ view_parse ] --END-- [ RunTime:0.019234s ]
INFO: [ view_filter ] --START--
INFO: Run Behavior\WriteHtmlCacheBehavior [ RunTime:0.001435s ]
INFO: [ view_filter ] --END-- [ RunTime:0.001557s ]
INFO: [ app_end ] --START--
INFO: Run Behavior\ShowPageTraceBehavior [ RunTime:0.001271s ]
INFO: [ app_end ] --END-- [ RunTime:0.001415s ]

[ 2016-10-18T07:55:41+08:00 ] ::1 /wechat1017/home/weui/signature
INFO: [ app_init ] --START--
INFO: Run Behavior\BuildLiteBehavior [ RunTime:0.000039s ]
INFO: [ app_init ] --END-- [ RunTime:0.001002s ]
INFO: [ app_begin ] --START--
INFO: Run Behavior\ReadHtmlCacheBehavior [ RunTime:0.001038s ]
INFO: [ app_begin ] --END-- [ RunTime:0.001205s ]
INFO: [ view_parse ] --START--
INFO: [ template_filter ] --START--
INFO: Run Behavior\ContentReplaceBehavior [ RunTime:0.000066s ]
INFO: [ template_filter ] --END-- [ RunTime:0.000203s ]
NOTIC: [8] Undefined variable: user E:\wamp\www\wechat1017\Application\Runtime\Cache\Home\29e77ddb992f9fddd55aae48778b3c16.php 第 23 行.
NOTIC: [8] Trying to get property of non-object E:\wamp\www\wechat1017\Application\Runtime\Cache\Home\29e77ddb992f9fddd55aae48778b3c16.php 第 23 行.
INFO: Run Behavior\ParseTemplateBehavior [ RunTime:0.009816s ]
INFO: [ view_parse ] --END-- [ RunTime:0.010035s ]
INFO: [ view_filter ] --START--
INFO: Run Behavior\WriteHtmlCacheBehavior [ RunTime:0.001441s ]
INFO: [ view_filter ] --END-- [ RunTime:0.001612s ]
INFO: [ app_end ] --START--
INFO: Run Behavior\ShowPageTraceBehavior [ RunTime:0.001036s ]
INFO: [ app_end ] --END-- [ RunTime:0.001158s ]

[ 2016-10-18T07:55:43+08:00 ] ::1 /wechat1017/home/weui/signature
INFO: [ app_init ] --START--
INFO: Run Behavior\BuildLiteBehavior [ RunTime:0.000030s ]
INFO: [ app_init ] --END-- [ RunTime:0.000723s ]
INFO: [ app_begin ] --START--
INFO: Run Behavior\ReadHtmlCacheBehavior [ RunTime:0.001363s ]
INFO: [ app_begin ] --END-- [ RunTime:0.001511s ]
INFO: [ view_parse ] --START--
INFO: [ template_filter ] --START--
INFO: Run Behavior\ContentReplaceBehavior [ RunTime:0.000108s ]
INFO: [ template_filter ] --END-- [ RunTime:0.000311s ]
NOTIC: [8] Undefined variable: user E:\wamp\www\wechat1017\Application\Runtime\Cache\Home\29e77ddb992f9fddd55aae48778b3c16.php 第 23 行.
NOTIC: [8] Trying to get property of non-object E:\wamp\www\wechat1017\Application\Runtime\Cache\Home\29e77ddb992f9fddd55aae48778b3c16.php 第 23 行.
INFO: Run Behavior\ParseTemplateBehavior [ RunTime:0.014128s ]
INFO: [ view_parse ] --END-- [ RunTime:0.014292s ]
INFO: [ view_filter ] --START--
INFO: Run Behavior\WriteHtmlCacheBehavior [ RunTime:0.001164s ]
INFO: [ view_filter ] --END-- [ RunTime:0.001290s ]
INFO: [ app_end ] --START--
INFO: Run Behavior\ShowPageTraceBehavior [ RunTime:0.002337s ]
INFO: [ app_end ] --END-- [ RunTime:0.002516s ]

[ 2016-10-18T07:55:44+08:00 ] ::1 /wechat1017/home/weui/signature
INFO: [ app_init ] --START--
INFO: Run Behavior\BuildLiteBehavior [ RunTime:0.000034s ]
INFO: [ app_init ] --END-- [ RunTime:0.001094s ]
INFO: [ app_begin ] --START--
INFO: Run Behavior\ReadHtmlCacheBehavior [ RunTime:0.002277s ]
INFO: [ app_begin ] --END-- [ RunTime:0.002536s ]
INFO: [ view_parse ] --START--
INFO: [ template_filter ] --START--
INFO: Run Behavior\ContentReplaceBehavior [ RunTime:0.000066s ]
INFO: [ template_filter ] --END-- [ RunTime:0.000190s ]
NOTIC: [8] Undefined variable: user E:\wamp\www\wechat1017\Application\Runtime\Cache\Home\29e77ddb992f9fddd55aae48778b3c16.php 第 23 行.
NOTIC: [8] Trying to get property of non-object E:\wamp\www\wechat1017\Application\Runtime\Cache\Home\29e77ddb992f9fddd55aae48778b3c16.php 第 23 行.
INFO: Run Behavior\ParseTemplateBehavior [ RunTime:0.010497s ]
INFO: [ view_parse ] --END-- [ RunTime:0.010641s ]
INFO: [ view_filter ] --START--
INFO: Run Behavior\WriteHtmlCacheBehavior [ RunTime:0.001318s ]
INFO: [ view_filter ] --END-- [ RunTime:0.001442s ]
INFO: [ app_end ] --START--
INFO: Run Behavior\ShowPageTraceBehavior [ RunTime:0.001355s ]
INFO: [ app_end ] --END-- [ RunTime:0.001487s ]

[ 2016-10-18T07:55:45+08:00 ] ::1 /wechat1017/home/weui/signature
INFO: [ app_init ] --START--
INFO: Run Behavior\BuildLiteBehavior [ RunTime:0.000032s ]
INFO: [ app_init ] --END-- [ RunTime:0.000743s ]
INFO: [ app_begin ] --START--
INFO: Run Behavior\ReadHtmlCacheBehavior [ RunTime:0.001508s ]
INFO: [ app_begin ] --END-- [ RunTime:0.001656s ]
INFO: [ view_parse ] --START--
INFO: [ template_filter ] --START--
INFO: Run Behavior\ContentReplaceBehavior [ RunTime:0.000071s ]
INFO: [ template_filter ] --END-- [ RunTime:0.000209s ]
NOTIC: [8] Undefined variable: user E:\wamp\www\wechat1017\Application\Runtime\Cache\Home\29e77ddb992f9fddd55aae48778b3c16.php 第 23 行.
NOTIC: [8] Trying to get property of non-object E:\wamp\www\wechat1017\Application\Runtime\Cache\Home\29e77ddb992f9fddd55aae48778b3c16.php 第 23 行.
INFO: Run Behavior\ParseTemplateBehavior [ RunTime:0.011849s ]
INFO: [ view_parse ] --END-- [ RunTime:0.011999s ]
INFO: [ view_filter ] --START--
INFO: Run Behavior\WriteHtmlCacheBehavior [ RunTime:0.000931s ]
INFO: [ view_filter ] --END-- [ RunTime:0.001058s ]
INFO: [ app_end ] --START--
INFO: Run Behavior\ShowPageTraceBehavior [ RunTime:0.001097s ]
INFO: [ app_end ] --END-- [ RunTime:0.001227s ]

[ 2016-10-18T07:56:44+08:00 ] ::1 /wechat1017/home/weui/signature
INFO: [ app_init ] --START--
INFO: Run Behavior\BuildLiteBehavior [ RunTime:0.000026s ]
INFO: [ app_init ] --END-- [ RunTime:0.000650s ]
INFO: [ app_begin ] --START--
INFO: Run Behavior\ReadHtmlCacheBehavior [ RunTime:0.001955s ]
INFO: [ app_begin ] --END-- [ RunTime:0.002376s ]
INFO: [ view_parse ] --START--
INFO: [ template_filter ] --START--
INFO: Run Behavior\ContentReplaceBehavior [ RunTime:0.000068s ]
INFO: [ template_filter ] --END-- [ RunTime:0.000193s ]
NOTIC: [8] Undefined variable: user E:\wamp\www\wechat1017\Application\Runtime\Cache\Home\29e77ddb992f9fddd55aae48778b3c16.php 第 24 行.
NOTIC: [8] Trying to get property of non-object E:\wamp\www\wechat1017\Application\Runtime\Cache\Home\29e77ddb992f9fddd55aae48778b3c16.php 第 24 行.
INFO: Run Behavior\ParseTemplateBehavior [ RunTime:0.019238s ]
INFO: [ view_parse ] --END-- [ RunTime:0.019370s ]
INFO: [ view_filter ] --START--
INFO: Run Behavior\WriteHtmlCacheBehavior [ RunTime:0.000862s ]
INFO: [ view_filter ] --END-- [ RunTime:0.000978s ]
INFO: [ app_end ] --START--
INFO: Run Behavior\ShowPageTraceBehavior [ RunTime:0.001116s ]
INFO: [ app_end ] --END-- [ RunTime:0.001237s ]

[ 2016-10-18T07:56:55+08:00 ] ::1 /wechat1017/home/weui/signature
INFO: [ app_init ] --START--
INFO: Run Behavior\BuildLiteBehavior [ RunTime:0.000027s ]
INFO: [ app_init ] --END-- [ RunTime:0.000795s ]
INFO: [ app_begin ] --START--
INFO: Run Behavior\ReadHtmlCacheBehavior [ RunTime:0.001313s ]
INFO: [ app_begin ] --END-- [ RunTime:0.001449s ]
INFO: [ view_parse ] --START--
INFO: [ template_filter ] --START--
INFO: Run Behavior\ContentReplaceBehavior [ RunTime:0.000066s ]
INFO: [ template_filter ] --END-- [ RunTime:0.000191s ]
NOTIC: [8] Undefined variable: user E:\wamp\www\wechat1017\Application\Runtime\Cache\Home\29e77ddb992f9fddd55aae48778b3c16.php 第 24 行.
NOTIC: [8] Trying to get property of non-object E:\wamp\www\wechat1017\Application\Runtime\Cache\Home\29e77ddb992f9fddd55aae48778b3c16.php 第 24 行.
INFO: Run Behavior\ParseTemplateBehavior [ RunTime:0.012069s ]
INFO: [ view_parse ] --END-- [ RunTime:0.012225s ]
INFO: [ view_filter ] --START--
INFO: Run Behavior\WriteHtmlCacheBehavior [ RunTime:0.001149s ]
INFO: [ view_filter ] --END-- [ RunTime:0.001265s ]
INFO: [ app_end ] --START--
INFO: Run Behavior\ShowPageTraceBehavior [ RunTime:0.001273s ]
INFO: [ app_end ] --END-- [ RunTime:0.001391s ]

[ 2016-10-18T07:57:07+08:00 ] ::1 /wechat1017/home/weui/signature
INFO: [ app_init ] --START--
INFO: Run Behavior\BuildLiteBehavior [ RunTime:0.000029s ]
INFO: [ app_init ] --END-- [ RunTime:0.000663s ]
INFO: [ app_begin ] --START--
INFO: Run Behavior\ReadHtmlCacheBehavior [ RunTime:0.001002s ]
INFO: [ app_begin ] --END-- [ RunTime:0.001132s ]
INFO: [ view_parse ] --START--
INFO: [ template_filter ] --START--
INFO: Run Behavior\ContentReplaceBehavior [ RunTime:0.000075s ]
INFO: [ template_filter ] --END-- [ RunTime:0.000212s ]
NOTIC: [8] Undefined variable: user E:\wamp\www\wechat1017\Application\Runtime\Cache\Home\29e77ddb992f9fddd55aae48778b3c16.php 第 24 行.
NOTIC: [8] Trying to get property of non-object E:\wamp\www\wechat1017\Application\Runtime\Cache\Home\29e77ddb992f9fddd55aae48778b3c16.php 第 24 行.
INFO: Run Behavior\ParseTemplateBehavior [ RunTime:0.009760s ]
INFO: [ view_parse ] --END-- [ RunTime:0.009916s ]
INFO: [ view_filter ] --START--
INFO: Run Behavior\WriteHtmlCacheBehavior [ RunTime:0.000871s ]
INFO: [ view_filter ] --END-- [ RunTime:0.001007s ]
INFO: [ app_end ] --START--
INFO: Run Behavior\ShowPageTraceBehavior [ RunTime:0.001150s ]
INFO: [ app_end ] --END-- [ RunTime:0.001275s ]

[ 2016-10-18T07:57:17+08:00 ] ::1 /wechat1017/home/weui/signature
INFO: [ app_init ] --START--
INFO: Run Behavior\BuildLiteBehavior [ RunTime:0.000027s ]
INFO: [ app_init ] --END-- [ RunTime:0.000671s ]
INFO: [ app_begin ] --START--
INFO: Run Behavior\ReadHtmlCacheBehavior [ RunTime:0.000994s ]
INFO: [ app_begin ] --END-- [ RunTime:0.001121s ]
INFO: [ view_parse ] --START--
INFO: [ template_filter ] --START--
INFO: Run Behavior\ContentReplaceBehavior [ RunTime:0.000065s ]
INFO: [ template_filter ] --END-- [ RunTime:0.000214s ]
NOTIC: [8] Undefined variable: user E:\wamp\www\wechat1017\Application\Runtime\Cache\Home\29e77ddb992f9fddd55aae48778b3c16.php 第 23 行.
NOTIC: [8] Trying to get property of non-object E:\wamp\www\wechat1017\Application\Runtime\Cache\Home\29e77ddb992f9fddd55aae48778b3c16.php 第 23 行.
INFO: Run Behavior\ParseTemplateBehavior [ RunTime:0.009573s ]
INFO: [ view_parse ] --END-- [ RunTime:0.009717s ]
INFO: [ view_filter ] --START--
INFO: Run Behavior\WriteHtmlCacheBehavior [ RunTime:0.000862s ]
INFO: [ view_filter ] --END-- [ RunTime:0.000983s ]
INFO: [ app_end ] --START--
INFO: Run Behavior\ShowPageTraceBehavior [ RunTime:0.001033s ]
INFO: [ app_end ] --END-- [ RunTime:0.001188s ]

[ 2016-10-18T07:57:27+08:00 ] ::1 /wechat1017/home/weui/signature
INFO: [ app_init ] --START--
INFO: Run Behavior\BuildLiteBehavior [ RunTime:0.000033s ]
INFO: [ app_init ] --END-- [ RunTime:0.000796s ]
INFO: [ app_begin ] --START--
INFO: Run Behavior\ReadHtmlCacheBehavior [ RunTime:0.001269s ]
INFO: [ app_begin ] --END-- [ RunTime:0.001403s ]
INFO: [ view_parse ] --START--
INFO: [ template_filter ] --START--
INFO: Run Behavior\ContentReplaceBehavior [ RunTime:0.000071s ]
INFO: [ template_filter ] --END-- [ RunTime:0.000205s ]
NOTIC: [8] Undefined variable: user E:\wamp\www\wechat1017\Application\Runtime\Cache\Home\29e77ddb992f9fddd55aae48778b3c16.php 第 23 行.
NOTIC: [8] Trying to get property of non-object E:\wamp\www\wechat1017\Application\Runtime\Cache\Home\29e77ddb992f9fddd55aae48778b3c16.php 第 23 行.
INFO: Run Behavior\ParseTemplateBehavior [ RunTime:0.011554s ]
INFO: [ view_parse ] --END-- [ RunTime:0.011727s ]
INFO: [ view_filter ] --START--
INFO: Run Behavior\WriteHtmlCacheBehavior [ RunTime:0.001137s ]
INFO: [ view_filter ] --END-- [ RunTime:0.001256s ]
INFO: [ app_end ] --START--
INFO: Run Behavior\ShowPageTraceBehavior [ RunTime:0.001248s ]
INFO: [ app_end ] --END-- [ RunTime:0.001367s ]

[ 2016-10-18T07:57:28+08:00 ] ::1 /wechat1017/home/weui/signature
INFO: [ app_init ] --START--
INFO: Run Behavior\BuildLiteBehavior [ RunTime:0.000032s ]
INFO: [ app_init ] --END-- [ RunTime:0.000753s ]
INFO: [ app_begin ] --START--
INFO: Run Behavior\ReadHtmlCacheBehavior [ RunTime:0.001768s ]
INFO: [ app_begin ] --END-- [ RunTime:0.001946s ]
INFO: [ view_parse ] --START--
INFO: [ template_filter ] --START--
INFO: Run Behavior\ContentReplaceBehavior [ RunTime:0.000079s ]
INFO: [ template_filter ] --END-- [ RunTime:0.000233s ]
NOTIC: [8] Undefined variable: user E:\wamp\www\wechat1017\Application\Runtime\Cache\Home\29e77ddb992f9fddd55aae48778b3c16.php 第 23 行.
NOTIC: [8] Trying to get property of non-object E:\wamp\www\wechat1017\Application\Runtime\Cache\Home\29e77ddb992f9fddd55aae48778b3c16.php 第 23 行.
INFO: Run Behavior\ParseTemplateBehavior [ RunTime:0.011461s ]
INFO: [ view_parse ] --END-- [ RunTime:0.011621s ]
INFO: [ view_filter ] --START--
INFO: Run Behavior\WriteHtmlCacheBehavior [ RunTime:0.001067s ]
INFO: [ view_filter ] --END-- [ RunTime:0.001209s ]
INFO: [ app_end ] --START--
INFO: Run Behavior\ShowPageTraceBehavior [ RunTime:0.001225s ]
INFO: [ app_end ] --END-- [ RunTime:0.001368s ]

[ 2016-10-18T07:57:33+08:00 ] ::1 /wechat1017/home/weui/index
INFO: [ app_init ] --START--
INFO: Run Behavior\BuildLiteBehavior [ RunTime:0.000027s ]
INFO: [ app_init ] --END-- [ RunTime:0.000709s ]
INFO: [ app_begin ] --START--
INFO: Run Behavior\ReadHtmlCacheBehavior [ RunTime:0.001003s ]
INFO: [ app_begin ] --END-- [ RunTime:0.001131s ]
NOTIC: [2] curl_errno() expects exactly 1 parameter, 0 given E:\wamp\www\wechat1017\Application\Home\Controller\WeuiController.class.php 第 22 行.
NOTIC: [8] Undefined property: stdClass::$access_token E:\wamp\www\wechat1017\Application\Home\Controller\WeuiController.class.php 第 26 行.
NOTIC: [8] Undefined property: stdClass::$openid E:\wamp\www\wechat1017\Application\Home\Controller\WeuiController.class.php 第 27 行.
NOTIC: [2] curl_errno() expects exactly 1 parameter, 0 given E:\wamp\www\wechat1017\Application\Home\Controller\WeuiController.class.php 第 34 行.
INFO: [ view_parse ] --START--
INFO: [ template_filter ] --START--
INFO: Run Behavior\ContentReplaceBehavior [ RunTime:0.000239s ]
INFO: [ template_filter ] --END-- [ RunTime:0.000646s ]
NOTIC: [8] Undefined property: stdClass::$nickname E:\wamp\www\wechat1017\Application\Runtime\Cache\Home\29e77ddb992f9fddd55aae48778b3c16.php 第 23 行.
NOTIC: [8] Undefined variable: time E:\wamp\www\wechat1017\Application\Runtime\Cache\Home\29e77ddb992f9fddd55aae48778b3c16.php 第 24 行.
NOTIC: [8] Undefined variable: signature E:\wamp\www\wechat1017\Application\Runtime\Cache\Home\29e77ddb992f9fddd55aae48778b3c16.php 第 25 行.
INFO: Run Behavior\ParseTemplateBehavior [ RunTime:0.034392s ]
INFO: [ view_parse ] --END-- [ RunTime:0.035000s ]
INFO: [ view_filter ] --START--
INFO: Run Behavior\WriteHtmlCacheBehavior [ RunTime:0.004243s ]
INFO: [ view_filter ] --END-- [ RunTime:0.004668s ]
INFO: [ app_end ] --START--
INFO: Run Behavior\ShowPageTraceBehavior [ RunTime:0.001678s ]
INFO: [ app_end ] --END-- [ RunTime:0.001902s ]

[ 2016-10-18T07:57:49+08:00 ] ::1 /wechat1017/home/weui/signature
INFO: [ app_init ] --START--
INFO: Run Behavior\BuildLiteBehavior [ RunTime:0.000027s ]
INFO: [ app_init ] --END-- [ RunTime:0.000678s ]
INFO: [ app_begin ] --START--
INFO: Run Behavior\ReadHtmlCacheBehavior [ RunTime:0.001733s ]
INFO: [ app_begin ] --END-- [ RunTime:0.001916s ]
INFO: [ view_parse ] --START--
INFO: [ template_filter ] --START--
INFO: Run Behavior\ContentReplaceBehavior [ RunTime:0.000098s ]
INFO: [ template_filter ] --END-- [ RunTime:0.000225s ]
NOTIC: [8] Undefined variable: user E:\wamp\www\wechat1017\Application\Runtime\Cache\Home\29e77ddb992f9fddd55aae48778b3c16.php 第 23 行.
NOTIC: [8] Trying to get property of non-object E:\wamp\www\wechat1017\Application\Runtime\Cache\Home\29e77ddb992f9fddd55aae48778b3c16.php 第 23 行.
INFO: Run Behavior\ParseTemplateBehavior [ RunTime:0.013964s ]
INFO: [ view_parse ] --END-- [ RunTime:0.014153s ]
INFO: [ view_filter ] --START--
INFO: Run Behavior\WriteHtmlCacheBehavior [ RunTime:0.001960s ]
INFO: [ view_filter ] --END-- [ RunTime:0.002117s ]
INFO: [ app_end ] --START--
INFO: Run Behavior\ShowPageTraceBehavior [ RunTime:0.001254s ]
INFO: [ app_end ] --END-- [ RunTime:0.001371s ]

[ 2016-10-18T07:58:36+08:00 ] ::1 /wechat1017/home/weui/signature
INFO: [ app_init ] --START--
INFO: Run Behavior\BuildLiteBehavior [ RunTime:0.000027s ]
INFO: [ app_init ] --END-- [ RunTime:0.000670s ]
INFO: [ app_begin ] --START--
INFO: Run Behavior\ReadHtmlCacheBehavior [ RunTime:0.001216s ]
INFO: [ app_begin ] --END-- [ RunTime:0.001342s ]
INFO: [ view_parse ] --START--
INFO: [ template_filter ] --START--
INFO: Run Behavior\ContentReplaceBehavior [ RunTime:0.000068s ]
INFO: [ template_filter ] --END-- [ RunTime:0.000196s ]
NOTIC: [8] Undefined variable: user E:\wamp\www\wechat1017\Application\Runtime\Cache\Home\29e77ddb992f9fddd55aae48778b3c16.php 第 24 行.
NOTIC: [8] Trying to get property of non-object E:\wamp\www\wechat1017\Application\Runtime\Cache\Home\29e77ddb992f9fddd55aae48778b3c16.php 第 24 行.
INFO: Run Behavior\ParseTemplateBehavior [ RunTime:0.019725s ]
INFO: [ view_parse ] --END-- [ RunTime:0.019888s ]
INFO: [ view_filter ] --START--
INFO: Run Behavior\WriteHtmlCacheBehavior [ RunTime:0.001146s ]
INFO: [ view_filter ] --END-- [ RunTime:0.001265s ]
INFO: [ app_end ] --START--
INFO: Run Behavior\ShowPageTraceBehavior [ RunTime:0.002271s ]
INFO: [ app_end ] --END-- [ RunTime:0.002403s ]

[ 2016-10-18T07:58:53+08:00 ] ::1 /wechat1017/home/weui/signature
INFO: [ app_init ] --START--
INFO: Run Behavior\BuildLiteBehavior [ RunTime:0.000026s ]
INFO: [ app_init ] --END-- [ RunTime:0.000623s ]
INFO: [ app_begin ] --START--
INFO: Run Behavior\ReadHtmlCacheBehavior [ RunTime:0.001270s ]
INFO: [ app_begin ] --END-- [ RunTime:0.001411s ]
INFO: [ view_parse ] --START--
INFO: [ template_filter ] --START--
INFO: Run Behavior\ContentReplaceBehavior [ RunTime:0.000115s ]
INFO: [ template_filter ] --END-- [ RunTime:0.000284s ]
NOTIC: [8] Undefined variable: user E:\wamp\www\wechat1017\Application\Runtime\Cache\Home\29e77ddb992f9fddd55aae48778b3c16.php 第 11 行.
NOTIC: [8] Trying to get property of non-object E:\wamp\www\wechat1017\Application\Runtime\Cache\Home\29e77ddb992f9fddd55aae48778b3c16.php 第 11 行.
INFO: Run Behavior\ParseTemplateBehavior [ RunTime:0.019600s ]
INFO: [ view_parse ] --END-- [ RunTime:0.019726s ]
INFO: [ view_filter ] --START--
INFO: Run Behavior\WriteHtmlCacheBehavior [ RunTime:0.001132s ]
INFO: [ view_filter ] --END-- [ RunTime:0.001258s ]
INFO: [ app_end ] --START--
INFO: Run Behavior\ShowPageTraceBehavior [ RunTime:0.001347s ]
INFO: [ app_end ] --END-- [ RunTime:0.001482s ]

[ 2016-10-18T08:10:12+08:00 ] ::1 /wechat1017/home/weui/signature
INFO: [ app_init ] --START--
INFO: Run Behavior\BuildLiteBehavior [ RunTime:0.000029s ]
INFO: [ app_init ] --END-- [ RunTime:0.000778s ]
INFO: [ app_begin ] --START--
INFO: Run Behavior\ReadHtmlCacheBehavior [ RunTime:0.002674s ]
INFO: [ app_begin ] --END-- [ RunTime:0.002880s ]
INFO: [ view_parse ] --START--
INFO: [ template_filter ] --START--
INFO: Run Behavior\ContentReplaceBehavior [ RunTime:0.000071s ]
INFO: [ template_filter ] --END-- [ RunTime:0.000196s ]
NOTIC: [8] Undefined variable: user E:\wamp\www\wechat1017\Application\Runtime\Cache\Home\29e77ddb992f9fddd55aae48778b3c16.php 第 11 行.
NOTIC: [8] Trying to get property of non-object E:\wamp\www\wechat1017\Application\Runtime\Cache\Home\29e77ddb992f9fddd55aae48778b3c16.php 第 11 行.
INFO: Run Behavior\ParseTemplateBehavior [ RunTime:0.023350s ]
INFO: [ view_parse ] --END-- [ RunTime:0.023484s ]
INFO: [ view_filter ] --START--
INFO: Run Behavior\WriteHtmlCacheBehavior [ RunTime:0.001057s ]
INFO: [ view_filter ] --END-- [ RunTime:0.001241s ]
INFO: [ app_end ] --START--
INFO: Run Behavior\ShowPageTraceBehavior [ RunTime:0.001816s ]
INFO: [ app_end ] --END-- [ RunTime:0.002090s ]

[ 2016-10-18T08:10:48+08:00 ] ::1 /wechat1017/home/weui/signature
INFO: [ app_init ] --START--
INFO: Run Behavior\BuildLiteBehavior [ RunTime:0.000027s ]
INFO: [ app_init ] --END-- [ RunTime:0.000730s ]
INFO: [ app_begin ] --START--
INFO: Run Behavior\ReadHtmlCacheBehavior [ RunTime:0.002018s ]
INFO: [ app_begin ] --END-- [ RunTime:0.002283s ]
INFO: [ view_parse ] --START--
INFO: [ template_filter ] --START--
INFO: Run Behavior\ContentReplaceBehavior [ RunTime:0.000069s ]
INFO: [ template_filter ] --END-- [ RunTime:0.000220s ]
NOTIC: [8] Undefined variable: user E:\wamp\www\wechat1017\Application\Runtime\Cache\Home\29e77ddb992f9fddd55aae48778b3c16.php 第 11 行.
NOTIC: [8] Trying to get property of non-object E:\wamp\www\wechat1017\Application\Runtime\Cache\Home\29e77ddb992f9fddd55aae48778b3c16.php 第 11 行.
INFO: Run Behavior\ParseTemplateBehavior [ RunTime:0.022511s ]
INFO: [ view_parse ] --END-- [ RunTime:0.022636s ]
INFO: [ view_filter ] --START--
INFO: Run Behavior\WriteHtmlCacheBehavior [ RunTime:0.001009s ]
INFO: [ view_filter ] --END-- [ RunTime:0.001207s ]
INFO: [ app_end ] --START--
INFO: Run Behavior\ShowPageTraceBehavior [ RunTime:0.001959s ]
INFO: [ app_end ] --END-- [ RunTime:0.002168s ]

[ 2016-10-18T08:15:41+08:00 ] ::1 /wechat1017/home/weui/index
INFO: [ app_init ] --START--
INFO: Run Behavior\BuildLiteBehavior [ RunTime:0.000051s ]
INFO: [ app_init ] --END-- [ RunTime:0.001257s ]
INFO: [ app_begin ] --START--
INFO: Run Behavior\ReadHtmlCacheBehavior [ RunTime:0.002311s ]
INFO: [ app_begin ] --END-- [ RunTime:0.002549s ]
NOTIC: [2] curl_errno() expects exactly 1 parameter, 0 given E:\wamp\www\wechat1017\Application\Home\Controller\WeuiController.class.php 第 22 行.
NOTIC: [8] Undefined property: stdClass::$access_token E:\wamp\www\wechat1017\Application\Home\Controller\WeuiController.class.php 第 26 行.
NOTIC: [8] Undefined property: stdClass::$openid E:\wamp\www\wechat1017\Application\Home\Controller\WeuiController.class.php 第 27 行.
NOTIC: [2] curl_errno() expects exactly 1 parameter, 0 given E:\wamp\www\wechat1017\Application\Home\Controller\WeuiController.class.php 第 34 行.
INFO: [ view_parse ] --START--
INFO: [ template_filter ] --START--
INFO: Run Behavior\ContentReplaceBehavior [ RunTime:0.000126s ]
INFO: [ template_filter ] --END-- [ RunTime:0.000372s ]
NOTIC: [8] Undefined property: stdClass::$nickname E:\wamp\www\wechat1017\Application\Runtime\Cache\Home\29e77ddb992f9fddd55aae48778b3c16.php 第 11 行.
INFO: Run Behavior\ParseTemplateBehavior [ RunTime:0.028697s ]
INFO: [ view_parse ] --END-- [ RunTime:0.028833s ]
INFO: [ view_filter ] --START--
INFO: Run Behavior\WriteHtmlCacheBehavior [ RunTime:0.001240s ]
INFO: [ view_filter ] --END-- [ RunTime:0.001369s ]
INFO: [ app_end ] --START--
INFO: Run Behavior\ShowPageTraceBehavior [ RunTime:0.001699s ]
INFO: [ app_end ] --END-- [ RunTime:0.001874s ]

[ 2016-10-18T08:15:41+08:00 ] ::1 /wechat1017/home/weui/index
INFO: [ app_init ] --START--
INFO: Run Behavior\BuildLiteBehavior [ RunTime:0.000080s ]
INFO: [ app_init ] --END-- [ RunTime:0.001577s ]
INFO: [ app_begin ] --START--
INFO: Run Behavior\ReadHtmlCacheBehavior [ RunTime:0.002517s ]
INFO: [ app_begin ] --END-- [ RunTime:0.002767s ]
NOTIC: [2] curl_errno() expects exactly 1 parameter, 0 given E:\wamp\www\wechat1017\Application\Home\Controller\WeuiController.class.php 第 22 行.
NOTIC: [8] Undefined property: stdClass::$access_token E:\wamp\www\wechat1017\Application\Home\Controller\WeuiController.class.php 第 26 行.
NOTIC: [8] Undefined property: stdClass::$openid E:\wamp\www\wechat1017\Application\Home\Controller\WeuiController.class.php 第 27 行.
NOTIC: [2] curl_errno() expects exactly 1 parameter, 0 given E:\wamp\www\wechat1017\Application\Home\Controller\WeuiController.class.php 第 34 行.
INFO: [ view_parse ] --START--
INFO: [ template_filter ] --START--
INFO: Run Behavior\ContentReplaceBehavior [ RunTime:0.000083s ]
INFO: [ template_filter ] --END-- [ RunTime:0.000228s ]
NOTIC: [8] Undefined property: stdClass::$nickname E:\wamp\www\wechat1017\Application\Runtime\Cache\Home\29e77ddb992f9fddd55aae48778b3c16.php 第 11 行.
INFO: Run Behavior\ParseTemplateBehavior [ RunTime:0.012336s ]
INFO: [ view_parse ] --END-- [ RunTime:0.012531s ]
INFO: [ view_filter ] --START--
INFO: Run Behavior\WriteHtmlCacheBehavior [ RunTime:0.001847s ]
INFO: [ view_filter ] --END-- [ RunTime:0.002102s ]
INFO: [ app_end ] --START--
INFO: Run Behavior\ShowPageTraceBehavior [ RunTime:0.002097s ]
INFO: [ app_end ] --END-- [ RunTime:0.002273s ]

[ 2016-10-18T08:15:58+08:00 ] ::1 /wechat1017/home/weui/index
INFO: [ app_init ] --START--
INFO: Run Behavior\BuildLiteBehavior [ RunTime:0.000034s ]
INFO: [ app_init ] --END-- [ RunTime:0.000786s ]
INFO: [ app_begin ] --START--
INFO: Run Behavior\ReadHtmlCacheBehavior [ RunTime:0.001636s ]
INFO: [ app_begin ] --END-- [ RunTime:0.001800s ]
NOTIC: [2] curl_errno() expects exactly 1 parameter, 0 given E:\wamp\www\wechat1017\Application\Home\Controller\WeuiController.class.php 第 22 行.
NOTIC: [8] Undefined property: stdClass::$access_token E:\wamp\www\wechat1017\Application\Home\Controller\WeuiController.class.php 第 26 行.
NOTIC: [8] Undefined property: stdClass::$openid E:\wamp\www\wechat1017\Application\Home\Controller\WeuiController.class.php 第 27 行.
NOTIC: [2] curl_errno() expects exactly 1 parameter, 0 given E:\wamp\www\wechat1017\Application\Home\Controller\WeuiController.class.php 第 34 行.
INFO: [ view_parse ] --START--
INFO: [ template_filter ] --START--
INFO: Run Behavior\ContentReplaceBehavior [ RunTime:0.000077s ]
INFO: [ template_filter ] --END-- [ RunTime:0.000216s ]
NOTIC: [8] Undefined property: stdClass::$nickname E:\wamp\www\wechat1017\Application\Runtime\Cache\Home\29e77ddb992f9fddd55aae48778b3c16.php 第 11 行.
INFO: Run Behavior\ParseTemplateBehavior [ RunTime:0.013847s ]
INFO: [ view_parse ] --END-- [ RunTime:0.014090s ]
INFO: [ view_filter ] --START--
INFO: Run Behavior\WriteHtmlCacheBehavior [ RunTime:0.001793s ]
INFO: [ view_filter ] --END-- [ RunTime:0.001961s ]
INFO: [ app_end ] --START--
INFO: Run Behavior\ShowPageTraceBehavior [ RunTime:0.002420s ]
INFO: [ app_end ] --END-- [ RunTime:0.002634s ]

[ 2016-10-18T08:19:01+08:00 ] ::1 /wechat1017/home/weui/index
INFO: [ app_init ] --START--
INFO: Run Behavior\BuildLiteBehavior [ RunTime:0.000026s ]
INFO: [ app_init ] --END-- [ RunTime:0.000642s ]
INFO: [ app_begin ] --START--
INFO: Run Behavior\ReadHtmlCacheBehavior [ RunTime:0.001678s ]
INFO: [ app_begin ] --END-- [ RunTime:0.001824s ]
NOTIC: [2] curl_errno() expects exactly 1 parameter, 0 given E:\wamp\www\wechat1017\Application\Home\Controller\WeuiController.class.php 第 22 行.
NOTIC: [8] Undefined property: stdClass::$access_token E:\wamp\www\wechat1017\Application\Home\Controller\WeuiController.class.php 第 26 行.
NOTIC: [8] Undefined property: stdClass::$openid E:\wamp\www\wechat1017\Application\Home\Controller\WeuiController.class.php 第 27 行.
NOTIC: [2] curl_errno() expects exactly 1 parameter, 0 given E:\wamp\www\wechat1017\Application\Home\Controller\WeuiController.class.php 第 34 行.
INFO: [ view_parse ] --START--
INFO: [ template_filter ] --START--
INFO: Run Behavior\ContentReplaceBehavior [ RunTime:0.000122s ]
INFO: [ template_filter ] --END-- [ RunTime:0.000339s ]
NOTIC: [8] Undefined property: stdClass::$nickname E:\wamp\www\wechat1017\Application\Runtime\Cache\Home\29e77ddb992f9fddd55aae48778b3c16.php 第 11 行.
INFO: Run Behavior\ParseTemplateBehavior [ RunTime:0.046457s ]
INFO: [ view_parse ] --END-- [ RunTime:0.046780s ]
INFO: [ view_filter ] --START--
INFO: Run Behavior\WriteHtmlCacheBehavior [ RunTime:0.001887s ]
INFO: [ view_filter ] --END-- [ RunTime:0.002055s ]
INFO: [ app_end ] --START--
INFO: Run Behavior\ShowPageTraceBehavior [ RunTime:0.001404s ]
INFO: [ app_end ] --END-- [ RunTime:0.001540s ]

[ 2016-10-18T08:32:45+08:00 ] ::1 /wechat1017/home/weui/index
INFO: [ app_init ] --START--
INFO: Run Behavior\BuildLiteBehavior [ RunTime:0.000066s ]
INFO: [ app_init ] --END-- [ RunTime:0.011224s ]
INFO: [ app_begin ] --START--
INFO: Run Behavior\ReadHtmlCacheBehavior [ RunTime:0.013295s ]
INFO: [ app_begin ] --END-- [ RunTime:0.013442s ]
NOTIC: [2] curl_errno() expects exactly 1 parameter, 0 given E:\wamp\www\wechat1017\Application\Home\Controller\WeuiController.class.php 第 22 行.
NOTIC: [8] Undefined property: stdClass::$access_token E:\wamp\www\wechat1017\Application\Home\Controller\WeuiController.class.php 第 26 行.
NOTIC: [8] Undefined property: stdClass::$openid E:\wamp\www\wechat1017\Application\Home\Controller\WeuiController.class.php 第 27 行.
NOTIC: [2] curl_errno() expects exactly 1 parameter, 0 given E:\wamp\www\wechat1017\Application\Home\Controller\WeuiController.class.php 第 34 行.
INFO: [ view_parse ] --START--
INFO: [ template_filter ] --START--
INFO: Run Behavior\ContentReplaceBehavior [ RunTime:0.000101s ]
INFO: [ template_filter ] --END-- [ RunTime:0.000306s ]
NOTIC: [8] Undefined property: stdClass::$nickname E:\wamp\www\wechat1017\Application\Runtime\Cache\Home\29e77ddb992f9fddd55aae48778b3c16.php 第 11 行.
INFO: Run Behavior\ParseTemplateBehavior [ RunTime:0.171274s ]
INFO: [ view_parse ] --END-- [ RunTime:0.171558s ]
INFO: [ view_filter ] --START--
INFO: Run Behavior\WriteHtmlCacheBehavior [ RunTime:0.009236s ]
INFO: [ view_filter ] --END-- [ RunTime:0.009381s ]
INFO: [ app_end ] --START--
INFO: Run Behavior\ShowPageTraceBehavior [ RunTime:0.008742s ]
INFO: [ app_end ] --END-- [ RunTime:0.008992s ]

[ 2016-10-18T08:35:58+08:00 ] ::1 /wechat1017/home/weui/index
INFO: [ app_init ] --START--
INFO: Run Behavior\BuildLiteBehavior [ RunTime:0.000027s ]
INFO: [ app_init ] --END-- [ RunTime:0.000727s ]
INFO: [ app_begin ] --START--
INFO: Run Behavior\ReadHtmlCacheBehavior [ RunTime:0.001833s ]
INFO: [ app_begin ] --END-- [ RunTime:0.002046s ]
NOTIC: [2] curl_errno() expects exactly 1 parameter, 0 given E:\wamp\www\wechat1017\Application\Home\Controller\WeuiController.class.php 第 22 行.
NOTIC: [8] Undefined property: stdClass::$access_token E:\wamp\www\wechat1017\Application\Home\Controller\WeuiController.class.php 第 26 行.
NOTIC: [8] Undefined property: stdClass::$openid E:\wamp\www\wechat1017\Application\Home\Controller\WeuiController.class.php 第 27 行.
NOTIC: [2] curl_errno() expects exactly 1 parameter, 0 given E:\wamp\www\wechat1017\Application\Home\Controller\WeuiController.class.php 第 34 行.
INFO: [ view_parse ] --START--
INFO: [ template_filter ] --START--
INFO: Run Behavior\ContentReplaceBehavior [ RunTime:0.000102s ]
INFO: [ template_filter ] --END-- [ RunTime:0.000289s ]
NOTIC: [8] Undefined property: stdClass::$nickname E:\wamp\www\wechat1017\Application\Runtime\Cache\Home\29e77ddb992f9fddd55aae48778b3c16.php 第 11 行.
INFO: Run Behavior\ParseTemplateBehavior [ RunTime:0.029261s ]
INFO: [ view_parse ] --END-- [ RunTime:0.029728s ]
INFO: [ view_filter ] --START--
INFO: Run Behavior\WriteHtmlCacheBehavior [ RunTime:0.001837s ]
INFO: [ view_filter ] --END-- [ RunTime:0.002019s ]
INFO: [ app_end ] --START--
INFO: Run Behavior\ShowPageTraceBehavior [ RunTime:0.002868s ]
INFO: [ app_end ] --END-- [ RunTime:0.003203s ]

[ 2016-10-18T14:42:07+08:00 ] ::1 /wechat1018/home/jssdk/index
INFO: [ app_init ] --START--
INFO: Run Behavior\BuildLiteBehavior [ RunTime:0.000032s ]
INFO: [ app_init ] --END-- [ RunTime:0.000878s ]
INFO: [ app_begin ] --START--
INFO: Run Behavior\ReadHtmlCacheBehavior [ RunTime:0.001298s ]
INFO: [ app_begin ] --END-- [ RunTime:0.001453s ]
INFO: [ app_end ] --START--
INFO: Run Behavior\ShowPageTraceBehavior [ RunTime:0.001458s ]
INFO: [ app_end ] --END-- [ RunTime:0.001647s ]

[ 2016-10-18T15:05:41+08:00 ] ::1 /wechat1018/home/jssdk/index
INFO: [ app_init ] --START--
INFO: Run Behavior\BuildLiteBehavior [ RunTime:0.000027s ]
INFO: [ app_init ] --END-- [ RunTime:0.000683s ]
INFO: [ app_begin ] --START--
INFO: Run Behavior\ReadHtmlCacheBehavior [ RunTime:0.001309s ]
INFO: [ app_begin ] --END-- [ RunTime:0.001446s ]
NOTIC: [2] file_get_contents(jsapi_ticket.php): failed to open stream: No such file or directory E:\wamp\www\wechat1018\Application\Common\Library\JSSDK.class.php 第 106 行.
NOTIC: [8] Trying to get property of non-object E:\wamp\www\wechat1018\Application\Common\Library\JSSDK.class.php 第 50 行.
NOTIC: [2] file_get_contents(access_token.php): failed to open stream: No such file or directory E:\wamp\www\wechat1018\Application\Common\Library\JSSDK.class.php 第 106 行.
NOTIC: [8] Trying to get property of non-object E:\wamp\www\wechat1018\Application\Common\Library\JSSDK.class.php 第 72 行.
NOTIC: [8] curl_setopt(): CURLOPT_SSL_VERIFYHOST no longer accepts the value 1, value 2 will be used instead E:\wamp\www\wechat1018\Application\Common\Library\JSSDK.class.php 第 96 行.
NOTIC: [8] Trying to get property of non-object E:\wamp\www\wechat1018\Application\Common\Library\JSSDK.class.php 第 77 行.
NOTIC: [8] curl_setopt(): CURLOPT_SSL_VERIFYHOST no longer accepts the value 1, value 2 will be used instead E:\wamp\www\wechat1018\Application\Common\Library\JSSDK.class.php 第 96 行.
NOTIC: [8] Trying to get property of non-object E:\wamp\www\wechat1018\Application\Common\Library\JSSDK.class.php 第 56 行.
INFO: [ app_end ] --START--
INFO: Run Behavior\ShowPageTraceBehavior [ RunTime:0.004636s ]
INFO: [ app_end ] --END-- [ RunTime:0.005232s ]

[ 2016-10-18T15:26:20+08:00 ] ::1 /wechat1018/home/jssdk/index
INFO: [ app_init ] --START--
INFO: Run Behavior\BuildLiteBehavior [ RunTime:0.000039s ]
INFO: [ app_init ] --END-- [ RunTime:0.000867s ]
INFO: [ app_begin ] --START--
INFO: Run Behavior\ReadHtmlCacheBehavior [ RunTime:0.001263s ]
INFO: [ app_begin ] --END-- [ RunTime:0.001428s ]
NOTIC: [2] file_get_contents(jsapi_ticket.php): failed to open stream: No such file or directory E:\wamp\www\wechat1018\Application\Common\Library\JSSDK.class.php 第 106 行.
NOTIC: [8] Trying to get property of non-object E:\wamp\www\wechat1018\Application\Common\Library\JSSDK.class.php 第 50 行.
NOTIC: [2] file_get_contents(access_token.php): failed to open stream: No such file or directory E:\wamp\www\wechat1018\Application\Common\Library\JSSDK.class.php 第 106 行.
NOTIC: [8] Trying to get property of non-object E:\wamp\www\wechat1018\Application\Common\Library\JSSDK.class.php 第 72 行.
NOTIC: [8] curl_setopt(): CURLOPT_SSL_VERIFYHOST no longer accepts the value 1, value 2 will be used instead E:\wamp\www\wechat1018\Application\Common\Library\JSSDK.class.php 第 96 行.
NOTIC: [8] Trying to get property of non-object E:\wamp\www\wechat1018\Application\Common\Library\JSSDK.class.php 第 77 行.
NOTIC: [8] curl_setopt(): CURLOPT_SSL_VERIFYHOST no longer accepts the value 1, value 2 will be used instead E:\wamp\www\wechat1018\Application\Common\Library\JSSDK.class.php 第 96 行.
NOTIC: [8] Trying to get property of non-object E:\wamp\www\wechat1018\Application\Common\Library\JSSDK.class.php 第 56 行.
INFO: [ view_parse ] --START--
INFO: [ template_filter ] --START--
INFO: Run Behavior\ContentReplaceBehavior [ RunTime:0.000198s ]
INFO: [ template_filter ] --END-- [ RunTime:0.000608s ]
INFO: Run Behavior\ParseTemplateBehavior [ RunTime:0.067879s ]
INFO: [ view_parse ] --END-- [ RunTime:0.068578s ]
INFO: [ view_filter ] --START--
INFO: Run Behavior\WriteHtmlCacheBehavior [ RunTime:0.004271s ]
INFO: [ view_filter ] --END-- [ RunTime:0.005356s ]
INFO: [ app_end ] --START--
INFO: Run Behavior\ShowPageTraceBehavior [ RunTime:0.004044s ]
INFO: [ app_end ] --END-- [ RunTime:0.004472s ]

[ 2016-10-18T15:28:14+08:00 ] ::1 /wechat1018/home/jssdk/index
INFO: [ app_init ] --START--
INFO: Run Behavior\BuildLiteBehavior [ RunTime:0.000034s ]
INFO: [ app_init ] --END-- [ RunTime:0.000803s ]
INFO: [ app_begin ] --START--
INFO: Run Behavior\ReadHtmlCacheBehavior [ RunTime:0.001239s ]
INFO: [ app_begin ] --END-- [ RunTime:0.001405s ]
NOTIC: [2] file_get_contents(jsapi_ticket.php): failed to open stream: No such file or directory E:\wamp\www\wechat1018\Application\Common\Library\JSSDK.class.php 第 106 行.
NOTIC: [8] Trying to get property of non-object E:\wamp\www\wechat1018\Application\Common\Library\JSSDK.class.php 第 50 行.
NOTIC: [2] file_get_contents(access_token.php): failed to open stream: No such file or directory E:\wamp\www\wechat1018\Application\Common\Library\JSSDK.class.php 第 106 行.
NOTIC: [8] Trying to get property of non-object E:\wamp\www\wechat1018\Application\Common\Library\JSSDK.class.php 第 72 行.
NOTIC: [8] curl_setopt(): CURLOPT_SSL_VERIFYHOST no longer accepts the value 1, value 2 will be used instead E:\wamp\www\wechat1018\Application\Common\Library\JSSDK.class.php 第 96 行.
NOTIC: [8] Trying to get property of non-object E:\wamp\www\wechat1018\Application\Common\Library\JSSDK.class.php 第 77 行.
NOTIC: [8] curl_setopt(): CURLOPT_SSL_VERIFYHOST no longer accepts the value 1, value 2 will be used instead E:\wamp\www\wechat1018\Application\Common\Library\JSSDK.class.php 第 96 行.
NOTIC: [8] Trying to get property of non-object E:\wamp\www\wechat1018\Application\Common\Library\JSSDK.class.php 第 56 行.
INFO: [ view_parse ] --START--
INFO: [ template_filter ] --START--
INFO: Run Behavior\ContentReplaceBehavior [ RunTime:0.000208s ]
INFO: [ template_filter ] --END-- [ RunTime:0.000653s ]
INFO: Run Behavior\ParseTemplateBehavior [ RunTime:0.064220s ]
INFO: [ view_parse ] --END-- [ RunTime:0.064704s ]
INFO: [ view_filter ] --START--
INFO: Run Behavior\WriteHtmlCacheBehavior [ RunTime:0.003050s ]
INFO: [ view_filter ] --END-- [ RunTime:0.003455s ]
INFO: [ app_end ] --START--
INFO: Run Behavior\ShowPageTraceBehavior [ RunTime:0.004240s ]
INFO: [ app_end ] --END-- [ RunTime:0.004669s ]

[ 2016-10-18T16:20:52+08:00 ] ::1 /wechat1018/home/jssdk
INFO: [ app_init ] --START--
INFO: Run Behavior\BuildLiteBehavior [ RunTime:0.000029s ]
INFO: [ app_init ] --END-- [ RunTime:0.000746s ]
INFO: [ app_begin ] --START--
INFO: Run Behavior\ReadHtmlCacheBehavior [ RunTime:0.001362s ]
INFO: [ app_begin ] --END-- [ RunTime:0.001502s ]
NOTIC: [2] file_get_contents(jsapi_ticket.php): failed to open stream: No such file or directory E:\wamp\www\wechat1018\Application\Common\Library\JSSDK.class.php 第 106 行.
NOTIC: [8] Trying to get property of non-object E:\wamp\www\wechat1018\Application\Common\Library\JSSDK.class.php 第 50 行.
NOTIC: [2] file_get_contents(access_token.php): failed to open stream: No such file or directory E:\wamp\www\wechat1018\Application\Common\Library\JSSDK.class.php 第 106 行.
NOTIC: [8] Trying to get property of non-object E:\wamp\www\wechat1018\Application\Common\Library\JSSDK.class.php 第 72 行.
NOTIC: [8] curl_setopt(): CURLOPT_SSL_VERIFYHOST no longer accepts the value 1, value 2 will be used instead E:\wamp\www\wechat1018\Application\Common\Library\JSSDK.class.php 第 96 行.
NOTIC: [8] Trying to get property of non-object E:\wamp\www\wechat1018\Application\Common\Library\JSSDK.class.php 第 77 行.
NOTIC: [8] curl_setopt(): CURLOPT_SSL_VERIFYHOST no longer accepts the value 1, value 2 will be used instead E:\wamp\www\wechat1018\Application\Common\Library\JSSDK.class.php 第 96 行.
NOTIC: [8] Trying to get property of non-object E:\wamp\www\wechat1018\Application\Common\Library\JSSDK.class.php 第 56 行.
INFO: [ view_parse ] --START--
INFO: [ template_filter ] --START--
INFO: Run Behavior\ContentReplaceBehavior [ RunTime:0.000149s ]
INFO: [ template_filter ] --END-- [ RunTime:0.000419s ]
INFO: Run Behavior\ParseTemplateBehavior [ RunTime:0.052073s ]
INFO: [ view_parse ] --END-- [ RunTime:0.052577s ]
INFO: [ view_filter ] --START--
INFO: Run Behavior\WriteHtmlCacheBehavior [ RunTime:0.002365s ]
INFO: [ view_filter ] --END-- [ RunTime:0.002609s ]
INFO: [ app_end ] --START--
INFO: Run Behavior\ShowPageTraceBehavior [ RunTime:0.002561s ]
INFO: [ app_end ] --END-- [ RunTime:0.002828s ]

