[ 2016-10-30T16:01:42+08:00 ] 127.0.0.1 /
INFO: [ app_init ] --START--
INFO: Run Behavior\BuildLiteBehavior [ RunTime:0.000044s ]
INFO: [ app_init ] --END-- [ RunTime:0.061490s ]
INFO: [ app_begin ] --START--
INFO: Run Behavior\ReadHtmlCacheBehavior [ RunTime:0.001523s ]
INFO: [ app_begin ] --END-- [ RunTime:0.001801s ]
INFO: [ view_parse ] --START--
INFO: [ template_filter ] --START--
INFO: Run Behavior\ContentReplaceBehavior [ RunTime:0.040770s ]
INFO: [ template_filter ] --END-- [ RunTime:0.040932s ]
INFO: Run Behavior\ParseTemplateBehavior [ RunTime:0.144508s ]
INFO: [ view_parse ] --END-- [ RunTime:0.144693s ]
INFO: [ view_filter ] --START--
INFO: Run Behavior\WriteHtmlCacheBehavior [ RunTime:0.010977s ]
INFO: [ view_filter ] --END-- [ RunTime:0.011174s ]
INFO: [ app_end ] --START--
INFO: Run Behavior\ShowPageTraceBehavior [ RunTime:0.001495s ]
INFO: [ app_end ] --END-- [ RunTime:0.001736s ]

[ 2016-10-30T16:01:51+08:00 ] 127.0.0.1 /index.php/home/menu/view
INFO: [ app_init ] --START--
INFO: Run Behavior\BuildLiteBehavior [ RunTime:0.000029s ]
INFO: [ app_init ] --END-- [ RunTime:0.000594s ]
INFO: [ app_begin ] --START--
INFO: Run Behavior\ReadHtmlCacheBehavior [ RunTime:0.000596s ]
INFO: [ app_begin ] --END-- [ RunTime:0.000734s ]
NOTIC: [2048] Non-static method Common\Library\Wechat::getAccessToken() should not be called statically, assuming $this from incompatible context E:\wamp\www\wechat1025\Application\Home\Controller\MenuController.class.php 第 54 行.
NOTIC: [2048] Non-static method Common\Library\Wechat::menuView() should not be called statically, assuming $this from incompatible context E:\wamp\www\wechat1025\Application\Home\Controller\MenuController.class.php 第 57 行.
NOTIC: [2] curl_errno() expects exactly 1 parameter, 0 given E:\wamp\www\wechat1025\Application\Common\Library\Wechat.class.php 第 314 行.
INFO: [ view_parse ] --START--
INFO: [ template_filter ] --START--
INFO: Run Behavior\ContentReplaceBehavior [ RunTime:0.000099s ]
INFO: [ template_filter ] --END-- [ RunTime:0.000242s ]
INFO: Run Behavior\ParseTemplateBehavior [ RunTime:0.066101s ]
INFO: [ view_parse ] --END-- [ RunTime:0.066256s ]
INFO: [ view_filter ] --START--
INFO: Run Behavior\WriteHtmlCacheBehavior [ RunTime:0.000499s ]
INFO: [ view_filter ] --END-- [ RunTime:0.000631s ]
INFO: [ app_end ] --START--
INFO: Run Behavior\ShowPageTraceBehavior [ RunTime:0.000861s ]
INFO: [ app_end ] --END-- [ RunTime:0.001043s ]

[ 2016-10-30T16:40:00+08:00 ] 127.0.0.1 /index.php/home/menu/manage
INFO: [ app_init ] --START--
INFO: Run Behavior\BuildLiteBehavior [ RunTime:0.000035s ]
INFO: [ app_init ] --END-- [ RunTime:0.007700s ]
INFO: [ app_begin ] --START--
INFO: Run Behavior\ReadHtmlCacheBehavior [ RunTime:0.001493s ]
INFO: [ app_begin ] --END-- [ RunTime:0.001649s ]
NOTIC: [2048] Non-static method Common\Library\Wechat::getAccessToken() should not be called statically, assuming $this from incompatible context E:\wamp\www\wechat1025\Application\Home\Controller\MenuController.class.php 第 67 行.
NOTIC: [2048] Non-static method Common\Library\Wechat::menuView() should not be called statically, assuming $this from incompatible context E:\wamp\www\wechat1025\Application\Home\Controller\MenuController.class.php 第 70 行.
NOTIC: [2] curl_errno() expects exactly 1 parameter, 0 given E:\wamp\www\wechat1025\Application\Common\Library\Wechat.class.php 第 314 行.
INFO: [ view_parse ] --START--
INFO: [ template_filter ] --START--
INFO: Run Behavior\ContentReplaceBehavior [ RunTime:0.000119s ]
INFO: [ template_filter ] --END-- [ RunTime:0.000271s ]
NOTIC: [8] Undefined property: stdClass::$type E:\wamp\www\wechat1025\Application\Runtime\Cache\Home\61aaa62297252d85ed66208e4e207c1c.php 第 84 行.
NOTIC: [8] Undefined property: stdClass::$key E:\wamp\www\wechat1025\Application\Runtime\Cache\Home\61aaa62297252d85ed66208e4e207c1c.php 第 91 行.
NOTIC: [8] Undefined property: stdClass::$url E:\wamp\www\wechat1025\Application\Runtime\Cache\Home\61aaa62297252d85ed66208e4e207c1c.php 第 91 行.
NOTIC: [8] Undefined property: stdClass::$key E:\wamp\www\wechat1025\Application\Runtime\Cache\Home\61aaa62297252d85ed66208e4e207c1c.php 第 104 行.
NOTIC: [8] Undefined property: stdClass::$key E:\wamp\www\wechat1025\Application\Runtime\Cache\Home\61aaa62297252d85ed66208e4e207c1c.php 第 104 行.
NOTIC: [8] Undefined property: stdClass::$key E:\wamp\www\wechat1025\Application\Runtime\Cache\Home\61aaa62297252d85ed66208e4e207c1c.php 第 104 行.
NOTIC: [8] Undefined property: stdClass::$url E:\wamp\www\wechat1025\Application\Runtime\Cache\Home\61aaa62297252d85ed66208e4e207c1c.php 第 104 行.
NOTIC: [8] Undefined property: stdClass::$type E:\wamp\www\wechat1025\Application\Runtime\Cache\Home\61aaa62297252d85ed66208e4e207c1c.php 第 84 行.
NOTIC: [8] Undefined property: stdClass::$key E:\wamp\www\wechat1025\Application\Runtime\Cache\Home\61aaa62297252d85ed66208e4e207c1c.php 第 91 行.
NOTIC: [8] Undefined property: stdClass::$url E:\wamp\www\wechat1025\Application\Runtime\Cache\Home\61aaa62297252d85ed66208e4e207c1c.php 第 91 行.
NOTIC: [8] Undefined property: stdClass::$url E:\wamp\www\wechat1025\Application\Runtime\Cache\Home\61aaa62297252d85ed66208e4e207c1c.php 第 104 行.
NOTIC: [8] Undefined property: stdClass::$url E:\wamp\www\wechat1025\Application\Runtime\Cache\Home\61aaa62297252d85ed66208e4e207c1c.php 第 104 行.
NOTIC: [8] Undefined property: stdClass::$url E:\wamp\www\wechat1025\Application\Runtime\Cache\Home\61aaa62297252d85ed66208e4e207c1c.php 第 104 行.
NOTIC: [8] Undefined property: stdClass::$key E:\wamp\www\wechat1025\Application\Runtime\Cache\Home\61aaa62297252d85ed66208e4e207c1c.php 第 91 行.
INFO: Run Behavior\ParseTemplateBehavior [ RunTime:0.094473s ]
INFO: [ view_parse ] --END-- [ RunTime:0.094658s ]
INFO: [ view_filter ] --START--
INFO: Run Behavior\WriteHtmlCacheBehavior [ RunTime:0.016469s ]
INFO: [ view_filter ] --END-- [ RunTime:0.016608s ]
INFO: [ app_end ] --START--
INFO: Run Behavior\ShowPageTraceBehavior [ RunTime:0.001750s ]
INFO: [ app_end ] --END-- [ RunTime:0.001929s ]

[ 2016-10-30T16:42:09+08:00 ] 127.0.0.1 /index.php/home/media/manage
INFO: [ app_init ] --START--
INFO: Run Behavior\BuildLiteBehavior [ RunTime:0.000029s ]
INFO: [ app_init ] --END-- [ RunTime:0.000678s ]
INFO: [ app_begin ] --START--
INFO: Run Behavior\ReadHtmlCacheBehavior [ RunTime:0.000696s ]
INFO: [ app_begin ] --END-- [ RunTime:0.000854s ]
ERR: 非法操作:manage

[ 2016-10-30T16:42:12+08:00 ] 127.0.0.1 /index.php/home/media/add
INFO: [ app_init ] --START--
INFO: Run Behavior\BuildLiteBehavior [ RunTime:0.000029s ]
INFO: [ app_init ] --END-- [ RunTime:0.000590s ]
INFO: [ app_begin ] --START--
INFO: Run Behavior\ReadHtmlCacheBehavior [ RunTime:0.000616s ]
INFO: [ app_begin ] --END-- [ RunTime:0.000757s ]
ERR: 非法操作:add

[ 2016-10-30T16:45:39+08:00 ] 127.0.0.1 /index.php/home/media/manage
INFO: [ app_init ] --START--
INFO: Run Behavior\BuildLiteBehavior [ RunTime:0.000030s ]
INFO: [ app_init ] --END-- [ RunTime:0.000717s ]
INFO: [ app_begin ] --START--
INFO: Run Behavior\ReadHtmlCacheBehavior [ RunTime:0.000826s ]
INFO: [ app_begin ] --END-- [ RunTime:0.000978s ]
ERR: 非法操作:manage

[ 2016-10-30T16:46:17+08:00 ] 127.0.0.1 /index.php/home/view/media/manage
INFO: [ app_init ] --START--
INFO: Run Behavior\BuildLiteBehavior [ RunTime:0.000037s ]
INFO: [ app_init ] --END-- [ RunTime:0.000902s ]
INFO: [ app_begin ] --START--
INFO: Run Behavior\ReadHtmlCacheBehavior [ RunTime:0.000631s ]
INFO: [ app_begin ] --END-- [ RunTime:0.000774s ]
ERR: 无法加载控制器:View

[ 2016-10-30T16:46:40+08:00 ] 127.0.0.1 /index.php/home/view/media/addmanage
INFO: [ app_init ] --START--
INFO: Run Behavior\BuildLiteBehavior [ RunTime:0.000030s ]
INFO: [ app_init ] --END-- [ RunTime:0.000677s ]
INFO: [ app_begin ] --START--
INFO: Run Behavior\ReadHtmlCacheBehavior [ RunTime:0.000597s ]
INFO: [ app_begin ] --END-- [ RunTime:0.000733s ]
ERR: 无法加载控制器:View

