[ 2016-10-27T11:10:29+08:00 ] 127.0.0.1 /
INFO: [ app_init ] --START--
INFO: Run Behavior\BuildLiteBehavior [ RunTime:0.000108s ]
INFO: [ app_init ] --END-- [ RunTime:0.102611s ]
INFO: [ app_begin ] --START--
INFO: Run Behavior\ReadHtmlCacheBehavior [ RunTime:0.001016s ]
INFO: [ app_begin ] --END-- [ RunTime:0.001210s ]
INFO: [ view_parse ] --START--
INFO: [ template_filter ] --START--
INFO: Run Behavior\ContentReplaceBehavior [ RunTime:0.015876s ]
INFO: [ template_filter ] --END-- [ RunTime:0.016081s ]
INFO: Run Behavior\ParseTemplateBehavior [ RunTime:0.108995s ]
INFO: [ view_parse ] --END-- [ RunTime:0.109196s ]
INFO: [ view_filter ] --START--
INFO: Run Behavior\WriteHtmlCacheBehavior [ RunTime:0.009733s ]
INFO: [ view_filter ] --END-- [ RunTime:0.009956s ]
INFO: [ app_end ] --START--
INFO: Run Behavior\ShowPageTraceBehavior [ RunTime:0.002462s ]
INFO: [ app_end ] --END-- [ RunTime:0.002702s ]

[ 2016-10-27T11:10:35+08:00 ] 127.0.0.1 /index.php/home/menu/view
INFO: [ app_init ] --START--
INFO: Run Behavior\BuildLiteBehavior [ RunTime:0.000043s ]
INFO: [ app_init ] --END-- [ RunTime:0.000841s ]
INFO: [ app_begin ] --START--
INFO: Run Behavior\ReadHtmlCacheBehavior [ RunTime:0.001073s ]
INFO: [ app_begin ] --END-- [ RunTime:0.001317s ]
NOTIC: [2048] Non-static method Common\Library\Wechat::getAccessToken() should not be called statically, assuming $this from incompatible context E:\wamp\www\wechat1025\Application\Home\Controller\MenuController.class.php 第 54 行.
NOTIC: [2048] Non-static method Common\Library\Wechat::menuView() should not be called statically, assuming $this from incompatible context E:\wamp\www\wechat1025\Application\Home\Controller\MenuController.class.php 第 57 行.
NOTIC: [2] curl_errno() expects exactly 1 parameter, 0 given E:\wamp\www\wechat1025\Application\Common\Library\Wechat.class.php 第 314 行.
INFO: [ view_parse ] --START--
INFO: [ template_filter ] --START--
INFO: Run Behavior\ContentReplaceBehavior [ RunTime:0.000126s ]
INFO: [ template_filter ] --END-- [ RunTime:0.000277s ]
INFO: Run Behavior\ParseTemplateBehavior [ RunTime:0.053909s ]
INFO: [ view_parse ] --END-- [ RunTime:0.054123s ]
INFO: [ view_filter ] --START--
INFO: Run Behavior\WriteHtmlCacheBehavior [ RunTime:0.000511s ]
INFO: [ view_filter ] --END-- [ RunTime:0.000675s ]
INFO: [ app_end ] --START--
INFO: Run Behavior\ShowPageTraceBehavior [ RunTime:0.001817s ]
INFO: [ app_end ] --END-- [ RunTime:0.002052s ]

[ 2016-10-27T11:10:47+08:00 ] 127.0.0.1 /index.php/home/menu/manage
INFO: [ app_init ] --START--
INFO: Run Behavior\BuildLiteBehavior [ RunTime:0.000045s ]
INFO: [ app_init ] --END-- [ RunTime:0.000908s ]
INFO: [ app_begin ] --START--
INFO: Run Behavior\ReadHtmlCacheBehavior [ RunTime:0.000624s ]
INFO: [ app_begin ] --END-- [ RunTime:0.000765s ]
NOTIC: [2048] Non-static method Common\Library\Wechat::getAccessToken() should not be called statically, assuming $this from incompatible context E:\wamp\www\wechat1025\Application\Home\Controller\MenuController.class.php 第 67 行.
NOTIC: [2048] Non-static method Common\Library\Wechat::menuView() should not be called statically, assuming $this from incompatible context E:\wamp\www\wechat1025\Application\Home\Controller\MenuController.class.php 第 70 行.
NOTIC: [2] curl_errno() expects exactly 1 parameter, 0 given E:\wamp\www\wechat1025\Application\Common\Library\Wechat.class.php 第 314 行.
INFO: [ view_parse ] --START--
INFO: [ template_filter ] --START--
INFO: Run Behavior\ContentReplaceBehavior [ RunTime:0.000114s ]
INFO: [ template_filter ] --END-- [ RunTime:0.000258s ]
NOTIC: [8] Undefined property: stdClass::$type E:\wamp\www\wechat1025\Application\Runtime\Cache\Home\61aaa62297252d85ed66208e4e207c1c.php 第 84 行.
NOTIC: [8] Undefined property: stdClass::$key E:\wamp\www\wechat1025\Application\Runtime\Cache\Home\61aaa62297252d85ed66208e4e207c1c.php 第 91 行.
NOTIC: [8] Undefined property: stdClass::$url E:\wamp\www\wechat1025\Application\Runtime\Cache\Home\61aaa62297252d85ed66208e4e207c1c.php 第 91 行.
NOTIC: [8] Undefined property: stdClass::$key E:\wamp\www\wechat1025\Application\Runtime\Cache\Home\61aaa62297252d85ed66208e4e207c1c.php 第 104 行.
NOTIC: [8] Undefined property: stdClass::$key E:\wamp\www\wechat1025\Application\Runtime\Cache\Home\61aaa62297252d85ed66208e4e207c1c.php 第 104 行.
NOTIC: [8] Undefined property: stdClass::$key E:\wamp\www\wechat1025\Application\Runtime\Cache\Home\61aaa62297252d85ed66208e4e207c1c.php 第 104 行.
NOTIC: [8] Undefined property: stdClass::$url E:\wamp\www\wechat1025\Application\Runtime\Cache\Home\61aaa62297252d85ed66208e4e207c1c.php 第 104 行.
NOTIC: [8] Undefined property: stdClass::$type E:\wamp\www\wechat1025\Application\Runtime\Cache\Home\61aaa62297252d85ed66208e4e207c1c.php 第 84 行.
NOTIC: [8] Undefined property: stdClass::$key E:\wamp\www\wechat1025\Application\Runtime\Cache\Home\61aaa62297252d85ed66208e4e207c1c.php 第 91 行.
NOTIC: [8] Undefined property: stdClass::$url E:\wamp\www\wechat1025\Application\Runtime\Cache\Home\61aaa62297252d85ed66208e4e207c1c.php 第 91 行.
NOTIC: [8] Undefined property: stdClass::$url E:\wamp\www\wechat1025\Application\Runtime\Cache\Home\61aaa62297252d85ed66208e4e207c1c.php 第 104 行.
NOTIC: [8] Undefined property: stdClass::$url E:\wamp\www\wechat1025\Application\Runtime\Cache\Home\61aaa62297252d85ed66208e4e207c1c.php 第 104 行.
NOTIC: [8] Undefined property: stdClass::$url E:\wamp\www\wechat1025\Application\Runtime\Cache\Home\61aaa62297252d85ed66208e4e207c1c.php 第 104 行.
NOTIC: [8] Undefined property: stdClass::$key E:\wamp\www\wechat1025\Application\Runtime\Cache\Home\61aaa62297252d85ed66208e4e207c1c.php 第 91 行.
INFO: Run Behavior\ParseTemplateBehavior [ RunTime:0.225454s ]
INFO: [ view_parse ] --END-- [ RunTime:0.225644s ]
INFO: [ view_filter ] --START--
INFO: Run Behavior\WriteHtmlCacheBehavior [ RunTime:0.000531s ]
INFO: [ view_filter ] --END-- [ RunTime:0.000661s ]
INFO: [ app_end ] --START--
INFO: Run Behavior\ShowPageTraceBehavior [ RunTime:0.001135s ]
INFO: [ app_end ] --END-- [ RunTime:0.001369s ]

[ 2016-10-27T13:53:20+08:00 ] 127.0.0.1 /index.php/home/media/add
INFO: [ app_init ] --START--
INFO: Run Behavior\BuildLiteBehavior [ RunTime:0.000056s ]
INFO: [ app_init ] --END-- [ RunTime:0.002088s ]
INFO: [ app_begin ] --START--
INFO: Run Behavior\ReadHtmlCacheBehavior [ RunTime:0.001221s ]
INFO: [ app_begin ] --END-- [ RunTime:0.001473s ]
ERR: 非法操作:add

[ 2016-10-27T13:53:23+08:00 ] 127.0.0.1 /index.php/home/media/manage
INFO: [ app_init ] --START--
INFO: Run Behavior\BuildLiteBehavior [ RunTime:0.000047s ]
INFO: [ app_init ] --END-- [ RunTime:0.000954s ]
INFO: [ app_begin ] --START--
INFO: Run Behavior\ReadHtmlCacheBehavior [ RunTime:0.001827s ]
INFO: [ app_begin ] --END-- [ RunTime:0.002379s ]
ERR: 非法操作:manage

[ 2016-10-27T13:53:31+08:00 ] 127.0.0.1 /index.php/home/menu/manage
INFO: [ app_init ] --START--
INFO: Run Behavior\BuildLiteBehavior [ RunTime:0.000051s ]
INFO: [ app_init ] --END-- [ RunTime:0.000955s ]
INFO: [ app_begin ] --START--
INFO: Run Behavior\ReadHtmlCacheBehavior [ RunTime:0.001337s ]
INFO: [ app_begin ] --END-- [ RunTime:0.001614s ]
NOTIC: [2048] Non-static method Common\Library\Wechat::getAccessToken() should not be called statically, assuming $this from incompatible context E:\wamp\www\wechat1025\Application\Home\Controller\MenuController.class.php 第 67 行.
NOTIC: [2048] Non-static method Common\Library\Wechat::menuView() should not be called statically, assuming $this from incompatible context E:\wamp\www\wechat1025\Application\Home\Controller\MenuController.class.php 第 70 行.
NOTIC: [2] curl_errno() expects exactly 1 parameter, 0 given E:\wamp\www\wechat1025\Application\Common\Library\Wechat.class.php 第 314 行.
INFO: [ view_parse ] --START--
INFO: [ template_filter ] --START--
INFO: Run Behavior\ContentReplaceBehavior [ RunTime:0.000201s ]
INFO: [ template_filter ] --END-- [ RunTime:0.000441s ]
NOTIC: [8] Undefined property: stdClass::$type E:\wamp\www\wechat1025\Application\Runtime\Cache\Home\61aaa62297252d85ed66208e4e207c1c.php 第 84 行.
NOTIC: [8] Undefined property: stdClass::$key E:\wamp\www\wechat1025\Application\Runtime\Cache\Home\61aaa62297252d85ed66208e4e207c1c.php 第 91 行.
NOTIC: [8] Undefined property: stdClass::$url E:\wamp\www\wechat1025\Application\Runtime\Cache\Home\61aaa62297252d85ed66208e4e207c1c.php 第 91 行.
NOTIC: [8] Undefined property: stdClass::$key E:\wamp\www\wechat1025\Application\Runtime\Cache\Home\61aaa62297252d85ed66208e4e207c1c.php 第 104 行.
NOTIC: [8] Undefined property: stdClass::$key E:\wamp\www\wechat1025\Application\Runtime\Cache\Home\61aaa62297252d85ed66208e4e207c1c.php 第 104 行.
NOTIC: [8] Undefined property: stdClass::$key E:\wamp\www\wechat1025\Application\Runtime\Cache\Home\61aaa62297252d85ed66208e4e207c1c.php 第 104 行.
NOTIC: [8] Undefined property: stdClass::$url E:\wamp\www\wechat1025\Application\Runtime\Cache\Home\61aaa62297252d85ed66208e4e207c1c.php 第 104 行.
NOTIC: [8] Undefined property: stdClass::$type E:\wamp\www\wechat1025\Application\Runtime\Cache\Home\61aaa62297252d85ed66208e4e207c1c.php 第 84 行.
NOTIC: [8] Undefined property: stdClass::$key E:\wamp\www\wechat1025\Application\Runtime\Cache\Home\61aaa62297252d85ed66208e4e207c1c.php 第 91 行.
NOTIC: [8] Undefined property: stdClass::$url E:\wamp\www\wechat1025\Application\Runtime\Cache\Home\61aaa62297252d85ed66208e4e207c1c.php 第 91 行.
NOTIC: [8] Undefined property: stdClass::$url E:\wamp\www\wechat1025\Application\Runtime\Cache\Home\61aaa62297252d85ed66208e4e207c1c.php 第 104 行.
NOTIC: [8] Undefined property: stdClass::$url E:\wamp\www\wechat1025\Application\Runtime\Cache\Home\61aaa62297252d85ed66208e4e207c1c.php 第 104 行.
NOTIC: [8] Undefined property: stdClass::$url E:\wamp\www\wechat1025\Application\Runtime\Cache\Home\61aaa62297252d85ed66208e4e207c1c.php 第 104 行.
NOTIC: [8] Undefined property: stdClass::$key E:\wamp\www\wechat1025\Application\Runtime\Cache\Home\61aaa62297252d85ed66208e4e207c1c.php 第 91 行.
INFO: Run Behavior\ParseTemplateBehavior [ RunTime:0.028046s ]
INFO: [ view_parse ] --END-- [ RunTime:0.028294s ]
INFO: [ view_filter ] --START--
INFO: Run Behavior\WriteHtmlCacheBehavior [ RunTime:0.000881s ]
INFO: [ view_filter ] --END-- [ RunTime:0.001092s ]
INFO: [ app_end ] --START--
INFO: Run Behavior\ShowPageTraceBehavior [ RunTime:0.001450s ]
INFO: [ app_end ] --END-- [ RunTime:0.001714s ]

[ 2016-10-27T13:53:39+08:00 ] 127.0.0.1 /index.php/home/media/add
INFO: [ app_init ] --START--
INFO: Run Behavior\BuildLiteBehavior [ RunTime:0.000051s ]
INFO: [ app_init ] --END-- [ RunTime:0.000982s ]
INFO: [ app_begin ] --START--
INFO: Run Behavior\ReadHtmlCacheBehavior [ RunTime:0.000958s ]
INFO: [ app_begin ] --END-- [ RunTime:0.001206s ]
ERR: 非法操作:add

[ 2016-10-27T13:53:42+08:00 ] 127.0.0.1 /index.php/home/media/manage
INFO: [ app_init ] --START--
INFO: Run Behavior\BuildLiteBehavior [ RunTime:0.000051s ]
INFO: [ app_init ] --END-- [ RunTime:0.000967s ]
INFO: [ app_begin ] --START--
INFO: Run Behavior\ReadHtmlCacheBehavior [ RunTime:0.001073s ]
INFO: [ app_begin ] --END-- [ RunTime:0.001336s ]
ERR: 非法操作:manage

[ 2016-10-27T13:53:46+08:00 ] 127.0.0.1 /index.php/home/media/add
INFO: [ app_init ] --START--
INFO: Run Behavior\BuildLiteBehavior [ RunTime:0.000055s ]
INFO: [ app_init ] --END-- [ RunTime:0.001875s ]
INFO: [ app_begin ] --START--
INFO: Run Behavior\ReadHtmlCacheBehavior [ RunTime:0.001062s ]
INFO: [ app_begin ] --END-- [ RunTime:0.001310s ]
ERR: 非法操作:add

