[ 2016-10-21T16:59:46+08:00 ] ::1 /wechat1018/
INFO: [ app_init ] --START--
INFO: Run Behavior\BuildLiteBehavior [ RunTime:0.000029s ]
INFO: [ app_init ] --END-- [ RunTime:0.001295s ]
INFO: [ app_begin ] --START--
INFO: Run Behavior\ReadHtmlCacheBehavior [ RunTime:0.001448s ]
INFO: [ app_begin ] --END-- [ RunTime:0.001587s ]

[ 2016-10-21T17:00:31+08:00 ] ::1 /wechat1018/
INFO: [ app_init ] --START--
INFO: Run Behavior\BuildLiteBehavior [ RunTime:0.000031s ]
INFO: [ app_init ] --END-- [ RunTime:0.000785s ]
INFO: [ app_begin ] --START--
INFO: Run Behavior\ReadHtmlCacheBehavior [ RunTime:0.001021s ]
INFO: [ app_begin ] --END-- [ RunTime:0.001171s ]

[ 2016-10-21T17:00:53+08:00 ] ::1 /wechat1018/
INFO: [ app_init ] --START--
INFO: Run Behavior\BuildLiteBehavior [ RunTime:0.000025s ]
INFO: [ app_init ] --END-- [ RunTime:0.000529s ]
INFO: [ app_begin ] --START--
INFO: Run Behavior\ReadHtmlCacheBehavior [ RunTime:0.000598s ]
INFO: [ app_begin ] --END-- [ RunTime:0.000766s ]

[ 2016-10-21T17:01:38+08:00 ] ::1 /wechat1018/
INFO: [ app_init ] --START--
INFO: Run Behavior\BuildLiteBehavior [ RunTime:0.000051s ]
INFO: [ app_init ] --END-- [ RunTime:0.000994s ]
INFO: [ app_begin ] --START--
INFO: Run Behavior\ReadHtmlCacheBehavior [ RunTime:0.000598s ]
INFO: [ app_begin ] --END-- [ RunTime:0.000761s ]
NOTIC: [2048] Non-static method Common\Library\Wechat::receiveMessage() should not be called statically, assuming $this from incompatible context E:\wamp\www\wechat1018\Application\Home\Controller\IndexController.class.php 第 11 行.
NOTIC: [8] Undefined variable: receiveMessage E:\wamp\www\wechat1018\Application\Home\Controller\IndexController.class.php 第 12 行.
NOTIC: [8] Undefined variable:  E:\wamp\www\wechat1018\Application\Home\Controller\IndexController.class.php 第 12 行.
INFO: [ app_end ] --START--
INFO: Run Behavior\ShowPageTraceBehavior [ RunTime:0.001720s ]
INFO: [ app_end ] --END-- [ RunTime:0.001901s ]

[ 2016-10-21T21:08:14+08:00 ] ::1 /wechat1018/home/erweima/
INFO: [ app_init ] --START--
INFO: Run Behavior\BuildLiteBehavior [ RunTime:0.000029s ]
INFO: [ app_init ] --END-- [ RunTime:0.000897s ]
INFO: [ app_begin ] --START--
INFO: Run Behavior\ReadHtmlCacheBehavior [ RunTime:0.000969s ]
INFO: [ app_begin ] --END-- [ RunTime:0.001175s ]
ERR: 无法加载控制器:Erweima

[ 2016-10-21T21:08:40+08:00 ] ::1 /wechat1018/home/erweima/
INFO: [ app_init ] --START--
INFO: Run Behavior\BuildLiteBehavior [ RunTime:0.000035s ]
INFO: [ app_init ] --END-- [ RunTime:0.001002s ]
INFO: [ app_begin ] --START--
INFO: Run Behavior\ReadHtmlCacheBehavior [ RunTime:0.001027s ]
INFO: [ app_begin ] --END-- [ RunTime:0.001190s ]
NOTIC: [8] Undefined variable: wechatObj E:\wamp\www\wechat1018\Application\Home\Controller\ErweimaController.class.php 第 23 行.

[ 2016-10-21T21:09:10+08:00 ] ::1 /wechat1018/home/erweima/
INFO: [ app_init ] --START--
INFO: Run Behavior\BuildLiteBehavior [ RunTime:0.000050s ]
INFO: [ app_init ] --END-- [ RunTime:0.001135s ]
INFO: [ app_begin ] --START--
INFO: Run Behavior\ReadHtmlCacheBehavior [ RunTime:0.002167s ]
INFO: [ app_begin ] --END-- [ RunTime:0.002505s ]
NOTIC: [2] curl_errno() expects exactly 1 parameter, 0 given E:\wamp\www\wechat1018\Application\Common\Library\Wechat.class.php 第 286 行.
INFO: [ app_end ] --START--
INFO: Run Behavior\ShowPageTraceBehavior [ RunTime:0.003732s ]
INFO: [ app_end ] --END-- [ RunTime:0.004272s ]

