[ 2016-10-10T16:10:25+08:00 ] ::1 /wechat1010/
INFO: [ app_init ] --START--
INFO: Run Behavior\BuildLiteBehavior [ RunTime:0.000041s ]
INFO: [ app_init ] --END-- [ RunTime:0.000440s ]
INFO: [ app_begin ] --START--
INFO: Run Behavior\ReadHtmlCacheBehavior [ RunTime:0.001722s ]
INFO: [ app_begin ] --END-- [ RunTime:0.001955s ]
INFO: [ view_parse ] --START--
INFO: [ template_filter ] --START--
INFO: Run Behavior\ContentReplaceBehavior [ RunTime:0.000133s ]
INFO: [ template_filter ] --END-- [ RunTime:0.000260s ]
INFO: Run Behavior\ParseTemplateBehavior [ RunTime:0.015289s ]
INFO: [ view_parse ] --END-- [ RunTime:0.015421s ]
INFO: [ view_filter ] --START--
INFO: Run Behavior\WriteHtmlCacheBehavior [ RunTime:0.000903s ]
INFO: [ view_filter ] --END-- [ RunTime:0.001016s ]
INFO: [ app_end ] --START--
INFO: Run Behavior\ShowPageTraceBehavior [ RunTime:0.001026s ]
INFO: [ app_end ] --END-- [ RunTime:0.001167s ]

[ 2016-10-10T16:13:50+08:00 ] ::1 /wechat1010/
INFO: [ app_init ] --START--
INFO: Run Behavior\BuildLiteBehavior [ RunTime:0.000032s ]
INFO: [ app_init ] --END-- [ RunTime:0.000829s ]
INFO: [ app_begin ] --START--
INFO: Run Behavior\ReadHtmlCacheBehavior [ RunTime:0.001797s ]
INFO: [ app_begin ] --END-- [ RunTime:0.001963s ]
INFO: [ view_parse ] --START--
INFO: Run Behavior\ParseTemplateBehavior [ RunTime:0.001694s ]
INFO: [ view_parse ] --END-- [ RunTime:0.001915s ]
INFO: [ view_filter ] --START--
INFO: Run Behavior\WriteHtmlCacheBehavior [ RunTime:0.001949s ]
INFO: [ view_filter ] --END-- [ RunTime:0.002145s ]
INFO: [ app_end ] --START--
INFO: Run Behavior\ShowPageTraceBehavior [ RunTime:0.001722s ]
INFO: [ app_end ] --END-- [ RunTime:0.001867s ]

[ 2016-10-10T16:23:47+08:00 ] ::1 /wechat1010/
INFO: [ app_init ] --START--
INFO: Run Behavior\BuildLiteBehavior [ RunTime:0.000031s ]
INFO: [ app_init ] --END-- [ RunTime:0.000764s ]
INFO: [ app_begin ] --START--
INFO: Run Behavior\ReadHtmlCacheBehavior [ RunTime:0.001685s ]
INFO: [ app_begin ] --END-- [ RunTime:0.001846s ]

[ 2016-10-10T16:23:58+08:00 ] ::1 /wechat1010/
INFO: [ app_init ] --START--
INFO: Run Behavior\BuildLiteBehavior [ RunTime:0.000036s ]
INFO: [ app_init ] --END-- [ RunTime:0.000755s ]
INFO: [ app_begin ] --START--
INFO: Run Behavior\ReadHtmlCacheBehavior [ RunTime:0.001226s ]
INFO: [ app_begin ] --END-- [ RunTime:0.001394s ]

[ 2016-10-10T16:24:11+08:00 ] ::1 /wechat1010/
INFO: [ app_init ] --START--
INFO: Run Behavior\BuildLiteBehavior [ RunTime:0.000032s ]
INFO: [ app_init ] --END-- [ RunTime:0.000747s ]
INFO: [ app_begin ] --START--
INFO: Run Behavior\ReadHtmlCacheBehavior [ RunTime:0.001558s ]
INFO: [ app_begin ] --END-- [ RunTime:0.001734s ]

[ 2016-10-10T16:24:39+08:00 ] ::1 /wechat1010/
INFO: [ app_init ] --START--
INFO: Run Behavior\BuildLiteBehavior [ RunTime:0.000028s ]
INFO: [ app_init ] --END-- [ RunTime:0.000708s ]
INFO: [ app_begin ] --START--
INFO: Run Behavior\ReadHtmlCacheBehavior [ RunTime:0.001887s ]
INFO: [ app_begin ] --END-- [ RunTime:0.002155s ]
NOTIC: [2048] Non-static method Common\Library\Wechat::valid() should not be called statically, assuming $this from incompatible context E:\wamp\www\wechat1010\Application\Home\Controller\IndexController.class.php 第 10 行.
NOTIC: [8] Undefined index: echostr E:\wamp\www\wechat1010\Application\Common\Library\Wechat.class.php 第 10 行.
ERR: Think\Controller:checkSignature方法不存在！

[ 2016-10-10T16:25:22+08:00 ] ::1 /wechat1010/
INFO: [ app_init ] --START--
INFO: Run Behavior\BuildLiteBehavior [ RunTime:0.000087s ]
INFO: [ app_init ] --END-- [ RunTime:0.001078s ]
INFO: [ app_begin ] --START--
INFO: Run Behavior\ReadHtmlCacheBehavior [ RunTime:0.001474s ]
INFO: [ app_begin ] --END-- [ RunTime:0.001639s ]
NOTIC: [2048] Non-static method Common\Library\Wechat::valid() should not be called statically, assuming $this from incompatible context E:\wamp\www\wechat1010\Application\Home\Controller\IndexController.class.php 第 10 行.
NOTIC: [8] Undefined index: echostr E:\wamp\www\wechat1010\Application\Common\Library\Wechat.class.php 第 10 行.
NOTIC: [2048] Non-static method Common\Library\Wechat::checkSignature() should not be called statically, assuming $this from incompatible context E:\wamp\www\wechat1010\Application\Common\Library\Wechat.class.php 第 13 行.
NOTIC: [8] Undefined index: signature E:\wamp\www\wechat1010\Application\Common\Library\Wechat.class.php 第 157 行.
NOTIC: [8] Undefined index: timestamp E:\wamp\www\wechat1010\Application\Common\Library\Wechat.class.php 第 158 行.
NOTIC: [8] Undefined index: nonce E:\wamp\www\wechat1010\Application\Common\Library\Wechat.class.php 第 159 行.
INFO: [ app_end ] --START--
INFO: Run Behavior\ShowPageTraceBehavior [ RunTime:0.001548s ]
INFO: [ app_end ] --END-- [ RunTime:0.001714s ]

[ 2016-10-10T16:26:37+08:00 ] ::1 /wechat1010/
INFO: [ app_init ] --START--
INFO: Run Behavior\BuildLiteBehavior [ RunTime:0.000032s ]
INFO: [ app_init ] --END-- [ RunTime:0.000748s ]
INFO: [ app_begin ] --START--
INFO: Run Behavior\ReadHtmlCacheBehavior [ RunTime:0.001020s ]
INFO: [ app_begin ] --END-- [ RunTime:0.001147s ]
NOTIC: [2048] Non-static method Common\Library\Wechat::valid() should not be called statically, assuming $this from incompatible context E:\wamp\www\wechat1010\Application\Home\Controller\IndexController.class.php 第 10 行.
NOTIC: [8] Undefined index: echostr E:\wamp\www\wechat1010\Application\Common\Library\Wechat.class.php 第 10 行.
NOTIC: [2048] Non-static method Common\Library\Wechat::checkSignature() should not be called statically, assuming $this from incompatible context E:\wamp\www\wechat1010\Application\Common\Library\Wechat.class.php 第 13 行.
NOTIC: [8] Undefined index: signature E:\wamp\www\wechat1010\Application\Common\Library\Wechat.class.php 第 157 行.
NOTIC: [8] Undefined index: timestamp E:\wamp\www\wechat1010\Application\Common\Library\Wechat.class.php 第 158 行.
NOTIC: [8] Undefined index: nonce E:\wamp\www\wechat1010\Application\Common\Library\Wechat.class.php 第 159 行.
INFO: [ app_end ] --START--
INFO: Run Behavior\ShowPageTraceBehavior [ RunTime:0.000933s ]
INFO: [ app_end ] --END-- [ RunTime:0.001079s ]

