[ 2016-10-17T08:35:36+08:00 ] ::1 /wechat1011/home/weUI/index
INFO: [ app_init ] --START--
INFO: Run Behavior\BuildLiteBehavior [ RunTime:0.000051s ]
INFO: [ app_init ] --END-- [ RunTime:0.001745s ]
INFO: [ app_begin ] --START--
INFO: Run Behavior\ReadHtmlCacheBehavior [ RunTime:0.002812s ]
INFO: [ app_begin ] --END-- [ RunTime:0.003197s ]
INFO: [ view_parse ] --START--
INFO: [ template_filter ] --START--
INFO: Run Behavior\ContentReplaceBehavior [ RunTime:0.003628s ]
INFO: [ template_filter ] --END-- [ RunTime:0.004030s ]
INFO: Run Behavior\ParseTemplateBehavior [ RunTime:0.099296s ]
INFO: [ view_parse ] --END-- [ RunTime:0.099693s ]
INFO: [ view_filter ] --START--
INFO: Run Behavior\WriteHtmlCacheBehavior [ RunTime:0.011432s ]
INFO: [ view_filter ] --END-- [ RunTime:0.011971s ]
INFO: [ app_end ] --START--
INFO: Run Behavior\ShowPageTraceBehavior [ RunTime:0.012551s ]
INFO: [ app_end ] --END-- [ RunTime:0.012996s ]

[ 2016-10-17T08:36:10+08:00 ] ::1 /wechat1011/home/weUI/index
INFO: [ app_init ] --START--
INFO: Run Behavior\BuildLiteBehavior [ RunTime:0.000026s ]
INFO: [ app_init ] --END-- [ RunTime:0.000623s ]
INFO: [ app_begin ] --START--
INFO: Run Behavior\ReadHtmlCacheBehavior [ RunTime:0.000809s ]
INFO: [ app_begin ] --END-- [ RunTime:0.000936s ]
INFO: [ view_parse ] --START--
INFO: [ template_filter ] --START--
INFO: Run Behavior\ContentReplaceBehavior [ RunTime:0.000141s ]
INFO: [ template_filter ] --END-- [ RunTime:0.000352s ]
INFO: Run Behavior\ParseTemplateBehavior [ RunTime:0.012768s ]
INFO: [ view_parse ] --END-- [ RunTime:0.012947s ]
INFO: [ view_filter ] --START--
INFO: Run Behavior\WriteHtmlCacheBehavior [ RunTime:0.000635s ]
INFO: [ view_filter ] --END-- [ RunTime:0.000759s ]
INFO: [ app_end ] --START--
INFO: Run Behavior\ShowPageTraceBehavior [ RunTime:0.000792s ]
INFO: [ app_end ] --END-- [ RunTime:0.000920s ]

[ 2016-10-17T08:40:05+08:00 ] ::1 /wechat1011/home/weUI/index
INFO: [ app_init ] --START--
INFO: Run Behavior\BuildLiteBehavior [ RunTime:0.000025s ]
INFO: [ app_init ] --END-- [ RunTime:0.000620s ]
INFO: [ app_begin ] --START--
INFO: Run Behavior\ReadHtmlCacheBehavior [ RunTime:0.000808s ]
INFO: [ app_begin ] --END-- [ RunTime:0.000950s ]
INFO: [ view_parse ] --START--
INFO: [ template_filter ] --START--
INFO: Run Behavior\ContentReplaceBehavior [ RunTime:0.000063s ]
INFO: [ template_filter ] --END-- [ RunTime:0.000212s ]
INFO: Run Behavior\ParseTemplateBehavior [ RunTime:0.003384s ]
INFO: [ view_parse ] --END-- [ RunTime:0.003521s ]
INFO: [ view_filter ] --START--
INFO: Run Behavior\WriteHtmlCacheBehavior [ RunTime:0.000975s ]
INFO: [ view_filter ] --END-- [ RunTime:0.002498s ]
INFO: [ app_end ] --START--
INFO: Run Behavior\ShowPageTraceBehavior [ RunTime:0.000928s ]
INFO: [ app_end ] --END-- [ RunTime:0.001055s ]

[ 2016-10-17T08:48:11+08:00 ] ::1 /wechat1011/home/weUI/index
INFO: [ app_init ] --START--
INFO: Run Behavior\BuildLiteBehavior [ RunTime:0.000025s ]
INFO: [ app_init ] --END-- [ RunTime:0.000636s ]
INFO: [ app_begin ] --START--
INFO: Run Behavior\ReadHtmlCacheBehavior [ RunTime:0.001068s ]
INFO: [ app_begin ] --END-- [ RunTime:0.001216s ]
ERR: 无法加载控制器:WeUI

[ 2016-10-17T08:48:17+08:00 ] ::1 /wechat1011/home/weui/index
INFO: [ app_init ] --START--
INFO: Run Behavior\BuildLiteBehavior [ RunTime:0.000042s ]
INFO: [ app_init ] --END-- [ RunTime:0.000686s ]
INFO: [ app_begin ] --START--
INFO: Run Behavior\ReadHtmlCacheBehavior [ RunTime:0.000822s ]
INFO: [ app_begin ] --END-- [ RunTime:0.000952s ]
INFO: [ view_parse ] --START--
INFO: [ template_filter ] --START--
INFO: Run Behavior\ContentReplaceBehavior [ RunTime:0.000118s ]
INFO: [ template_filter ] --END-- [ RunTime:0.000248s ]
INFO: Run Behavior\ParseTemplateBehavior [ RunTime:0.008187s ]
INFO: [ view_parse ] --END-- [ RunTime:0.008346s ]
INFO: [ view_filter ] --START--
INFO: Run Behavior\WriteHtmlCacheBehavior [ RunTime:0.000647s ]
INFO: [ view_filter ] --END-- [ RunTime:0.000765s ]
INFO: [ app_end ] --START--
INFO: Run Behavior\ShowPageTraceBehavior [ RunTime:0.000758s ]
INFO: [ app_end ] --END-- [ RunTime:0.000877s ]

[ 2016-10-17T08:59:19+08:00 ] ::1 /wechat1011/home/weui/index
INFO: [ app_init ] --START--
INFO: Run Behavior\BuildLiteBehavior [ RunTime:0.000027s ]
INFO: [ app_init ] --END-- [ RunTime:0.000632s ]
INFO: [ app_begin ] --START--
INFO: Run Behavior\ReadHtmlCacheBehavior [ RunTime:0.000824s ]
INFO: [ app_begin ] --END-- [ RunTime:0.000954s ]

[ 2016-10-17T08:59:35+08:00 ] ::1 /wechat1011/home/weui/index
INFO: [ app_init ] --START--
INFO: Run Behavior\BuildLiteBehavior [ RunTime:0.000026s ]
INFO: [ app_init ] --END-- [ RunTime:0.000617s ]
INFO: [ app_begin ] --START--
INFO: Run Behavior\ReadHtmlCacheBehavior [ RunTime:0.000806s ]
INFO: [ app_begin ] --END-- [ RunTime:0.000934s ]
NOTIC: [8] Undefined variable: data E:\wamp\www\wechat1011\Application\Home\Controller\WeuiController.class.php 第 19 行.
NOTIC: [2] curl_errno() expects exactly 1 parameter, 0 given E:\wamp\www\wechat1011\Application\Home\Controller\WeuiController.class.php 第 22 行.
INFO: [ app_end ] --START--
INFO: Run Behavior\ShowPageTraceBehavior [ RunTime:0.001494s ]
INFO: [ app_end ] --END-- [ RunTime:0.001729s ]

[ 2016-10-17T10:26:42+08:00 ] ::1 /wechat1011/home/menu
INFO: [ app_init ] --START--
INFO: Run Behavior\BuildLiteBehavior [ RunTime:0.000027s ]
INFO: [ app_init ] --END-- [ RunTime:0.000688s ]
INFO: [ app_begin ] --START--
INFO: Run Behavior\ReadHtmlCacheBehavior [ RunTime:0.001484s ]
INFO: [ app_begin ] --END-- [ RunTime:0.001669s ]
NOTIC: [2048] Non-static method Common\Library\Wechat::createMenu() should not be called statically, assuming $this from incompatible context E:\wamp\www\wechat1011\Application\Home\Controller\MenuController.class.php 第 99 行.
NOTIC: [2] Missing argument 1 for Common\Library\Wechat::createMenu(), called in E:\wamp\www\wechat1011\Application\Home\Controller\MenuController.class.php on line 99 and defined E:\wamp\www\wechat1011\Application\Common\Library\Wechat.class.php 第 195 行.
NOTIC: [2] Missing argument 2 for Common\Library\Wechat::createMenu(), called in E:\wamp\www\wechat1011\Application\Home\Controller\MenuController.class.php on line 99 and defined E:\wamp\www\wechat1011\Application\Common\Library\Wechat.class.php 第 195 行.
NOTIC: [8] Undefined variable: url E:\wamp\www\wechat1011\Application\Common\Library\Wechat.class.php 第 196 行.
NOTIC: [8] Undefined variable: url E:\wamp\www\wechat1011\Application\Common\Library\Wechat.class.php 第 197 行.
NOTIC: [8] Undefined variable: timeout E:\wamp\www\wechat1011\Application\Common\Library\Wechat.class.php 第 200 行.
NOTIC: [8] Undefined variable: menu E:\wamp\www\wechat1011\Application\Common\Library\Wechat.class.php 第 203 行.
NOTIC: [2] curl_errno() expects exactly 1 parameter, 0 given E:\wamp\www\wechat1011\Application\Common\Library\Wechat.class.php 第 206 行.
INFO: [ app_end ] --START--
INFO: Run Behavior\ShowPageTraceBehavior [ RunTime:0.001126s ]
INFO: [ app_end ] --END-- [ RunTime:0.001261s ]

[ 2016-10-17T10:26:45+08:00 ] ::1 /wechat1011/home/menu
INFO: [ app_init ] --START--
INFO: Run Behavior\BuildLiteBehavior [ RunTime:0.000026s ]
INFO: [ app_init ] --END-- [ RunTime:0.000593s ]
INFO: [ app_begin ] --START--
INFO: Run Behavior\ReadHtmlCacheBehavior [ RunTime:0.000986s ]
INFO: [ app_begin ] --END-- [ RunTime:0.001118s ]
NOTIC: [2048] Non-static method Common\Library\Wechat::createMenu() should not be called statically, assuming $this from incompatible context E:\wamp\www\wechat1011\Application\Home\Controller\MenuController.class.php 第 99 行.
NOTIC: [2] Missing argument 1 for Common\Library\Wechat::createMenu(), called in E:\wamp\www\wechat1011\Application\Home\Controller\MenuController.class.php on line 99 and defined E:\wamp\www\wechat1011\Application\Common\Library\Wechat.class.php 第 195 行.
NOTIC: [2] Missing argument 2 for Common\Library\Wechat::createMenu(), called in E:\wamp\www\wechat1011\Application\Home\Controller\MenuController.class.php on line 99 and defined E:\wamp\www\wechat1011\Application\Common\Library\Wechat.class.php 第 195 行.
NOTIC: [8] Undefined variable: url E:\wamp\www\wechat1011\Application\Common\Library\Wechat.class.php 第 196 行.
NOTIC: [8] Undefined variable: url E:\wamp\www\wechat1011\Application\Common\Library\Wechat.class.php 第 197 行.
NOTIC: [8] Undefined variable: timeout E:\wamp\www\wechat1011\Application\Common\Library\Wechat.class.php 第 200 行.
NOTIC: [8] Undefined variable: menu E:\wamp\www\wechat1011\Application\Common\Library\Wechat.class.php 第 203 行.
NOTIC: [2] curl_errno() expects exactly 1 parameter, 0 given E:\wamp\www\wechat1011\Application\Common\Library\Wechat.class.php 第 206 行.
INFO: [ app_end ] --START--
INFO: Run Behavior\ShowPageTraceBehavior [ RunTime:0.001050s ]
INFO: [ app_end ] --END-- [ RunTime:0.001173s ]

[ 2016-10-17T10:27:12+08:00 ] ::1 /wechat1011/home/menu
INFO: [ app_init ] --START--
INFO: Run Behavior\BuildLiteBehavior [ RunTime:0.000027s ]
INFO: [ app_init ] --END-- [ RunTime:0.000653s ]
INFO: [ app_begin ] --START--
INFO: Run Behavior\ReadHtmlCacheBehavior [ RunTime:0.000824s ]
INFO: [ app_begin ] --END-- [ RunTime:0.000951s ]
NOTIC: [2048] Non-static method Common\Library\Wechat::createMenu() should not be called statically, assuming $this from incompatible context E:\wamp\www\wechat1011\Application\Home\Controller\MenuController.class.php 第 99 行.
NOTIC: [2] Missing argument 1 for Common\Library\Wechat::createMenu(), called in E:\wamp\www\wechat1011\Application\Home\Controller\MenuController.class.php on line 99 and defined E:\wamp\www\wechat1011\Application\Common\Library\Wechat.class.php 第 195 行.
NOTIC: [2] Missing argument 2 for Common\Library\Wechat::createMenu(), called in E:\wamp\www\wechat1011\Application\Home\Controller\MenuController.class.php on line 99 and defined E:\wamp\www\wechat1011\Application\Common\Library\Wechat.class.php 第 195 行.
NOTIC: [8] Undefined variable: url E:\wamp\www\wechat1011\Application\Common\Library\Wechat.class.php 第 196 行.
NOTIC: [8] Undefined variable: url E:\wamp\www\wechat1011\Application\Common\Library\Wechat.class.php 第 197 行.
NOTIC: [8] Undefined variable: timeout E:\wamp\www\wechat1011\Application\Common\Library\Wechat.class.php 第 200 行.
NOTIC: [8] Undefined variable: menu E:\wamp\www\wechat1011\Application\Common\Library\Wechat.class.php 第 203 行.
NOTIC: [2] curl_errno() expects exactly 1 parameter, 0 given E:\wamp\www\wechat1011\Application\Common\Library\Wechat.class.php 第 206 行.
INFO: [ app_end ] --START--
INFO: Run Behavior\ShowPageTraceBehavior [ RunTime:0.000918s ]
INFO: [ app_end ] --END-- [ RunTime:0.001097s ]

[ 2016-10-17T10:27:32+08:00 ] ::1 /wechat1011/home/menu
INFO: [ app_init ] --START--
INFO: Run Behavior\BuildLiteBehavior [ RunTime:0.000032s ]
INFO: [ app_init ] --END-- [ RunTime:0.000729s ]
INFO: [ app_begin ] --START--
INFO: Run Behavior\ReadHtmlCacheBehavior [ RunTime:0.000976s ]
INFO: [ app_begin ] --END-- [ RunTime:0.001130s ]
NOTIC: [2048] Non-static method Common\Library\Wechat::createMenu() should not be called statically, assuming $this from incompatible context E:\wamp\www\wechat1011\Application\Home\Controller\MenuController.class.php 第 99 行.
NOTIC: [8] Undefined variable: timeout E:\wamp\www\wechat1011\Application\Common\Library\Wechat.class.php 第 200 行.
NOTIC: [2] curl_errno() expects exactly 1 parameter, 0 given E:\wamp\www\wechat1011\Application\Common\Library\Wechat.class.php 第 206 行.
INFO: [ app_end ] --START--
INFO: Run Behavior\ShowPageTraceBehavior [ RunTime:0.003898s ]
INFO: [ app_end ] --END-- [ RunTime:0.004653s ]

[ 2016-10-17T11:03:33+08:00 ] ::1 /wechat1017/home/weui/index
INFO: [ app_init ] --START--
INFO: Run Behavior\BuildLiteBehavior [ RunTime:0.000026s ]
INFO: [ app_init ] --END-- [ RunTime:0.000706s ]
INFO: [ app_begin ] --START--
INFO: Run Behavior\ReadHtmlCacheBehavior [ RunTime:0.001527s ]
INFO: [ app_begin ] --END-- [ RunTime:0.001687s ]
INFO: [ view_parse ] --START--
INFO: [ template_filter ] --START--
INFO: Run Behavior\ContentReplaceBehavior [ RunTime:0.000064s ]
INFO: [ template_filter ] --END-- [ RunTime:0.000189s ]
INFO: Run Behavior\ParseTemplateBehavior [ RunTime:0.005261s ]
INFO: [ view_parse ] --END-- [ RunTime:0.005540s ]
INFO: [ view_filter ] --START--
INFO: Run Behavior\WriteHtmlCacheBehavior [ RunTime:0.001601s ]
INFO: [ view_filter ] --END-- [ RunTime:0.001798s ]
INFO: [ app_end ] --START--
INFO: Run Behavior\ShowPageTraceBehavior [ RunTime:0.001278s ]
INFO: [ app_end ] --END-- [ RunTime:0.001408s ]

[ 2016-10-17T11:03:38+08:00 ] ::1 /wechat1017/home/
INFO: [ app_init ] --START--
INFO: Run Behavior\BuildLiteBehavior [ RunTime:0.000026s ]
INFO: [ app_init ] --END-- [ RunTime:0.000615s ]
INFO: [ app_begin ] --START--
INFO: Run Behavior\ReadHtmlCacheBehavior [ RunTime:0.001231s ]
INFO: [ app_begin ] --END-- [ RunTime:0.001377s ]
INFO: [ app_end ] --START--
INFO: Run Behavior\ShowPageTraceBehavior [ RunTime:0.001212s ]
INFO: [ app_end ] --END-- [ RunTime:0.001343s ]

[ 2016-10-17T16:31:47+08:00 ] ::1 /wechat1017/home/weUI/index
INFO: [ app_init ] --START--
INFO: Run Behavior\BuildLiteBehavior [ RunTime:0.000032s ]
INFO: [ app_init ] --END-- [ RunTime:0.000893s ]
INFO: [ app_begin ] --START--
INFO: Run Behavior\ReadHtmlCacheBehavior [ RunTime:0.001496s ]
INFO: [ app_begin ] --END-- [ RunTime:0.001655s ]
ERR: 无法加载控制器:WeUI

[ 2016-10-17T16:32:13+08:00 ] ::1 /wechat1017/home/weui/index
INFO: [ app_init ] --START--
INFO: Run Behavior\BuildLiteBehavior [ RunTime:0.000032s ]
INFO: [ app_init ] --END-- [ RunTime:0.000832s ]
INFO: [ app_begin ] --START--
INFO: Run Behavior\ReadHtmlCacheBehavior [ RunTime:0.001237s ]
INFO: [ app_begin ] --END-- [ RunTime:0.001398s ]
NOTIC: [2] curl_errno() expects exactly 1 parameter, 0 given E:\wamp\www\wechat1017\Application\Home\Controller\WeuiController.class.php 第 22 行.
NOTIC: [8] Undefined property: stdClass::$access_token E:\wamp\www\wechat1017\Application\Home\Controller\WeuiController.class.php 第 26 行.
NOTIC: [8] Undefined property: stdClass::$openid E:\wamp\www\wechat1017\Application\Home\Controller\WeuiController.class.php 第 27 行.
NOTIC: [2] curl_errno() expects exactly 1 parameter, 0 given E:\wamp\www\wechat1017\Application\Home\Controller\WeuiController.class.php 第 34 行.
INFO: [ view_parse ] --START--
INFO: [ template_filter ] --START--
INFO: Run Behavior\ContentReplaceBehavior [ RunTime:0.000224s ]
INFO: [ template_filter ] --END-- [ RunTime:0.000648s ]
NOTIC: [8] Undefined property: stdClass::$nickname E:\wamp\www\wechat1017\Application\Runtime\Cache\Home\29e77ddb992f9fddd55aae48778b3c16.php 第 8 行.
INFO: Run Behavior\ParseTemplateBehavior [ RunTime:0.036432s ]
INFO: [ view_parse ] --END-- [ RunTime:0.036910s ]
INFO: [ view_filter ] --START--
INFO: Run Behavior\WriteHtmlCacheBehavior [ RunTime:0.003133s ]
INFO: [ view_filter ] --END-- [ RunTime:0.003519s ]
INFO: [ app_end ] --START--
INFO: Run Behavior\ShowPageTraceBehavior [ RunTime:0.004233s ]
INFO: [ app_end ] --END-- [ RunTime:0.004689s ]

[ 2016-10-17T16:33:17+08:00 ] ::1 /wechat1017/home/weui/index
INFO: [ app_init ] --START--
INFO: Run Behavior\BuildLiteBehavior [ RunTime:0.000032s ]
INFO: [ app_init ] --END-- [ RunTime:0.000840s ]
INFO: [ app_begin ] --START--
INFO: Run Behavior\ReadHtmlCacheBehavior [ RunTime:0.001232s ]
INFO: [ app_begin ] --END-- [ RunTime:0.001388s ]
NOTIC: [2] curl_errno() expects exactly 1 parameter, 0 given E:\wamp\www\wechat1017\Application\Home\Controller\WeuiController.class.php 第 22 行.
NOTIC: [8] Undefined property: stdClass::$access_token E:\wamp\www\wechat1017\Application\Home\Controller\WeuiController.class.php 第 26 行.
NOTIC: [8] Undefined property: stdClass::$openid E:\wamp\www\wechat1017\Application\Home\Controller\WeuiController.class.php 第 27 行.
NOTIC: [2] curl_errno() expects exactly 1 parameter, 0 given E:\wamp\www\wechat1017\Application\Home\Controller\WeuiController.class.php 第 34 行.
INFO: [ view_parse ] --START--
INFO: [ template_filter ] --START--
INFO: Run Behavior\ContentReplaceBehavior [ RunTime:0.000341s ]
INFO: [ template_filter ] --END-- [ RunTime:0.001047s ]
NOTIC: [8] Undefined property: stdClass::$nickname E:\wamp\www\wechat1017\Application\Runtime\Cache\Home\29e77ddb992f9fddd55aae48778b3c16.php 第 8 行.
INFO: Run Behavior\ParseTemplateBehavior [ RunTime:0.037966s ]
INFO: [ view_parse ] --END-- [ RunTime:0.038427s ]
INFO: [ view_filter ] --START--
INFO: Run Behavior\WriteHtmlCacheBehavior [ RunTime:0.001956s ]
INFO: [ view_filter ] --END-- [ RunTime:0.002258s ]
INFO: [ app_end ] --START--
INFO: Run Behavior\ShowPageTraceBehavior [ RunTime:0.002483s ]
INFO: [ app_end ] --END-- [ RunTime:0.002745s ]

[ 2016-10-17T21:13:11+08:00 ] ::1 /wechat1017/home/weUI/signature
INFO: [ app_init ] --START--
INFO: Run Behavior\BuildLiteBehavior [ RunTime:0.000026s ]
INFO: [ app_init ] --END-- [ RunTime:0.000776s ]
INFO: [ app_begin ] --START--
INFO: Run Behavior\ReadHtmlCacheBehavior [ RunTime:0.001594s ]
INFO: [ app_begin ] --END-- [ RunTime:0.001737s ]
ERR: 无法加载控制器:WeUI

[ 2016-10-17T21:13:18+08:00 ] ::1 /wechat1017/home/weui/signature
INFO: [ app_init ] --START--
INFO: Run Behavior\BuildLiteBehavior [ RunTime:0.000026s ]
INFO: [ app_init ] --END-- [ RunTime:0.000717s ]
INFO: [ app_begin ] --START--
INFO: Run Behavior\ReadHtmlCacheBehavior [ RunTime:0.001561s ]
INFO: [ app_begin ] --END-- [ RunTime:0.001781s ]
INFO: [ app_end ] --START--
INFO: Run Behavior\ShowPageTraceBehavior [ RunTime:0.001978s ]
INFO: [ app_end ] --END-- [ RunTime:0.002147s ]

[ 2016-10-17T21:50:59+08:00 ] ::1 /wechat1017/home/weui/index
INFO: [ app_init ] --START--
INFO: Run Behavior\BuildLiteBehavior [ RunTime:0.000031s ]
INFO: [ app_init ] --END-- [ RunTime:0.000817s ]
INFO: [ app_begin ] --START--
INFO: Run Behavior\ReadHtmlCacheBehavior [ RunTime:0.001335s ]
INFO: [ app_begin ] --END-- [ RunTime:0.001470s ]
NOTIC: [2] curl_errno() expects exactly 1 parameter, 0 given E:\wamp\www\wechat1017\Application\Home\Controller\WeuiController.class.php 第 22 行.
NOTIC: [8] Undefined property: stdClass::$access_token E:\wamp\www\wechat1017\Application\Home\Controller\WeuiController.class.php 第 26 行.
NOTIC: [8] Undefined property: stdClass::$openid E:\wamp\www\wechat1017\Application\Home\Controller\WeuiController.class.php 第 27 行.
NOTIC: [2] curl_errno() expects exactly 1 parameter, 0 given E:\wamp\www\wechat1017\Application\Home\Controller\WeuiController.class.php 第 34 行.
INFO: [ view_parse ] --START--
INFO: [ template_filter ] --START--
INFO: Run Behavior\ContentReplaceBehavior [ RunTime:0.000214s ]
INFO: [ template_filter ] --END-- [ RunTime:0.000641s ]
NOTIC: [8] Undefined property: stdClass::$nickname E:\wamp\www\wechat1017\Application\Runtime\Cache\Home\29e77ddb992f9fddd55aae48778b3c16.php 第 20 行.
NOTIC: [8] Undefined variable: time E:\wamp\www\wechat1017\Application\Runtime\Cache\Home\29e77ddb992f9fddd55aae48778b3c16.php 第 21 行.
NOTIC: [8] Undefined variable: signature E:\wamp\www\wechat1017\Application\Runtime\Cache\Home\29e77ddb992f9fddd55aae48778b3c16.php 第 22 行.
INFO: Run Behavior\ParseTemplateBehavior [ RunTime:0.055019s ]
INFO: [ view_parse ] --END-- [ RunTime:0.055497s ]
INFO: [ view_filter ] --START--
INFO: Run Behavior\WriteHtmlCacheBehavior [ RunTime:0.001860s ]
INFO: [ view_filter ] --END-- [ RunTime:0.002081s ]
INFO: [ app_end ] --START--
INFO: Run Behavior\ShowPageTraceBehavior [ RunTime:0.002292s ]
INFO: [ app_end ] --END-- [ RunTime:0.002536s ]

[ 2016-10-17T21:51:55+08:00 ] ::1 /wechat1017/home/weui/index
INFO: [ app_init ] --START--
INFO: Run Behavior\BuildLiteBehavior [ RunTime:0.000027s ]
INFO: [ app_init ] --END-- [ RunTime:0.000623s ]
INFO: [ app_begin ] --START--
INFO: Run Behavior\ReadHtmlCacheBehavior [ RunTime:0.001285s ]
INFO: [ app_begin ] --END-- [ RunTime:0.001416s ]
NOTIC: [2] curl_errno() expects exactly 1 parameter, 0 given E:\wamp\www\wechat1017\Application\Home\Controller\WeuiController.class.php 第 22 行.
NOTIC: [8] Undefined property: stdClass::$access_token E:\wamp\www\wechat1017\Application\Home\Controller\WeuiController.class.php 第 26 行.
NOTIC: [8] Undefined property: stdClass::$openid E:\wamp\www\wechat1017\Application\Home\Controller\WeuiController.class.php 第 27 行.
NOTIC: [2] curl_errno() expects exactly 1 parameter, 0 given E:\wamp\www\wechat1017\Application\Home\Controller\WeuiController.class.php 第 34 行.
INFO: [ view_parse ] --START--
INFO: [ template_filter ] --START--
INFO: Run Behavior\ContentReplaceBehavior [ RunTime:0.000212s ]
INFO: [ template_filter ] --END-- [ RunTime:0.000623s ]
NOTIC: [8] Undefined property: stdClass::$nickname E:\wamp\www\wechat1017\Application\Runtime\Cache\Home\29e77ddb992f9fddd55aae48778b3c16.php 第 20 行.
NOTIC: [8] Undefined variable: time E:\wamp\www\wechat1017\Application\Runtime\Cache\Home\29e77ddb992f9fddd55aae48778b3c16.php 第 21 行.
NOTIC: [8] Undefined variable: signature E:\wamp\www\wechat1017\Application\Runtime\Cache\Home\29e77ddb992f9fddd55aae48778b3c16.php 第 22 行.
INFO: Run Behavior\ParseTemplateBehavior [ RunTime:0.037168s ]
INFO: [ view_parse ] --END-- [ RunTime:0.037583s ]
INFO: [ view_filter ] --START--
INFO: Run Behavior\WriteHtmlCacheBehavior [ RunTime:0.007174s ]
INFO: [ view_filter ] --END-- [ RunTime:0.007467s ]
INFO: [ app_end ] --START--
INFO: Run Behavior\ShowPageTraceBehavior [ RunTime:0.002115s ]
INFO: [ app_end ] --END-- [ RunTime:0.002328s ]

[ 2016-10-17T21:52:12+08:00 ] ::1 /wechat1017/home/weui/signature
INFO: [ app_init ] --START--
INFO: Run Behavior\BuildLiteBehavior [ RunTime:0.000027s ]
INFO: [ app_init ] --END-- [ RunTime:0.000679s ]
INFO: [ app_begin ] --START--
INFO: Run Behavior\ReadHtmlCacheBehavior [ RunTime:0.001608s ]
INFO: [ app_begin ] --END-- [ RunTime:0.001752s ]
INFO: [ view_parse ] --START--
INFO: [ template_filter ] --START--
INFO: Run Behavior\ContentReplaceBehavior [ RunTime:0.000067s ]
INFO: [ template_filter ] --END-- [ RunTime:0.000195s ]
NOTIC: [8] Undefined variable: user E:\wamp\www\wechat1017\Application\Runtime\Cache\Home\29e77ddb992f9fddd55aae48778b3c16.php 第 20 行.
NOTIC: [8] Trying to get property of non-object E:\wamp\www\wechat1017\Application\Runtime\Cache\Home\29e77ddb992f9fddd55aae48778b3c16.php 第 20 行.
INFO: Run Behavior\ParseTemplateBehavior [ RunTime:0.012046s ]
INFO: [ view_parse ] --END-- [ RunTime:0.012199s ]
INFO: [ view_filter ] --START--
INFO: Run Behavior\WriteHtmlCacheBehavior [ RunTime:0.001428s ]
INFO: [ view_filter ] --END-- [ RunTime:0.001574s ]
INFO: [ app_end ] --START--
INFO: Run Behavior\ShowPageTraceBehavior [ RunTime:0.001635s ]
INFO: [ app_end ] --END-- [ RunTime:0.001763s ]

